2021-08-07 11:50:51am: Initialize (Code to PLC) : Started
2021-08-07 11:50:52am: Initialize (PLC to Code) : Started
2021-08-07 11:50:52am: Command And Valve Status :1,2,2,2,2,2,2,2,2,2,0,2,2,2,2,2,2,2,2,2,2
2021-08-07 11:50:58am: Command And Valve Status :1,2,2,2,2,2,2,2,2,2,0,2,2,2,2,2,2,2,2,2,2
2021-08-07 11:51:02am: Start (PLC TO DB) : Started
2021-08-07 11:51:03am: Sensor data :32000,900,800,500,38,160,26,1.7,9,1.9,3,1.1,1.8,170,1.3
2021-08-07 11:51:03am: Command And Valve Status :2,1,2,2,2,2,2,2,2,2,0,2,2,2,2,2,2,2,2,2,2
2021-08-07 11:51:08am: Sensor data :50000,800,700,400,35,140,34,1.7,9,1.9,3,1.1,1.8,170,1.3
2021-08-07 11:51:08am: Command And Valve Status :2,1,2,2,2,2,2,2,2,2,0,2,2,2,2,2,2,2,2,2,1
2021-08-07 11:51:13am: Sensor data :50000,800,700,400,35,140,34,1.7,9,1.9,3,1.1,1.8,170,1.3
2021-08-07 11:51:14am: Command And Valve Status :2,1,2,2,2,2,2,2,2,2,0,2,2,2,2,2,2,2,2,1,1
2021-08-07 11:51:18am: Sensor data :50000,700,650,300,31,120,32,1.6,8,1.8,2.2,1,1.7,160,1.2
2021-08-07 11:51:19am: Command And Valve Status :2,1,2,2,2,2,2,2,2,2,0,2,2,2,2,2,1,2,2,1,1
2021-08-07 11:51:23am: Sensor data :32000,900,800,500,38,160,26,1.2,7,1.5,1,0.9,1.6,150,1.1
2021-08-07 11:51:24am: Command And Valve Status :2,1,2,1,1,2,2,2,2,2,0,2,2,1,2,2,1,2,1,1,1
2021-08-07 11:51:28am: Sensor data :200000,700,650,300,31,120,32,1.6,8,1.8,2.2,1,1.7,160,1.2
2021-08-07 11:51:30am: Command And Valve Status :2,1,2,1,1,2,2,2,2,2,0,2,2,1,2,2,1,2,1,1,1
2021-08-07 11:51:33am: Sensor data :32000,900,800,500,38,160,26,1.2,7,1.5,1,0.9,1.6,150,1.1
2021-08-07 11:51:35am: Command And Valve Status :2,1,2,1,1,2,2,2,2,2,0,2,2,1,2,2,1,2,1,1,1
2021-08-07 11:51:39am: Sensor data :32000,900,800,500,38,160,26,1.2,7,1.5,1,0.9,1.6,150,1.1
2021-08-07 11:51:40am: Command And Valve Status :2,1,2,1,1,2,2,2,2,2,0,2,2,1,2,2,1,2,1,1,1
2021-08-07 11:51:44am: Sensor data :32000,700,650,300,31,120,32,1.2,7,1.5,1,0.9,1.6,150,1.1
2021-08-07 11:51:46am: Command And Valve Status :2,1,2,1,1,2,2,2,2,2,0,2,2,1,2,2,1,2,1,1,1
2021-08-07 11:51:49am: Sensor data :32000,900,800,500,38,160,26,1.7,9,1.9,3,1.1,1.8,170,1.3
2021-08-07 11:51:51am: Command And Valve Status :2,1,2,1,1,2,2,2,2,2,0,2,2,1,2,2,1,2,1,1,1
2021-08-07 11:51:54am: Sensor data :200000,800,700,400,35,140,34,1.6,8,1.8,2.2,1,1.7,160,1.2
2021-08-07 11:51:56am: Command And Valve Status :2,1,2,1,1,2,2,2,2,2,0,2,2,1,2,2,1,2,1,1,1
2021-08-07 11:51:59am: Sensor data :32000,700,650,300,31,120,32,1.6,8,1.8,2.2,1,1.7,160,1.2
2021-08-07 11:52:02am: Command And Valve Status :2,1,2,1,1,2,2,2,2,2,0,2,2,1,2,2,1,2,1,1,1
2021-08-07 11:52:04am: Sensor data :32000,900,800,500,38,160,26,1.7,9,1.9,3,1.1,1.8,170,1.3
2021-08-07 11:52:07am: Command And Valve Status :2,1,2,1,1,2,2,2,2,2,0,2,2,1,2,2,1,2,1,1,1
2021-08-07 11:52:09am: Sensor data :50000,900,800,500,38,160,26,1.7,9,1.9,3,1.1,1.8,170,1.3
2021-08-07 11:52:12am: Command And Valve Status :2,1,2,1,1,2,2,2,2,2,0,2,2,1,2,2,1,2,1,1,1
2021-08-07 11:52:15am: Sensor data :32000,800,700,400,35,140,34,1.7,9,1.9,3,1.1,1.8,170,1.3
2021-08-07 11:52:18am: Command And Valve Status :2,1,2,1,1,2,2,2,2,2,0,2,2,1,2,2,1,2,1,1,1
2021-08-07 11:52:20am: Sensor data :32000,700,650,300,31,120,32,1.7,9,1.9,3,1.1,1.8,170,1.3
2021-08-07 11:52:23am: Command And Valve Status :2,1,2,1,1,1,2,2,2,2,0,2,2,1,2,2,1,2,1,1,1
2021-08-07 11:52:25am: Sensor data :50000,800,700,400,35,140,34,1.7,9,1.9,3,1.1,1.8,170,1.3
2021-08-07 11:52:28am: Command And Valve Status :2,1,2,1,1,1,1,2,2,2,0,2,2,1,1,1,1,2,1,1,1
2021-08-07 11:52:30am: Sensor data :200000,800,700,400,35,140,34,1.7,9,1.9,3,1.1,1.8,170,1.3
2021-08-07 11:52:34am: Command And Valve Status :2,1,2,1,1,1,1,1,2,2,0,2,2,1,1,1,1,2,1,1,1
2021-08-07 11:52:35am: Sensor data :200000,700,650,300,31,120,32,1.2,7,1.5,1,0.9,1.6,150,1.1
2021-08-07 11:52:39am: Command And Valve Status :2,1,2,1,1,1,1,1,2,1,0,2,2,1,1,1,1,2,1,1,1
2021-08-07 11:52:40am: Sensor data :200000,800,700,400,35,140,34,1.6,8,1.8,2.2,1,1.7,160,1.2
2021-08-07 11:52:44am: Command And Valve Status :2,1,2,1,1,1,1,1,1,1,0,2,2,1,1,1,1,1,1,1,1
2021-08-07 11:52:45am: Sensor data :32000,700,650,300,31,120,32,1.7,9,1.9,3,1.1,1.8,170,1.3
2021-08-07 11:52:50am: Command And Valve Status :2,1,2,1,1,1,1,1,1,1,0,2,2,1,1,1,1,1,1,1,1
2021-08-07 11:52:50am: Sensor data :50000,800,700,400,35,140,34,1.7,9,1.9,3,1.1,1.8,170,1.3
2021-08-07 11:52:55am: Command And Valve Status :2,1,2,1,1,1,1,1,1,1,0,2,2,1,1,1,1,1,1,1,1
2021-08-07 11:52:56am: Sensor data :50000,700,650,300,31,120,32,1.6,8,1.8,2.2,1,1.7,160,1.2
2021-08-07 11:53:00am: Command And Valve Status :2,1,2,1,1,1,1,1,1,1,0,2,2,1,1,1,1,1,1,1,1
2021-08-07 11:53:01am: Sensor data :50000,800,700,400,35,140,34,1.7,9,1.9,3,1.1,1.8,170,1.3
2021-08-07 11:53:06am: Command And Valve Status :2,1,2,1,1,1,1,1,1,1,0,2,2,1,1,1,1,1,1,1,1
2021-08-07 11:53:06am: Sensor data :50000,700,650,300,31,120,32,1.2,7,1.5,1,0.9,1.6,150,1.1
2021-08-07 11:53:11am: Sensor data :32000,800,700,400,35,140,34,1.2,7,1.5,1,0.9,1.6,150,1.1
2021-08-07 11:53:11am: Command And Valve Status :2,1,2,1,1,1,1,1,1,1,0,2,2,1,1,1,1,1,1,1,1
2021-08-07 11:53:16am: Sensor data :200000,800,700,400,35,140,34,1.2,7,1.5,1,0.9,1.6,150,1.1
2021-08-07 11:53:16am: Reset : Started
2021-08-07 11:53:16am: Command And Valve Status :2,1,2,1,1,1,1,1,1,1,0,2,2,1,1,1,1,1,1,1,1
2021-08-07 11:53:21am: Sensor data :50000,700,650,300,31,120,32,1.7,9,1.9,3,1.1,1.8,170,1.3
2021-08-07 11:53:22am: Command And Valve Status :2,1,2,1,1,1,1,1,1,1,0,2,2,1,1,1,1,1,1,1,1
2021-08-07 11:53:26am: Sensor data :200000,700,650,300,31,120,32,1.7,9,1.9,3,1.1,1.8,170,1.3
2021-08-07 11:53:31am: Sensor data :50000,700,650,300,31,120,32,1.6,8,1.8,2.2,1,1.7,160,1.2
2021-08-07 11:57:15am: Initialize (Code to PLC) : Started
2021-08-07 11:57:16am: Initialize (PLC to Code) : Started
2021-08-07 11:57:16am: Command And Valve Status :1,2,2,2,2,2,2,2,2,2,0,2,2,2,2,2,2,2,2,2,2
2021-08-07 11:57:21am: Start (PLC TO DB) : Started
2021-08-07 11:57:21am: Sensor data :50000,900,800,500,38,160,26,1.2,7,1.5,1,0.9,1.6,150,1.1
2021-08-07 11:57:21am: Command And Valve Status :1,2,2,2,2,2,2,2,2,2,0,2,2,2,2,2,2,2,2,2,2
2021-08-07 11:57:27am: Sensor data :200000,900,800,500,38,160,26,1.6,8,1.8,2.2,1,1.7,160,1.2
2021-08-07 11:57:27am: Command And Valve Status :2,1,2,2,2,2,2,2,2,2,0,2,2,2,2,2,2,2,2,2,1
2021-08-07 11:57:32am: Sensor data :200000,800,700,400,35,140,34,1.2,7,1.5,1,0.9,1.6,150,1.1
2021-08-07 11:57:32am: Command And Valve Status :2,1,2,2,2,2,2,2,2,2,0,2,2,2,2,2,2,2,2,1,1
2021-08-07 11:57:37am: Sensor data :32000,700,650,300,31,120,32,1.7,9,1.9,3,1.1,1.8,170,1.3
2021-08-07 11:57:37am: Command And Valve Status :2,1,2,2,2,2,2,2,2,2,0,2,2,2,2,2,1,2,2,1,1
2021-08-07 11:57:42am: Sensor data :50000,900,800,500,38,160,26,1.7,9,1.9,3,1.1,1.8,170,1.3
2021-08-07 11:57:43am: Command And Valve Status :2,1,2,1,1,2,2,2,2,2,0,2,2,1,2,2,1,2,1,1,1
2021-08-07 11:57:47am: Sensor data :50000,900,800,500,38,160,26,1.7,9,1.9,3,1.1,1.8,170,1.3
2021-08-07 11:57:48am: Command And Valve Status :2,1,2,1,1,2,2,2,2,2,0,2,2,1,2,2,1,2,1,1,1
2021-08-07 11:57:52am: Sensor data :50000,900,800,500,38,160,26,1.7,9,1.9,3,1.1,1.8,170,1.3
2021-08-07 11:57:54am: Command And Valve Status :2,1,2,1,1,2,2,2,2,2,0,2,2,1,2,2,1,2,1,1,1
2021-08-07 11:57:58am: Sensor data :32000,800,700,400,35,140,34,1.6,8,1.8,2.2,1,1.7,160,1.2
2021-08-07 11:57:59am: Command And Valve Status :2,1,2,1,1,2,2,2,2,2,0,2,2,1,2,2,1,2,1,1,1
2021-08-07 11:58:03am: Sensor data :50000,800,700,400,35,140,34,1.7,9,1.9,3,1.1,1.8,170,1.3
2021-08-07 11:58:04am: Command And Valve Status :2,1,2,1,1,2,2,2,2,2,0,2,2,1,2,2,1,2,1,1,1
2021-08-07 11:58:08am: Sensor data :200000,900,800,500,38,160,26,1.2,7,1.5,1,0.9,1.6,150,1.1
2021-08-07 06:28:10am: Get Data : Table 'enertek_combuster.test' doesn't exist
2021-08-07 11:58:10am: Command And Valve Status :2,1,2,1,1,2,2,2,2,2,0,2,2,1,2,2,1,2,1,1,1
2021-08-07 11:58:14am: Sensor data :200000,900,800,500,38,160,26,1.2,7,1.5,1,0.9,1.6,150,1.1
2021-08-07 11:58:15am: Command And Valve Status :2,1,2,1,1,2,2,2,2,2,0,2,2,1,2,2,1,2,1,1,1
2021-08-07 06:28:17am: Graph : Table 'enertek_combuster.testdata' doesn't exist
2021-08-07 11:58:20am: Command And Valve Status :2,1,2,1,1,2,2,2,2,2,0,2,2,1,2,2,1,2,1,1,1
2021-08-07 11:58:20am: Sensor data :50000,900,800,500,38,160,26,1.7,9,1.9,3,1.1,1.8,170,1.3
2021-08-07 11:58:26am: Command And Valve Status :2,1,2,1,1,2,2,2,2,2,0,2,2,1,2,2,1,2,1,1,1
2021-08-07 11:58:26am: Sensor data :32000,800,700,400,35,140,34,1.6,8,1.8,2.2,1,1.7,160,1.2
2021-08-07 11:58:31am: Command And Valve Status :2,1,2,1,1,2,2,2,2,2,0,2,2,1,2,2,1,2,1,1,1
2021-08-07 11:58:31am: Sensor data :50000,900,800,500,38,160,26,1.7,9,1.9,3,1.1,1.8,170,1.3
2021-08-07 11:58:36am: Command And Valve Status :2,1,2,1,1,2,2,2,2,2,0,2,2,1,2,2,1,2,1,1,1
2021-08-07 11:58:36am: Sensor data :200000,900,800,500,38,160,26,1.2,7,1.5,1,0.9,1.6,150,1.1
2021-08-07 11:58:42am: Sensor data :32000,700,650,300,31,120,32,1.6,8,1.8,2.2,1,1.7,160,1.2
2021-08-07 11:58:42am: Command And Valve Status :2,1,2,1,1,1,2,2,2,2,0,2,2,1,2,2,1,2,1,1,1
2021-08-07 11:58:47am: Sensor data :200000,900,800,500,38,160,26,1.2,7,1.5,1,0.9,1.6,150,1.1
2021-08-07 11:58:47am: Command And Valve Status :2,1,2,1,1,1,1,2,2,2,0,2,2,1,1,1,1,2,1,1,1
2021-08-07 11:58:52am: Sensor data :50000,700,650,300,31,120,32,1.7,9,1.9,3,1.1,1.8,170,1.3
2021-08-07 11:58:52am: Command And Valve Status :2,1,2,1,1,1,1,1,2,2,0,2,2,1,1,1,1,2,1,1,1
2021-08-07 11:58:57am: Sensor data :50000,900,800,500,38,160,26,1.7,9,1.9,3,1.1,1.8,170,1.3
2021-08-07 11:58:58am: Command And Valve Status :2,1,2,1,1,1,1,1,2,1,0,2,2,1,1,1,1,2,1,1,1
2021-08-07 11:59:02am: Sensor data :50000,800,700,400,35,140,34,1.6,8,1.8,2.2,1,1.7,160,1.2
2021-08-07 11:59:03am: Command And Valve Status :2,1,2,1,1,1,1,1,1,1,0,2,2,1,1,1,1,1,1,1,1
2021-08-07 11:59:08am: Sensor data :32000,700,650,300,31,120,32,1.7,9,1.9,3,1.1,1.8,170,1.3
2021-08-07 11:59:08am: Command And Valve Status :2,1,2,1,1,1,1,1,1,1,0,2,2,1,1,1,1,1,1,1,1
2021-08-07 11:59:13am: Sensor data :50000,700,650,300,31,120,32,1.7,9,1.9,3,1.1,1.8,170,1.3
2021-08-07 11:59:14am: Command And Valve Status :2,1,2,1,1,1,1,1,1,1,0,2,2,1,1,1,1,1,1,1,1
2021-08-07 06:29:15am: Graph : Table 'enertek_combuster.testdata' doesn't exist
2021-08-07 11:59:18am: Sensor data :32000,800,700,400,35,140,34,1.7,9,1.9,3,1.1,1.8,170,1.3
2021-08-07 11:59:19am: Command And Valve Status :2,1,2,1,1,1,1,1,1,1,0,2,2,1,1,1,1,1,1,1,1
2021-08-07 11:59:23am: Sensor data :32000,800,700,400,35,140,34,1.6,8,1.8,2.2,1,1.7,160,1.2
2021-08-07 11:59:24am: Command And Valve Status :2,1,2,1,1,1,1,1,1,1,0,2,2,1,1,1,1,1,1,1,1
2021-08-07 11:59:28am: Sensor data :32000,800,700,400,35,140,34,1.6,8,1.8,2.2,1,1.7,160,1.2
2021-08-07 11:59:30am: Command And Valve Status :2,1,2,1,1,1,1,1,1,1,0,2,2,1,1,1,1,1,1,1,1
2021-08-07 11:59:33am: Sensor data :32000,800,700,400,35,140,34,1.2,7,1.5,1,0.9,1.6,150,1.1
2021-08-07 11:59:35am: Command And Valve Status :2,1,2,1,1,1,1,1,1,1,0,2,2,1,1,1,1,1,1,1,1
2021-08-07 11:59:39am: Sensor data :200000,800,700,400,35,140,34,1.7,9,1.9,3,1.1,1.8,170,1.3
2021-08-07 11:59:40am: Command And Valve Status :2,1,2,1,1,1,1,1,1,1,0,2,2,1,1,1,1,1,1,1,1
2021-08-07 11:59:43am: Initialize (Code to PLC) : Started
2021-08-07 11:59:44am: Sensor data :32000,800,700,400,35,140,34,1.7,9,1.9,3,1.1,1.8,170,1.3
2021-08-07 11:59:46am: Command And Valve Status :1,2,2,2,2,2,2,2,2,2,0,2,2,2,2,2,2,2,2,2,2
2021-08-07 11:59:49am: Sensor data :32000,700,650,300,31,120,32,1.7,9,1.9,3,1.1,1.8,170,1.3
2021-08-07 11:59:51am: Command And Valve Status :1,2,2,2,2,2,2,2,2,2,0,2,2,2,2,2,2,2,2,2,2
2021-08-07 11:59:54am: Sensor data :200000,900,800,500,38,160,26,1.2,7,1.5,1,0.9,1.6,150,1.1
2021-08-07 11:59:54am: Start (PLC TO DB) : Started
2021-08-07 11:59:54am: Sensor data :32000,800,700,400,35,140,34,1.7,9,1.9,3,1.1,1.8,170,1.3
2021-08-07 11:59:56am: Initialize (PLC to Code) : Started
2021-08-07 12:00:05pm: Initialize (Code to PLC) : Started
2021-08-07 12:00:05pm: Initialize (PLC to Code) : Started
2021-08-07 12:00:06pm: Command And Valve Status :1,2,2,2,2,2,2,2,2,2,0,2,2,2,2,2,2,2,2,2,2
2021-08-07 12:00:11pm: Start (PLC TO DB) : Started
2021-08-07 12:00:11pm: Sensor data :50000,700,650,300,31,120,32,1.7,9,1.9,3,1.1,1.8,170,1.3
2021-08-07 12:00:11pm: Command And Valve Status :1,2,2,2,2,2,2,2,2,2,0,2,2,2,2,2,2,2,2,2,2
2021-08-07 12:00:16pm: Sensor data :200000,800,700,400,35,140,34,1.7,9,1.9,3,1.1,1.8,170,1.3
2021-08-07 12:00:16pm: Command And Valve Status :2,1,2,2,2,2,2,2,2,2,0,2,2,2,2,2,2,2,2,2,1
2021-08-07 12:00:21pm: Sensor data :32000,700,650,300,31,120,32,1.6,8,1.8,2.2,1,1.7,160,1.2
2021-08-07 12:00:22pm: Command And Valve Status :2,1,2,2,2,2,2,2,2,2,0,2,2,2,2,2,2,2,2,1,1
2021-08-07 12:00:26pm: Sensor data :32000,700,650,300,31,120,32,1.6,8,1.8,2.2,1,1.7,160,1.2
2021-08-07 12:00:27pm: Command And Valve Status :2,1,2,2,2,2,2,2,2,2,0,2,2,2,2,2,1,2,2,1,1
2021-08-07 12:00:31pm: Sensor data :50000,700,650,300,31,120,32,1.7,9,1.9,3,1.1,1.8,170,1.3
2021-08-07 12:00:32pm: Command And Valve Status :2,1,2,1,1,2,2,2,2,2,0,2,2,1,2,2,1,2,1,1,1
2021-08-07 12:00:37pm: Sensor data :200000,800,700,400,35,140,34,1.7,9,1.9,3,1.1,1.8,170,1.3
2021-08-07 12:00:38pm: Command And Valve Status :2,1,2,1,1,2,2,2,2,2,0,2,2,1,2,2,1,2,1,1,1
2021-08-07 12:00:42pm: Sensor data :200000,700,650,300,31,120,32,1.6,8,1.8,2.2,1,1.7,160,1.2
2021-08-07 12:00:43pm: Command And Valve Status :2,1,2,1,1,2,2,2,2,2,0,2,2,1,2,2,1,2,1,1,1
2021-08-07 12:00:47pm: Sensor data :32000,700,650,300,31,120,32,1.6,8,1.8,2.2,1,1.7,160,1.2
2021-08-07 12:00:48pm: Command And Valve Status :2,1,2,1,1,2,2,2,2,2,0,2,2,1,2,2,1,2,1,1,1
2021-08-07 12:00:52pm: Sensor data :200000,800,700,400,35,140,34,1.7,9,1.9,3,1.1,1.8,170,1.3
2021-08-07 12:00:54pm: Command And Valve Status :2,1,2,1,1,2,2,2,2,2,0,2,2,1,2,2,1,2,1,1,1
2021-08-07 12:00:57pm: Sensor data :32000,800,700,400,35,140,34,1.2,7,1.5,1,0.9,1.6,150,1.1
2021-08-07 12:00:59pm: Command And Valve Status :2,1,2,1,1,2,2,2,2,2,0,2,2,1,2,2,1,2,1,1,1
2021-08-07 12:01:02pm: Sensor data :32000,800,700,400,35,140,34,1.6,8,1.8,2.2,1,1.7,160,1.2
2021-08-07 12:01:04pm: Command And Valve Status :2,1,2,1,1,2,2,2,2,2,0,2,2,1,2,2,1,2,1,1,1
2021-08-07 12:01:07pm: Sensor data :200000,700,650,300,31,120,32,1.7,9,1.9,3,1.1,1.8,170,1.3
2021-08-07 12:01:12pm: Sensor data :200000,900,800,500,38,160,26,1.2,7,1.5,1,0.9,1.6,150,1.1
2021-08-07 12:01:16pm: Initialize (Code to PLC) : Started
2021-08-07 12:01:16pm: Initialize (PLC to Code) : Started
2021-08-07 12:01:17pm: Command And Valve Status :1,2,2,2,2,2,2,2,2,2,0,2,2,2,2,2,2,2,2,2,2
2021-08-07 12:01:20pm: Start (PLC TO DB) : Started
2021-08-07 12:01:20pm: Sensor data :200000,700,650,300,31,120,32,1.7,9,1.9,3,1.1,1.8,170,1.3
2021-08-07 12:01:22pm: Command And Valve Status :2,1,2,2,2,2,2,2,2,2,0,2,2,2,2,2,2,2,2,2,2
2021-08-07 12:01:25pm: Sensor data :200000,900,800,500,38,160,26,1.2,7,1.5,1,0.9,1.6,150,1.1
2021-08-07 12:03:04pm: Initialize (Code to PLC) : Started
2021-08-07 12:03:05pm: Initialize (PLC to Code) : Started
2021-08-07 12:03:05pm: Command And Valve Status :1,2,2,2,2,2,2,2,2,2,0,2,2,2,2,2,2,2,2,2,2
2021-08-07 12:03:10pm: Command And Valve Status :1,2,2,2,2,2,2,2,2,2,0,2,2,2,2,2,2,2,2,2,2
2021-08-07 12:03:16pm: Command And Valve Status :1,2,2,2,2,2,2,2,2,2,0,2,2,2,2,2,2,2,2,2,2
2021-08-07 12:03:21pm: Command And Valve Status :1,2,2,2,2,2,2,2,2,2,0,2,2,2,2,2,2,2,2,2,2
2021-08-07 12:03:26pm: Command And Valve Status :1,2,2,2,2,2,2,2,2,2,0,2,2,2,2,2,2,2,2,2,2
2021-08-07 12:03:32pm: Command And Valve Status :1,2,2,2,2,2,2,2,2,2,0,2,2,2,2,2,2,2,2,2,2
2021-08-07 12:03:37pm: Command And Valve Status :1,2,2,2,2,2,2,2,2,2,0,2,2,2,2,2,2,2,2,2,2
2021-08-07 12:03:42pm: Command And Valve Status :1,2,2,2,2,2,2,2,2,2,0,2,2,2,2,2,2,2,2,2,2
2021-08-07 12:03:43pm: Initialize (Code to PLC) : Started
2021-08-07 12:03:48pm: Command And Valve Status :1,2,2,2,2,2,2,2,2,2,0,2,2,2,2,2,2,2,2,2,2
2021-08-07 12:03:49pm: Start (PLC TO DB) : Started
2021-08-07 12:03:49pm: Sensor data :200000,900,800,500,38,160,26,1.2,7,1.5,1,0.9,1.6,150,1.1
2021-08-07 12:03:53pm: Command And Valve Status :2,1,2,2,2,2,2,2,2,2,0,2,2,2,2,2,2,2,2,2,2
2021-08-07 12:03:54pm: Sensor data :200000,700,650,300,31,120,32,1.2,7,1.5,1,0.9,1.6,150,1.1
2021-08-07 12:03:58pm: Command And Valve Status :2,1,2,2,2,2,2,2,2,2,0,2,2,2,2,2,2,2,2,2,1
2021-08-07 12:04:00pm: Sensor data :200000,700,650,300,31,120,32,1.2,7,1.5,1,0.9,1.6,150,1.1
2021-08-07 12:04:05pm: Initialize (PLC to Code) : Started
2021-08-07 12:04:06pm: Sensor data :200000,900,800,500,38,160,26,1.7,9,1.9,3,1.1,1.8,170,1.3
2021-08-07 12:04:17pm: Initialize (Code to PLC) : Started
2021-08-07 12:04:17pm: Initialize (PLC to Code) : Started
2021-08-07 12:04:17pm: Command And Valve Status :1,2,2,2,2,2,2,2,2,2,0,2,2,2,2,2,2,2,2,2,2
2021-08-07 12:04:23pm: Command And Valve Status :1,2,2,2,2,2,2,2,2,2,0,2,2,2,2,2,2,2,2,2,2
2021-08-07 12:04:23pm: Start (PLC TO DB) : Started
2021-08-07 12:04:23pm: Sensor data :32000,700,650,300,31,120,32,1.6,8,1.8,2.2,1,1.7,160,1.2
2021-08-07 12:04:28pm: Command And Valve Status :2,1,2,2,2,2,2,2,2,2,0,2,2,2,2,2,2,2,2,2,1
2021-08-07 12:04:28pm: Sensor data :50000,900,800,500,38,160,26,1.7,9,1.9,3,1.1,1.8,170,1.3
2021-08-07 12:04:34pm: Sensor data :50000,700,700,400,35,140,34,1.7,7,1.5,1,0.9,1.6,150,1.1
2021-08-07 12:04:34pm: Command And Valve Status :2,1,2,2,2,2,2,2,2,2,0,2,2,2,2,2,2,2,2,1,1
2021-08-07 12:04:39pm: Sensor data :32000,900,800,500,38,160,26,1.6,8,1.8,2.2,1,1.7,160,1.2
2021-08-07 12:04:39pm: Command And Valve Status :2,1,2,2,2,2,2,2,2,2,0,2,2,2,2,2,1,2,2,1,1
2021-08-07 12:04:44pm: Sensor data :32000,900,800,500,38,160,26,1.6,8,1.8,2.2,1,1.7,160,1.2
2021-08-07 12:04:44pm: Command And Valve Status :2,1,2,1,1,2,2,2,2,2,0,2,2,1,2,2,1,2,1,1,1
2021-08-07 12:04:49pm: Sensor data :32000,900,800,500,38,160,26,1.6,8,1.8,2.2,1,1.7,160,1.2
2021-08-07 12:04:50pm: Command And Valve Status :2,1,2,1,1,2,2,2,2,2,0,2,2,1,2,2,1,2,1,1,1
2021-08-07 12:04:55pm: Sensor data :50000,700,650,300,31,120,32,1.7,9,1.9,3,1.1,1.8,170,1.3
2021-08-07 12:04:55pm: Command And Valve Status :2,1,2,1,1,2,2,2,2,2,0,2,2,1,2,2,1,2,1,1,1
2021-08-07 12:05:00pm: Sensor data :200000,700,650,300,31,120,32,1.7,9,1.9,3,1.1,1.8,170,1.3
2021-08-07 12:05:00pm: Command And Valve Status :2,1,2,1,1,2,2,2,2,2,0,2,2,1,2,2,1,2,1,1,1
2021-08-07 12:05:05pm: Sensor data :32000,700,650,300,31,120,32,1.2,7,1.5,1,0.9,1.6,150,1.1
2021-08-07 12:05:06pm: Command And Valve Status :2,1,2,1,1,2,2,2,2,2,0,2,2,1,2,2,1,2,1,1,1
2021-08-07 12:05:11pm: Command And Valve Status :2,1,2,1,1,2,2,2,2,2,0,2,2,1,2,2,1,2,1,1,1
2021-08-07 12:05:11pm: Sensor data :50000,900,800,500,38,160,26,1.7,9,1.9,3,1.1,1.8,170,1.3
2021-08-07 12:05:16pm: Sensor data :32000,900,800,500,38,160,26,1.7,9,1.9,3,1.1,1.8,170,1.3
2021-08-07 12:05:16pm: Command And Valve Status :2,1,2,1,1,2,2,2,2,2,0,2,2,1,2,2,1,2,1,1,1
2021-08-07 12:05:21pm: Sensor data :50000,700,650,300,31,120,32,1.2,7,1.5,1,0.9,1.6,150,1.1
2021-08-07 12:05:22pm: Command And Valve Status :2,1,2,1,1,2,2,2,2,2,0,2,2,1,2,2,1,2,1,1,1
2021-08-07 12:05:27pm: Sensor data :200000,700,650,300,31,120,32,1.7,9,1.9,3,1.1,1.8,170,1.3
2021-08-07 12:05:27pm: Command And Valve Status :2,1,2,1,1,2,2,2,2,2,0,2,2,1,2,2,1,2,1,1,1
2021-08-07 12:05:32pm: Sensor data :50000,900,800,500,38,160,26,1.6,8,1.8,2.2,1,1.7,160,1.2
2021-08-07 12:05:32pm: Command And Valve Status :2,1,2,1,1,2,2,2,2,2,0,2,2,1,2,2,1,2,1,1,1
2021-08-07 12:05:37pm: Sensor data :50000,900,800,500,38,160,26,1.2,7,1.5,1,0.9,1.6,150,1.1
2021-08-07 12:05:37pm: Command And Valve Status :2,1,2,1,1,2,2,2,2,2,0,2,2,1,2,2,1,2,1,1,1
2021-08-07 12:05:43pm: Sensor data :50000,900,800,500,38,160,26,1.7,9,1.9,3,1.1,1.8,170,1.3
2021-08-07 12:05:57pm: Initialize (Code to PLC) : Started
2021-08-07 12:05:58pm: Initialize (PLC to Code) : Started
2021-08-07 12:05:58pm: Command And Valve Status :1,2,2,2,2,2,2,2,2,2,0,2,2,2,2,2,2,2,2,2,2
2021-08-07 12:06:03pm: Command And Valve Status :1,2,2,2,2,2,2,2,2,2,0,2,2,2,2,2,2,2,2,2,2
2021-08-07 12:06:09pm: Command And Valve Status :1,2,2,2,2,2,2,2,2,2,0,2,2,2,2,2,2,2,2,2,2
2021-08-07 12:06:12pm: Start (PLC TO DB) : Started
2021-08-07 12:06:13pm: Sensor data :200000,900,800,500,38,160,26,1.2,7,1.5,1,0.9,1.6,150,1.1
2021-08-07 12:06:14pm: Command And Valve Status :2,1,2,2,2,2,2,2,2,2,0,2,2,2,2,2,2,2,2,2,2
2021-08-07 12:06:18pm: Sensor data :200000,800,700,400,35,140,34,1.7,9,1.9,3,1.1,1.8,170,1.3
2021-08-07 02:06:10pm: Initialize (Code to PLC) : Started
2021-08-07 02:06:11pm: Initialize (PLC to Code) : Started
2021-08-07 02:06:12pm: Command And Valve Status :1,2,2,2,2,2,2,2,2,2,0,2,2,2,2,2,2,2,2,2,2
2021-08-07 02:06:17pm: Command And Valve Status :1,2,2,2,2,2,2,2,2,2,0,2,2,2,2,2,2,2,2,2,2
2021-08-07 02:06:22pm: Command And Valve Status :1,2,2,2,2,2,2,2,2,2,0,2,2,2,2,2,2,2,2,2,2
2021-08-07 02:06:28pm: Command And Valve Status :1,2,2,2,2,2,2,2,2,2,0,2,2,2,2,2,2,2,2,2,2
2021-08-07 02:06:33pm: Command And Valve Status :1,2,2,2,2,2,2,2,2,2,0,2,2,2,2,2,2,2,2,2,2
2021-08-07 02:06:38pm: Command And Valve Status :1,2,2,2,2,2,2,2,2,2,0,2,2,2,2,2,2,2,2,2,2
2021-08-07 02:06:40pm: Start (PLC TO DB) : Started
2021-08-07 02:06:41pm: Sensor data :32000,900,800,500,38,160,26,1.6,8,1.8,2.2,1,1.7,160,1.2
2021-08-07 02:06:44pm: Command And Valve Status :2,1,2,2,2,2,2,2,2,2,0,2,2,2,2,2,2,2,2,2,2
2021-08-07 02:06:46pm: Sensor data :200000,900,800,500,38,160,26,1.2,7,1.5,1,0.9,1.6,150,1.1
2021-08-07 02:07:03pm: Initialize (Code to PLC) : Started
2021-08-07 02:07:03pm: Initialize (PLC to Code) : Started
2021-08-07 02:07:04pm: Command And Valve Status :1,2,2,2,2,2,2,2,2,2,0,2,2,2,2,2,2,2,2,2,2
2021-08-07 02:07:08pm: Start (PLC TO DB) : Started
2021-08-07 02:07:08pm: Sensor data :50000,700,650,300,31,120,32,1.2,7,1.5,1,0.9,1.6,150,1.1
2021-08-07 02:07:09pm: Command And Valve Status :2,1,2,2,2,2,2,2,2,2,0,2,2,2,2,2,2,2,2,2,2
2021-08-07 02:07:13pm: Sensor data :32000,800,700,400,35,140,34,1.7,9,1.9,3,1.1,1.8,170,1.3
