2021-08-13 03:15:18pm: Initialize (Code to PLC) : Started
2021-08-13 03:15:19pm: Initialize (PLC to Code) : Started
2021-08-13 03:15:19pm: Command And Valve Status :1,2,2,2,2,2,2,2,2,2,0,2,2,2,2,2,2,2,2,2,2
2021-08-13 03:15:24pm: Command And Valve Status :1,2,2,2,2,2,2,2,2,2,0,2,2,2,2,2,2,2,2,2,2
2021-08-13 03:15:30pm: Command And Valve Status :1,2,2,2,2,2,2,2,2,2,0,2,2,2,2,2,2,2,2,2,2
2021-08-13 03:15:35pm: Command And Valve Status :1,2,2,2,2,2,2,2,2,2,0,2,2,2,2,2,2,2,2,2,2
2021-08-13 03:16:29pm: Initialize (Code to PLC) : Started
2021-08-13 03:16:29pm: Initialize (PLC to Code) : Started
2021-08-13 03:16:30pm: Command And Valve Status :1,2,2,2,2,2,2,2,2,2,0,2,2,2,2,2,2,2,2,2,2
2021-08-13 03:16:35pm: Command And Valve Status :1,2,2,2,2,2,2,2,2,2,0,2,2,2,2,2,2,2,2,2,2
2021-08-13 03:16:40pm: Command And Valve Status :1,2,2,2,2,2,2,2,2,2,0,2,2,2,2,2,2,2,2,2,2
2021-08-13 03:16:46pm: Command And Valve Status :1,2,2,2,2,2,2,2,2,2,0,2,2,2,2,2,2,2,2,2,2
2021-08-13 03:16:51pm: Command And Valve Status :1,2,2,2,2,2,2,2,2,2,0,2,2,2,2,2,2,2,2,2,2
2021-08-13 03:16:56pm: Command And Valve Status :1,2,2,2,2,2,2,2,2,2,0,2,2,2,2,2,2,2,2,2,2
2021-08-13 03:17:02pm: Command And Valve Status :1,2,2,2,2,2,2,2,2,2,0,2,2,2,2,2,2,2,2,2,2
2021-08-13 03:17:07pm: Command And Valve Status :1,2,2,2,2,2,2,2,2,2,0,2,2,2,2,2,2,2,2,2,2
2021-08-13 03:17:12pm: Command And Valve Status :1,2,2,2,2,2,2,2,2,2,0,2,2,2,2,2,2,2,2,2,2
2021-08-13 03:17:17pm: Command And Valve Status :1,2,2,2,2,2,2,2,2,2,0,2,2,2,2,2,2,2,2,2,2
2021-08-13 03:17:23pm: Command And Valve Status :1,2,2,2,2,2,2,2,2,2,0,2,2,2,2,2,2,2,2,2,2
2021-08-13 03:17:28pm: Command And Valve Status :1,2,2,2,2,2,2,2,2,2,0,2,2,2,2,2,2,2,2,2,2
2021-08-13 03:17:33pm: Command And Valve Status :1,2,2,2,2,2,2,2,2,2,0,2,2,2,2,2,2,2,2,2,2
2021-08-13 03:17:39pm: Command And Valve Status :1,2,2,2,2,2,2,2,2,2,0,2,2,2,2,2,2,2,2,2,2
2021-08-13 03:17:44pm: Command And Valve Status :1,2,2,2,2,2,2,2,2,2,0,2,2,2,2,2,2,2,2,2,2
2021-08-13 03:17:49pm: Command And Valve Status :1,2,2,2,2,2,2,2,2,2,0,2,2,2,2,2,2,2,2,2,2
2021-08-13 03:17:55pm: Command And Valve Status :1,2,2,2,2,2,2,2,2,2,0,2,2,2,2,2,2,2,2,2,2
2021-08-13 03:18:00pm: Command And Valve Status :1,2,2,2,2,2,2,2,2,2,0,2,2,2,2,2,2,2,2,2,2
2021-08-13 03:18:05pm: Command And Valve Status :1,2,2,2,2,2,2,2,2,2,0,2,2,2,2,2,2,2,2,2,2
2021-08-13 03:18:11pm: Command And Valve Status :1,2,2,2,2,2,2,2,2,2,0,2,2,2,2,2,2,2,2,2,2
2021-08-13 03:18:16pm: Command And Valve Status :1,2,2,2,2,2,2,2,2,2,0,2,2,2,2,2,2,2,2,2,2
2021-08-13 03:18:21pm: Command And Valve Status :1,2,2,2,2,2,2,2,2,2,0,2,2,2,2,2,2,2,2,2,2
2021-08-13 03:18:27pm: Command And Valve Status :1,2,2,2,2,2,2,2,2,2,0,2,2,2,2,2,2,2,2,2,2
2021-08-13 03:18:32pm: Command And Valve Status :1,2,2,2,2,2,2,2,2,2,0,2,2,2,2,2,2,2,2,2,2
2021-08-13 03:18:37pm: Command And Valve Status :1,2,2,2,2,2,2,2,2,2,0,2,2,2,2,2,2,2,2,2,2
2021-08-13 03:18:43pm: Command And Valve Status :1,2,2,2,2,2,2,2,2,2,0,2,2,2,2,2,2,2,2,2,2
2021-08-13 03:18:48pm: Command And Valve Status :1,2,2,2,2,2,2,2,2,2,0,2,2,2,2,2,2,2,2,2,2
2021-08-13 03:18:51pm: Initialize (Code to PLC) : Started
2021-08-13 03:18:53pm: Command And Valve Status :1,2,2,2,2,2,2,2,2,2,0,2,2,2,2,2,2,2,2,2,2
2021-08-13 03:18:58pm: Command And Valve Status :1,2,2,2,2,2,2,2,2,2,0,2,2,2,2,2,2,2,2,2,2
2021-08-13 03:19:04pm: Command And Valve Status :1,2,2,2,2,2,2,2,2,2,0,2,2,2,2,2,2,2,2,2,2
2021-08-13 03:19:09pm: Command And Valve Status :1,2,2,2,2,2,2,2,2,2,0,2,2,2,2,2,2,2,2,2,2
2021-08-13 03:19:14pm: Command And Valve Status :1,2,2,2,2,2,2,2,2,2,0,2,2,2,2,2,2,2,2,2,2
2021-08-13 03:19:20pm: Command And Valve Status :1,2,2,2,2,2,2,2,2,2,0,2,2,2,2,2,2,2,2,2,2
2021-08-13 03:19:25pm: Command And Valve Status :1,2,2,2,2,2,2,2,2,2,0,2,2,2,2,2,2,2,2,2,2
2021-08-13 03:19:30pm: Command And Valve Status :1,2,2,2,2,2,2,2,2,2,0,2,2,2,2,2,2,2,2,2,2
2021-08-13 03:19:36pm: Command And Valve Status :1,2,2,2,2,2,2,2,2,2,0,2,2,2,2,2,2,2,2,2,2
2021-08-13 03:19:41pm: Command And Valve Status :1,2,2,2,2,2,2,2,2,2,0,2,2,2,2,2,2,2,2,2,2
2021-08-13 03:19:46pm: Command And Valve Status :1,2,2,2,2,2,2,2,2,2,0,2,2,2,2,2,2,2,2,2,2
2021-08-13 03:19:52pm: Command And Valve Status :1,2,2,2,2,2,2,2,2,2,0,2,2,2,2,2,2,2,2,2,2
2021-08-13 03:19:57pm: Command And Valve Status :1,2,2,2,2,2,2,2,2,2,0,2,2,2,2,2,2,2,2,2,2
2021-08-13 03:20:02pm: Command And Valve Status :1,2,2,2,2,2,2,2,2,2,0,2,2,2,2,2,2,2,2,2,2
2021-08-13 03:20:07pm: Command And Valve Status :1,2,2,2,2,2,2,2,2,2,0,2,2,2,2,2,2,2,2,2,2
2021-08-13 03:20:13pm: Command And Valve Status :1,2,2,2,2,2,2,2,2,2,0,2,2,2,2,2,2,2,2,2,2
2021-08-13 03:20:18pm: Command And Valve Status :1,2,2,2,2,2,2,2,2,2,0,2,2,2,2,2,2,2,2,2,2
2021-08-13 03:20:23pm: Command And Valve Status :1,2,2,2,2,2,2,2,2,2,0,2,2,2,2,2,2,2,2,2,2
2021-08-13 03:20:29pm: Command And Valve Status :1,2,2,2,2,2,2,2,2,2,0,2,2,2,2,2,2,2,2,2,2
2021-08-13 03:20:34pm: Command And Valve Status :1,2,2,2,2,2,2,2,2,2,0,2,2,2,2,2,2,2,2,2,2
2021-08-13 03:20:39pm: Command And Valve Status :1,2,2,2,2,2,2,2,2,2,0,2,2,2,2,2,2,2,2,2,2
2021-08-13 03:20:45pm: Command And Valve Status :1,2,2,2,2,2,2,2,2,2,0,2,2,2,2,2,2,2,2,2,2
2021-08-13 03:20:50pm: Command And Valve Status :1,2,2,2,2,2,2,2,2,2,0,2,2,2,2,2,2,2,2,2,2
2021-08-13 03:20:55pm: Command And Valve Status :1,2,2,2,2,2,2,2,2,2,0,2,2,2,2,2,2,2,2,2,2
2021-08-13 03:21:01pm: Command And Valve Status :1,2,2,2,2,2,2,2,2,2,0,2,2,2,2,2,2,2,2,2,2
2021-08-13 03:21:06pm: Command And Valve Status :1,2,2,2,2,2,2,2,2,2,0,2,2,2,2,2,2,2,2,2,2
2021-08-13 03:21:11pm: Command And Valve Status :1,2,2,2,2,2,2,2,2,2,0,2,2,2,2,2,2,2,2,2,2
2021-08-13 03:21:16pm: Command And Valve Status :1,2,2,2,2,2,2,2,2,2,0,2,2,2,2,2,2,2,2,2,2
2021-08-13 03:21:22pm: Command And Valve Status :1,2,2,2,2,2,2,2,2,2,0,2,2,2,2,2,2,2,2,2,2
2021-08-13 03:21:27pm: Command And Valve Status :1,2,2,2,2,2,2,2,2,2,0,2,2,2,2,2,2,2,2,2,2
2021-08-13 03:21:32pm: Command And Valve Status :1,2,2,2,2,2,2,2,2,2,0,2,2,2,2,2,2,2,2,2,2
2021-08-13 03:21:38pm: Command And Valve Status :1,2,2,2,2,2,2,2,2,2,0,2,2,2,2,2,2,2,2,2,2
2021-08-13 03:21:43pm: Command And Valve Status :1,2,2,2,2,2,2,2,2,2,0,2,2,2,2,2,2,2,2,2,2
2021-08-13 03:21:48pm: Command And Valve Status :1,2,2,2,2,2,2,2,2,2,0,2,2,2,2,2,2,2,2,2,2
2021-08-13 03:21:54pm: Command And Valve Status :1,2,2,2,2,2,2,2,2,2,0,2,2,2,2,2,2,2,2,2,2
2021-08-13 03:21:59pm: Command And Valve Status :1,2,2,2,2,2,2,2,2,2,0,2,2,2,2,2,2,2,2,2,2
2021-08-13 03:22:04pm: Command And Valve Status :1,2,2,2,2,2,2,2,2,2,0,2,2,2,2,2,2,2,2,2,2
2021-08-13 03:22:10pm: Command And Valve Status :1,2,2,2,2,2,2,2,2,2,0,2,2,2,2,2,2,2,2,2,2
2021-08-13 03:22:15pm: Command And Valve Status :1,2,2,2,2,2,2,2,2,2,0,2,2,2,2,2,2,2,2,2,2
2021-08-13 03:22:20pm: Command And Valve Status :1,2,2,2,2,2,2,2,2,2,0,2,2,2,2,2,2,2,2,2,2
2021-08-13 03:22:26pm: Command And Valve Status :1,2,2,2,2,2,2,2,2,2,0,2,2,2,2,2,2,2,2,2,2
2021-08-13 03:22:31pm: Command And Valve Status :1,2,2,2,2,2,2,2,2,2,0,2,2,2,2,2,2,2,2,2,2
2021-08-13 03:22:36pm: Command And Valve Status :1,2,2,2,2,2,2,2,2,2,0,2,2,2,2,2,2,2,2,2,2
2021-08-13 03:22:41pm: Command And Valve Status :1,2,2,2,2,2,2,2,2,2,0,2,2,2,2,2,2,2,2,2,2
2021-08-13 03:22:47pm: Command And Valve Status :1,2,2,2,2,2,2,2,2,2,0,2,2,2,2,2,2,2,2,2,2
2021-08-13 03:22:52pm: Command And Valve Status :1,2,2,2,2,2,2,2,2,2,0,2,2,2,2,2,2,2,2,2,2
2021-08-13 03:22:57pm: Command And Valve Status :1,2,2,2,2,2,2,2,2,2,0,2,2,2,2,2,2,2,2,2,2
2021-08-13 03:23:03pm: Command And Valve Status :1,2,2,2,2,2,2,2,2,2,0,2,2,2,2,2,2,2,2,2,2
2021-08-13 03:23:08pm: Command And Valve Status :1,2,2,2,2,2,2,2,2,2,0,2,2,2,2,2,2,2,2,2,2
2021-08-13 03:23:13pm: Command And Valve Status :1,2,2,2,2,2,2,2,2,2,0,2,2,2,2,2,2,2,2,2,2
2021-08-13 03:23:19pm: Command And Valve Status :1,2,2,2,2,2,2,2,2,2,0,2,2,2,2,2,2,2,2,2,2
2021-08-13 03:23:24pm: Command And Valve Status :1,2,2,2,2,2,2,2,2,2,0,2,2,2,2,2,2,2,2,2,2
2021-08-13 03:23:29pm: Command And Valve Status :1,2,2,2,2,2,2,2,2,2,0,2,2,2,2,2,2,2,2,2,2
2021-08-13 03:23:35pm: Command And Valve Status :1,2,2,2,2,2,2,2,2,2,0,2,2,2,2,2,2,2,2,2,2
2021-08-13 03:23:40pm: Command And Valve Status :1,2,2,2,2,2,2,2,2,2,0,2,2,2,2,2,2,2,2,2,2
2021-08-13 03:23:45pm: Command And Valve Status :1,2,2,2,2,2,2,2,2,2,0,2,2,2,2,2,2,2,2,2,2
2021-08-13 03:23:46pm: Initialize (Code to PLC) : Started
2021-08-13 03:23:51pm: Command And Valve Status :1,2,2,2,2,2,2,2,2,2,0,2,2,2,2,2,2,2,2,2,2
2021-08-13 03:23:56pm: Command And Valve Status :1,2,2,2,2,2,2,2,2,2,0,2,2,2,2,2,2,2,2,2,2
2021-08-13 03:24:01pm: Command And Valve Status :1,2,2,2,2,2,2,2,2,2,0,2,2,2,2,2,2,2,2,2,2
2021-08-13 03:24:07pm: Command And Valve Status :1,2,2,2,2,2,2,2,2,2,0,2,2,2,2,2,2,2,2,2,2
2021-08-13 03:24:12pm: Command And Valve Status :1,2,2,2,2,2,2,2,2,2,0,2,2,2,2,2,2,2,2,2,2
2021-08-13 03:24:17pm: Command And Valve Status :1,2,2,2,2,2,2,2,2,2,0,2,2,2,2,2,2,2,2,2,2
2021-08-13 03:24:22pm: Command And Valve Status :1,2,2,2,2,2,2,2,2,2,0,2,2,2,2,2,2,2,2,2,2
2021-08-13 03:24:28pm: Command And Valve Status :1,2,2,2,2,2,2,2,2,2,0,2,2,2,2,2,2,2,2,2,2
2021-08-13 03:24:33pm: Command And Valve Status :1,2,2,2,2,2,2,2,2,2,0,2,2,2,2,2,2,2,2,2,2
2021-08-13 03:24:38pm: Command And Valve Status :1,2,2,2,2,2,2,2,2,2,0,2,2,2,2,2,2,2,2,2,2
2021-08-13 03:24:44pm: Command And Valve Status :1,2,2,2,2,2,2,2,2,2,0,2,2,2,2,2,2,2,2,2,2
2021-08-13 03:24:49pm: Command And Valve Status :1,2,2,2,2,2,2,2,2,2,0,2,2,2,2,2,2,2,2,2,2
2021-08-13 03:24:54pm: Command And Valve Status :1,2,2,2,2,2,2,2,2,2,0,2,2,2,2,2,2,2,2,2,2
2021-08-13 03:25:00pm: Command And Valve Status :1,2,2,2,2,2,2,2,2,2,0,2,2,2,2,2,2,2,2,2,2
2021-08-13 03:25:05pm: Command And Valve Status :1,2,2,2,2,2,2,2,2,2,0,2,2,2,2,2,2,2,2,2,2
2021-08-13 03:25:10pm: Command And Valve Status :1,2,2,2,2,2,2,2,2,2,0,2,2,2,2,2,2,2,2,2,2
2021-08-13 03:25:16pm: Command And Valve Status :1,2,2,2,2,2,2,2,2,2,0,2,2,2,2,2,2,2,2,2,2
2021-08-13 03:25:21pm: Command And Valve Status :1,2,2,2,2,2,2,2,2,2,0,2,2,2,2,2,2,2,2,2,2
2021-08-13 03:25:26pm: Command And Valve Status :1,2,2,2,2,2,2,2,2,2,0,2,2,2,2,2,2,2,2,2,2
2021-08-13 03:25:31pm: Command And Valve Status :1,2,2,2,2,2,2,2,2,2,0,2,2,2,2,2,2,2,2,2,2
2021-08-13 03:25:37pm: Command And Valve Status :1,2,2,2,2,2,2,2,2,2,0,2,2,2,2,2,2,2,2,2,2
2021-08-13 03:25:42pm: Command And Valve Status :1,2,2,2,2,2,2,2,2,2,0,2,2,2,2,2,2,2,2,2,2
2021-08-13 03:25:47pm: Command And Valve Status :1,2,2,2,2,2,2,2,2,2,0,2,2,2,2,2,2,2,2,2,2
2021-08-13 03:25:53pm: Command And Valve Status :1,2,2,2,2,2,2,2,2,2,0,2,2,2,2,2,2,2,2,2,2
2021-08-13 03:25:58pm: Command And Valve Status :1,2,2,2,2,2,2,2,2,2,0,2,2,2,2,2,2,2,2,2,2
2021-08-13 03:26:03pm: Command And Valve Status :1,2,2,2,2,2,2,2,2,2,0,2,2,2,2,2,2,2,2,2,2
2021-08-13 03:26:09pm: Command And Valve Status :1,2,2,2,2,2,2,2,2,2,0,2,2,2,2,2,2,2,2,2,2
2021-08-13 03:26:14pm: Command And Valve Status :1,2,2,2,2,2,2,2,2,2,0,2,2,2,2,2,2,2,2,2,2
2021-08-13 03:26:19pm: Command And Valve Status :1,2,2,2,2,2,2,2,2,2,0,2,2,2,2,2,2,2,2,2,2
2021-08-13 03:26:22pm: Initialize (Code to PLC) : Started
2021-08-13 03:26:25pm: Command And Valve Status :1,2,2,2,2,2,2,2,2,2,0,2,2,2,2,2,2,2,2,2,2
2021-08-13 03:26:30pm: Command And Valve Status :1,2,2,2,2,2,2,2,2,2,0,2,2,2,2,2,2,2,2,2,2
2021-08-13 03:26:35pm: Command And Valve Status :1,2,2,2,2,2,2,2,2,2,0,2,2,2,2,2,2,2,2,2,2
2021-08-13 03:26:40pm: Command And Valve Status :1,2,2,2,2,2,2,2,2,2,0,2,2,2,2,2,2,2,2,2,2
2021-08-13 03:26:46pm: Command And Valve Status :1,2,2,2,2,2,2,2,2,2,0,2,2,2,2,2,2,2,2,2,2
2021-08-13 03:26:51pm: Command And Valve Status :1,2,2,2,2,2,2,2,2,2,0,2,2,2,2,2,2,2,2,2,2
2021-08-13 03:26:56pm: Command And Valve Status :1,2,2,2,2,2,2,2,2,2,0,2,2,2,2,2,2,2,2,2,2
2021-08-13 03:27:02pm: Command And Valve Status :1,2,2,2,2,2,2,2,2,2,0,2,2,2,2,2,2,2,2,2,2
2021-08-13 03:27:07pm: Command And Valve Status :1,2,2,2,2,2,2,2,2,2,0,2,2,2,2,2,2,2,2,2,2
2021-08-13 03:27:12pm: Command And Valve Status :1,2,2,2,2,2,2,2,2,2,0,2,2,2,2,2,2,2,2,2,2
2021-08-13 03:27:18pm: Command And Valve Status :1,2,2,2,2,2,2,2,2,2,0,2,2,2,2,2,2,2,2,2,2
2021-08-13 03:27:23pm: Command And Valve Status :1,2,2,2,2,2,2,2,2,2,0,2,2,2,2,2,2,2,2,2,2
2021-08-13 03:27:27pm: Initialize (Code to PLC) : Started
2021-08-13 03:27:28pm: Command And Valve Status :1,2,2,2,2,2,2,2,2,2,0,2,2,2,2,2,2,2,2,2,2
2021-08-13 03:27:34pm: Command And Valve Status :1,2,2,2,2,2,2,2,2,2,0,2,2,2,2,2,2,2,2,2,2
2021-08-13 03:27:39pm: Command And Valve Status :1,2,2,2,2,2,2,2,2,2,0,2,2,2,2,2,2,2,2,2,2
2021-08-13 03:27:44pm: Command And Valve Status :1,2,2,2,2,2,2,2,2,2,0,2,2,2,2,2,2,2,2,2,2
2021-08-13 03:27:49pm: Command And Valve Status :1,2,2,2,2,2,2,2,2,2,0,2,2,2,2,2,2,2,2,2,2
2021-08-13 03:27:55pm: Command And Valve Status :1,2,2,2,2,2,2,2,2,2,0,2,2,2,2,2,2,2,2,2,2
2021-08-13 03:28:00pm: Command And Valve Status :1,2,2,2,2,2,2,2,2,2,0,2,2,2,2,2,2,2,2,2,2
2021-08-13 03:28:05pm: Command And Valve Status :1,2,2,2,2,2,2,2,2,2,0,2,2,2,2,2,2,2,2,2,2
2021-08-13 03:28:11pm: Command And Valve Status :1,2,2,2,2,2,2,2,2,2,0,2,2,2,2,2,2,2,2,2,2
2021-08-13 03:28:16pm: Command And Valve Status :1,2,2,2,2,2,2,2,2,2,0,2,2,2,2,2,2,2,2,2,2
2021-08-13 03:28:21pm: Command And Valve Status :1,2,2,2,2,2,2,2,2,2,0,2,2,2,2,2,2,2,2,2,2
2021-08-13 03:28:27pm: Command And Valve Status :1,2,2,2,2,2,2,2,2,2,0,2,2,2,2,2,2,2,2,2,2
2021-08-13 03:28:32pm: Command And Valve Status :1,2,2,2,2,2,2,2,2,2,0,2,2,2,2,2,2,2,2,2,2
2021-08-13 03:28:37pm: Command And Valve Status :1,2,2,2,2,2,2,2,2,2,0,2,2,2,2,2,2,2,2,2,2
2021-08-13 03:28:43pm: Command And Valve Status :1,2,2,2,2,2,2,2,2,2,0,2,2,2,2,2,2,2,2,2,2
2021-08-13 03:28:48pm: Command And Valve Status :1,2,2,2,2,2,2,2,2,2,0,2,2,2,2,2,2,2,2,2,2
2021-08-13 03:28:53pm: Command And Valve Status :1,2,2,2,2,2,2,2,2,2,0,2,2,2,2,2,2,2,2,2,2
2021-08-13 03:28:58pm: Command And Valve Status :1,2,2,2,2,2,2,2,2,2,0,2,2,2,2,2,2,2,2,2,2
2021-08-13 03:29:04pm: Command And Valve Status :1,2,2,2,2,2,2,2,2,2,0,2,2,2,2,2,2,2,2,2,2
2021-08-13 03:29:09pm: Command And Valve Status :1,2,2,2,2,2,2,2,2,2,0,2,2,2,2,2,2,2,2,2,2
2021-08-13 03:29:14pm: Command And Valve Status :1,2,2,2,2,2,2,2,2,2,0,2,2,2,2,2,2,2,2,2,2
2021-08-13 03:29:20pm: Command And Valve Status :1,2,2,2,2,2,2,2,2,2,0,2,2,2,2,2,2,2,2,2,2
2021-08-13 03:29:22pm: Initialize (Code to PLC) : Started
2021-08-13 03:29:25pm: Command And Valve Status :1,2,2,2,2,2,2,2,2,2,0,2,2,2,2,2,2,2,2,2,2
2021-08-13 03:29:30pm: Command And Valve Status :1,2,2,2,2,2,2,2,2,2,0,2,2,2,2,2,2,2,2,2,2
2021-08-13 03:29:36pm: Command And Valve Status :1,2,2,2,2,2,2,2,2,2,0,2,2,2,2,2,2,2,2,2,2
2021-08-13 03:29:41pm: Command And Valve Status :1,2,2,2,2,2,2,2,2,2,0,2,2,2,2,2,2,2,2,2,2
2021-08-13 03:29:46pm: Command And Valve Status :1,2,2,2,2,2,2,2,2,2,0,2,2,2,2,2,2,2,2,2,2
2021-08-13 03:29:52pm: Command And Valve Status :1,2,2,2,2,2,2,2,2,2,0,2,2,2,2,2,2,2,2,2,2
2021-08-13 03:29:57pm: Command And Valve Status :1,2,2,2,2,2,2,2,2,2,0,2,2,2,2,2,2,2,2,2,2
2021-08-13 03:30:02pm: Command And Valve Status :1,2,2,2,2,2,2,2,2,2,0,2,2,2,2,2,2,2,2,2,2
2021-08-13 03:30:07pm: Command And Valve Status :1,2,2,2,2,2,2,2,2,2,0,2,2,2,2,2,2,2,2,2,2
2021-08-13 03:30:13pm: Command And Valve Status :1,2,2,2,2,2,2,2,2,2,0,2,2,2,2,2,2,2,2,2,2
2021-08-13 03:30:18pm: Command And Valve Status :1,2,2,2,2,2,2,2,2,2,0,2,2,2,2,2,2,2,2,2,2
2021-08-13 03:30:23pm: Command And Valve Status :1,2,2,2,2,2,2,2,2,2,0,2,2,2,2,2,2,2,2,2,2
2021-08-13 03:30:29pm: Command And Valve Status :1,2,2,2,2,2,2,2,2,2,0,2,2,2,2,2,2,2,2,2,2
2021-08-13 03:30:34pm: Command And Valve Status :1,2,2,2,2,2,2,2,2,2,0,2,2,2,2,2,2,2,2,2,2
2021-08-13 03:30:39pm: Command And Valve Status :1,2,2,2,2,2,2,2,2,2,0,2,2,2,2,2,2,2,2,2,2
2021-08-13 03:30:45pm: Command And Valve Status :1,2,2,2,2,2,2,2,2,2,0,2,2,2,2,2,2,2,2,2,2
2021-08-13 03:30:50pm: Command And Valve Status :1,2,2,2,2,2,2,2,2,2,0,2,2,2,2,2,2,2,2,2,2
2021-08-13 03:30:55pm: Command And Valve Status :1,2,2,2,2,2,2,2,2,2,0,2,2,2,2,2,2,2,2,2,2
2021-08-13 03:31:01pm: Command And Valve Status :1,2,2,2,2,2,2,2,2,2,0,2,2,2,2,2,2,2,2,2,2
2021-08-13 03:31:06pm: Command And Valve Status :1,2,2,2,2,2,2,2,2,2,0,2,2,2,2,2,2,2,2,2,2
2021-08-13 03:31:11pm: Command And Valve Status :1,2,2,2,2,2,2,2,2,2,0,2,2,2,2,2,2,2,2,2,2
2021-08-13 03:31:16pm: Command And Valve Status :1,2,2,2,2,2,2,2,2,2,0,2,2,2,2,2,2,2,2,2,2
2021-08-13 03:31:22pm: Command And Valve Status :1,2,2,2,2,2,2,2,2,2,0,2,2,2,2,2,2,2,2,2,2
2021-08-13 03:31:27pm: Command And Valve Status :1,2,2,2,2,2,2,2,2,2,0,2,2,2,2,2,2,2,2,2,2
2021-08-13 03:31:32pm: Command And Valve Status :1,2,2,2,2,2,2,2,2,2,0,2,2,2,2,2,2,2,2,2,2
2021-08-13 03:31:38pm: Command And Valve Status :1,2,2,2,2,2,2,2,2,2,0,2,2,2,2,2,2,2,2,2,2
2021-08-13 03:31:43pm: Command And Valve Status :1,2,2,2,2,2,2,2,2,2,0,2,2,2,2,2,2,2,2,2,2
2021-08-13 03:31:48pm: Command And Valve Status :1,2,2,2,2,2,2,2,2,2,0,2,2,2,2,2,2,2,2,2,2
2021-08-13 03:31:54pm: Command And Valve Status :1,2,2,2,2,2,2,2,2,2,0,2,2,2,2,2,2,2,2,2,2
2021-08-13 03:31:59pm: Command And Valve Status :1,2,2,2,2,2,2,2,2,2,0,2,2,2,2,2,2,2,2,2,2
2021-08-13 03:32:04pm: Command And Valve Status :1,2,2,2,2,2,2,2,2,2,0,2,2,2,2,2,2,2,2,2,2
2021-08-13 03:32:10pm: Command And Valve Status :1,2,2,2,2,2,2,2,2,2,0,2,2,2,2,2,2,2,2,2,2
2021-08-13 03:32:15pm: Command And Valve Status :1,2,2,2,2,2,2,2,2,2,0,2,2,2,2,2,2,2,2,2,2
2021-08-13 03:32:20pm: Command And Valve Status :1,2,2,2,2,2,2,2,2,2,0,2,2,2,2,2,2,2,2,2,2
2021-08-13 03:32:26pm: Command And Valve Status :1,2,2,2,2,2,2,2,2,2,0,2,2,2,2,2,2,2,2,2,2
2021-08-13 03:32:31pm: Command And Valve Status :1,2,2,2,2,2,2,2,2,2,0,2,2,2,2,2,2,2,2,2,2
2021-08-13 03:32:36pm: Command And Valve Status :1,2,2,2,2,2,2,2,2,2,0,2,2,2,2,2,2,2,2,2,2
2021-08-13 03:32:41pm: Command And Valve Status :1,2,2,2,2,2,2,2,2,2,0,2,2,2,2,2,2,2,2,2,2
2021-08-13 03:32:47pm: Command And Valve Status :1,2,2,2,2,2,2,2,2,2,0,2,2,2,2,2,2,2,2,2,2
2021-08-13 03:32:52pm: Command And Valve Status :1,2,2,2,2,2,2,2,2,2,0,2,2,2,2,2,2,2,2,2,2
2021-08-13 03:32:57pm: Command And Valve Status :1,2,2,2,2,2,2,2,2,2,0,2,2,2,2,2,2,2,2,2,2
2021-08-13 03:33:03pm: Command And Valve Status :1,2,2,2,2,2,2,2,2,2,0,2,2,2,2,2,2,2,2,2,2
2021-08-13 03:33:08pm: Command And Valve Status :1,2,2,2,2,2,2,2,2,2,0,2,2,2,2,2,2,2,2,2,2
2021-08-13 03:33:13pm: Command And Valve Status :1,2,2,2,2,2,2,2,2,2,0,2,2,2,2,2,2,2,2,2,2
2021-08-13 03:33:19pm: Command And Valve Status :1,2,2,2,2,2,2,2,2,2,0,2,2,2,2,2,2,2,2,2,2
2021-08-13 03:33:24pm: Command And Valve Status :1,2,2,2,2,2,2,2,2,2,0,2,2,2,2,2,2,2,2,2,2
2021-08-13 03:33:29pm: Command And Valve Status :1,2,2,2,2,2,2,2,2,2,0,2,2,2,2,2,2,2,2,2,2
2021-08-13 03:33:34pm: Command And Valve Status :1,2,2,2,2,2,2,2,2,2,0,2,2,2,2,2,2,2,2,2,2
2021-08-13 03:33:40pm: Command And Valve Status :1,2,2,2,2,2,2,2,2,2,0,2,2,2,2,2,2,2,2,2,2
2021-08-13 03:33:45pm: Command And Valve Status :1,2,2,2,2,2,2,2,2,2,0,2,2,2,2,2,2,2,2,2,2
2021-08-13 03:33:49pm: Initialize (Code to PLC) : Started
2021-08-13 03:33:50pm: Command And Valve Status :1,2,2,2,2,2,2,2,2,2,0,2,2,2,2,2,2,2,2,2,2
2021-08-13 03:33:56pm: Command And Valve Status :1,2,2,2,2,2,2,2,2,2,0,2,2,2,2,2,2,2,2,2,2
2021-08-13 03:34:01pm: Command And Valve Status :1,2,2,2,2,2,2,2,2,2,0,2,2,2,2,2,2,2,2,2,2
2021-08-13 03:34:06pm: Command And Valve Status :1,2,2,2,2,2,2,2,2,2,0,2,2,2,2,2,2,2,2,2,2
2021-08-13 03:34:12pm: Command And Valve Status :1,2,2,2,2,2,2,2,2,2,0,2,2,2,2,2,2,2,2,2,2
2021-08-13 03:34:17pm: Command And Valve Status :1,2,2,2,2,2,2,2,2,2,0,2,2,2,2,2,2,2,2,2,2
2021-08-13 03:34:22pm: Command And Valve Status :1,2,2,2,2,2,2,2,2,2,0,2,2,2,2,2,2,2,2,2,2
2021-08-13 03:34:28pm: Command And Valve Status :1,2,2,2,2,2,2,2,2,2,0,2,2,2,2,2,2,2,2,2,2
2021-08-13 03:34:33pm: Command And Valve Status :1,2,2,2,2,2,2,2,2,2,0,2,2,2,2,2,2,2,2,2,2
2021-08-13 03:34:38pm: Command And Valve Status :1,2,2,2,2,2,2,2,2,2,0,2,2,2,2,2,2,2,2,2,2
2021-08-13 03:34:43pm: Command And Valve Status :1,2,2,2,2,2,2,2,2,2,0,2,2,2,2,2,2,2,2,2,2
2021-08-13 03:34:49pm: Command And Valve Status :1,2,2,2,2,2,2,2,2,2,0,2,2,2,2,2,2,2,2,2,2
2021-08-13 03:34:54pm: Command And Valve Status :1,2,2,2,2,2,2,2,2,2,0,2,2,2,2,2,2,2,2,2,2
2021-08-13 03:34:59pm: Command And Valve Status :1,2,2,2,2,2,2,2,2,2,0,2,2,2,2,2,2,2,2,2,2
2021-08-13 03:35:05pm: Command And Valve Status :1,2,2,2,2,2,2,2,2,2,0,2,2,2,2,2,2,2,2,2,2
2021-08-13 03:35:10pm: Command And Valve Status :1,2,2,2,2,2,2,2,2,2,0,2,2,2,2,2,2,2,2,2,2
2021-08-13 03:35:15pm: Command And Valve Status :1,2,2,2,2,2,2,2,2,2,0,2,2,2,2,2,2,2,2,2,2
2021-08-13 03:35:46pm: Initialize (PLC to Code) : Started
2021-08-13 03:36:12pm: Initialize (PLC to Code) : Started
2021-08-13 03:36:38pm: Initialize (PLC to Code) : Started
