2021-08-02 12:04:03pm: Initialize (Code to PLC) : Started
2021-08-02 12:04:03pm: Initialize (PLC to Code) : Started
2021-08-02 12:04:04pm: Command And Valve Status :1,2,2,2,2,2,2,2,2,2,0,2,2,2,2,2,2,2,2,2,2
2021-08-02 12:04:09pm: Command And Valve Status :1,2,2,2,2,2,2,2,2,2,0,2,2,2,2,2,2,2,2,2,2
2021-08-02 12:04:14pm: Command And Valve Status :1,2,2,2,2,2,2,2,2,2,0,2,2,2,2,2,2,2,2,2,2
2021-08-02 12:04:20pm: Command And Valve Status :1,2,2,2,2,2,2,2,2,2,0,2,2,2,2,2,2,2,2,2,2
2021-08-02 12:04:23pm: Start (PLC TO DB) : Started
2021-08-02 12:04:23pm: Sensor data :50000,900,800,500,38,160,26,1.6,8,1.8,2.2,1,1.7,160,1.2
2021-08-02 12:04:25pm: Command And Valve Status :2,1,2,2,2,2,2,2,2,2,0,2,2,2,2,2,2,2,2,2,2
2021-08-02 12:04:28pm: Sensor data :50000,900,800,500,38,160,26,1.6,8,1.8,2.2,1,1.7,160,1.2
2021-08-02 12:04:30pm: Command And Valve Status :2,1,2,2,2,2,2,2,2,2,0,2,2,2,2,2,2,2,2,2,1
2021-08-02 12:04:33pm: Sensor data :32000,700,650,300,31,120,32,1.6,8,1.8,2.2,1,1.7,160,1.2
2021-08-02 12:04:36pm: Command And Valve Status :2,1,2,2,2,2,2,2,2,2,0,2,2,2,2,2,2,2,2,1,1
2021-08-02 12:04:39pm: Sensor data :200000,800,700,400,35,140,34,1.7,9,1.9,3,1.1,1.8,170,1.3
2021-08-02 12:04:41pm: Command And Valve Status :2,1,2,2,2,2,2,2,2,2,0,2,2,2,2,2,1,2,2,1,1
2021-08-02 12:04:44pm: Sensor data :200000,800,700,400,35,140,34,1.6,8,1.8,2.2,1,1.7,160,1.2
2021-08-02 12:04:46pm: Command And Valve Status :2,1,2,1,1,2,2,2,2,2,0,2,2,1,2,2,1,2,1,1,1
2021-08-02 12:04:49pm: Sensor data :200000,800,700,400,35,140,34,1.7,9,1.9,3,1.1,1.8,170,1.3
2021-08-02 12:04:52pm: Command And Valve Status :2,1,2,1,1,2,2,2,2,2,0,2,2,1,2,2,1,2,1,1,1
2021-08-02 12:04:54pm: Sensor data :32000,800,700,400,35,140,34,1.2,7,1.5,1,0.9,1.6,150,1.1
2021-08-02 12:04:57pm: Command And Valve Status :2,1,2,1,1,2,2,2,2,2,0,2,2,1,2,2,1,2,1,1,1
2021-08-02 12:04:59pm: Sensor data :200000,800,700,400,35,140,34,1.6,8,1.8,2.2,1,1.7,160,1.2
2021-08-02 12:05:02pm: Command And Valve Status :2,1,2,1,1,2,2,2,2,2,0,2,2,1,2,2,1,2,1,1,1
2021-08-02 12:05:04pm: Sensor data :200000,900,800,500,38,160,26,1.6,8,1.8,2.2,1,1.7,160,1.2
2021-08-02 12:05:08pm: Command And Valve Status :2,1,2,1,1,2,2,2,2,2,0,2,2,1,2,2,1,2,1,1,1
2021-08-02 12:05:09pm: Sensor data :200000,900,800,500,38,160,26,1.6,8,1.8,2.2,1,1.7,160,1.2
2021-08-02 12:05:13pm: Command And Valve Status :2,1,2,1,1,2,2,2,2,2,0,2,2,1,2,2,1,2,1,1,1
2021-08-02 12:05:14pm: Sensor data :32000,800,700,400,35,140,34,1.7,9,1.9,3,1.1,1.8,170,1.3
2021-08-02 12:05:18pm: Command And Valve Status :2,1,2,1,1,2,2,2,2,2,0,2,2,1,2,2,1,2,1,1,1
2021-08-02 12:05:20pm: Sensor data :50000,900,800,500,38,160,26,1.7,9,1.9,3,1.1,1.8,170,1.3
2021-08-02 12:05:24pm: Command And Valve Status :2,1,2,1,1,2,2,2,2,2,0,2,2,1,2,2,1,2,1,1,1
2021-08-02 12:05:25pm: Sensor data :50000,900,800,500,38,160,26,1.7,9,1.9,3,1.1,1.8,170,1.3
2021-08-02 12:05:29pm: Command And Valve Status :2,1,2,1,1,2,2,2,2,2,0,2,2,1,2,2,1,2,1,1,1
2021-08-02 12:05:30pm: Sensor data :200000,900,800,500,38,160,26,1.6,8,1.8,2.2,1,1.7,160,1.2
2021-08-02 12:05:34pm: Command And Valve Status :2,1,2,1,1,2,2,2,2,2,0,2,2,1,2,2,1,2,1,1,1
2021-08-02 12:05:35pm: Sensor data :32000,700,650,300,31,120,32,1.7,9,1.9,3,1.1,1.8,170,1.3
2021-08-02 12:05:39pm: Command And Valve Status :2,1,2,1,1,2,2,2,2,2,0,2,2,1,2,2,1,2,1,1,1
2021-08-02 12:05:40pm: Sensor data :200000,900,800,500,38,160,26,1.2,7,1.5,1,0.9,1.6,150,1.1
2021-08-02 12:05:45pm: Command And Valve Status :2,1,2,1,1,1,2,2,2,2,0,2,2,1,2,2,1,2,1,1,1
2021-08-02 12:05:45pm: Sensor data :32000,900,800,500,38,160,26,1.7,9,1.9,3,1.1,1.8,170,1.3
2021-08-02 12:05:50pm: Command And Valve Status :2,1,2,1,1,1,1,2,2,2,0,2,2,1,1,1,1,2,1,1,1
2021-08-02 12:05:50pm: Sensor data :32000,900,800,500,38,160,26,1.7,9,1.9,3,1.1,1.8,170,1.3
2021-08-02 12:05:55pm: Sensor data :50000,900,800,500,38,160,26,1.7,9,1.9,3,1.1,1.8,170,1.3
2021-08-02 12:05:56pm: Command And Valve Status :2,1,2,1,1,1,1,1,2,2,0,2,2,1,1,1,1,2,1,1,1
2021-08-02 12:06:00pm: Sensor data :50000,900,800,500,38,160,26,1.7,9,1.9,3,1.1,1.8,170,1.3
2021-08-02 12:06:01pm: Command And Valve Status :2,1,2,1,1,1,1,1,2,1,0,2,2,1,1,1,1,2,1,1,1
2021-08-02 12:06:06pm: Sensor data :200000,900,800,500,38,160,26,1.7,9,1.9,3,1.1,1.8,170,1.3
2021-08-02 12:06:06pm: Command And Valve Status :2,1,2,1,1,1,1,1,1,1,0,2,2,1,1,1,1,1,1,1,1
2021-08-02 12:06:11pm: Sensor data :200000,700,650,300,31,120,32,1.6,8,1.8,2.2,1,1.7,160,1.2
2021-08-02 12:06:12pm: Command And Valve Status :2,1,2,1,1,1,1,1,1,1,0,2,2,1,1,1,1,1,1,1,1
2021-08-02 12:06:16pm: Sensor data :200000,800,700,400,35,140,34,1.6,8,1.8,2.2,1,1.7,160,1.2
2021-08-02 12:06:17pm: Command And Valve Status :2,1,2,1,1,1,1,1,1,1,0,2,2,1,1,1,1,1,1,1,1
2021-08-02 12:06:21pm: Sensor data :32000,800,800,500,38,160,26,1.6,9,1.9,3,1.1,1.8,170,1.3
2021-08-02 12:06:22pm: Command And Valve Status :2,1,2,1,1,1,1,1,1,1,0,2,2,1,1,1,1,1,1,1,1
2021-08-02 12:06:26pm: Sensor data :32000,900,800,500,38,160,26,1.2,7,1.5,1,0.9,1.6,150,1.1
2021-08-02 12:06:27pm: Command And Valve Status :2,1,2,1,1,1,1,1,1,1,0,2,2,1,1,1,1,1,1,1,1
2021-08-02 12:06:31pm: Sensor data :50000,900,800,500,38,160,26,1.6,8,1.8,2.2,1,1.7,160,1.2
2021-08-02 12:06:33pm: Command And Valve Status :2,1,2,1,1,1,1,1,1,1,0,2,2,1,1,1,1,1,1,1,1
2021-08-02 12:06:36pm: Sensor data :200000,700,650,300,31,120,32,1.7,9,1.9,3,1.1,1.8,170,1.3
2021-08-02 12:06:38pm: Command And Valve Status :2,1,2,1,1,1,1,1,1,1,0,2,2,1,1,1,1,1,1,1,1
2021-08-02 12:06:41pm: Sensor data :32000,900,800,500,38,160,26,1.6,8,1.8,2.2,1,1.7,160,1.2
2021-08-02 12:06:43pm: Command And Valve Status :2,1,2,1,1,1,1,1,1,1,0,2,2,1,1,1,1,1,1,1,1
2021-08-02 12:06:47pm: Sensor data :32000,900,800,500,38,160,26,1.7,9,1.9,3,1.1,1.8,170,1.3
2021-08-02 12:06:49pm: Command And Valve Status :2,1,2,1,1,1,1,1,1,1,0,2,2,1,1,1,1,1,1,1,1
2021-08-02 12:06:52pm: Sensor data :200000,700,650,300,31,120,32,1.2,7,1.5,1,0.9,1.6,150,1.1
2021-08-02 12:06:54pm: Command And Valve Status :2,1,2,1,1,1,1,1,1,1,0,2,2,1,1,1,1,1,1,1,1
2021-08-02 12:06:57pm: Reset : Started
2021-08-02 12:06:57pm: Sensor data :200000,800,700,400,35,140,34,1.7,9,1.9,3,1.1,1.8,170,1.3
2021-08-02 12:06:59pm: Command And Valve Status :2,1,2,1,1,1,1,1,1,1,0,2,2,1,1,1,1,1,1,1,1
2021-08-02 12:07:02pm: Sensor data :32000,800,700,400,35,140,34,1.6,8,1.8,2.2,1,1.7,160,1.2
2021-08-02 12:07:05pm: Command And Valve Status :2,1,2,1,1,1,1,1,1,1,0,2,2,1,1,1,1,1,1,1,1
2021-08-02 12:07:07pm: Sensor data :50000,900,800,500,38,160,26,1.7,9,1.9,3,1.1,1.8,170,1.3
2021-08-02 12:20:36pm: Initialize (Code to PLC) : Started
2021-08-02 12:20:36pm: Initialize (PLC to Code) : Started
2021-08-02 12:20:37pm: Command And Valve Status :1,2,2,2,2,2,2,2,2,2,0,2,2,2,2,2,2,2,2,2,2
2021-08-02 12:20:42pm: Command And Valve Status :1,2,2,2,2,2,2,2,2,2,0,2,2,2,2,2,2,2,2,2,2
2021-08-02 12:20:45pm: Start (PLC TO DB) : Started
2021-08-02 12:20:46pm: Sensor data :50000,800,700,400,35,140,34,1.6,8,1.8,2.2,1,1.7,160,1.2
2021-08-02 12:20:48pm: Command And Valve Status :2,1,2,2,2,2,2,2,2,2,0,2,2,2,2,2,2,2,2,2,2
2021-08-02 12:20:51pm: Sensor data :50000,900,800,500,38,160,26,1.6,8,1.8,2.2,1,1.7,160,1.2
2021-08-02 12:20:53pm: Command And Valve Status :2,1,2,2,2,2,2,2,2,2,0,2,2,2,2,2,2,2,2,2,1
2021-08-02 12:20:56pm: Sensor data :200000,700,650,300,31,120,32,1.7,9,1.9,3,1.1,1.8,170,1.3
2021-08-02 12:20:58pm: Command And Valve Status :2,1,2,2,2,2,2,2,2,2,0,2,2,2,2,2,2,2,2,1,1
2021-08-02 12:21:01pm: Sensor data :32000,700,650,300,31,120,32,1.2,7,1.5,1,0.9,1.6,150,1.1
2021-08-02 12:21:03pm: Command And Valve Status :2,1,2,2,2,2,2,2,2,2,0,2,2,2,2,2,1,2,2,1,1
2021-08-02 12:21:06pm: Sensor data :200000,700,650,300,31,120,32,1.7,9,1.9,3,1.1,1.8,170,1.3
2021-08-02 12:21:09pm: Command And Valve Status :2,1,2,1,1,2,2,2,2,2,0,2,2,1,2,2,1,2,1,1,1
2021-08-02 12:21:11pm: Sensor data :50000,700,650,300,31,120,32,1.6,8,1.8,2.2,1,1.7,160,1.2
2021-08-02 12:21:14pm: Command And Valve Status :2,1,2,1,1,2,2,2,2,2,0,2,2,1,2,2,1,2,1,1,1
2021-08-02 12:21:16pm: Sensor data :32000,800,700,400,35,140,34,1.7,9,1.9,3,1.1,1.8,170,1.3
2021-08-02 12:21:20pm: Command And Valve Status :2,1,2,1,1,2,2,2,2,2,0,2,2,1,2,2,1,2,1,1,1
2021-08-02 12:21:21pm: Sensor data :200000,800,700,400,35,140,34,1.6,8,1.8,2.2,1,1.7,160,1.2
2021-08-02 12:21:25pm: Command And Valve Status :2,1,2,1,1,2,2,2,2,2,0,2,2,1,2,2,1,2,1,1,1
2021-08-02 12:21:27pm: Sensor data :200000,800,700,400,35,140,34,1.6,8,1.8,2.2,1,1.7,160,1.2
2021-08-02 12:21:30pm: Command And Valve Status :2,1,2,1,1,2,2,2,2,2,0,2,2,1,2,2,1,2,1,1,1
2021-08-02 12:21:32pm: Sensor data :200000,700,650,300,31,120,32,1.6,8,1.8,2.2,1,1.7,160,1.2
2021-08-02 12:21:35pm: Command And Valve Status :2,1,2,1,1,2,2,2,2,2,0,2,2,1,2,2,1,2,1,1,1
2021-08-02 12:21:37pm: Sensor data :32000,700,650,300,31,120,32,1.6,8,1.8,2.2,1,1.7,160,1.2
2021-08-02 12:21:41pm: Command And Valve Status :2,1,2,1,1,2,2,2,2,2,0,2,2,1,2,2,1,2,1,1,1
2021-08-02 12:21:42pm: Sensor data :50000,800,700,400,35,140,34,1.2,7,1.5,1,0.9,1.6,150,1.1
2021-08-02 12:21:46pm: Command And Valve Status :2,1,2,1,1,2,2,2,2,2,0,2,2,1,2,2,1,2,1,1,1
2021-08-02 12:21:47pm: Sensor data :32000,800,700,400,35,140,34,1.7,9,1.9,3,1.1,1.8,170,1.3
2021-08-02 12:21:51pm: Command And Valve Status :2,1,2,1,1,2,2,2,2,2,0,2,2,1,2,2,1,2,1,1,1
2021-08-02 12:21:52pm: Sensor data :200000,900,800,500,38,160,26,1.6,8,1.8,2.2,1,1.7,160,1.2
2021-08-02 12:21:57pm: Command And Valve Status :2,1,2,1,1,2,2,2,2,2,0,2,2,1,2,2,1,2,1,1,1
2021-08-02 12:21:57pm: Sensor data :32000,900,800,500,38,160,26,1.2,7,1.5,1,0.9,1.6,150,1.1
2021-08-02 12:22:02pm: Command And Valve Status :2,1,2,1,1,2,2,2,2,2,0,2,2,1,2,2,1,2,1,1,1
2021-08-02 12:22:03pm: Sensor data :50000,800,700,400,35,140,34,1.2,7,1.5,1,0.9,1.6,150,1.1
2021-08-02 12:22:07pm: Command And Valve Status :2,1,2,1,1,1,2,2,2,2,0,2,2,1,2,2,1,2,1,1,1
2021-08-02 12:22:08pm: Sensor data :32000,700,650,300,31,120,32,1.6,8,1.8,2.2,1,1.7,160,1.2
2021-08-02 12:22:13pm: Command And Valve Status :2,1,2,1,1,1,1,2,2,2,0,2,2,1,1,1,1,2,1,1,1
2021-08-02 12:22:13pm: Sensor data :32000,700,650,300,31,120,32,1.2,7,1.5,1,0.9,1.6,150,1.1
2021-08-02 12:22:18pm: Sensor data :32000,900,800,500,38,160,26,1.7,9,1.9,3,1.1,1.8,170,1.3
2021-08-02 12:22:18pm: Command And Valve Status :2,1,2,1,1,1,1,1,2,2,0,2,2,1,1,1,1,2,1,1,1
2021-08-02 12:22:23pm: Sensor data :50000,700,650,300,31,120,32,1.7,9,1.9,3,1.1,1.8,170,1.3
2021-08-02 12:22:23pm: Command And Valve Status :2,1,2,1,1,1,1,1,2,1,0,2,2,1,1,1,1,2,1,1,1
2021-08-02 12:22:28pm: Sensor data :50000,700,650,300,31,120,32,1.7,9,1.9,3,1.1,1.8,170,1.3
2021-08-02 12:22:29pm: Command And Valve Status :2,1,2,1,1,1,1,1,1,1,0,2,2,1,1,1,1,1,1,1,1
2021-08-02 12:22:34pm: Sensor data :32000,700,650,300,31,120,32,1.6,8,1.8,2.2,1,1.7,160,1.2
2021-08-02 12:22:34pm: Command And Valve Status :2,1,2,1,1,1,1,1,1,1,0,2,2,1,1,1,1,1,1,1,1
2021-08-02 12:22:39pm: Sensor data :200000,800,700,400,35,140,34,1.7,9,1.9,3,1.1,1.8,170,1.3
2021-08-02 12:22:40pm: Command And Valve Status :2,1,2,1,1,1,1,1,1,1,0,2,2,1,1,1,1,1,1,1,1
2021-08-02 12:22:44pm: Sensor data :200000,900,800,500,38,160,26,1.7,9,1.9,3,1.1,1.8,170,1.3
2021-08-02 12:22:45pm: Command And Valve Status :2,1,2,1,1,1,1,1,1,1,0,2,2,1,1,1,1,1,1,1,1
2021-08-02 12:22:47pm: Reset : Started
2021-08-02 12:22:49pm: Sensor data :200000,900,800,500,38,160,26,1.7,9,1.9,3,1.1,1.8,170,1.3
2021-08-02 12:22:50pm: Command And Valve Status :2,1,2,1,1,1,1,1,1,1,0,2,2,1,1,1,1,1,1,1,1
2021-08-02 12:22:54pm: Sensor data :50000,900,800,500,38,160,26,1.6,8,1.8,2.2,1,1.7,160,1.2
2021-08-02 04:55:11pm: Initialize (Code to PLC) : Started
2021-08-02 04:55:12pm: Initialize (PLC to Code) : Started
2021-08-02 04:55:13pm: Command And Valve Status :1,2,2,2,2,2,2,2,2,2,0,2,2,2,2,2,2,2,2,2,2
2021-08-02 04:55:18pm: Start (PLC TO DB) : Started
2021-08-02 04:55:18pm: Command And Valve Status :1,2,2,2,2,2,2,2,2,2,0,2,2,2,2,2,2,2,2,2,2
2021-08-02 04:55:18pm: Sensor data :50000,800,800,500,38,160,26,1.2,8,1.8,2.2,1,1.7,160,1.2
2021-08-02 04:55:24pm: Sensor data :50000,800,700,400,35,140,34,1.2,7,1.5,1,0.9,1.6,150,1.1
2021-08-02 04:55:24pm: Command And Valve Status :2,1,2,2,2,2,2,2,2,2,0,2,2,2,2,2,2,2,2,2,1
2021-08-02 04:55:29pm: Sensor data :32000,700,650,300,31,120,32,1.7,9,1.9,3,1.1,1.8,170,1.3
2021-08-02 04:55:29pm: Command And Valve Status :2,1,2,2,2,2,2,2,2,2,0,2,2,2,2,2,2,2,2,1,1
2021-08-02 04:55:34pm: Sensor data :50000,900,800,500,38,160,26,1.7,9,1.9,3,1.1,1.8,170,1.3
2021-08-02 04:55:34pm: Command And Valve Status :2,1,2,2,2,2,2,2,2,2,0,2,2,2,2,2,1,2,2,1,1
2021-08-02 04:55:39pm: Sensor data :50000,800,700,400,35,140,34,1.7,9,1.9,3,1.1,1.8,170,1.3
2021-08-02 04:55:40pm: Command And Valve Status :2,1,2,1,1,2,2,2,2,2,0,2,2,1,2,2,1,2,1,1,1
2021-08-02 04:55:44pm: Sensor data :200000,900,800,500,38,160,26,1.7,9,1.9,3,1.1,1.8,170,1.3
2021-08-02 04:55:45pm: Command And Valve Status :2,1,2,1,1,2,2,2,2,2,0,2,2,1,2,2,1,2,1,1,1
2021-08-02 04:55:49pm: Sensor data :200000,900,800,500,38,160,26,1.2,7,1.5,1,0.9,1.6,150,1.1
2021-08-02 04:55:50pm: Command And Valve Status :2,1,2,1,1,2,2,2,2,2,0,2,2,1,2,2,1,2,1,1,1
2021-08-02 04:55:55pm: Sensor data :200000,800,700,400,35,140,34,1.2,7,1.5,1,0.9,1.6,150,1.1
2021-08-02 04:55:56pm: Command And Valve Status :2,1,2,1,1,2,2,2,2,2,0,2,2,1,2,2,1,2,1,1,1
2021-08-02 04:56:00pm: Sensor data :200000,900,800,500,38,160,26,1.2,7,1.5,1,0.9,1.6,150,1.1
2021-08-02 04:56:01pm: Command And Valve Status :2,1,2,1,1,2,2,2,2,2,0,2,2,1,2,2,1,2,1,1,1
2021-08-02 04:56:05pm: Sensor data :200000,700,650,300,31,120,32,1.7,9,1.9,3,0.9,1.6,150,1.1
2021-08-02 04:56:06pm: Command And Valve Status :2,1,2,1,1,2,2,2,2,2,0,2,2,1,2,2,1,2,1,1,1
2021-08-02 04:56:10pm: Sensor data :50000,800,700,400,35,140,34,1.6,8,1.8,2.2,1,1.7,160,1.2
2021-08-02 04:56:12pm: Command And Valve Status :2,1,2,1,1,2,2,2,2,2,0,2,2,1,2,2,1,2,1,1,1
2021-08-02 04:56:15pm: Sensor data :200000,800,700,400,35,140,34,1.7,9,1.9,3,1.1,1.8,170,1.3
2021-08-02 04:56:17pm: Command And Valve Status :2,1,2,1,1,2,2,2,2,2,0,2,2,1,2,2,1,2,1,1,1
2021-08-02 04:56:20pm: Sensor data :32000,700,650,300,31,120,32,1.7,9,1.9,3,1.1,1.8,170,1.3
2021-08-02 04:56:22pm: Command And Valve Status :2,1,2,1,1,2,2,2,2,2,0,2,2,1,2,2,1,2,1,1,1
2021-08-02 04:56:25pm: Sensor data :32000,700,650,300,31,120,32,1.7,9,1.9,3,1.1,1.8,170,1.3
2021-08-02 04:56:27pm: Command And Valve Status :2,1,2,1,1,2,2,2,2,2,0,2,2,1,2,2,1,2,1,1,1
2021-08-02 04:56:31pm: Sensor data :200000,800,700,400,35,140,34,1.2,7,1.5,1,0.9,1.6,150,1.1
2021-08-02 04:56:33pm: Command And Valve Status :2,1,2,1,1,2,2,2,2,2,0,2,2,1,2,2,1,2,1,1,1
2021-08-02 04:56:36pm: Sensor data :50000,800,700,400,35,140,34,1.6,8,1.8,2.2,1,1.7,160,1.2
2021-08-02 04:56:38pm: Command And Valve Status :2,1,2,1,1,2,2,2,2,2,0,2,2,1,2,2,1,2,1,1,1
2021-08-02 04:56:41pm: Sensor data :32000,900,800,500,38,160,26,1.2,7,1.5,1,0.9,1.6,150,1.1
2021-08-02 04:56:44pm: Command And Valve Status :2,1,2,1,1,1,1,2,2,2,0,2,2,1,1,1,1,2,1,1,1
2021-08-02 04:56:46pm: Sensor data :50000,900,800,500,38,160,26,1.6,8,1.8,2.2,1,1.7,160,1.2
2021-08-02 04:56:49pm: Command And Valve Status :2,1,2,1,1,1,1,1,2,2,0,2,2,1,1,1,1,2,1,1,1
2021-08-02 04:56:51pm: Sensor data :50000,800,700,400,35,140,34,1.7,9,1.9,3,1.1,1.8,170,1.3
2021-08-02 04:56:54pm: Command And Valve Status :2,1,2,1,1,1,1,1,2,1,0,2,2,1,1,1,1,2,1,1,1
2021-08-02 04:56:56pm: Sensor data :32000,900,800,500,38,160,26,1.6,8,1.8,2.2,1,1.7,160,1.2
2021-08-02 04:57:00pm: Command And Valve Status :2,1,2,1,1,1,1,1,1,1,0,2,2,1,1,1,1,1,1,1,1
2021-08-02 04:57:01pm: Sensor data :200000,700,650,300,31,120,32,1.2,7,1.5,1,0.9,1.6,150,1.1
2021-08-02 04:57:05pm: Command And Valve Status :2,1,2,1,1,1,1,1,1,1,0,2,2,1,1,1,1,1,1,1,1
2021-08-02 04:57:06pm: Sensor data :50000,900,800,500,38,160,26,1.2,7,1.5,1,0.9,1.6,150,1.1
2021-08-02 04:57:10pm: Command And Valve Status :2,1,2,1,1,1,1,1,1,1,0,2,2,1,1,1,1,1,1,1,1
2021-08-02 04:57:12pm: Sensor data :200000,800,700,400,35,140,34,1.7,9,1.9,3,1.1,1.8,170,1.3
2021-08-02 04:57:16pm: Command And Valve Status :2,1,2,1,1,1,1,1,1,1,0,2,2,1,1,1,1,1,1,1,1
2021-08-02 04:57:17pm: Sensor data :50000,900,800,500,38,160,26,1.2,7,1.5,1,0.9,1.6,150,1.1
2021-08-02 04:57:20pm: Reset : Started
2021-08-02 04:57:21pm: Command And Valve Status :2,1,2,1,1,1,1,1,1,1,0,2,2,1,1,1,1,1,1,1,1
2021-08-02 04:57:22pm: Sensor data :50000,800,700,400,35,140,34,1.7,9,1.9,3,1.1,1.8,170,1.3
2021-08-02 04:57:26pm: Command And Valve Status :2,1,2,1,1,1,1,1,1,1,0,2,2,1,1,1,1,1,1,1,1
2021-08-02 04:57:27pm: Sensor data :32000,800,700,400,35,140,34,1.7,9,1.9,3,1.1,1.8,170,1.3
2021-08-02 04:57:31pm: Command And Valve Status :2,1,2,1,1,1,1,1,1,1,0,2,2,1,1,1,1,1,1,1,1
2021-08-02 04:57:32pm: Sensor data :32000,700,650,300,31,120,32,1.7,9,1.9,3,1.1,1.8,170,1.3
2021-08-02 04:57:37pm: Command And Valve Status :2,1,2,1,1,1,1,1,1,1,0,2,2,1,1,1,1,1,1,1,1
2021-08-02 04:57:37pm: Sensor data :200000,700,650,300,31,120,32,1.6,8,1.8,2.2,1,1.7,160,1.2
2021-08-02 04:57:42pm: Command And Valve Status :2,1,2,1,1,1,1,1,1,1,0,2,2,1,1,1,1,1,1,1,1
2021-08-02 04:57:42pm: Sensor data :50000,700,650,300,31,120,32,1.7,9,1.9,3,1.1,1.8,170,1.3
2021-08-02 04:57:47pm: Command And Valve Status :2,1,2,1,1,1,1,1,1,1,0,2,2,1,1,1,1,1,1,1,1
2021-08-02 04:57:48pm: Sensor data :32000,700,650,300,31,120,32,1.2,7,1.5,1,0.9,1.6,150,1.1
2021-08-02 04:57:53pm: Sensor data :50000,900,800,500,38,160,26,1.2,7,1.5,1,0.9,1.6,150,1.1
