2021-07-31 11:32:30am: Initialize (Code to PLC) : Started
2021-07-31 11:32:31am: Initialize (PLC to Code) : Started
2021-07-31 11:32:31am: Command And Valve Status :1,2,2,2,2,2,2,2,2,2,0,2,2,2,2,2,2,2,2,2,2
2021-07-31 11:32:36am: Start (PLC TO DB) : Started
2021-07-31 11:32:37am: Sensor data :50000,700,650,300,31,120,32,1.6,8,1.8,2.2,1,1.7,160,1.2
2021-07-31 11:32:37am: Command And Valve Status :2,1,2,2,2,2,2,2,2,2,0,2,2,2,2,2,2,2,2,2,2
2021-07-31 11:32:42am: Sensor data :32000,800,700,400,35,140,34,1.2,7,1.5,1,0.9,1.6,150,1.1
2021-07-31 11:32:43am: Command And Valve Status :2,1,2,2,2,2,2,2,2,2,0,2,2,2,2,2,2,2,2,2,1
2021-07-31 11:32:48am: Sensor data :200000,900,800,500,38,160,26,1.7,9,1.9,3,1.1,1.8,170,1.3
2021-07-31 11:32:48am: Command And Valve Status :2,1,2,2,2,2,2,2,2,2,0,2,2,2,2,2,2,2,2,1,1
2021-07-31 11:32:53am: Sensor data :50000,900,800,500,38,160,26,1.6,8,1.8,2.2,1,1.7,160,1.2
2021-07-31 11:32:53am: Command And Valve Status :2,1,2,2,2,2,2,2,2,2,0,2,2,2,2,2,1,2,2,1,1
2021-07-31 11:32:59am: Sensor data :200000,900,800,500,38,160,26,1.6,8,1.8,2.2,1,1.7,160,1.2
2021-07-31 11:33:00am: Command And Valve Status :2,1,2,1,1,2,2,2,2,2,0,2,2,1,2,2,1,2,1,1,1
2021-07-31 11:33:04am: Sensor data :50000,900,800,500,38,160,26,1.2,7,1.5,1,0.9,1.6,150,1.1
2021-07-31 11:33:05am: Command And Valve Status :2,1,2,1,1,2,2,2,2,2,0,2,2,1,2,2,1,2,1,1,1
2021-07-31 11:33:10am: Sensor data :200000,800,700,400,35,140,34,1.2,7,1.5,1,0.9,1.6,150,1.1
2021-07-31 11:33:10am: Command And Valve Status :2,1,2,1,1,2,2,2,2,2,0,2,2,1,2,2,1,2,1,1,1
2021-07-31 11:33:16am: Command And Valve Status :2,1,2,1,1,2,2,2,2,2,0,2,2,1,2,2,1,2,1,1,1
2021-07-31 11:33:16am: Sensor data :50000,700,650,300,31,120,32,1.2,7,1.5,1,0.9,1.6,150,1.1
2021-07-31 11:33:21am: Command And Valve Status :2,1,2,1,1,2,2,2,2,2,0,2,2,1,2,2,1,2,1,1,1
2021-07-31 11:33:21am: Sensor data :200000,800,700,400,35,140,34,1.2,7,1.5,1,0.9,1.6,150,1.1
2021-07-31 11:33:26am: Command And Valve Status :2,1,2,1,1,2,2,2,2,2,0,2,2,1,2,2,1,2,1,1,1
2021-07-31 11:33:27am: Sensor data :200000,700,650,300,31,120,32,1.7,9,1.9,3,1.1,1.8,170,1.3
2021-07-31 11:33:31am: Command And Valve Status :2,1,2,1,1,2,2,2,2,2,0,2,2,1,2,2,1,2,1,1,1
2021-07-31 11:33:32am: Sensor data :200000,800,700,400,35,140,34,1.7,9,1.9,3,1.1,1.8,170,1.3
2021-07-31 11:33:37am: Command And Valve Status :2,1,2,1,1,2,2,2,2,2,0,2,2,1,2,2,1,2,1,1,1
2021-07-31 11:33:38am: Sensor data :200000,900,800,500,38,160,26,1.6,8,1.8,2.2,1,1.7,160,1.2
2021-07-31 11:33:42am: Command And Valve Status :2,1,2,1,1,2,2,2,2,2,0,2,2,1,2,2,1,2,1,1,1
2021-07-31 11:33:43am: Sensor data :32000,700,650,300,31,120,32,1.7,9,1.9,3,1.1,1.8,170,1.3
2021-07-31 11:33:47am: Command And Valve Status :2,1,2,1,1,2,2,2,2,2,0,2,2,1,2,2,1,2,1,1,1
2021-07-31 11:33:48am: Sensor data :50000,800,700,400,35,140,34,1.6,8,1.8,2.2,1,1.7,160,1.2
2021-07-31 11:33:53am: Command And Valve Status :2,1,2,1,1,2,2,2,2,2,0,2,2,1,2,2,1,2,1,1,1
2021-07-31 11:33:53am: Sensor data :50000,800,700,400,35,140,34,1.2,7,1.5,1,0.9,1.6,150,1.1
2021-07-31 11:33:58am: Command And Valve Status :2,1,2,1,1,1,2,2,2,2,0,2,2,1,2,2,1,2,1,1,1
2021-07-31 11:33:59am: Sensor data :200000,700,650,300,31,120,32,1.7,9,1.9,3,1.1,1.8,170,1.3
2021-07-31 11:34:04am: Command And Valve Status :2,1,2,1,1,1,1,2,2,2,0,2,2,1,1,1,1,2,1,1,1
2021-07-31 11:34:04am: Sensor data :50000,900,800,500,38,160,26,1.6,8,1.8,2.2,1,1.7,160,1.2
2021-07-31 11:34:09am: Command And Valve Status :2,1,2,1,1,1,1,1,2,2,0,2,2,1,1,1,1,2,1,1,1
2021-07-31 11:34:10am: Sensor data :200000,700,650,300,31,120,32,1.7,9,1.9,3,1.1,1.8,170,1.3
2021-07-31 11:34:15am: Command And Valve Status :2,1,2,1,1,1,1,1,2,1,0,2,2,1,1,1,1,2,1,1,1
2021-07-31 11:34:15am: Sensor data :50000,800,700,400,35,140,34,1.6,8,1.8,2.2,1,1.7,160,1.2
2021-07-31 11:34:21am: Command And Valve Status :2,1,2,1,1,1,1,1,1,1,0,2,2,1,1,1,1,1,1,1,1
2021-07-31 11:34:21am: Sensor data :50000,900,800,500,38,160,26,1.7,9,1.9,3,1.1,1.8,170,1.3
2021-07-31 11:34:26am: Sensor data :200000,700,650,300,31,120,32,1.2,7,1.5,1,0.9,1.6,150,1.1
2021-07-31 11:34:26am: Command And Valve Status :2,1,2,1,1,1,1,1,1,1,0,2,2,1,1,1,1,1,1,1,1
2021-07-31 11:34:31am: Command And Valve Status :2,1,2,1,1,1,1,1,1,1,0,2,2,1,1,1,1,1,1,1,1
2021-07-31 11:34:31am: Sensor data :50000,800,700,400,35,140,34,1.2,7,1.5,1,0.9,1.6,150,1.1
2021-07-31 11:34:37am: Command And Valve Status :2,1,2,1,1,1,1,1,1,1,0,2,2,1,1,1,1,1,1,1,1
2021-07-31 11:34:37am: Sensor data :50000,900,800,500,38,160,26,1.6,8,1.8,2.2,1,1.7,160,1.2
2021-07-31 11:34:42am: Command And Valve Status :2,1,2,1,1,1,1,1,1,1,0,2,2,1,1,1,1,1,1,1,1
2021-07-31 11:34:42am: Sensor data :200000,900,650,300,31,120,32,1.2,8,1.8,2.2,1,1.7,160,1.2
2021-07-31 11:34:47am: Command And Valve Status :2,1,2,1,1,1,1,1,1,1,0,2,2,1,1,1,1,1,1,1,1
2021-07-31 11:34:47am: Sensor data :50000,900,800,500,38,160,26,1.2,7,1.5,1,0.9,1.6,150,1.1
2021-07-31 11:34:48am: Reset : Started
2021-07-31 11:34:52am: Sensor data :200000,700,650,300,31,120,32,1.6,8,1.8,2.2,1,1.7,160,1.2
2021-07-31 11:34:52am: Command And Valve Status :2,1,2,1,1,1,1,1,1,1,0,2,2,1,1,1,1,1,1,1,1
2021-07-31 11:34:57am: Sensor data :32000,800,700,400,35,140,34,1.6,8,1.8,2.2,1,1.7,160,1.2
2021-07-31 11:34:58am: Command And Valve Status :2,1,2,1,1,1,1,1,1,1,0,2,2,1,1,1,1,1,1,1,1
2021-07-31 11:35:03am: Sensor data :200000,700,650,300,31,120,32,1.2,7,1.5,1,0.9,1.6,150,1.1
2021-07-31 11:35:03am: Command And Valve Status :2,1,2,1,1,1,1,1,1,1,0,2,2,1,1,1,1,1,1,1,1
2021-07-31 11:35:08am: Sensor data :200000,800,700,400,35,140,34,1.2,7,1.5,1,0.9,1.6,150,1.1
2021-07-31 11:38:07am: Initialize (Code to PLC) : Started
2021-07-31 11:38:08am: Initialize (PLC to Code) : Started
2021-07-31 11:38:08am: Command And Valve Status :1,2,2,2,2,2,2,2,2,2,0,2,2,2,2,2,2,2,2,2,2
2021-07-31 11:38:13am: Command And Valve Status :1,2,2,2,2,2,2,2,2,2,0,2,2,2,2,2,2,2,2,2,2
2021-07-31 11:38:19am: Command And Valve Status :1,2,2,2,2,2,2,2,2,2,0,2,2,2,2,2,2,2,2,2,2
2021-07-31 11:38:21am: Start (PLC TO DB) : Started
2021-07-31 11:38:21am: Sensor data :32000,900,800,500,38,160,26,1.7,9,1.9,3,1.1,1.8,170,1.3
2021-07-31 11:38:24am: Command And Valve Status :2,1,2,2,2,2,2,2,2,2,0,2,2,2,2,2,2,2,2,2,2
2021-07-31 11:38:26am: Sensor data :200000,800,700,400,35,140,34,1.2,7,1.5,1,0.9,1.6,150,1.1
2021-07-31 11:38:31am: Sensor data :32000,800,700,400,35,140,34,1.2,7,1.5,1,0.9,1.6,150,1.1
2021-07-31 11:41:26am: Initialize (Code to PLC) : Started
2021-07-31 11:41:27am: Initialize (PLC to Code) : Started
2021-07-31 11:41:27am: Command And Valve Status :1,2,2,2,2,2,2,2,2,2,0,2,2,2,2,2,2,2,2,2,2
2021-07-31 11:41:32am: Command And Valve Status :1,2,2,2,2,2,2,2,2,2,0,2,2,2,2,2,2,2,2,2,2
2021-07-31 11:41:33am: Start (PLC TO DB) : Started
2021-07-31 11:41:33am: Sensor data :32000,800,700,400,35,140,34,1.6,8,1.8,2.2,1,1.7,160,1.2
2021-07-31 11:41:38am: Command And Valve Status :2,1,2,2,2,2,2,2,2,2,0,2,2,2,2,2,2,2,2,2,2
2021-07-31 11:41:38am: Sensor data :32000,800,700,400,35,140,34,1.6,8,1.8,2.2,1,1.7,160,1.2
2021-07-31 11:41:44am: Sensor data :50000,900,800,500,38,160,26,1.6,8,1.8,2.2,1,1.7,160,1.2
2021-07-31 11:42:51am: Initialize (Code to PLC) : Started
2021-07-31 11:42:51am: Initialize (PLC to Code) : Started
2021-07-31 11:42:52am: Command And Valve Status :1,2,2,2,2,2,2,2,2,2,0,2,2,2,2,2,2,2,2,2,2
2021-07-31 11:42:55am: Start (PLC TO DB) : Started
2021-07-31 11:42:55am: Sensor data :200000,800,700,400,35,140,34,1.7,9,1.9,3,1.1,1.8,170,1.3
2021-07-31 11:42:57am: Command And Valve Status :2,1,2,2,2,2,2,2,2,2,0,2,2,2,2,2,2,2,2,2,2
2021-07-31 11:43:00am: Sensor data :200000,900,800,500,38,160,26,1.2,7,1.5,1,0.9,1.6,150,1.1
2021-07-31 12:52:05pm: Initialize (Code to PLC) : Started
2021-07-31 12:52:05pm: Initialize (PLC to Code) : Started
2021-07-31 12:52:06pm: Command And Valve Status :1,2,2,2,2,2,2,2,2,2,0,2,2,2,2,2,2,2,2,2,2
2021-07-31 12:52:10pm: Start (PLC TO DB) : Started
2021-07-31 12:52:10pm: Sensor data :32000,800,700,400,35,140,34,1.7,9,1.9,3,1.1,1.8,170,1.3
2021-07-31 12:52:11pm: Command And Valve Status :2,1,2,2,2,2,2,2,2,2,0,2,2,2,2,2,2,2,2,2,2
2021-07-31 12:52:16pm: Sensor data :32000,700,650,300,31,120,32,1.7,9,1.9,3,1.1,1.8,170,1.3
2021-07-31 12:52:16pm: Command And Valve Status :2,1,2,2,2,2,2,2,2,2,0,2,2,2,2,2,2,2,2,2,1
2021-07-31 12:52:21pm: Sensor data :32000,900,800,500,38,160,26,1.7,9,1.9,3,1.1,1.8,170,1.3
2021-07-31 12:52:22pm: Command And Valve Status :2,1,2,2,2,2,2,2,2,2,0,2,2,2,2,2,2,2,2,1,1
2021-07-31 12:52:26pm: Sensor data :200000,900,800,500,38,160,26,1.6,8,1.8,2.2,1,1.7,160,1.2
2021-07-31 12:52:27pm: Command And Valve Status :2,1,2,2,2,2,2,2,2,2,0,2,2,2,2,2,1,2,2,1,1
2021-07-31 12:52:31pm: Sensor data :50000,700,650,300,31,120,32,1.2,7,1.5,1,0.9,1.6,150,1.1
2021-07-31 12:52:32pm: Command And Valve Status :2,1,2,1,1,2,2,2,2,2,0,2,2,1,2,2,1,2,1,1,1
2021-07-31 12:52:36pm: Sensor data :200000,700,650,300,31,120,32,1.6,8,1.8,2.2,1,1.7,160,1.2
2021-07-31 12:52:38pm: Command And Valve Status :2,1,2,1,1,2,2,2,2,2,0,2,2,1,2,2,1,2,1,1,1
2021-07-31 12:52:41pm: Sensor data :50000,900,800,500,38,160,26,1.2,7,1.5,1,0.9,1.6,150,1.1
2021-07-31 12:52:43pm: Command And Valve Status :2,1,2,1,1,2,2,2,2,2,0,2,2,1,2,2,1,2,1,1,1
2021-07-31 12:52:46pm: Sensor data :50000,700,650,300,31,120,32,1.6,8,1.8,2.2,1,1.7,160,1.2
2021-07-31 12:52:48pm: Command And Valve Status :2,1,2,1,1,2,2,2,2,2,0,2,2,1,2,2,1,2,1,1,1
2021-07-31 12:52:51pm: Sensor data :200000,700,650,300,31,120,32,1.6,8,1.8,2.2,1,1.7,160,1.2
2021-07-31 12:52:54pm: Command And Valve Status :2,1,2,1,1,2,2,2,2,2,0,2,2,1,2,2,1,2,1,1,1
2021-07-31 12:52:57pm: Sensor data :50000,700,650,300,31,120,32,1.2,7,1.5,1,0.9,1.6,150,1.1
2021-07-31 12:52:59pm: Command And Valve Status :2,1,2,1,1,2,2,2,2,2,0,2,2,1,2,2,1,2,1,1,1
2021-07-31 12:53:02pm: Sensor data :32000,900,800,500,38,160,26,1.7,9,1.9,3,1.1,1.8,170,1.3
2021-07-31 12:53:04pm: Command And Valve Status :2,1,2,1,1,2,2,2,2,2,0,2,2,1,2,2,1,2,1,1,1
2021-07-31 12:53:07pm: Sensor data :50000,700,650,300,31,120,32,1.2,7,1.5,1,0.9,1.6,150,1.1
2021-07-31 12:53:10pm: Command And Valve Status :2,1,2,1,1,2,2,2,2,2,0,2,2,1,2,2,1,2,1,1,1
2021-07-31 12:53:12pm: Sensor data :32000,700,650,300,31,120,32,1.7,9,1.9,3,1.1,1.8,170,1.3
2021-07-31 12:53:15pm: Command And Valve Status :2,1,2,1,1,2,2,2,2,2,0,2,2,1,2,2,1,2,1,1,1
2021-07-31 12:53:17pm: Sensor data :32000,800,700,400,35,140,34,1.7,9,1.9,3,1.1,1.8,170,1.3
2021-07-31 12:53:20pm: Command And Valve Status :2,1,2,1,1,2,2,2,2,2,0,2,2,1,2,2,1,2,1,1,1
2021-07-31 12:53:22pm: Sensor data :50000,800,700,400,35,140,34,1.2,7,1.5,1,0.9,1.6,150,1.1
2021-07-31 12:53:25pm: Command And Valve Status :2,1,2,1,1,2,2,2,2,2,0,2,2,1,2,2,1,2,1,1,1
2021-07-31 12:53:28pm: Sensor data :32000,800,700,400,35,140,34,1.6,8,1.8,2.2,1,1.7,160,1.2
2021-07-31 12:53:31pm: Command And Valve Status :2,1,2,1,1,1,2,2,2,2,0,2,2,1,2,2,1,2,1,1,1
2021-07-31 12:53:33pm: Sensor data :50000,700,650,300,31,120,32,1.2,7,1.5,1,0.9,1.6,150,1.1
2021-07-31 12:53:36pm: Command And Valve Status :2,1,2,1,1,1,1,2,2,2,0,2,2,1,1,1,1,2,1,1,1
2021-07-31 12:53:38pm: Sensor data :50000,700,650,300,31,120,32,1.2,7,1.5,1,0.9,1.6,150,1.1
2021-07-31 12:53:42pm: Command And Valve Status :2,1,2,1,1,1,1,1,2,2,0,2,2,1,1,1,1,2,1,1,1
2021-07-31 12:53:43pm: Sensor data :32000,900,800,500,38,160,26,1.2,7,1.5,1,0.9,1.6,150,1.1
2021-07-31 12:53:47pm: Command And Valve Status :2,1,2,1,1,1,1,1,2,1,0,2,2,1,1,1,1,2,1,1,1
2021-07-31 12:53:48pm: Sensor data :50000,700,650,300,31,120,32,1.2,7,1.5,1,0.9,1.6,150,1.1
2021-07-31 12:53:52pm: Command And Valve Status :2,1,2,1,1,1,1,1,1,1,0,2,2,1,1,1,1,1,1,1,1
2021-07-31 12:53:53pm: Sensor data :50000,700,650,300,31,120,32,1.2,7,1.5,1,0.9,1.6,150,1.1
2021-07-31 12:53:58pm: Command And Valve Status :2,1,2,1,1,1,1,1,1,1,0,2,2,1,1,1,1,1,1,1,1
2021-07-31 12:53:58pm: Sensor data :50000,700,650,300,31,120,32,1.7,9,1.9,3,1.1,1.8,170,1.3
2021-07-31 12:54:03pm: Command And Valve Status :2,1,2,1,1,1,1,1,1,1,0,2,2,1,1,1,1,1,1,1,1
2021-07-31 12:54:04pm: Sensor data :200000,700,650,300,31,120,32,1.2,7,1.5,1,0.9,1.6,150,1.1
2021-07-31 12:54:08pm: Command And Valve Status :2,1,2,1,1,1,1,1,1,1,0,2,2,1,1,1,1,1,1,1,1
2021-07-31 12:54:09pm: Sensor data :32000,700,650,300,31,120,32,1.6,8,1.8,2.2,1,1.7,160,1.2
2021-07-31 12:54:14pm: Command And Valve Status :2,1,2,1,1,1,1,1,1,1,0,2,2,1,1,1,1,1,1,1,1
2021-07-31 12:54:14pm: Sensor data :32000,900,800,500,38,160,26,1.6,8,1.8,2.2,1,1.7,160,1.2
2021-07-31 12:54:19pm: Command And Valve Status :2,1,2,1,1,1,1,1,1,1,0,2,2,1,1,1,1,1,1,1,1
2021-07-31 12:54:19pm: Sensor data :200000,900,800,500,38,160,26,1.2,7,1.5,1,0.9,1.6,150,1.1
2021-07-31 12:54:24pm: Sensor data :50000,900,800,500,38,160,26,1.7,9,1.9,3,1.1,1.8,170,1.3
2021-07-31 12:54:24pm: Command And Valve Status :2,1,2,1,1,1,1,1,1,1,0,2,2,1,1,1,1,1,1,1,1
2021-07-31 12:54:29pm: Sensor data :200000,800,700,400,35,140,34,1.2,7,1.5,1,0.9,1.6,150,1.1
2021-07-31 12:54:29pm: Command And Valve Status :2,1,2,1,1,1,1,1,1,1,0,2,2,1,1,1,1,1,1,1,1
2021-07-31 12:54:34pm: Sensor data :50000,700,650,300,31,120,32,1.7,9,1.9,3,1.1,1.8,170,1.3
2021-07-31 12:54:35pm: Command And Valve Status :2,1,2,1,1,1,1,1,1,1,0,2,2,1,1,1,1,1,1,1,1
2021-07-31 12:54:40pm: Sensor data :32000,800,700,400,35,140,34,1.6,8,1.8,2.2,1,1.7,160,1.2
2021-07-31 12:54:40pm: Command And Valve Status :2,1,2,1,1,1,1,1,1,1,0,2,2,1,1,1,1,1,1,1,1
2021-07-31 12:54:45pm: Sensor data :32000,900,800,500,38,160,26,1.2,7,1.5,1,0.9,1.6,150,1.1
2021-07-31 12:54:45pm: Command And Valve Status :2,1,2,1,1,1,1,1,1,1,0,2,2,1,1,1,1,1,1,1,1
2021-07-31 12:54:50pm: Sensor data :50000,900,800,500,38,160,26,1.2,7,1.5,1,0.9,1.6,150,1.1
2021-07-31 12:54:51pm: Command And Valve Status :2,1,2,1,1,1,1,1,1,1,0,2,2,1,1,1,1,1,1,1,1
2021-07-31 12:54:55pm: Sensor data :200000,900,800,500,38,160,26,1.6,8,1.8,2.2,1,1.7,160,1.2
2021-07-31 12:54:56pm: Command And Valve Status :2,1,2,1,1,1,1,1,1,1,0,2,2,1,1,1,1,1,1,1,1
2021-07-31 12:55:00pm: Sensor data :200000,700,650,300,31,120,32,1.2,7,1.5,1,0.9,1.6,150,1.1
2021-07-31 12:55:01pm: Command And Valve Status :2,1,2,1,1,1,1,1,1,1,0,2,2,1,1,1,1,1,1,1,1
2021-07-31 12:55:05pm: Sensor data :32000,700,650,300,31,120,32,1.2,7,1.5,1,0.9,1.6,150,1.1
2021-07-31 12:55:07pm: Command And Valve Status :2,1,2,1,1,1,1,1,1,1,0,2,2,1,1,1,1,1,1,1,1
2021-07-31 12:55:10pm: Sensor data :32000,800,700,400,35,140,34,1.2,7,1.5,1,0.9,1.6,150,1.1
2021-07-31 12:55:12pm: Command And Valve Status :2,1,2,1,1,1,1,1,1,1,0,2,2,1,1,1,1,1,1,1,1
2021-07-31 12:55:16pm: Sensor data :32000,800,700,400,35,140,34,1.2,7,1.5,1,0.9,1.6,150,1.1
2021-07-31 12:55:17pm: Command And Valve Status :2,1,2,1,1,1,1,1,1,1,0,2,2,1,1,1,1,1,1,1,1
2021-07-31 12:55:21pm: Sensor data :50000,900,800,500,38,160,26,1.2,7,1.5,1,0.9,1.6,150,1.1
2021-07-31 12:55:22pm: Command And Valve Status :2,1,2,1,1,1,1,1,1,1,0,2,2,1,1,1,1,1,1,1,1
2021-07-31 12:55:25pm: Reset : Started
2021-07-31 12:55:26pm: Sensor data :50000,800,700,400,35,140,34,1.2,7,1.5,1,0.9,1.6,150,1.1
2021-07-31 12:55:28pm: Command And Valve Status :2,1,2,1,1,1,1,1,1,1,0,2,2,1,1,1,1,1,1,1,1
2021-07-31 12:55:31pm: Sensor data :50000,900,800,500,38,160,26,1.2,7,1.5,1,0.9,1.6,150,1.1
2021-07-31 01:00:17pm: Initialize (Code to PLC) : Started
2021-07-31 01:00:17pm: Initialize (PLC to Code) : Started
2021-07-31 01:00:18pm: Command And Valve Status :1,2,2,2,2,2,2,2,2,2,0,2,2,2,2,2,2,2,2,2,2
2021-07-31 01:00:21pm: Start (PLC TO DB) : Started
2021-07-31 01:00:21pm: Sensor data :50000,700,650,300,31,120,32,1.2,7,1.5,1,0.9,1.6,150,1.1
2021-07-31 01:00:23pm: Command And Valve Status :2,1,2,2,2,2,2,2,2,2,0,2,2,2,2,2,2,2,2,2,2
2021-07-31 01:00:26pm: Sensor data :50000,800,700,400,35,140,34,1.2,7,1.5,1,0.9,1.6,150,1.1
2021-07-31 01:00:28pm: Command And Valve Status :2,1,2,2,2,2,2,2,2,2,0,2,2,2,2,2,2,2,2,2,1
2021-07-31 01:00:31pm: Sensor data :32000,700,650,300,31,120,32,1.7,9,1.9,3,1.1,1.8,170,1.3
2021-07-31 01:00:34pm: Command And Valve Status :2,1,2,2,2,2,2,2,2,2,0,2,2,2,2,2,2,2,2,1,1
2021-07-31 01:00:36pm: Sensor data :32000,700,650,300,31,120,32,1.2,7,1.5,1,0.9,1.6,150,1.1
2021-07-31 01:00:39pm: Command And Valve Status :2,1,2,2,2,2,2,2,2,2,0,2,2,2,2,2,1,2,2,1,1
2021-07-31 01:00:42pm: Sensor data :32000,900,800,500,38,160,26,1.7,9,1.9,3,1.1,1.8,170,1.3
2021-07-31 01:00:45pm: Command And Valve Status :2,1,2,1,1,2,2,2,2,2,0,2,2,1,2,2,1,2,1,1,1
2021-07-31 01:00:47pm: Sensor data :50000,800,700,400,35,140,34,1.2,7,1.5,1,0.9,1.6,150,1.1
2021-07-31 01:00:50pm: Command And Valve Status :2,1,2,1,1,2,2,2,2,2,0,2,2,1,2,2,1,2,1,1,1
2021-07-31 01:00:52pm: Sensor data :200000,900,800,500,38,160,26,1.2,7,1.5,1,0.9,1.6,150,1.1
2021-07-31 01:00:55pm: Command And Valve Status :2,1,2,1,1,2,2,2,2,2,0,2,2,1,2,2,1,2,1,1,1
2021-07-31 01:00:57pm: Sensor data :32000,800,700,400,35,140,34,1.6,8,1.8,2.2,1,1.7,160,1.2
2021-07-31 01:01:01pm: Command And Valve Status :2,1,2,1,1,2,2,2,2,2,0,2,2,1,2,2,1,2,1,1,1
2021-07-31 01:01:02pm: Sensor data :200000,700,650,300,31,120,32,1.7,9,1.9,3,1.1,1.8,170,1.3
2021-07-31 01:01:06pm: Command And Valve Status :2,1,2,1,1,2,2,2,2,2,0,2,2,1,2,2,1,2,1,1,1
2021-07-31 01:01:07pm: Sensor data :200000,700,650,300,31,120,32,1.2,7,1.5,1,0.9,1.6,150,1.1
2021-07-31 01:01:11pm: Command And Valve Status :2,1,2,1,1,2,2,2,2,2,0,2,2,1,2,2,1,2,1,1,1
2021-07-31 01:01:12pm: Sensor data :200000,900,800,500,38,160,26,1.2,7,1.5,1,0.9,1.6,150,1.1
2021-07-31 01:01:16pm: Command And Valve Status :2,1,2,1,1,2,2,2,2,2,0,2,2,1,2,2,1,2,1,1,1
2021-07-31 01:01:17pm: Sensor data :200000,700,650,300,31,120,32,1.2,7,1.5,1,0.9,1.6,150,1.1
2021-07-31 01:01:22pm: Command And Valve Status :2,1,2,1,1,2,2,2,2,2,0,2,2,1,2,2,1,2,1,1,1
2021-07-31 01:01:23pm: Sensor data :50000,900,800,500,38,160,26,1.2,7,1.5,1,0.9,1.6,150,1.1
2021-07-31 01:01:27pm: Command And Valve Status :2,1,2,1,1,2,2,2,2,2,0,2,2,1,2,2,1,2,1,1,1
2021-07-31 01:01:28pm: Sensor data :200000,800,700,400,35,140,34,1.2,7,1.5,1,0.9,1.6,150,1.1
2021-07-31 01:01:32pm: Command And Valve Status :2,1,2,1,1,2,2,2,2,2,0,2,2,1,2,2,1,2,1,1,1
2021-07-31 01:01:33pm: Sensor data :50000,900,800,500,38,160,26,1.7,9,1.9,3,1.1,1.8,170,1.3
2021-07-31 01:01:38pm: Command And Valve Status :2,1,2,1,1,2,2,2,2,2,0,2,2,1,2,2,1,2,1,1,1
2021-07-31 01:01:38pm: Sensor data :50000,800,700,400,35,140,34,1.7,9,1.9,3,1.1,1.8,170,1.3
2021-07-31 01:01:43pm: Command And Valve Status :2,1,2,1,1,1,2,2,2,2,0,2,2,1,2,2,1,2,1,1,1
2021-07-31 01:01:43pm: Sensor data :32000,900,800,500,38,160,26,1.6,8,1.8,2.2,1,1.7,160,1.2
2021-07-31 01:01:48pm: Sensor data :50000,900,800,500,38,160,26,1.6,8,1.8,2.2,1,1.7,160,1.2
2021-07-31 01:01:48pm: Command And Valve Status :2,1,2,1,1,1,1,2,2,2,0,2,2,1,1,1,1,2,1,1,1
2021-07-31 01:01:53pm: Sensor data :32000,800,700,400,35,140,34,1.6,8,1.8,2.2,1,1.7,160,1.2
2021-07-31 01:01:54pm: Command And Valve Status :2,1,2,1,1,1,1,1,2,2,0,2,2,1,1,1,1,2,1,1,1
2021-07-31 01:01:58pm: Sensor data :32000,800,700,400,35,140,34,1.6,8,1.8,2.2,1,1.7,160,1.2
2021-07-31 01:01:59pm: Command And Valve Status :2,1,2,1,1,1,1,1,2,1,0,2,2,1,1,1,1,2,1,1,1
2021-07-31 01:02:04pm: Sensor data :32000,900,650,300,31,120,32,1.6,9,1.9,3,1.1,1.8,170,1.3
2021-07-31 01:02:05pm: Command And Valve Status :2,1,2,1,1,1,1,1,1,1,0,2,2,1,1,1,1,1,1,1,1
2021-07-31 01:02:09pm: Sensor data :200000,900,800,500,38,160,26,1.2,7,1.5,1,0.9,1.6,150,1.1
2021-07-31 01:02:10pm: Command And Valve Status :2,1,2,1,1,1,1,1,1,1,0,2,2,1,1,1,1,1,1,1,1
2021-07-31 01:02:14pm: Sensor data :32000,700,650,300,31,120,32,1.2,7,1.5,1,0.9,1.6,150,1.1
2021-07-31 01:02:15pm: Command And Valve Status :2,1,2,1,1,1,1,1,1,1,0,2,2,1,1,1,1,1,1,1,1
2021-07-31 01:02:16pm: Reset : Started
2021-07-31 01:02:19pm: Sensor data :50000,900,800,500,38,160,26,1.7,9,1.9,3,1.1,1.8,170,1.3
2021-07-31 01:02:21pm: Command And Valve Status :2,1,2,1,1,1,1,1,1,1,0,2,2,1,1,1,1,1,1,1,1
2021-07-31 01:02:24pm: Sensor data :50000,700,650,300,31,120,32,1.7,9,1.9,3,1.1,1.8,170,1.3
2021-07-31 01:02:26pm: Command And Valve Status :2,1,2,1,1,1,1,1,1,1,0,2,2,1,1,1,1,1,1,1,1
2021-07-31 01:02:29pm: Sensor data :200000,700,650,300,31,120,32,1.7,9,1.9,3,1.1,1.8,170,1.3
2021-07-31 01:02:31pm: Command And Valve Status :2,1,2,1,1,1,1,1,1,1,0,2,2,1,1,1,1,1,1,1,1
2021-07-31 01:02:34pm: Sensor data :32000,800,700,400,35,140,34,1.2,7,1.5,1,0.9,1.6,150,1.1
2021-07-31 01:02:37pm: Command And Valve Status :2,1,2,1,1,1,1,1,1,1,0,2,2,1,1,1,1,1,1,1,1
2021-07-31 01:02:40pm: Sensor data :32000,900,800,500,38,160,26,1.7,9,1.9,3,1.1,1.8,170,1.3
2021-07-31 02:39:01pm: Initialize (Code to PLC) : Started
2021-07-31 02:39:01pm: Initialize (PLC to Code) : Started
2021-07-31 02:39:02pm: Command And Valve Status :1,2,2,2,2,2,2,2,2,2,0,2,2,2,2,2,2,2,2,2,2
2021-07-31 02:39:05pm: Start (PLC TO DB) : Started
2021-07-31 02:39:06pm: Sensor data :50000,800,700,400,35,140,34,1.7,9,1.9,3,1.1,1.8,170,1.3
2021-07-31 02:39:07pm: Command And Valve Status :2,1,2,2,2,2,2,2,2,2,0,2,2,2,2,2,2,2,2,2,2
2021-07-31 02:39:11pm: Sensor data :32000,800,700,400,35,140,34,1.2,7,1.5,1,0.9,1.6,150,1.1
2021-07-31 02:39:12pm: Command And Valve Status :2,1,2,2,2,2,2,2,2,2,0,2,2,2,2,2,2,2,2,2,1
2021-07-31 02:39:16pm: Sensor data :32000,900,800,500,38,160,26,1.7,9,1.9,3,1.1,1.8,170,1.3
2021-07-31 02:39:18pm: Command And Valve Status :2,1,2,2,2,2,2,2,2,2,0,2,2,2,2,2,2,2,2,1,1
2021-07-31 02:39:21pm: Sensor data :32000,900,800,500,38,160,26,1.7,9,1.9,3,1.1,1.8,170,1.3
2021-07-31 02:39:23pm: Command And Valve Status :2,1,2,2,2,2,2,2,2,2,0,2,2,2,2,2,1,2,2,1,1
2021-07-31 02:39:26pm: Sensor data :50000,700,650,300,31,120,32,1.7,9,1.9,3,1.1,1.8,170,1.3
2021-07-31 02:39:28pm: Command And Valve Status :2,1,2,1,1,2,2,2,2,2,0,2,2,1,2,2,1,2,1,1,1
2021-07-31 02:39:31pm: Sensor data :200000,900,800,500,38,160,26,1.7,9,1.9,3,1.1,1.8,170,1.3
2021-07-31 02:39:34pm: Command And Valve Status :2,1,2,1,1,2,2,2,2,2,0,2,2,1,2,2,1,2,1,1,1
2021-07-31 02:39:37pm: Sensor data :200000,700,650,300,31,120,32,1.6,8,1.8,2.2,1,1.7,160,1.2
2021-07-31 02:39:39pm: Command And Valve Status :2,1,2,1,1,2,2,2,2,2,0,2,2,1,2,2,1,2,1,1,1
2021-07-31 02:39:42pm: Sensor data :50000,800,700,400,35,140,34,1.2,7,1.5,1,0.9,1.6,150,1.1
2021-07-31 02:39:44pm: Command And Valve Status :2,1,2,1,1,2,2,2,2,2,0,2,2,1,2,2,1,2,1,1,1
2021-07-31 02:39:47pm: Sensor data :32000,800,700,400,35,140,34,1.7,9,1.9,3,1.1,1.8,170,1.3
2021-07-31 02:39:50pm: Command And Valve Status :2,1,2,1,1,2,2,2,2,2,0,2,2,1,2,2,1,2,1,1,1
2021-07-31 02:39:52pm: Sensor data :200000,700,650,300,31,120,32,1.6,8,1.8,2.2,1,1.7,160,1.2
2021-07-31 02:39:55pm: Command And Valve Status :2,1,2,1,1,2,2,2,2,2,0,2,2,1,2,2,1,2,1,1,1
2021-07-31 02:39:57pm: Sensor data :32000,700,650,300,31,120,32,1.6,8,1.8,2.2,1,1.7,160,1.2
2021-07-31 02:40:00pm: Command And Valve Status :2,1,2,1,1,2,2,2,2,2,0,2,2,1,2,2,1,2,1,1,1
2021-07-31 02:40:02pm: Sensor data :200000,900,800,500,38,160,26,1.7,9,1.9,3,1.1,1.8,170,1.3
2021-07-31 02:40:06pm: Command And Valve Status :2,1,2,1,1,2,2,2,2,2,0,2,2,1,2,2,1,2,1,1,1
2021-07-31 02:40:07pm: Sensor data :50000,900,650,300,31,120,32,1.7,7,1.5,1,0.9,1.6,150,1.1
2021-07-31 02:40:11pm: Command And Valve Status :2,1,2,1,1,2,2,2,2,2,0,2,2,1,2,2,1,2,1,1,1
2021-07-31 02:40:12pm: Sensor data :32000,900,800,500,38,160,26,1.7,9,1.9,3,1.1,1.8,170,1.3
2021-07-31 02:40:16pm: Command And Valve Status :2,1,2,1,1,2,2,2,2,2,0,2,2,1,2,2,1,2,1,1,1
2021-07-31 02:40:18pm: Sensor data :200000,700,650,300,31,120,32,1.7,9,1.9,3,1.1,1.8,170,1.3
2021-07-31 02:40:21pm: Command And Valve Status :2,1,2,1,1,2,2,2,2,2,0,2,2,1,2,2,1,2,1,1,1
2021-07-31 02:40:23pm: Sensor data :32000,800,700,400,35,140,34,1.6,8,1.8,2.2,1,1.7,160,1.2
2021-07-31 02:40:27pm: Command And Valve Status :2,1,2,1,1,1,2,2,2,2,0,2,2,1,2,2,1,2,1,1,1
2021-07-31 02:40:28pm: Sensor data :200000,900,800,500,38,160,26,1.7,9,1.9,3,1.1,1.8,170,1.3
2021-07-31 02:40:32pm: Command And Valve Status :2,1,2,1,1,1,1,2,2,2,0,2,2,1,1,1,1,2,1,1,1
2021-07-31 02:40:33pm: Sensor data :32000,800,700,400,35,140,34,1.6,8,1.8,2.2,1,1.7,160,1.2
2021-07-31 02:40:38pm: Command And Valve Status :2,1,2,1,1,1,1,1,2,2,0,2,2,1,1,1,1,2,1,1,1
2021-07-31 02:40:38pm: Sensor data :32000,700,650,300,31,120,32,1.6,8,1.8,2.2,1,1.7,160,1.2
2021-07-31 02:40:43pm: Command And Valve Status :2,1,2,1,1,1,1,1,2,1,0,2,2,1,1,1,1,2,1,1,1
2021-07-31 02:40:43pm: Sensor data :200000,800,700,400,35,140,34,1.2,7,1.5,1,0.9,1.6,150,1.1
2021-07-31 02:40:48pm: Sensor data :32000,900,800,500,38,160,26,1.6,8,1.8,2.2,1,1.7,160,1.2
2021-07-31 02:40:48pm: Command And Valve Status :2,1,2,1,1,1,1,1,1,1,0,2,2,1,1,1,1,1,1,1,1
2021-07-31 02:40:53pm: Sensor data :32000,900,650,300,31,120,32,1.2,8,1.8,2.2,1,1.7,160,1.2
2021-07-31 02:40:54pm: Command And Valve Status :2,1,2,1,1,1,1,1,1,1,0,2,2,1,1,1,1,1,1,1,1
2021-07-31 02:40:59pm: Sensor data :32000,800,700,400,35,140,34,1.2,7,1.5,1,0.9,1.6,150,1.1
2021-07-31 02:40:59pm: Command And Valve Status :2,1,2,1,1,1,1,1,1,1,0,2,2,1,1,1,1,1,1,1,1
2021-07-31 02:41:04pm: Sensor data :32000,700,700,400,35,140,34,1.2,8,1.8,2.2,1,1.7,160,1.2
2021-07-31 02:41:04pm: Command And Valve Status :2,1,2,1,1,1,1,1,1,1,0,2,2,1,1,1,1,1,1,1,1
2021-07-31 02:41:09pm: Sensor data :200000,800,700,400,35,140,34,1.7,9,1.9,3,1.1,1.8,170,1.3
2021-07-31 02:41:10pm: Command And Valve Status :2,1,2,1,1,1,1,1,1,1,0,2,2,1,1,1,1,1,1,1,1
2021-07-31 02:41:14pm: Sensor data :50000,900,800,500,38,160,26,1.6,8,1.8,2.2,1,1.7,160,1.2
2021-07-31 02:41:15pm: Command And Valve Status :2,1,2,1,1,1,1,1,1,1,0,2,2,1,1,1,1,1,1,1,1
2021-07-31 02:41:19pm: Sensor data :200000,800,700,400,35,140,34,1.2,7,1.5,1,0.9,1.6,150,1.1
2021-07-31 02:41:20pm: Command And Valve Status :2,1,2,1,1,1,1,1,1,1,0,2,2,1,1,1,1,1,1,1,1
2021-07-31 02:41:24pm: Sensor data :200000,700,650,300,31,120,32,1.7,9,1.9,3,1.1,1.8,170,1.3
2021-07-31 02:41:25pm: Command And Valve Status :2,1,2,1,1,1,1,1,1,1,0,2,2,1,1,1,1,1,1,1,1
2021-07-31 02:41:29pm: Sensor data :32000,800,700,400,35,140,34,1.7,9,1.9,3,1.1,1.8,170,1.3
2021-07-31 02:41:31pm: Command And Valve Status :2,1,2,1,1,1,1,1,1,1,0,2,2,1,1,1,1,1,1,1,1
2021-07-31 02:41:34pm: Sensor data :50000,700,650,300,31,120,32,1.7,9,1.9,3,1.1,1.8,170,1.3
2021-07-31 02:41:36pm: Command And Valve Status :2,1,2,1,1,1,1,1,1,1,0,2,2,1,1,1,1,1,1,1,1
2021-07-31 02:41:40pm: Sensor data :50000,900,800,500,38,160,26,1.7,9,1.9,3,1.1,1.8,170,1.3
2021-07-31 02:41:41pm: Command And Valve Status :2,1,2,1,1,1,1,1,1,1,0,2,2,1,1,1,1,1,1,1,1
2021-07-31 02:41:45pm: Sensor data :50000,700,650,300,31,120,32,1.6,8,1.8,2.2,1,1.7,160,1.2
2021-07-31 02:41:47pm: Command And Valve Status :2,1,2,1,1,1,1,1,1,1,0,2,2,1,1,1,1,1,1,1,1
2021-07-31 02:41:50pm: Sensor data :32000,800,700,400,35,140,34,1.7,9,1.9,3,1.1,1.8,170,1.3
2021-07-31 02:41:52pm: Command And Valve Status :2,1,2,1,1,1,1,1,1,1,0,2,2,1,1,1,1,1,1,1,1
2021-07-31 02:41:55pm: Sensor data :50000,900,800,500,38,160,26,1.6,8,1.8,2.2,1,1.7,160,1.2
2021-07-31 02:41:57pm: Command And Valve Status :2,1,2,1,1,1,1,1,1,1,0,2,2,1,1,1,1,1,1,1,1
2021-07-31 02:42:00pm: Sensor data :50000,800,700,400,35,140,34,1.6,8,1.8,2.2,1,1.7,160,1.2
2021-07-31 02:42:03pm: Command And Valve Status :2,1,2,1,1,1,1,1,1,1,0,2,2,1,1,1,1,1,1,1,1
2021-07-31 02:42:05pm: Sensor data :200000,800,700,400,35,140,34,1.7,9,1.9,3,1.1,1.8,170,1.3
2021-07-31 02:42:08pm: Command And Valve Status :2,1,2,1,1,1,1,1,1,1,0,2,2,1,1,1,1,1,1,1,1
2021-07-31 02:42:11pm: Sensor data :50000,900,800,500,38,160,26,1.7,9,1.9,3,1.1,1.8,170,1.3
2021-07-31 02:42:13pm: Command And Valve Status :2,1,2,1,1,1,1,1,1,1,0,2,2,1,1,1,1,1,1,1,1
2021-07-31 02:42:16pm: Sensor data :50000,700,700,400,35,140,34,1.2,8,1.8,2.2,1,1.7,160,1.2
2021-07-31 02:42:18pm: Command And Valve Status :2,1,2,1,1,1,1,1,1,1,0,2,2,1,1,1,1,1,1,1,1
2021-07-31 02:42:21pm: Sensor data :50000,900,800,500,38,160,26,1.6,8,1.8,2.2,1,1.7,160,1.2
2021-07-31 02:42:24pm: Command And Valve Status :2,1,2,1,1,1,1,1,1,1,0,2,2,1,1,1,1,1,1,1,1
2021-07-31 02:42:26pm: Sensor data :200000,700,650,300,31,120,32,1.2,7,1.5,1,0.9,1.6,150,1.1
2021-07-31 02:42:29pm: Command And Valve Status :2,1,2,1,1,1,1,1,1,1,0,2,2,1,1,1,1,1,1,1,1
2021-07-31 02:42:30pm: Initialize (Code to PLC) : Started
2021-07-31 02:42:31pm: Sensor data :50000,800,700,400,35,140,34,1.7,9,1.9,3,1.1,1.8,170,1.3
2021-07-31 02:42:34pm: Command And Valve Status :1,2,2,2,2,2,2,2,2,2,0,2,2,2,2,2,2,2,2,2,2
2021-07-31 02:42:36pm: Sensor data :32000,800,700,400,35,140,34,1.6,8,1.8,2.2,1,1.7,160,1.2
2021-07-31 02:42:40pm: Command And Valve Status :2,1,2,2,2,2,2,2,2,2,0,2,2,2,2,2,2,2,2,2,1
2021-07-31 02:42:41pm: Sensor data :200000,700,650,300,31,120,32,1.2,7,1.5,1,0.9,1.6,150,1.1
2021-07-31 02:42:41pm: Start (PLC TO DB) : Started
2021-07-31 02:42:42pm: Sensor data :32000,800,700,400,35,140,34,1.6,8,1.8,2.2,1,1.7,160,1.2
2021-07-31 02:42:45pm: Initialize (PLC to Code) : Started
2021-07-31 02:42:54pm: Initialize (Code to PLC) : Started
2021-07-31 02:42:54pm: Initialize (PLC to Code) : Started
2021-07-31 02:42:55pm: Command And Valve Status :1,2,2,2,2,2,2,2,2,2,0,2,2,2,2,2,2,2,2,2,2
2021-07-31 02:43:00pm: Start (PLC TO DB) : Started
2021-07-31 02:43:00pm: Sensor data :50000,900,800,500,38,160,26,1.2,7,1.5,1,0.9,1.6,150,1.1
2021-07-31 02:43:00pm: Command And Valve Status :1,2,2,2,2,2,2,2,2,2,0,2,2,2,2,2,2,2,2,2,2
2021-07-31 02:43:05pm: Sensor data :200000,800,700,400,35,140,34,1.2,7,1.5,1,0.9,1.6,150,1.1
2021-07-31 02:43:06pm: Command And Valve Status :2,1,2,2,2,2,2,2,2,2,0,2,2,2,2,2,2,2,2,2,1
2021-07-31 02:43:11pm: Sensor data :32000,900,800,500,38,160,26,1.7,9,1.9,3,1.1,1.8,170,1.3
2021-07-31 02:43:11pm: Command And Valve Status :2,1,2,2,2,2,2,2,2,2,0,2,2,2,2,2,2,2,2,1,1
2021-07-31 02:43:16pm: Sensor data :50000,800,700,400,35,140,34,1.7,9,1.9,3,1.1,1.8,170,1.3
2021-07-31 02:43:16pm: Command And Valve Status :2,1,2,2,2,2,2,2,2,2,0,2,2,2,2,2,1,2,2,1,1
2021-07-31 02:43:21pm: Sensor data :32000,900,800,500,38,160,26,1.6,8,1.8,2.2,1,1.7,160,1.2
2021-07-31 02:43:22pm: Command And Valve Status :2,1,2,1,1,2,2,2,2,2,0,2,2,1,2,2,1,2,1,1,1
2021-07-31 02:43:26pm: Sensor data :200000,700,650,300,31,120,32,1.2,7,1.5,1,0.9,1.6,150,1.1
2021-07-31 02:43:27pm: Command And Valve Status :2,1,2,1,1,2,2,2,2,2,0,2,2,1,2,2,1,2,1,1,1
2021-07-31 02:43:31pm: Sensor data :50000,800,700,400,35,140,34,1.7,9,1.9,3,1.1,1.8,170,1.3
2021-07-31 02:43:32pm: Command And Valve Status :2,1,2,1,1,2,2,2,2,2,0,2,2,1,2,2,1,2,1,1,1
2021-07-31 02:43:36pm: Sensor data :32000,800,700,400,35,140,34,1.7,9,1.9,3,1.1,1.8,170,1.3
2021-07-31 02:43:37pm: Command And Valve Status :2,1,2,1,1,2,2,2,2,2,0,2,2,1,2,2,1,2,1,1,1
2021-07-31 02:43:41pm: Sensor data :200000,800,700,400,35,140,34,1.2,7,1.5,1,0.9,1.6,150,1.1
2021-07-31 02:43:43pm: Command And Valve Status :2,1,2,1,1,2,2,2,2,2,0,2,2,1,2,2,1,2,1,1,1
2021-07-31 02:43:46pm: Sensor data :32000,900,800,500,38,160,26,1.7,9,1.9,3,1.1,1.8,170,1.3
2021-07-31 02:43:48pm: Command And Valve Status :2,1,2,1,1,2,2,2,2,2,0,2,2,1,2,2,1,2,1,1,1
2021-07-31 02:43:52pm: Sensor data :50000,900,800,500,38,160,26,1.2,7,1.5,1,0.9,1.6,150,1.1
2021-07-31 02:43:53pm: Command And Valve Status :2,1,2,1,1,2,2,2,2,2,0,2,2,1,2,2,1,2,1,1,1
2021-07-31 02:43:57pm: Sensor data :50000,700,650,300,31,120,32,1.7,9,1.9,3,1.1,1.8,170,1.3
2021-07-31 02:43:59pm: Command And Valve Status :2,1,2,1,1,2,2,2,2,2,0,2,2,1,2,2,1,2,1,1,1
2021-07-31 02:44:02pm: Sensor data :50000,800,800,500,38,160,26,1.2,8,1.8,2.2,1,1.7,160,1.2
2021-07-31 02:44:04pm: Command And Valve Status :2,1,2,1,1,2,2,2,2,2,0,2,2,1,2,2,1,2,1,1,1
2021-07-31 02:44:07pm: Sensor data :200000,900,800,500,38,160,26,1.7,9,1.9,3,1.1,1.8,170,1.3
2021-07-31 02:44:09pm: Command And Valve Status :2,1,2,1,1,2,2,2,2,2,0,2,2,1,2,2,1,2,1,1,1
2021-07-31 02:44:12pm: Sensor data :50000,700,700,400,35,140,34,1.7,7,1.5,1,0.9,1.6,150,1.1
2021-07-31 02:44:15pm: Command And Valve Status :2,1,2,1,1,2,2,2,2,2,0,2,2,1,2,2,1,2,1,1,1
2021-07-31 02:44:17pm: Sensor data :50000,800,700,400,35,140,34,1.7,9,1.9,3,1.1,1.8,170,1.3
2021-07-31 02:44:20pm: Command And Valve Status :2,1,2,1,1,2,2,2,2,2,0,2,2,1,2,2,1,2,1,1,1
2021-07-31 02:44:22pm: Sensor data :32000,900,800,500,38,160,26,1.6,8,1.8,2.2,1,1.7,160,1.2
2021-07-31 02:44:26pm: Command And Valve Status :2,1,2,1,1,1,1,2,2,2,0,2,2,1,1,1,1,2,1,1,1
2021-07-31 02:44:28pm: Sensor data :200000,800,700,400,35,140,34,1.2,7,1.5,1,0.9,1.6,150,1.1
2021-07-31 02:44:31pm: Command And Valve Status :2,1,2,1,1,1,1,1,2,2,0,2,2,1,1,1,1,2,1,1,1
2021-07-31 02:44:33pm: Sensor data :50000,800,700,400,35,140,34,1.2,7,1.5,1,0.9,1.6,150,1.1
2021-07-31 02:44:36pm: Command And Valve Status :2,1,2,1,1,1,1,1,2,1,0,2,2,1,1,1,1,2,1,1,1
2021-07-31 02:44:38pm: Sensor data :50000,900,800,500,38,160,26,1.6,8,1.8,2.2,1,1.7,160,1.2
2021-07-31 02:44:42pm: Command And Valve Status :2,1,2,1,1,1,1,1,1,1,0,2,2,1,1,1,1,1,1,1,1
2021-07-31 02:44:43pm: Sensor data :50000,700,650,300,31,120,32,1.7,9,1.9,3,1.1,1.8,170,1.3
2021-07-31 02:44:47pm: Command And Valve Status :2,1,2,1,1,1,1,1,1,1,0,2,2,1,1,1,1,1,1,1,1
2021-07-31 02:44:48pm: Sensor data :200000,700,650,300,31,120,32,1.2,7,1.5,1,0.9,1.6,150,1.1
2021-07-31 02:44:52pm: Command And Valve Status :2,1,2,1,1,1,1,1,1,1,0,2,2,1,1,1,1,1,1,1,1
2021-07-31 02:44:53pm: Sensor data :32000,900,800,500,38,160,26,1.6,8,1.8,2.2,1,1.7,160,1.2
2021-07-31 02:44:58pm: Command And Valve Status :2,1,2,1,1,1,1,1,1,1,0,2,2,1,1,1,1,1,1,1,1
2021-07-31 02:44:58pm: Sensor data :200000,900,800,500,38,160,26,1.7,9,1.9,3,1.1,1.8,170,1.3
2021-07-31 02:45:03pm: Command And Valve Status :2,1,2,1,1,1,1,1,1,1,0,2,2,1,1,1,1,1,1,1,1
2021-07-31 02:45:04pm: Sensor data :32000,800,700,400,35,140,34,1.2,7,1.5,1,0.9,1.6,150,1.1
2021-07-31 02:45:08pm: Command And Valve Status :2,1,2,1,1,1,1,1,1,1,0,2,2,1,1,1,1,1,1,1,1
2021-07-31 02:45:09pm: Sensor data :200000,900,800,500,38,160,26,1.6,8,1.8,2.2,1,1.7,160,1.2
2021-07-31 02:45:13pm: Command And Valve Status :2,1,2,1,1,1,1,1,1,1,0,2,2,1,1,1,1,1,1,1,1
2021-07-31 02:45:14pm: Sensor data :200000,900,800,500,38,160,26,1.2,7,1.5,1,0.9,1.6,150,1.1
2021-07-31 02:45:19pm: Command And Valve Status :2,1,2,1,1,1,1,1,1,1,0,2,2,1,1,1,1,1,1,1,1
2021-07-31 02:45:19pm: Sensor data :200000,800,700,400,35,140,34,1.2,7,1.5,1,0.9,1.6,150,1.1
2021-07-31 02:45:24pm: Command And Valve Status :2,1,2,1,1,1,1,1,1,1,0,2,2,1,1,1,1,1,1,1,1
2021-07-31 02:45:24pm: Sensor data :200000,700,650,300,31,120,32,1.6,8,1.8,2.2,1,1.7,160,1.2
2021-07-31 02:45:29pm: Sensor data :32000,800,700,400,35,140,34,1.7,9,1.9,3,1.1,1.8,170,1.3
2021-07-31 02:45:29pm: Command And Valve Status :2,1,2,1,1,1,1,1,1,1,0,2,2,1,1,1,1,1,1,1,1
2021-07-31 02:45:34pm: Sensor data :32000,900,800,500,38,160,26,1.6,8,1.8,2.2,1,1.7,160,1.2
2021-07-31 02:45:35pm: Command And Valve Status :2,1,2,1,1,1,1,1,1,1,0,2,2,1,1,1,1,1,1,1,1
2021-07-31 02:45:40pm: Sensor data :200000,800,700,400,35,140,34,1.2,7,1.5,1,0.9,1.6,150,1.1
2021-07-31 02:45:40pm: Command And Valve Status :2,1,2,1,1,1,1,1,1,1,0,2,2,1,1,1,1,1,1,1,1
2021-07-31 02:45:45pm: Sensor data :50000,900,800,500,38,160,26,1.6,8,1.8,2.2,1,1.7,160,1.2
2021-07-31 02:45:45pm: Command And Valve Status :2,1,2,1,1,1,1,1,1,1,0,2,2,1,1,1,1,1,1,1,1
2021-07-31 02:45:50pm: Sensor data :50000,800,700,400,35,140,34,1.7,9,1.9,3,1.1,1.8,170,1.3
2021-07-31 02:45:51pm: Command And Valve Status :2,1,2,1,1,1,1,1,1,1,0,2,2,1,1,1,1,1,1,1,1
2021-07-31 02:45:55pm: Sensor data :50000,800,700,400,35,140,34,1.6,8,1.8,2.2,1,1.7,160,1.2
2021-07-31 02:45:56pm: Command And Valve Status :2,1,2,1,1,1,1,1,1,1,0,2,2,1,1,1,1,1,1,1,1
2021-07-31 02:46:00pm: Sensor data :50000,700,650,300,31,120,32,1.7,9,1.9,3,1.1,1.8,170,1.3
2021-07-31 02:46:01pm: Command And Valve Status :2,1,2,1,1,1,1,1,1,1,0,2,2,1,1,1,1,1,1,1,1
2021-07-31 02:46:05pm: Sensor data :32000,700,700,400,35,140,34,1.7,7,1.5,1,0.9,1.6,150,1.1
2021-07-31 02:46:06pm: Command And Valve Status :2,1,2,1,1,1,1,1,1,1,0,2,2,1,1,1,1,1,1,1,1
2021-07-31 02:46:11pm: Sensor data :200000,700,650,300,31,120,32,1.2,7,1.5,1,0.9,1.6,150,1.1
2021-07-31 02:46:12pm: Command And Valve Status :2,1,2,1,1,1,1,1,1,1,0,2,2,1,1,1,1,1,1,1,1
2021-07-31 02:46:16pm: Sensor data :200000,900,800,500,38,160,26,1.6,8,1.8,2.2,1,1.7,160,1.2
2021-07-31 02:46:17pm: Command And Valve Status :2,1,2,1,1,1,1,1,1,1,0,2,2,1,1,1,1,1,1,1,1
2021-07-31 02:46:21pm: Sensor data :50000,700,650,300,31,120,32,1.6,8,1.8,2.2,1,1.7,160,1.2
2021-07-31 02:46:22pm: Command And Valve Status :2,1,2,1,1,1,1,1,1,1,0,2,2,1,1,1,1,1,1,1,1
2021-07-31 02:46:26pm: Sensor data :50000,900,800,500,38,160,26,1.2,7,1.5,1,0.9,1.6,150,1.1
2021-07-31 02:46:28pm: Command And Valve Status :2,1,2,1,1,1,1,1,1,1,0,2,2,1,1,1,1,1,1,1,1
2021-07-31 02:46:31pm: Sensor data :32000,800,700,400,35,140,34,1.6,8,1.8,2.2,1,1.7,160,1.2
2021-07-31 02:46:33pm: Command And Valve Status :2,1,2,1,1,1,1,1,1,1,0,2,2,1,1,1,1,1,1,1,1
2021-07-31 02:46:36pm: Sensor data :200000,700,650,300,31,120,32,1.2,7,1.5,1,0.9,1.6,150,1.1
2021-07-31 02:46:38pm: Command And Valve Status :2,1,2,1,1,1,1,1,1,1,0,2,2,1,1,1,1,1,1,1,1
2021-07-31 02:46:42pm: Sensor data :200000,700,650,300,31,120,32,1.7,9,1.9,3,1.1,1.8,170,1.3
2021-07-31 02:46:44pm: Command And Valve Status :2,1,2,1,1,1,1,1,1,1,0,2,2,1,1,1,1,1,1,1,1
2021-07-31 02:46:47pm: Sensor data :32000,900,800,500,38,160,26,1.6,8,1.8,2.2,1,1.7,160,1.2
2021-07-31 02:46:49pm: Command And Valve Status :2,1,2,1,1,1,1,1,1,1,0,2,2,1,1,1,1,1,1,1,1
2021-07-31 02:46:50pm: Reset : Started
2021-07-31 02:46:52pm: Sensor data :200000,900,650,300,31,120,32,1.6,9,1.9,3,1.1,1.8,170,1.3
2021-07-31 02:46:54pm: Command And Valve Status :2,1,2,1,1,1,1,1,1,1,0,2,2,1,1,1,1,1,1,1,1
2021-07-31 02:46:56pm: Reset : Started
2021-07-31 02:46:57pm: Sensor data :50000,800,700,400,35,140,34,1.7,9,1.9,3,1.1,1.8,170,1.3
2021-07-31 02:46:59pm: Command And Valve Status :2,1,2,1,1,1,1,1,1,1,0,2,2,1,1,1,1,1,1,1,1
2021-07-31 02:47:02pm: Sensor data :32000,700,650,300,31,120,32,1.6,8,1.8,2.2,1,1.7,160,1.2
2021-07-31 02:47:05pm: Command And Valve Status :2,1,2,1,1,1,1,1,1,1,0,2,2,1,1,1,1,1,1,1,1
2021-07-31 02:47:07pm: Sensor data :200000,900,800,500,38,160,26,1.6,8,1.8,2.2,1,1.7,160,1.2
2021-07-31 02:47:10pm: Command And Valve Status :2,1,2,1,1,1,1,1,1,1,0,2,2,1,1,1,1,1,1,1,1
2021-07-31 02:47:12pm: Sensor data :32000,700,650,300,31,120,32,1.7,9,1.9,3,1.1,1.8,170,1.3
2021-07-31 02:47:17pm: Sensor data :32000,800,700,400,35,140,34,1.7,9,1.9,3,1.1,1.8,170,1.3
2021-07-31 03:16:21pm: Initialize (Code to PLC) : Started
2021-07-31 03:16:21pm: Initialize (PLC to Code) : Started
2021-07-31 03:16:22pm: Command And Valve Status :1,2,2,2,2,2,2,2,2,2,0,2,2,2,2,2,2,2,2,2,2
2021-07-31 03:16:24pm: Start (PLC TO DB) : Started
2021-07-31 03:16:25pm: Sensor data :200000,800,700,400,35,140,34,1.2,7,1.5,1,0.9,1.6,150,1.1
2021-07-31 03:16:27pm: Command And Valve Status :2,1,2,2,2,2,2,2,2,2,0,2,2,2,2,2,2,2,2,2,2
2021-07-31 03:16:30pm: Sensor data :200000,800,700,400,35,140,34,1.2,7,1.5,1,0.9,1.6,150,1.1
2021-07-31 03:16:32pm: Command And Valve Status :2,1,2,2,2,2,2,2,2,2,0,2,2,2,2,2,2,2,2,2,1
2021-07-31 03:16:35pm: Sensor data :32000,900,800,500,38,160,26,1.6,8,1.8,2.2,1,1.7,160,1.2
2021-07-31 03:16:38pm: Command And Valve Status :2,1,2,2,2,2,2,2,2,2,0,2,2,2,2,2,2,2,2,1,1
2021-07-31 03:16:40pm: Sensor data :50000,900,800,500,38,160,26,1.6,8,1.8,2.2,1,1.7,160,1.2
2021-07-31 03:16:43pm: Command And Valve Status :2,1,2,2,2,2,2,2,2,2,0,2,2,2,2,2,1,2,2,1,1
2021-07-31 03:16:45pm: Sensor data :32000,700,650,300,31,120,32,1.7,9,1.9,3,1.1,1.8,170,1.3
2021-07-31 03:16:48pm: Command And Valve Status :2,1,2,1,1,2,2,2,2,2,0,2,2,1,2,2,1,2,1,1,1
2021-07-31 03:16:50pm: Sensor data :32000,800,700,400,35,140,34,1.6,8,1.8,2.2,1,1.7,160,1.2
2021-07-31 03:16:54pm: Command And Valve Status :2,1,2,1,1,2,2,2,2,2,0,2,2,1,2,2,1,2,1,1,1
2021-07-31 03:16:55pm: Sensor data :200000,900,800,500,38,160,26,1.2,7,1.5,1,0.9,1.6,150,1.1
2021-07-31 03:16:59pm: Command And Valve Status :2,1,2,1,1,2,2,2,2,2,0,2,2,1,2,2,1,2,1,1,1
2021-07-31 03:17:01pm: Sensor data :200000,700,650,300,31,120,32,1.6,8,1.8,2.2,1,1.7,160,1.2
2021-07-31 03:17:04pm: Command And Valve Status :2,1,2,1,1,2,2,2,2,2,0,2,2,1,2,2,1,2,1,1,1
2021-07-31 03:17:06pm: Sensor data :50000,800,700,400,35,140,34,1.2,7,1.5,1,0.9,1.6,150,1.1
2021-07-31 03:17:09pm: Command And Valve Status :2,1,2,1,1,2,2,2,2,2,0,2,2,1,2,2,1,2,1,1,1
2021-07-31 03:17:11pm: Sensor data :200000,700,650,300,31,120,32,1.6,8,1.8,2.2,1,1.7,160,1.2
2021-07-31 03:17:15pm: Command And Valve Status :2,1,2,1,1,2,2,2,2,2,0,2,2,1,2,2,1,2,1,1,1
2021-07-31 03:17:16pm: Sensor data :50000,700,650,300,31,120,32,1.7,9,1.9,3,1.1,1.8,170,1.3
2021-07-31 03:17:20pm: Command And Valve Status :2,1,2,1,1,2,2,2,2,2,0,2,2,1,2,2,1,2,1,1,1
2021-07-31 03:17:21pm: Sensor data :32000,900,800,500,38,160,26,1.6,8,1.8,2.2,1,1.7,160,1.2
2021-07-31 03:17:25pm: Command And Valve Status :2,1,2,1,1,2,2,2,2,2,0,2,2,1,2,2,1,2,1,1,1
2021-07-31 03:17:26pm: Sensor data :50000,700,650,300,31,120,32,1.7,9,1.9,3,1.1,1.8,170,1.3
2021-07-31 03:17:31pm: Command And Valve Status :2,1,2,1,1,2,2,2,2,2,0,2,2,1,2,2,1,2,1,1,1
2021-07-31 03:17:32pm: Sensor data :32000,800,700,400,35,140,34,1.2,7,1.5,1,0.9,1.6,150,1.1
2021-07-31 03:17:36pm: Command And Valve Status :2,1,2,1,1,2,2,2,2,2,0,2,2,1,2,2,1,2,1,1,1
2021-07-31 03:17:37pm: Sensor data :32000,700,650,300,31,120,32,1.7,9,1.9,3,1.1,1.8,170,1.3
