2021-11-18 06:15:19am: Graph : Unknown column 'T1' in 'field list'
2021-11-18 06:15:24am: Graph : Unknown column 'T1' in 'field list'
2021-11-18 06:15:29am: Graph : Unknown column 'T1' in 'field list'
2021-11-18 06:15:34am: Graph : Unknown column 'T1' in 'field list'
2021-11-18 06:15:39am: Graph : Unknown column 'T1' in 'field list'
2021-11-18 06:15:44am: Graph : Unknown column 'T1' in 'field list'
2021-11-18 06:15:49am: Graph : Unknown column 'T1' in 'field list'
2021-11-18 06:15:54am: Graph : Unknown column 'T1' in 'field list'
2021-11-18 06:16:00am: Graph : Unknown column 'T1' in 'field list'
2021-11-18 11:46:01am: Start (PLC TO DB) : Started
2021-11-18 11:46:01am: Initialize (PLC to Code) : Started
2021-11-18 06:16:05am: Graph : Unknown column 'T1' in 'field list'
2021-11-18 06:16:10am: Graph : Unknown column 'T1' in 'field list'
2021-11-18 06:16:15am: Graph : Unknown column 'T1' in 'field list'
2021-11-18 06:16:19am: Graph : Unknown column 'T1' in 'field list'
2021-11-18 06:16:25am: Graph : Unknown column 'T1' in 'field list'
2021-11-18 06:16:31am: Graph : Unknown column 'T1' in 'field list'
2021-11-18 06:16:35am: Graph : Unknown column 'T1' in 'field list'
2021-11-18 06:16:42am: Graph : Unknown column 'T1' in 'field list'
2021-11-18 06:17:23am: Graph : Unknown column 'T1' in 'field list'
2021-11-18 06:17:26am: Graph : Unknown column 'T1' in 'field list'
2021-11-18 06:17:30am: Graph : Unknown column 'T1' in 'field list'
2021-11-18 06:17:35am: Graph : Unknown column 'T1' in 'field list'
2021-11-18 06:17:40am: Graph : Unknown column 'T1' in 'field list'
2021-11-18 06:17:44am: Graph : Unknown column 'T1' in 'field list'
2021-11-18 06:17:49am: Graph : Unknown column 'T1' in 'field list'
2021-11-18 06:17:54am: Graph : Unknown column 'T1' in 'field list'
2021-11-18 06:17:59am: Graph : Unknown column 'T1' in 'field list'
2021-11-18 06:18:04am: Graph : Unknown column 'T1' in 'field list'
2021-11-18 06:18:09am: Graph : Unknown column 'T1' in 'field list'
2021-11-18 06:18:14am: Graph : Unknown column 'T1' in 'field list'
2021-11-18 06:18:19am: Graph : Unknown column 'T1' in 'field list'
2021-11-18 06:18:24am: Graph : Unknown column 'T1' in 'field list'
2021-11-18 06:18:29am: Graph : Unknown column 'T1' in 'field list'
2021-11-18 06:18:34am: Graph : Unknown column 'T1' in 'field list'
2021-11-18 06:18:39am: Graph : Unknown column 'T1' in 'field list'
2021-11-18 06:18:44am: Graph : Unknown column 'T1' in 'field list'
2021-11-18 06:18:49am: Graph : Unknown column 'T1' in 'field list'
2021-11-18 06:18:54am: Graph : Unknown column 'T1' in 'field list'
2021-11-18 06:19:00am: Graph : Unknown column 'T1' in 'field list'
2021-11-18 06:19:04am: Graph : Unknown column 'T1' in 'field list'
2021-11-18 06:19:09am: Graph : Unknown column 'T1' in 'field list'
2021-11-18 06:19:14am: Graph : Unknown column 'T1' in 'field list'
2021-11-18 06:19:19am: Graph : Unknown column 'T1' in 'field list'
2021-11-18 06:19:24am: Graph : Unknown column 'T1' in 'field list'
2021-11-18 06:19:29am: Graph : Unknown column 'T1' in 'field list'
2021-11-18 06:19:34am: Graph : Unknown column 'T1' in 'field list'
2021-11-18 06:19:39am: Graph : Unknown column 'T1' in 'field list'
2021-11-18 06:19:44am: Graph : Unknown column 'T1' in 'field list'
2021-11-18 06:19:49am: Graph : Unknown column 'T1' in 'field list'
2021-11-18 06:19:54am: Graph : Unknown column 'T1' in 'field list'
2021-11-18 06:19:59am: Graph : Unknown column 'T1' in 'field list'
2021-11-18 06:20:04am: Graph : Unknown column 'T1' in 'field list'
2021-11-18 06:20:09am: Graph : Unknown column 'T1' in 'field list'
2021-11-18 06:20:14am: Graph : Unknown column 'T1' in 'field list'
2021-11-18 06:20:20am: Graph : Unknown column 'T1' in 'field list'
2021-11-18 06:20:25am: Graph : Unknown column 'T1' in 'field list'
2021-11-18 06:20:30am: Graph : Unknown column 'T1' in 'field list'
2021-11-18 06:20:34am: Graph : Unknown column 'T1' in 'field list'
2021-11-18 06:20:40am: Graph : Unknown column 'T1' in 'field list'
2021-11-18 06:20:45am: Graph : Unknown column 'T1' in 'field list'
2021-11-18 06:20:50am: Graph : Unknown column 'T1' in 'field list'
2021-11-18 06:20:55am: Graph : Unknown column 'T1' in 'field list'
2021-11-18 06:20:59am: Graph : Unknown column 'T1' in 'field list'
2021-11-18 06:21:05am: Graph : Unknown column 'T1' in 'field list'
2021-11-18 06:21:10am: Graph : Unknown column 'T1' in 'field list'
2021-11-18 06:21:15am: Graph : Unknown column 'T1' in 'field list'
2021-11-18 06:21:19am: Graph : Unknown column 'T1' in 'field list'
2021-11-18 06:21:25am: Graph : Unknown column 'T1' in 'field list'
2021-11-18 06:21:30am: Graph : Unknown column 'T1' in 'field list'
2021-11-18 06:21:35am: Graph : Unknown column 'T1' in 'field list'
2021-11-18 06:21:39am: Graph : Unknown column 'T1' in 'field list'
2021-11-18 06:21:45am: Graph : Unknown column 'T1' in 'field list'
2021-11-18 06:21:49am: Graph : Unknown column 'T1' in 'field list'
2021-11-18 06:21:55am: Graph : Unknown column 'T1' in 'field list'
2021-11-18 06:22:00am: Graph : Unknown column 'T1' in 'field list'
2021-11-18 06:22:05am: Graph : Unknown column 'T1' in 'field list'
2021-11-18 06:22:10am: Graph : Unknown column 'T1' in 'field list'
2021-11-18 12:15:08pm: Initialize (PLC to Code) : Started
2021-11-18 12:15:37pm: Initialize (PLC to Code) : Started
2021-11-18 12:15:37pm: Start (PLC TO DB) : Started
2021-11-18 12:16:54pm: Initialize (PLC to Code) : Started
2021-11-18 12:16:54pm: Start (PLC TO DB) : Started
2021-11-18 12:19:09pm: Initialize (Code to PLC) : Started
2021-11-18 12:19:10pm: Initialize (PLC to Code) : Started
2021-11-18 12:19:10pm: Start (PLC TO DB) : Started
2021-11-18 12:19:10pm: Sensor data :32000,800,700,400,35,140,34,1.7,9,1.9,3,1.1,1.8,170,1.3
2021-11-18 12:19:10pm: Command And Valve Status :1,2,2,2,2,2,2,2,2,2,0,2,2,2,2,2,2,2,2,2,2
2021-11-18 12:19:11pm: Command And Valve Status :1,2,2,2,2,2,2,2,2,2,0,2,2,2,2,2,2,2,2,2,2
2021-11-18 12:19:13pm: Command And Valve Status :1,2,2,2,2,2,2,2,2,2,0,2,2,2,2,2,2,2,2,2,2
2021-11-18 12:19:14pm: Command And Valve Status :1,2,2,2,2,2,2,2,2,2,0,2,2,2,2,2,2,2,2,2,2
2021-11-18 12:19:15pm: Sensor data :200000,900,800,500,38,160,26,1.2,7,1.5,1,0.9,1.6,150,1.1
2021-11-18 12:19:16pm: Command And Valve Status :1,2,2,2,2,2,2,2,2,2,0,2,2,2,2,2,2,2,2,2,2
2021-11-18 12:19:17pm: Command And Valve Status :1,2,2,2,2,2,2,2,2,2,0,2,2,2,2,2,2,2,2,2,2
2021-11-18 12:19:18pm: Command And Valve Status :1,2,2,2,2,2,2,2,2,2,0,2,2,2,2,2,2,2,2,2,2
2021-11-18 12:19:20pm: Command And Valve Status :1,2,2,2,2,2,2,2,2,2,0,2,2,2,2,2,2,2,2,2,2
2021-11-18 12:19:20pm: Sensor data :50000,800,700,400,35,140,34,1.7,9,1.9,3,1.1,1.8,170,1.3
2021-11-18 12:19:21pm: Command And Valve Status :1,2,2,2,2,2,2,2,2,2,0,2,2,2,2,2,2,2,2,2,2
2021-11-18 12:19:22pm: Command And Valve Status :1,2,2,2,2,2,2,2,2,2,0,2,2,2,2,2,2,2,2,2,2
2021-11-18 12:19:24pm: Command And Valve Status :1,2,2,2,2,2,2,2,2,2,0,2,2,2,2,2,2,2,2,2,2
2021-11-18 12:19:25pm: Sensor data :32000,900,650,300,31,120,32,1.2,8,1.8,2.2,1,1.7,160,1.2
2021-11-18 12:19:25pm: Command And Valve Status :1,2,2,1,2,2,2,2,2,2,0,1,0,0,0,0,0,0,0,0,0
2021-11-18 12:19:27pm: Command And Valve Status :2,1,2,1,2,2,2,2,2,2,0,0,0,0,0,0,0,0,0,0,0
2021-11-18 12:19:28pm: Command And Valve Status :2,1,2,1,2,2,2,2,2,2,0,0,1,0,0,0,0,0,0,0,0
2021-11-18 12:19:30pm: Command And Valve Status :2,1,2,1,2,2,2,2,2,2,0,0,1,0,0,0,0,0,0,0,0
2021-11-18 12:19:30pm: Sensor data :32000,700,650,300,31,120,32,1.6,8,1.8,2.2,1,1.7,160,1.2
2021-11-18 12:19:31pm: Command And Valve Status :2,1,2,1,2,2,2,2,2,2,0,0,0,0,0,0,1,0,0,0,0
2021-11-18 12:19:32pm: Command And Valve Status :2,1,2,1,2,2,2,2,2,2,0,0,1,0,0,0,0,0,0,0,0
2021-11-18 12:19:34pm: Command And Valve Status :2,1,2,1,2,2,2,2,2,2,0,0,0,0,0,0,0,0,0,0,1
2021-11-18 12:19:35pm: Command And Valve Status :2,1,2,1,2,2,2,2,2,2,0,0,0,0,0,0,0,1,1,0,0
2021-11-18 12:19:35pm: Sensor data :32000,800,700,400,35,140,34,1.6,8,1.8,2.2,1,1.7,160,1.2
2021-11-18 12:19:37pm: Command And Valve Status :2,1,2,1,1,2,2,2,2,2,0,0,0,1,0,0,0,0,0,0,0
2021-11-18 12:19:38pm: Command And Valve Status :2,1,2,1,1,2,2,2,2,2,0,0,0,0,0,0,0,0,0,0,1
2021-11-18 12:19:39pm: Command And Valve Status :2,1,2,1,1,2,2,2,2,2,0,0,0,0,0,0,0,0,0,1,0
2021-11-18 12:19:40pm: Sensor data :50000,900,650,300,31,120,32,1.6,9,1.9,3,1.1,1.8,170,1.3
2021-11-18 12:19:41pm: Command And Valve Status :2,1,2,1,1,2,2,2,2,2,0,0,0,0,0,0,0,0,0,1,1
2021-11-18 12:19:42pm: Command And Valve Status :2,1,2,1,1,2,2,2,2,2,0,0,0,0,0,0,0,0,0,1,0
2021-11-18 12:19:44pm: Command And Valve Status :2,1,2,1,1,2,2,2,2,2,0,0,0,0,0,0,0,0,1,0,0
2021-11-18 12:19:45pm: Command And Valve Status :2,1,2,1,1,2,2,2,2,2,0,0,0,0,0,0,0,0,0,0,0
2021-11-18 12:19:46pm: Sensor data :50000,900,800,500,38,160,26,1.6,8,1.8,2.2,1,1.7,160,1.2
2021-11-18 12:19:46pm: Command And Valve Status :2,1,2,1,1,1,2,2,2,2,0,0,0,0,0,0,0,0,0,0,1
2021-11-18 12:19:48pm: Command And Valve Status :2,1,2,1,1,1,2,2,2,2,0,0,0,0,0,0,0,1,0,0,0
2021-11-18 12:19:51pm: Sensor data :200000,900,800,500,38,160,26,1.7,9,1.9,3,1.1,1.8,170,1.3
2021-11-18 12:19:58pm: Initialize (Code to PLC) : Started
2021-11-18 12:19:58pm: Start (PLC TO DB) : Started
2021-11-18 12:19:58pm: Initialize (PLC to Code) : Started
2021-11-18 12:19:58pm: Sensor data :200000,900,800,500,38,160,26,1.6,8,1.8,2.2,1,1.7,160,1.2
2021-11-18 12:19:59pm: Command And Valve Status :1,2,2,2,2,2,2,2,2,2,0,2,2,2,2,2,2,2,2,2,2
2021-11-18 12:20:00pm: Command And Valve Status :1,2,2,2,2,2,2,2,2,2,0,2,2,2,2,2,2,2,2,2,2
2021-11-18 12:20:02pm: Command And Valve Status :1,2,2,2,2,2,2,2,2,2,0,2,2,2,2,2,2,2,2,2,2
2021-11-18 12:20:03pm: Command And Valve Status :1,2,2,2,2,2,2,2,2,2,0,2,2,2,2,2,2,2,2,2,2
2021-11-18 12:20:04pm: Sensor data :50000,800,700,400,35,140,34,1.2,7,1.5,1,0.9,1.6,150,1.1
2021-11-18 12:20:04pm: Command And Valve Status :1,2,2,2,2,2,2,2,2,2,0,2,2,2,2,2,2,2,2,2,2
2021-11-18 12:20:06pm: Command And Valve Status :1,2,2,2,2,2,2,2,2,2,0,2,2,2,2,2,2,2,2,2,2
2021-11-18 12:20:07pm: Command And Valve Status :1,2,2,2,2,2,2,2,2,2,0,2,2,2,2,2,2,2,2,2,2
2021-11-18 12:20:09pm: Command And Valve Status :1,2,2,2,2,2,2,2,2,2,0,2,2,2,2,2,0,0,0,0,0
2021-11-18 12:20:09pm: Sensor data :200000,700,650,300,31,120,32,1.6,8,1.8,2.2,1,1.7,160,1.2
2021-11-18 12:20:10pm: Command And Valve Status :2,1,2,1,2,2,2,2,2,2,0,1,0,0,0,0,0,0,0,0,0
2021-11-18 12:20:12pm: Command And Valve Status :2,1,2,1,2,2,2,2,2,2,0,0,0,0,0,0,0,0,0,0,1
2021-11-18 12:20:13pm: Command And Valve Status :2,1,2,1,2,2,2,2,2,2,0,0,0,0,0,0,0,0,0,0,0
2021-11-18 12:20:14pm: Sensor data :50000,800,700,400,35,140,34,1.2,7,1.5,1,0.9,1.6,150,1.1
2021-11-18 12:20:14pm: Command And Valve Status :2,1,2,1,2,2,2,2,2,2,0,0,0,0,0,0,0,0,0,0,1
2021-11-18 12:20:16pm: Command And Valve Status :2,1,2,1,2,2,2,2,2,2,0,0,0,0,0,0,0,0,0,1,0
2021-11-18 12:20:17pm: Command And Valve Status :2,1,2,1,2,2,2,2,2,2,0,1,0,0,0,0,0,0,0,0,0
2021-11-18 12:20:18pm: Command And Valve Status :2,1,2,1,2,2,2,2,2,2,0,0,0,0,0,0,0,0,0,0,0
2021-11-18 12:20:19pm: Sensor data :32000,900,800,500,38,160,26,1.6,8,1.8,2.2,1,1.7,160,1.2
2021-11-18 12:20:20pm: Command And Valve Status :2,1,2,1,1,2,2,2,2,2,0,0,0,0,1,0,0,0,0,0,0
2021-11-18 12:20:21pm: Command And Valve Status :2,1,2,1,1,2,2,2,2,2,0,0,1,0,0,0,0,0,0,0,0
2021-11-18 12:20:23pm: Command And Valve Status :2,1,2,1,1,2,2,2,2,2,0,0,0,0,0,0,0,0,0,0,0
2021-11-18 12:20:24pm: Command And Valve Status :2,1,2,1,1,2,2,2,2,2,0,0,0,0,1,0,0,0,0,0,0
2021-11-18 12:20:24pm: Sensor data :50000,900,800,500,38,160,26,1.2,7,1.5,1,0.9,1.6,150,1.1
2021-11-18 12:20:25pm: Command And Valve Status :2,1,2,1,1,2,2,2,2,2,0,0,0,1,0,0,0,0,0,0,0
2021-11-18 12:20:27pm: Command And Valve Status :2,1,2,1,1,2,2,2,2,2,0,0,0,0,1,0,0,0,0,0,0
2021-11-18 12:20:28pm: Command And Valve Status :2,1,2,1,1,2,2,2,2,2,0,0,0,1,0,0,0,0,0,0,0
2021-11-18 12:20:29pm: Sensor data :200000,900,800,500,38,160,26,1.2,7,1.5,1,0.9,1.6,150,1.1
2021-11-18 12:20:30pm: Command And Valve Status :2,1,2,1,1,1,2,2,2,2,0,1,0,0,0,0,0,0,0,0,0
2021-11-18 12:20:31pm: Command And Valve Status :2,1,2,1,1,1,2,2,2,2,0,0,0,0,0,0,0,0,1,1,0
2021-11-18 12:20:33pm: Command And Valve Status :2,1,2,1,1,1,2,2,2,2,0,0,0,0,0,1,1,0,0,0,0
2021-11-18 12:20:34pm: Command And Valve Status :2,1,2,1,1,1,2,2,2,2,0,0,0,0,0,0,0,0,0,1,0
2021-11-18 12:20:34pm: Sensor data :32000,800,700,400,35,140,34,1.6,8,1.8,2.2,1,1.7,160,1.2
2021-11-18 12:20:35pm: Command And Valve Status :2,1,2,1,1,1,2,2,2,2,0,0,0,0,0,0,0,0,0,1,0
2021-11-18 12:20:37pm: Command And Valve Status :2,1,2,1,1,1,2,2,2,2,0,0,0,0,0,0,0,0,0,0,1
2021-11-18 12:20:38pm: Command And Valve Status :2,1,2,1,1,1,2,2,2,2,0,0,0,0,0,0,0,0,0,1,0
2021-11-18 12:20:40pm: Sensor data :50000,800,700,400,35,140,34,1.6,8,1.8,2.2,1,1.7,160,1.2
2021-11-18 12:20:40pm: Command And Valve Status :2,1,2,1,1,1,1,2,2,2,0,0,0,0,0,0,0,0,1,0,0
2021-11-18 12:20:41pm: Command And Valve Status :2,1,2,1,1,1,1,2,2,2,0,1,0,0,0,0,0,0,0,0,0
2021-11-18 12:20:42pm: Command And Valve Status :2,1,2,1,1,1,1,2,2,2,0,0,0,0,0,0,0,0,0,0,0
2021-11-18 12:20:44pm: Command And Valve Status :2,1,2,1,1,1,1,2,2,2,0,0,0,0,0,0,0,0,1,0,0
2021-11-18 12:20:45pm: Sensor data :32000,700,650,300,31,120,32,1.7,9,1.9,3,1.1,1.8,170,1.3
2021-11-18 12:20:45pm: Command And Valve Status :2,1,2,1,1,1,1,2,2,2,0,0,0,0,0,0,0,0,1,0,0
2021-11-18 12:20:47pm: Command And Valve Status :2,1,2,1,1,1,1,2,2,2,0,0,0,0,1,1,0,0,0,0,0
2021-11-18 12:20:48pm: Command And Valve Status :2,1,2,1,1,1,1,2,2,2,0,0,0,0,0,0,0,0,1,0,0
2021-11-18 12:20:49pm: Command And Valve Status :2,1,2,1,1,1,1,1,2,2,0,0,0,0,0,0,0,0,1,0,0
2021-11-18 12:20:50pm: Sensor data :200000,700,650,300,31,120,32,1.7,9,1.9,3,1.1,1.8,170,1.3
2021-11-18 12:20:51pm: Command And Valve Status :2,1,2,1,1,1,1,1,2,2,0,0,0,0,0,0,0,0,0,0,0
2021-11-18 12:20:52pm: Command And Valve Status :2,1,2,1,1,1,1,1,2,2,0,0,0,0,0,0,0,0,1,1,0
2021-11-18 12:20:54pm: Command And Valve Status :2,1,2,1,1,1,1,1,2,2,0,0,0,0,0,0,0,0,1,0,0
2021-11-18 12:20:55pm: Sensor data :50000,700,650,300,31,120,32,1.2,7,1.5,1,0.9,1.6,150,1.1
2021-11-18 12:20:55pm: Command And Valve Status :2,1,2,1,1,1,1,1,2,2,0,0,1,1,0,0,0,0,0,0,0
2021-11-18 12:20:57pm: Command And Valve Status :2,1,2,1,1,1,1,1,2,2,0,0,0,0,0,0,0,0,0,0,0
2021-11-18 12:20:58pm: Command And Valve Status :2,1,2,1,1,1,1,1,2,2,0,0,0,0,0,0,0,0,1,0,0
2021-11-18 12:20:59pm: Command And Valve Status :2,1,2,1,1,1,1,1,1,2,0,0,0,0,0,0,0,0,1,0,0
2021-11-18 12:21:00pm: Sensor data :50000,900,800,500,38,160,26,1.7,9,1.9,3,1.1,1.8,170,1.3
2021-11-18 12:21:01pm: Command And Valve Status :2,1,2,1,1,1,1,1,1,2,0,0,0,0,1,1,0,0,0,0,0
2021-11-18 12:21:02pm: Command And Valve Status :2,1,2,1,1,1,1,1,1,2,0,0,0,0,0,0,0,1,0,0,0
2021-11-18 12:21:04pm: Command And Valve Status :2,1,2,1,1,1,1,1,1,2,0,0,0,0,0,0,0,1,0,0,0
2021-11-18 12:21:05pm: Command And Valve Status :2,1,2,1,1,1,1,1,1,2,0,0,0,0,0,0,0,0,0,1,0
2021-11-18 12:21:05pm: Sensor data :200000,700,700,400,35,140,34,1.7,7,1.5,1,0.9,1.6,150,1.1
2021-11-18 12:21:06pm: Command And Valve Status :2,1,2,1,1,1,1,1,1,2,0,0,0,0,0,0,1,0,0,0,0
2021-11-18 12:21:08pm: Command And Valve Status :2,1,2,1,1,1,1,1,1,2,0,0,0,0,0,0,1,0,0,0,0
2021-11-18 12:21:09pm: Command And Valve Status :2,1,2,1,1,1,1,1,1,1,0,0,0,0,0,0,0,0,0,0,0
2021-11-18 12:21:10pm: Sensor data :50000,700,700,400,35,140,34,1.2,8,1.8,2.2,1,1.7,160,1.2
2021-11-18 12:21:11pm: Command And Valve Status :2,1,2,1,1,1,1,1,1,1,0,0,0,0,0,0,0,0,0,0,0
2021-11-18 12:21:12pm: Command And Valve Status :2,1,2,1,1,1,1,1,1,1,0,0,0,0,1,0,0,0,0,0,0
2021-11-18 12:21:13pm: Command And Valve Status :2,1,2,1,1,1,1,1,1,1,0,0,0,0,1,0,0,0,0,0,0
2021-11-18 12:21:15pm: Command And Valve Status :2,1,2,1,1,1,1,1,1,1,0,1,0,0,0,0,0,0,0,0,0
2021-11-18 12:21:16pm: Sensor data :200000,700,650,300,31,120,32,1.7,9,1.9,3,1.1,1.8,170,1.3
2021-11-18 12:21:16pm: Command And Valve Status :2,1,2,1,1,1,1,1,1,1,0,0,0,0,1,0,0,0,0,0,0
2021-11-18 12:21:18pm: Command And Valve Status :2,1,2,1,1,1,1,1,1,1,0,0,0,0,1,0,0,0,0,0,0
2021-11-18 12:21:19pm: Command And Valve Status :2,1,2,1,1,1,1,1,1,1,0,0,0,0,0,0,0,0,1,0,0
2021-11-18 12:21:19pm: Reset : Started
2021-11-18 12:21:20pm: Command And Valve Status :2,1,2,1,1,1,1,1,1,1,0,0,0,0,1,1,0,0,0,0,0
2021-11-18 12:21:21pm: Sensor data :200000,800,700,400,35,140,34,1.6,8,1.8,2.2,1,1.7,160,1.2
2021-11-18 12:21:22pm: Command And Valve Status :2,1,2,1,1,1,1,1,1,1,0,0,0,0,1,0,0,0,0,0,0
2021-11-18 12:21:23pm: Command And Valve Status :2,1,2,1,1,1,1,1,1,1,0,0,0,0,0,0,0,0,0,0,0
2021-11-18 12:21:25pm: Command And Valve Status :2,1,2,1,1,1,1,1,1,1,0,0,0,0,0,0,0,0,0,0,1
2021-11-18 12:21:26pm: Sensor data :32000,700,650,300,31,120,32,1.6,8,1.8,2.2,1,1.7,160,1.2
2021-11-18 12:21:26pm: Command And Valve Status :2,1,2,1,1,1,1,1,1,1,0,0,0,1,0,0,0,0,0,0,0
2021-11-18 12:21:27pm: Command And Valve Status :2,1,2,1,1,1,1,1,1,1,0,0,0,1,0,0,0,0,0,0,0
2021-11-18 12:21:29pm: Command And Valve Status :2,1,2,1,1,1,1,1,1,1,0,1,0,0,0,0,0,0,0,0,0
2021-11-18 12:21:30pm: Command And Valve Status :2,1,2,1,1,1,1,1,1,1,0,0,0,1,0,0,0,0,0,0,0
2021-11-18 12:21:31pm: Sensor data :50000,900,800,500,38,160,26,1.6,8,1.8,2.2,1,1.7,160,1.2
2021-11-18 12:21:32pm: Command And Valve Status :2,1,2,1,1,1,1,1,1,1,0,0,0,1,0,0,0,0,0,0,0
2021-11-18 12:21:33pm: Command And Valve Status :2,1,2,1,1,1,1,1,1,1,0,0,0,0,0,0,0,1,1,0,0
2021-11-18 12:21:34pm: Command And Valve Status :2,1,2,1,1,1,1,1,1,1,0,0,0,1,1,0,0,0,0,0,0
2021-11-18 12:21:36pm: Command And Valve Status :2,1,2,1,1,1,1,1,1,1,0,0,0,1,0,0,0,0,0,0,0
2021-11-18 12:21:36pm: Sensor data :200000,800,700,400,35,140,34,1.7,9,1.9,3,1.1,1.8,170,1.3
2021-11-18 12:21:37pm: Command And Valve Status :2,1,2,1,1,1,1,1,1,1,0,0,0,0,0,0,0,0,0,0,0
2021-11-18 12:21:39pm: Command And Valve Status :2,1,2,1,1,1,1,1,1,1,0,0,0,0,0,0,0,0,0,1,1
2021-11-18 12:21:40pm: Reset : Started
2021-11-18 12:21:40pm: Command And Valve Status :2,1,2,1,1,1,1,1,1,1,0,0,0,1,0,0,0,0,0,0,0
2021-11-18 12:21:41pm: Sensor data :200000,900,800,500,38,160,26,1.2,7,1.5,1,0.9,1.6,150,1.1
2021-11-18 12:21:41pm: Command And Valve Status :2,1,2,1,1,1,1,1,1,1,0,0,1,0,0,0,0,0,0,0,0
2021-11-18 12:21:43pm: Command And Valve Status :2,1,2,1,1,1,1,1,1,1,0,1,0,0,0,0,0,0,0,0,0
2021-11-18 12:21:44pm: Command And Valve Status :2,1,2,1,1,1,1,1,1,1,0,0,1,0,0,0,0,0,0,0,0
2021-11-18 12:21:46pm: Command And Valve Status :2,1,2,1,1,1,1,1,1,1,0,1,0,0,0,0,0,0,0,0,0
2021-11-18 12:21:46pm: Sensor data :32000,900,800,500,38,160,26,1.7,9,1.9,3,1.1,1.8,170,1.3
2021-11-18 12:21:47pm: Command And Valve Status :2,1,2,1,1,1,1,1,1,1,0,0,0,0,1,0,0,0,0,0,0
2021-11-18 12:21:48pm: Command And Valve Status :2,1,2,1,1,1,1,1,1,1,0,1,0,0,0,0,0,0,0,0,0
2021-11-18 12:21:50pm: Command And Valve Status :2,1,2,1,1,1,1,1,1,1,0,0,0,0,0,0,0,0,0,1,0
2021-11-18 12:21:51pm: Reset : Started
2021-11-18 12:21:51pm: Command And Valve Status :2,1,2,1,1,1,1,1,1,1,0,0,0,0,0,0,0,0,0,1,0
2021-11-18 12:21:52pm: Sensor data :200000,900,800,500,38,160,26,1.6,8,1.8,2.2,1,1.7,160,1.2
2021-11-18 12:21:53pm: Command And Valve Status :2,1,2,1,1,1,1,1,1,1,0,0,0,0,0,0,1,0,0,0,0
2021-11-18 12:21:54pm: Command And Valve Status :2,1,2,1,1,1,1,1,1,1,0,0,0,0,0,0,0,0,1,0,0
2021-11-18 12:21:56pm: Command And Valve Status :2,1,2,1,1,1,1,1,1,1,0,0,0,0,0,0,0,0,1,0,0
2021-11-18 12:21:57pm: Sensor data :32000,900,800,500,38,160,26,1.6,8,1.8,2.2,1,1.7,160,1.2
2021-11-18 12:21:57pm: Command And Valve Status :2,1,2,1,1,1,1,1,1,1,0,0,0,0,0,0,0,0,0,0,0
2021-11-18 12:21:58pm: Command And Valve Status :2,1,2,1,1,1,1,1,1,1,0,0,0,0,0,0,0,0,0,1,1
2021-11-18 12:22:00pm: Command And Valve Status :2,1,2,1,1,1,1,1,1,1,0,0,0,0,0,0,0,0,1,0,0
2021-11-18 12:22:01pm: Command And Valve Status :2,1,2,1,1,1,1,1,1,1,0,0,0,1,0,0,0,0,0,0,0
2021-11-18 12:22:02pm: Sensor data :50000,700,650,300,31,120,32,1.7,9,1.9,3,1.1,1.8,170,1.3
2021-11-18 12:22:03pm: Command And Valve Status :2,1,2,1,1,1,1,1,1,1,0,1,0,0,0,0,0,0,0,0,0
2021-11-18 12:22:04pm: Command And Valve Status :2,1,2,1,1,1,1,1,1,1,0,0,0,0,0,0,0,1,0,0,0
2021-11-18 12:22:05pm: Command And Valve Status :2,1,2,1,1,1,1,1,1,1,0,0,0,0,0,0,1,0,0,0,0
2021-11-18 12:22:07pm: Command And Valve Status :2,1,2,1,1,1,1,1,1,1,0,0,0,1,1,0,0,0,0,0,0
2021-11-18 12:22:07pm: Sensor data :32000,800,700,400,35,140,34,1.6,8,1.8,2.2,1,1.7,160,1.2
2021-11-18 12:22:08pm: Command And Valve Status :2,1,2,1,1,1,1,1,1,1,0,0,0,0,0,0,1,0,0,0,0
2021-11-18 12:22:10pm: Command And Valve Status :2,1,2,1,1,1,1,1,1,1,0,0,0,0,0,0,1,0,0,0,0
2021-11-18 12:22:11pm: Command And Valve Status :2,1,2,1,1,1,1,1,1,1,0,0,0,0,0,0,0,0,1,1,0
2021-11-18 12:22:12pm: Sensor data :200000,900,800,500,38,160,26,1.6,8,1.8,2.2,1,1.7,160,1.2
2021-11-18 12:22:12pm: Command And Valve Status :2,1,2,1,1,1,1,1,1,1,0,0,0,0,0,0,1,0,0,0,0
2021-11-18 12:22:14pm: Command And Valve Status :2,1,2,1,1,1,1,1,1,1,0,0,0,0,0,1,0,0,0,0,0
2021-11-18 12:22:15pm: Command And Valve Status :2,1,2,1,1,1,1,1,1,1,0,0,0,0,0,0,0,0,0,0,0
2021-11-18 12:22:17pm: Command And Valve Status :2,1,2,1,1,1,1,1,1,1,0,0,0,0,0,0,0,0,0,0,0
2021-11-18 12:22:17pm: Sensor data :50000,900,800,500,38,160,26,1.2,7,1.5,1,0.9,1.6,150,1.1
2021-11-18 12:22:18pm: Command And Valve Status :2,1,2,1,1,1,1,1,1,1,0,0,0,0,0,1,0,0,0,0,0
2021-11-18 12:22:19pm: Command And Valve Status :2,1,2,1,1,1,1,1,1,1,0,0,0,1,1,0,0,0,0,0,0
2021-11-18 12:22:21pm: Command And Valve Status :2,1,2,1,1,1,1,1,1,1,0,0,0,0,0,0,0,0,0,0,0
2021-11-18 12:22:22pm: Command And Valve Status :2,1,2,1,1,1,1,1,1,1,0,0,0,0,1,0,0,0,0,0,0
2021-11-18 12:22:22pm: Sensor data :200000,800,700,400,35,140,34,1.7,9,1.9,3,1.1,1.8,170,1.3
2021-11-18 12:22:23pm: Command And Valve Status :2,1,2,1,1,1,1,1,1,1,0,0,0,1,0,0,0,0,0,0,0
2021-11-18 12:22:25pm: Command And Valve Status :2,1,2,1,1,1,1,1,1,1,0,0,0,0,1,1,0,0,0,0,0
2021-11-18 12:22:26pm: Command And Valve Status :2,1,2,1,1,1,1,1,1,1,0,0,0,1,0,0,0,0,0,0,0
2021-11-18 12:22:27pm: Sensor data :200000,800,700,400,35,140,34,1.7,9,1.9,3,1.1,1.8,170,1.3
2021-11-18 12:22:28pm: Command And Valve Status :2,1,2,1,1,1,1,1,1,1,0,0,1,0,0,0,0,0,0,0,0
2021-11-18 12:22:29pm: Command And Valve Status :2,1,2,1,1,1,1,1,1,1,0,0,0,0,0,0,0,0,0,0,0
2021-11-18 12:22:31pm: Command And Valve Status :2,1,2,1,1,1,1,1,1,1,0,0,0,0,0,0,0,0,1,0,0
2021-11-18 12:22:32pm: Command And Valve Status :2,1,2,1,1,1,1,1,1,1,0,0,1,0,0,0,0,0,0,0,0
2021-11-18 12:22:33pm: Sensor data :200000,900,800,500,38,160,26,1.6,8,1.8,2.2,1,1.7,160,1.2
2021-11-18 12:22:33pm: Command And Valve Status :2,1,2,1,1,1,1,1,1,1,0,1,0,0,0,0,0,0,0,0,0
2021-11-18 12:22:35pm: Command And Valve Status :2,1,2,1,1,1,1,1,1,1,0,0,0,0,0,0,0,0,0,0,0
2021-11-18 12:22:36pm: Command And Valve Status :2,1,2,1,1,1,1,1,1,1,0,0,1,0,0,0,0,0,0,0,0
2021-11-18 12:22:38pm: Command And Valve Status :2,1,2,1,1,1,1,1,1,1,0,0,1,0,0,0,0,0,0,0,0
2021-11-18 12:22:38pm: Sensor data :200000,900,800,500,38,160,26,1.6,8,1.8,2.2,1,1.7,160,1.2
2021-11-18 12:22:39pm: Command And Valve Status :2,1,2,1,1,1,1,1,1,1,0,0,1,0,0,0,0,0,0,0,0
2021-11-18 12:22:40pm: Command And Valve Status :2,1,2,1,1,1,1,1,1,1,0,0,1,0,0,0,0,0,0,0,0
2021-11-18 12:22:42pm: Command And Valve Status :2,1,2,1,1,1,1,1,1,1,0,0,1,0,0,0,0,0,0,0,0
2021-11-18 12:22:43pm: Sensor data :50000,800,800,500,38,160,26,1.7,7,1.5,1,0.9,1.6,150,1.1
2021-11-18 12:22:43pm: Command And Valve Status :2,1,2,1,1,1,1,1,1,1,0,0,0,0,0,0,0,0,1,0,0
2021-11-18 12:22:45pm: Command And Valve Status :2,1,2,1,1,1,1,1,1,1,0,0,0,0,0,0,1,0,0,0,0
2021-11-18 12:22:46pm: Command And Valve Status :2,1,2,1,1,1,1,1,1,1,0,1,0,0,0,0,0,0,0,0,0
2021-11-18 12:22:47pm: Command And Valve Status :2,1,2,1,1,1,1,1,1,1,0,0,0,0,0,0,0,0,0,0,0
2021-11-18 12:22:48pm: Sensor data :50000,700,650,300,31,120,32,1.7,9,1.9,3,1.1,1.8,170,1.3
2021-11-18 12:22:49pm: Command And Valve Status :2,1,2,1,1,1,1,1,1,1,0,0,0,0,0,0,0,0,0,0,1
2021-11-18 12:22:50pm: Command And Valve Status :2,1,2,1,1,1,1,1,1,1,0,0,0,0,0,0,0,0,0,1,0
2021-11-18 12:22:52pm: Command And Valve Status :2,1,2,1,1,1,1,1,1,1,0,0,0,0,0,0,0,0,0,1,0
2021-11-18 12:22:53pm: Command And Valve Status :2,1,2,1,1,1,1,1,1,1,0,0,0,0,0,0,0,0,0,0,0
2021-11-18 12:22:53pm: Sensor data :200000,700,650,300,31,120,32,1.2,7,1.5,1,0.9,1.6,150,1.1
2021-11-18 12:22:54pm: Command And Valve Status :2,1,2,1,1,1,1,1,1,1,0,0,0,0,0,0,0,0,0,0,0
2021-11-18 12:22:56pm: Command And Valve Status :2,1,2,1,1,1,1,1,1,1,0,0,0,0,0,0,0,0,0,1,0
2021-11-18 12:22:57pm: Command And Valve Status :2,1,2,1,1,1,1,1,1,1,0,0,0,0,0,1,1,1,0,0,0
2021-11-18 12:22:58pm: Sensor data :32000,700,650,300,31,120,32,1.6,8,1.8,2.2,1,1.7,160,1.2
2021-11-18 12:22:59pm: Command And Valve Status :2,1,2,1,1,1,1,1,1,1,0,0,1,0,0,0,0,0,0,0,0
2021-11-18 12:23:00pm: Command And Valve Status :2,1,2,1,1,1,1,1,1,1,0,0,0,0,0,0,0,0,0,1,0
2021-11-18 12:23:01pm: Command And Valve Status :2,1,2,1,1,1,1,1,1,1,0,0,0,0,0,0,0,0,1,0,0
2021-11-18 12:23:03pm: Command And Valve Status :2,1,2,1,1,1,1,1,1,1,0,0,0,0,0,0,1,0,0,0,0
2021-11-18 12:23:03pm: Sensor data :32000,700,650,300,31,120,32,1.2,7,1.5,1,0.9,1.6,150,1.1
2021-11-18 12:23:04pm: Command And Valve Status :2,1,2,1,1,1,1,1,1,1,0,0,0,0,0,0,0,1,0,0,0
2021-11-18 12:23:05pm: Command And Valve Status :2,1,2,1,1,1,1,1,1,1,0,0,0,0,0,0,0,1,0,0,0
2021-11-18 12:23:07pm: Command And Valve Status :2,1,2,1,1,1,1,1,1,1,0,0,0,0,0,0,0,0,0,1,0
2021-11-18 12:23:08pm: Command And Valve Status :2,1,2,1,1,1,1,1,1,1,0,0,0,0,0,0,1,0,0,0,0
2021-11-18 12:23:09pm: Sensor data :200000,800,700,400,35,140,34,1.6,8,1.8,2.2,1,1.7,160,1.2
2021-11-18 12:23:10pm: Command And Valve Status :2,1,2,1,1,1,1,1,1,1,0,0,0,0,0,0,1,0,0,0,0
2021-11-18 12:23:11pm: Command And Valve Status :2,1,2,1,1,1,1,1,1,1,0,0,0,0,0,0,0,0,0,0,0
2021-11-18 12:23:12pm: Command And Valve Status :2,1,2,1,1,1,1,1,1,1,0,0,0,0,0,0,0,0,0,0,1
2021-11-18 12:23:14pm: Sensor data :200000,700,650,300,31,120,32,1.7,9,1.9,3,1.1,1.8,170,1.3
2021-11-18 12:23:14pm: Command And Valve Status :2,1,2,1,1,1,1,1,1,1,0,0,0,0,0,1,0,0,0,0,0
2021-11-18 12:23:15pm: Command And Valve Status :2,1,2,1,1,1,1,1,1,1,0,0,0,0,1,0,0,0,0,0,0
2021-11-18 12:23:17pm: Command And Valve Status :2,1,2,1,1,1,1,1,1,1,0,1,0,0,0,0,0,0,0,0,0
2021-11-18 12:23:18pm: Command And Valve Status :2,1,2,1,1,1,1,1,1,1,0,0,0,0,1,0,0,0,0,0,0
2021-11-18 12:23:19pm: Sensor data :50000,700,650,300,31,120,32,1.7,9,1.9,3,1.1,1.8,170,1.3
2021-11-18 12:23:20pm: Command And Valve Status :2,1,2,1,1,1,1,1,1,1,0,1,0,0,0,0,0,0,0,0,0
2021-11-18 12:23:21pm: Command And Valve Status :2,1,2,1,1,1,1,1,1,1,0,1,0,0,0,0,0,0,0,0,0
2021-11-18 12:23:22pm: Command And Valve Status :2,1,2,1,1,1,1,1,1,1,0,1,0,0,0,0,0,0,0,0,0
2021-11-18 12:23:24pm: Command And Valve Status :2,1,2,1,1,1,1,1,1,1,0,1,0,0,0,0,0,0,0,0,0
2021-11-18 12:23:24pm: Sensor data :50000,800,700,400,35,140,34,1.2,7,1.5,1,0.9,1.6,150,1.1
2021-11-18 12:23:25pm: Command And Valve Status :2,1,2,1,1,1,1,1,1,1,0,0,0,0,0,0,1,1,0,0,0
2021-11-18 12:23:27pm: Command And Valve Status :2,1,2,1,1,1,1,1,1,1,0,0,1,0,0,0,0,0,0,0,0
2021-11-18 12:23:28pm: Command And Valve Status :2,1,2,1,1,1,1,1,1,1,0,0,0,0,0,0,0,0,0,0,1
2021-11-18 12:23:29pm: Sensor data :50000,900,800,500,38,160,26,1.2,7,1.5,1,0.9,1.6,150,1.1
2021-11-18 12:23:29pm: Command And Valve Status :2,1,2,1,1,1,1,1,1,1,0,0,0,0,0,0,0,0,0,0,1
2021-11-18 12:23:31pm: Command And Valve Status :2,1,2,1,1,1,1,1,1,1,0,0,0,0,0,0,0,0,1,1,0
2021-11-18 12:23:32pm: Command And Valve Status :2,1,2,1,1,1,1,1,1,1,0,0,0,0,0,0,0,0,0,0,1
2021-11-18 12:23:33pm: Command And Valve Status :2,1,2,1,1,1,1,1,1,1,0,0,0,0,0,0,0,0,0,0,1
2021-11-18 12:23:34pm: Sensor data :32000,900,800,500,38,160,26,1.2,7,1.5,1,0.9,1.6,150,1.1
2021-11-18 12:23:35pm: Command And Valve Status :2,1,2,1,1,1,1,1,1,1,0,0,0,0,0,0,0,0,0,0,0
2021-11-18 12:23:36pm: Command And Valve Status :2,1,2,1,1,1,1,1,1,1,0,0,0,0,0,0,0,0,0,0,0
2021-11-18 12:23:38pm: Command And Valve Status :2,1,2,1,1,1,1,1,1,1,0,0,0,0,0,0,0,0,0,0,1
2021-11-18 12:23:39pm: Command And Valve Status :2,1,2,1,1,1,1,1,1,1,0,0,0,0,1,0,0,0,0,0,0
2021-11-18 12:23:39pm: Sensor data :200000,700,650,300,31,120,32,1.6,8,1.8,2.2,1,1.7,160,1.2
2021-11-18 12:23:40pm: Command And Valve Status :2,1,2,1,1,1,1,1,1,1,0,1,0,0,0,0,0,0,0,0,0
2021-11-18 12:23:42pm: Command And Valve Status :2,1,2,1,1,1,1,1,1,1,0,0,0,0,0,0,0,0,0,1,0
2021-11-18 12:23:43pm: Command And Valve Status :2,1,2,1,1,1,1,1,1,1,0,0,0,0,0,0,0,0,0,1,0
2021-11-18 12:23:45pm: Sensor data :200000,900,800,500,38,160,26,1.6,8,1.8,2.2,1,1.7,160,1.2
2021-11-18 12:23:45pm: Command And Valve Status :2,1,2,1,1,1,1,1,1,1,0,0,0,0,0,0,0,1,0,0,0
2021-11-18 12:23:46pm: Command And Valve Status :2,1,2,1,1,1,1,1,1,1,0,0,0,0,0,0,0,0,0,1,0
2021-11-18 12:23:48pm: Command And Valve Status :2,1,2,1,1,1,1,1,1,1,0,0,0,0,0,0,0,0,0,1,0
2021-11-18 12:23:49pm: Command And Valve Status :2,1,2,1,1,1,1,1,1,1,0,0,0,0,0,0,0,0,0,0,0
2021-11-18 12:23:50pm: Sensor data :50000,800,700,400,35,140,34,1.2,7,1.5,1,0.9,1.6,150,1.1
2021-11-18 12:23:50pm: Command And Valve Status :2,1,2,1,1,1,1,1,1,1,0,0,0,0,0,0,0,0,0,0,1
2021-11-18 12:23:52pm: Command And Valve Status :2,1,2,1,1,1,1,1,1,1,0,0,0,0,0,0,0,1,0,0,0
2021-11-18 12:23:53pm: Command And Valve Status :2,1,2,1,1,1,1,1,1,1,0,1,0,0,0,0,0,0,0,0,0
2021-11-18 12:23:55pm: Command And Valve Status :2,1,2,1,1,1,1,1,1,1,0,0,0,0,0,0,0,0,0,0,0
2021-11-18 12:23:55pm: Sensor data :50000,900,650,300,31,120,32,1.7,7,1.5,1,0.9,1.6,150,1.1
2021-11-18 12:23:56pm: Command And Valve Status :2,1,2,1,1,1,1,1,1,1,0,0,0,0,0,0,1,0,0,0,0
2021-11-18 12:23:57pm: Command And Valve Status :2,1,2,1,1,1,1,1,1,1,0,0,0,0,0,0,1,0,0,0,0
2021-11-18 12:23:59pm: Command And Valve Status :2,1,2,1,1,1,1,1,1,1,0,0,1,0,0,0,0,0,0,0,0
2021-11-18 12:24:00pm: Sensor data :200000,900,800,500,38,160,26,1.6,8,1.8,2.2,1,1.7,160,1.2
2021-11-18 12:24:00pm: Command And Valve Status :2,1,2,1,1,1,1,1,1,1,0,0,0,0,0,1,0,0,0,0,0
2021-11-18 12:24:02pm: Command And Valve Status :2,1,2,1,1,1,1,1,1,1,0,0,0,0,0,1,0,0,0,0,0
2021-11-18 12:24:03pm: Command And Valve Status :2,1,2,1,1,1,1,1,1,1,0,0,0,0,0,0,0,0,1,1,0
2021-11-18 12:24:04pm: Command And Valve Status :2,1,2,1,1,1,1,1,1,1,0,0,0,0,0,1,0,0,0,0,0
2021-11-18 12:24:05pm: Sensor data :32000,700,650,300,31,120,32,1.7,9,1.9,3,1.1,1.8,170,1.3
2021-11-18 12:24:06pm: Command And Valve Status :2,1,2,1,1,1,1,1,1,1,0,0,0,0,0,1,0,0,0,0,0
2021-11-18 12:24:07pm: Command And Valve Status :2,1,2,1,1,1,1,1,1,1,0,0,0,0,0,0,0,0,0,0,0
2021-11-18 12:24:08pm: Command And Valve Status :2,1,2,1,1,1,1,1,1,1,0,0,0,0,0,0,0,0,0,0,1
2021-11-18 12:24:10pm: Command And Valve Status :2,1,2,1,1,1,1,1,1,1,0,0,0,0,1,0,0,0,0,0,0
2021-11-18 12:24:10pm: Sensor data :50000,700,650,300,31,120,32,1.2,7,1.5,1,0.9,1.6,150,1.1
2021-11-18 12:24:11pm: Command And Valve Status :2,1,2,1,1,1,1,1,1,1,0,0,1,1,0,0,0,0,0,0,0
2021-11-18 12:24:13pm: Command And Valve Status :2,1,2,1,1,1,1,1,1,1,0,0,0,0,0,0,0,0,0,0,0
2021-11-18 12:24:14pm: Command And Valve Status :2,1,2,1,1,1,1,1,1,1,0,0,0,0,1,0,0,0,0,0,0
2021-11-18 12:24:15pm: Sensor data :200000,800,700,400,35,140,34,1.7,9,1.9,3,1.1,1.8,170,1.3
2021-11-18 12:24:15pm: Command And Valve Status :2,1,2,1,1,1,1,1,1,1,0,0,0,0,1,0,0,0,0,0,0
2021-11-18 12:24:17pm: Command And Valve Status :2,1,2,1,1,1,1,1,1,1,0,0,0,0,0,1,1,0,0,0,0
2021-11-18 12:24:18pm: Command And Valve Status :2,1,2,1,1,1,1,1,1,1,0,0,0,0,1,0,0,0,0,0,0
2021-11-18 12:24:20pm: Command And Valve Status :2,1,2,1,1,1,1,1,1,1,0,0,0,0,1,0,0,0,0,0,0
2021-11-18 12:24:21pm: Sensor data :50000,900,800,500,38,160,26,1.6,8,1.8,2.2,1,1.7,160,1.2
2021-11-18 12:24:21pm: Command And Valve Status :2,1,2,1,1,1,1,1,1,1,0,0,0,0,0,0,0,0,0,0,0
2021-11-18 12:24:23pm: Command And Valve Status :2,1,2,1,1,1,1,1,1,1,0,0,0,0,0,0,0,0,1,0,0
2021-11-18 12:24:24pm: Command And Valve Status :2,1,2,1,1,1,1,1,1,1,0,0,0,0,1,0,0,0,0,0,0
2021-11-18 12:24:25pm: Command And Valve Status :2,1,2,1,1,1,1,1,1,1,0,0,0,1,0,0,0,0,0,0,0
2021-11-18 12:24:26pm: Sensor data :32000,800,700,400,35,140,34,1.7,9,1.9,3,1.1,1.8,170,1.3
2021-11-18 12:24:27pm: Command And Valve Status :2,1,2,1,1,1,1,1,1,1,0,0,0,0,0,0,0,0,0,0,0
2021-11-18 12:24:28pm: Command And Valve Status :2,1,2,1,1,1,1,1,1,1,0,0,1,0,0,0,0,0,0,0,0
2021-11-18 12:24:30pm: Command And Valve Status :2,1,2,1,1,1,1,1,1,1,0,0,1,0,0,0,0,0,0,0,0
2021-11-18 12:24:31pm: Sensor data :50000,800,700,400,35,140,34,1.7,9,1.9,3,1.1,1.8,170,1.3
2021-11-18 12:24:31pm: Command And Valve Status :2,1,2,1,1,1,1,1,1,1,0,0,0,1,0,0,0,0,0,0,0
2021-11-18 12:24:32pm: Command And Valve Status :2,1,2,1,1,1,1,1,1,1,0,0,1,0,0,0,0,0,0,0,0
2021-11-18 12:24:34pm: Command And Valve Status :2,1,2,1,1,1,1,1,1,1,0,1,0,0,0,0,0,0,0,0,0
2021-11-18 12:24:35pm: Command And Valve Status :2,1,2,1,1,1,1,1,1,1,0,0,0,0,0,0,0,0,1,0,0
2021-11-18 12:24:36pm: Sensor data :50000,800,700,400,35,140,34,1.7,9,1.9,3,1.1,1.8,170,1.3
2021-11-18 12:24:36pm: Command And Valve Status :2,1,2,1,1,1,1,1,1,1,0,0,0,1,1,1,0,0,0,0,0
2021-11-18 12:24:38pm: Command And Valve Status :2,1,2,1,1,1,1,1,1,1,0,1,0,0,0,0,0,0,0,0,0
2021-11-18 12:24:39pm: Command And Valve Status :2,1,2,1,1,1,1,1,1,1,0,0,0,0,0,0,0,0,0,0,1
2021-11-18 12:24:41pm: Command And Valve Status :2,1,2,1,1,1,1,1,1,1,0,0,0,0,0,0,0,0,0,1,0
2021-11-18 12:24:41pm: Sensor data :32000,900,800,500,38,160,26,1.7,9,1.9,3,1.1,1.8,170,1.3
2021-11-18 12:24:42pm: Command And Valve Status :2,1,2,1,1,1,1,1,1,1,0,0,0,0,0,0,0,0,0,0,1
2021-11-18 12:24:43pm: Command And Valve Status :2,1,2,1,1,1,1,1,1,1,0,0,0,0,0,0,0,0,0,1,0
2021-11-18 12:24:45pm: Command And Valve Status :2,1,2,1,1,1,1,1,1,1,0,0,0,0,0,0,0,0,0,0,0
2021-11-18 12:24:46pm: Sensor data :200000,700,650,300,31,120,32,1.7,9,1.9,3,1.1,1.8,170,1.3
2021-11-18 12:24:46pm: Command And Valve Status :2,1,2,1,1,1,1,1,1,1,0,0,0,0,0,0,0,0,0,1,1
2021-11-18 12:24:48pm: Command And Valve Status :2,1,2,1,1,1,1,1,1,1,0,0,0,0,0,0,0,0,1,0,0
2021-11-18 12:24:49pm: Command And Valve Status :2,1,2,1,1,1,1,1,1,1,0,1,1,0,0,0,0,0,0,0,0
2021-11-18 12:24:50pm: Command And Valve Status :2,1,2,1,1,1,1,1,1,1,0,0,0,0,0,0,0,0,0,0,0
2021-11-18 12:24:51pm: Sensor data :32000,900,800,500,38,160,26,1.2,7,1.5,1,0.9,1.6,150,1.1
2021-11-18 12:24:52pm: Command And Valve Status :2,1,2,1,1,1,1,1,1,1,0,0,0,0,0,0,0,1,0,0,0
2021-11-18 12:24:53pm: Command And Valve Status :2,1,2,1,1,1,1,1,1,1,0,0,0,0,0,0,1,1,0,0,0
2021-11-18 12:24:55pm: Command And Valve Status :2,1,2,1,1,1,1,1,1,1,0,0,0,1,0,0,0,0,0,0,0
2021-11-18 12:24:56pm: Command And Valve Status :2,1,2,1,1,1,1,1,1,1,0,0,0,0,0,0,0,1,0,0,0
2021-11-18 12:24:56pm: Sensor data :50000,900,800,500,38,160,26,1.2,7,1.5,1,0.9,1.6,150,1.1
2021-11-18 12:24:57pm: Command And Valve Status :2,1,2,1,1,1,1,1,1,1,0,0,0,0,0,0,0,1,0,0,0
2021-11-18 12:24:59pm: Command And Valve Status :2,1,2,1,1,1,1,1,1,1,0,0,0,0,0,0,0,0,1,1,0
2021-11-18 12:25:00pm: Command And Valve Status :2,1,2,1,1,1,1,1,1,1,0,0,0,0,0,0,0,1,0,0,0
2021-11-18 12:25:02pm: Sensor data :50000,700,650,300,31,120,32,1.7,9,1.9,3,1.1,1.8,170,1.3
2021-11-18 12:25:02pm: Command And Valve Status :2,1,2,1,1,1,1,1,1,1,0,0,0,0,0,0,1,0,0,0,0
2021-11-18 12:25:03pm: Command And Valve Status :2,1,2,1,1,1,1,1,1,1,0,0,0,0,0,0,0,0,0,0,0
2021-11-18 12:25:04pm: Command And Valve Status :2,1,2,1,1,1,1,1,1,1,0,0,0,0,0,0,0,0,0,0,0
2021-11-18 12:25:06pm: Command And Valve Status :2,1,2,1,1,1,1,1,1,1,0,0,0,0,0,0,1,0,0,0,0
2021-11-18 12:25:07pm: Sensor data :32000,700,650,300,31,120,32,1.2,7,1.5,1,0.9,1.6,150,1.1
2021-11-18 12:25:07pm: Command And Valve Status :2,1,2,1,1,1,1,1,1,1,0,0,0,0,0,1,0,0,0,0,0
2021-11-18 12:25:09pm: Command And Valve Status :2,1,2,1,1,1,1,1,1,1,0,1,1,0,0,0,0,0,0,0,0
2021-11-18 12:25:10pm: Command And Valve Status :2,1,2,1,1,1,1,1,1,1,0,0,0,0,0,0,1,0,0,0,0
2021-11-18 12:25:11pm: Command And Valve Status :2,1,2,1,1,1,1,1,1,1,0,0,0,0,1,0,0,0,0,0,0
2021-11-18 12:25:12pm: Sensor data :50000,700,650,300,31,120,32,1.2,7,1.5,1,0.9,1.6,150,1.1
2021-11-18 12:25:13pm: Command And Valve Status :2,1,2,1,1,1,1,1,1,1,0,0,0,0,0,1,0,0,0,0,0
2021-11-18 12:25:14pm: Command And Valve Status :2,1,2,1,1,1,1,1,1,1,0,0,0,0,1,0,0,0,0,0,0
2021-11-18 12:25:16pm: Command And Valve Status :2,1,2,1,1,1,1,1,1,1,0,0,0,0,1,0,0,0,0,0,0
2021-11-18 12:25:17pm: Sensor data :32000,800,700,400,35,140,34,1.2,7,1.5,1,0.9,1.6,150,1.1
2021-11-18 12:25:17pm: Command And Valve Status :2,1,2,1,1,1,1,1,1,1,0,0,0,0,0,0,0,0,0,0,1
2021-11-18 12:25:19pm: Command And Valve Status :2,1,2,1,1,1,1,1,1,1,0,0,0,0,0,0,0,1,1,0,0
2021-11-18 12:25:20pm: Command And Valve Status :2,1,2,1,1,1,1,1,1,1,0,0,1,0,0,0,0,0,0,0,0
2021-11-18 12:25:21pm: Command And Valve Status :2,1,2,1,1,1,1,1,1,1,0,0,0,0,0,0,0,0,0,0,0
2021-11-18 12:25:22pm: Sensor data :32000,700,650,300,31,120,32,1.6,8,1.8,2.2,1,1.7,160,1.2
2021-11-18 12:25:23pm: Command And Valve Status :2,1,2,1,1,1,1,1,1,1,0,0,0,0,0,0,0,0,0,0,1
2021-11-18 12:25:24pm: Command And Valve Status :2,1,2,1,1,1,1,1,1,1,0,1,0,0,0,0,0,0,0,0,0
2021-11-18 12:25:25pm: Command And Valve Status :2,1,2,1,1,1,1,1,1,1,0,0,0,0,0,0,0,0,0,1,0
2021-11-18 12:25:27pm: Command And Valve Status :2,1,2,1,1,1,1,1,1,1,0,0,0,0,0,0,0,0,0,0,0
2021-11-18 12:25:27pm: Sensor data :32000,900,800,500,38,160,26,1.7,9,1.9,3,1.1,1.8,170,1.3
2021-11-18 12:25:28pm: Command And Valve Status :2,1,2,1,1,1,1,1,1,1,0,0,0,0,0,0,0,0,0,1,0
2021-11-18 12:25:30pm: Command And Valve Status :2,1,2,1,1,1,1,1,1,1,0,0,0,0,0,0,0,0,1,0,0
2021-11-18 12:25:31pm: Command And Valve Status :2,1,2,1,1,1,1,1,1,1,0,0,1,0,0,0,0,0,0,0,0
2021-11-18 12:25:32pm: Sensor data :32000,700,650,300,31,120,32,1.7,9,1.9,3,1.1,1.8,170,1.3
2021-11-18 12:25:32pm: Command And Valve Status :2,1,2,1,1,1,1,1,1,1,0,0,0,0,0,0,0,0,0,0,0
2021-11-18 12:25:34pm: Command And Valve Status :2,1,2,1,1,1,1,1,1,1,0,0,0,0,0,0,0,0,1,0,0
2021-11-18 12:25:35pm: Command And Valve Status :2,1,2,1,1,1,1,1,1,1,0,0,0,0,0,0,0,1,1,0,0
2021-11-18 12:25:37pm: Command And Valve Status :2,1,2,1,1,1,1,1,1,1,0,0,0,0,1,1,0,0,0,0,0
2021-11-18 12:25:37pm: Sensor data :200000,800,700,400,35,140,34,1.7,9,1.9,3,1.1,1.8,170,1.3
2021-11-18 12:25:38pm: Command And Valve Status :2,1,2,1,1,1,1,1,1,1,0,0,0,0,0,0,0,0,1,0,0
2021-11-18 12:25:39pm: Command And Valve Status :2,1,2,1,1,1,1,1,1,1,0,0,0,0,0,0,0,0,1,0,0
2021-11-18 12:25:41pm: Command And Valve Status :2,1,2,1,1,1,1,1,1,1,0,0,0,0,0,0,0,0,0,0,1
2021-11-18 12:25:42pm: Command And Valve Status :2,1,2,1,1,1,1,1,1,1,0,0,0,0,0,0,0,0,1,0,0
2021-11-18 12:25:43pm: Sensor data :50000,900,800,500,38,160,26,1.2,7,1.5,1,0.9,1.6,150,1.1
2021-11-18 12:25:44pm: Command And Valve Status :2,1,2,1,1,1,1,1,1,1,0,0,0,0,0,0,0,0,1,0,0
2021-11-18 12:25:45pm: Command And Valve Status :2,1,2,1,1,1,1,1,1,1,0,1,1,0,0,0,0,0,0,0,0
2021-11-18 12:25:46pm: Command And Valve Status :2,1,2,1,1,1,1,1,1,1,0,0,0,0,0,0,0,0,0,0,0
2021-11-18 12:25:48pm: Sensor data :200000,800,700,400,35,140,34,1.7,9,1.9,3,1.1,1.8,170,1.3
2021-11-18 12:25:48pm: Command And Valve Status :2,1,2,1,1,1,1,1,1,1,0,0,0,0,0,0,0,0,1,0,0
2021-11-18 12:25:49pm: Command And Valve Status :2,1,2,1,1,1,1,1,1,1,0,0,0,0,0,0,0,0,1,0,0
2021-11-18 12:25:51pm: Command And Valve Status :2,1,2,1,1,1,1,1,1,1,0,0,0,0,0,1,1,0,0,0,0
2021-11-18 12:25:52pm: Command And Valve Status :2,1,2,1,1,1,1,1,1,1,0,0,0,0,0,0,0,0,1,0,0
2021-11-18 12:25:53pm: Sensor data :32000,700,650,300,31,120,32,1.2,7,1.5,1,0.9,1.6,150,1.1
2021-11-18 12:25:54pm: Command And Valve Status :2,1,2,1,1,1,1,1,1,1,0,0,0,0,0,0,0,0,1,0,0
2021-11-18 12:25:55pm: Command And Valve Status :2,1,2,1,1,1,1,1,1,1,0,0,0,0,0,0,0,0,0,0,1
2021-11-18 12:25:56pm: Command And Valve Status :2,1,2,1,1,1,1,1,1,1,0,0,0,0,0,0,0,1,1,0,0
2021-11-18 12:25:58pm: Command And Valve Status :2,1,2,1,1,1,1,1,1,1,0,0,0,0,0,0,0,1,0,0,0
2021-11-18 12:25:58pm: Sensor data :32000,900,800,500,38,160,26,1.7,9,1.9,3,1.1,1.8,170,1.3
2021-11-18 12:25:59pm: Command And Valve Status :2,1,2,1,1,1,1,1,1,1,0,1,0,0,0,0,0,0,0,0,0
2021-11-18 12:26:00pm: Command And Valve Status :2,1,2,1,1,1,1,1,1,1,0,0,0,0,0,0,0,0,0,0,0
2021-11-18 12:26:02pm: Command And Valve Status :2,1,2,1,1,1,1,1,1,1,0,0,0,0,0,0,0,1,0,0,0
2021-11-18 12:26:03pm: Sensor data :50000,900,800,500,38,160,26,1.7,9,1.9,3,1.1,1.8,170,1.3
2021-11-18 12:26:03pm: Command And Valve Status :2,1,2,1,1,1,1,1,1,1,0,0,0,0,0,0,0,1,0,0,0
2021-11-18 12:26:05pm: Command And Valve Status :2,1,2,1,1,1,1,1,1,1,0,0,0,1,1,0,0,0,0,0,0
2021-11-18 12:26:06pm: Command And Valve Status :2,1,2,1,1,1,1,1,1,1,0,0,0,0,0,0,0,1,0,0,0
2021-11-18 12:26:08pm: Command And Valve Status :2,1,2,1,1,1,1,1,1,1,0,0,0,0,0,0,0,1,0,0,0
2021-11-18 12:26:08pm: Sensor data :200000,700,650,300,31,120,32,1.6,8,1.8,2.2,1,1.7,160,1.2
2021-11-18 12:26:09pm: Command And Valve Status :2,1,2,1,1,1,1,1,1,1,0,0,0,0,0,0,0,0,0,0,0
2021-11-18 12:26:10pm: Command And Valve Status :2,1,2,1,1,1,1,1,1,1,0,0,0,0,0,0,0,1,1,0,0
2021-11-18 12:26:12pm: Command And Valve Status :2,1,2,1,1,1,1,1,1,1,0,0,0,0,0,0,1,0,0,0,0
2021-11-18 12:26:13pm: Command And Valve Status :2,1,2,1,1,1,1,1,1,1,0,0,0,0,0,0,0,0,0,0,0
2021-11-18 12:26:13pm: Sensor data :50000,700,650,300,31,120,32,1.7,9,1.9,3,1.1,1.8,170,1.3
2021-11-18 12:26:14pm: Command And Valve Status :2,1,2,1,1,1,1,1,1,1,0,0,0,0,0,0,0,0,0,0,0
2021-11-18 12:26:16pm: Command And Valve Status :2,1,2,1,1,1,1,1,1,1,0,0,0,0,0,0,1,0,0,0,0
2021-11-18 12:26:17pm: Command And Valve Status :2,1,2,1,1,1,1,1,1,1,0,0,0,0,1,1,0,0,0,0,0
2021-11-18 12:26:19pm: Sensor data :50000,800,700,400,35,140,34,1.6,8,1.8,2.2,1,1.7,160,1.2
2021-11-18 12:26:19pm: Command And Valve Status :2,1,2,1,1,1,1,1,1,1,0,0,0,1,0,0,0,0,0,0,0
2021-11-18 12:26:20pm: Command And Valve Status :2,1,2,1,1,1,1,1,1,1,0,0,0,0,0,0,1,0,0,0,0
2021-11-18 12:26:22pm: Command And Valve Status :2,1,2,1,1,1,1,1,1,1,0,0,0,0,0,0,1,0,0,0,0
2021-11-18 12:26:23pm: Command And Valve Status :2,1,2,1,1,1,1,1,1,1,0,0,0,0,0,0,0,0,1,1,0
2021-11-18 12:26:24pm: Sensor data :50000,900,800,500,38,160,26,1.7,9,1.9,3,1.1,1.8,170,1.3
2021-11-18 12:26:24pm: Command And Valve Status :2,1,2,1,1,1,1,1,1,1,0,0,0,0,0,0,1,0,0,0,0
2021-11-18 12:26:26pm: Command And Valve Status :2,1,2,1,1,1,1,1,1,1,0,0,0,0,0,0,1,0,0,0,0
2021-11-18 12:26:27pm: Command And Valve Status :2,1,2,1,1,1,1,1,1,1,0,0,0,0,0,0,0,0,0,0,0
2021-11-18 12:26:29pm: Command And Valve Status :2,1,2,1,1,1,1,1,1,1,0,0,0,0,0,0,0,0,0,0,1
2021-11-18 12:26:29pm: Sensor data :32000,900,800,500,38,160,26,1.2,7,1.5,1,0.9,1.6,150,1.1
2021-11-18 12:26:30pm: Command And Valve Status :2,1,2,1,1,1,1,1,1,1,0,0,0,0,1,0,0,0,0,0,0
2021-11-18 12:26:31pm: Command And Valve Status :2,1,2,1,1,1,1,1,1,1,0,0,1,1,0,0,0,0,0,0,0
2021-11-18 12:26:33pm: Command And Valve Status :2,1,2,1,1,1,1,1,1,1,0,0,0,0,0,0,0,0,0,0,0
2021-11-18 12:26:34pm: Sensor data :50000,800,700,400,35,140,34,1.6,8,1.8,2.2,1,1.7,160,1.2
2021-11-18 12:26:34pm: Command And Valve Status :2,1,2,1,1,1,1,1,1,1,0,0,0,0,1,0,0,0,0,0,0
2021-11-18 12:26:36pm: Command And Valve Status :2,1,2,1,1,1,1,1,1,1,0,0,0,1,0,0,0,0,0,0,0
2021-11-18 12:26:37pm: Command And Valve Status :2,1,2,1,1,1,1,1,1,1,0,0,0,0,0,1,0,0,0,0,0
2021-11-18 12:26:38pm: Command And Valve Status :2,1,2,1,1,1,1,1,1,1,0,0,0,1,0,0,0,0,0,0,0
2021-11-18 12:26:39pm: Sensor data :200000,800,700,400,35,140,34,1.2,7,1.5,1,0.9,1.6,150,1.1
2021-11-18 12:26:40pm: Command And Valve Status :2,1,2,1,1,1,1,1,1,1,0,1,0,0,0,0,0,0,0,0,0
2021-11-18 12:26:41pm: Command And Valve Status :2,1,2,1,1,1,1,1,1,1,0,0,0,0,0,0,0,0,1,0,0
2021-11-18 12:26:43pm: Command And Valve Status :2,1,2,1,1,1,1,1,1,1,0,0,0,0,1,1,0,0,0,0,0
2021-11-18 12:26:44pm: Command And Valve Status :2,1,2,1,1,1,1,1,1,1,0,1,0,0,0,0,0,0,0,0,0
2021-11-18 12:26:44pm: Sensor data :200000,700,650,300,31,120,32,1.2,7,1.5,1,0.9,1.6,150,1.1
2021-11-18 12:26:45pm: Command And Valve Status :2,1,2,1,1,1,1,1,1,1,0,0,0,0,0,0,0,0,0,0,1
2021-11-18 12:26:47pm: Command And Valve Status :2,1,2,1,1,1,1,1,1,1,0,0,0,0,0,0,0,0,0,0,1
2021-11-18 12:26:48pm: Command And Valve Status :2,1,2,1,1,1,1,1,1,1,0,0,0,0,0,0,0,0,0,0,1
2021-11-18 12:26:50pm: Sensor data :200000,900,800,500,38,160,26,1.6,8,1.8,2.2,1,1.7,160,1.2
2021-11-18 12:26:50pm: Command And Valve Status :2,1,2,1,1,1,1,1,1,1,0,0,0,0,0,0,0,0,0,0,1
2021-11-18 12:26:51pm: Command And Valve Status :2,1,2,1,1,1,1,1,1,1,0,0,0,0,0,0,0,0,0,0,0
2021-11-18 12:26:52pm: Command And Valve Status :2,1,2,1,1,1,1,1,1,1,0,0,0,0,0,0,0,0,0,0,0
2021-11-18 12:26:54pm: Command And Valve Status :2,1,2,1,1,1,1,1,1,1,0,0,0,0,0,0,0,0,0,0,1
2021-11-18 12:26:55pm: Sensor data :32000,900,800,500,38,160,26,1.6,8,1.8,2.2,1,1.7,160,1.2
2021-11-18 12:26:55pm: Command And Valve Status :2,1,2,1,1,1,1,1,1,1,0,0,0,0,0,0,0,1,0,0,0
2021-11-18 12:26:57pm: Command And Valve Status :2,1,2,1,1,1,1,1,1,1,0,0,0,0,1,0,0,0,0,0,0
2021-11-18 12:26:58pm: Command And Valve Status :2,1,2,1,1,1,1,1,1,1,0,0,0,0,0,0,0,0,0,1,0
2021-11-18 12:26:59pm: Command And Valve Status :2,1,2,1,1,1,1,1,1,1,0,0,0,0,0,0,0,0,0,1,0
2021-11-18 12:27:00pm: Sensor data :32000,800,700,400,35,140,34,1.6,8,1.8,2.2,1,1.7,160,1.2
2021-11-18 12:27:01pm: Command And Valve Status :2,1,2,1,1,1,1,1,1,1,0,0,0,0,0,0,0,0,1,0,0
2021-11-18 12:27:02pm: Command And Valve Status :2,1,2,1,1,1,1,1,1,1,0,0,0,0,0,0,0,0,0,1,0
2021-11-18 12:27:04pm: Command And Valve Status :2,1,2,1,1,1,1,1,1,1,0,0,0,0,0,0,0,0,0,1,0
2021-11-18 12:27:05pm: Command And Valve Status :2,1,2,1,1,1,1,1,1,1,0,0,0,0,0,0,0,0,0,0,0
2021-11-18 12:27:05pm: Sensor data :50000,900,800,500,38,160,26,1.7,9,1.9,3,1.1,1.8,170,1.3
2021-11-18 12:27:06pm: Command And Valve Status :2,1,2,1,1,1,1,1,1,1,0,0,0,0,0,0,0,0,0,0,0
2021-11-18 12:27:08pm: Command And Valve Status :2,1,2,1,1,1,1,1,1,1,0,0,0,0,0,0,0,0,0,1,0
2021-11-18 12:27:09pm: Command And Valve Status :2,1,2,1,1,1,1,1,1,1,0,0,0,0,1,0,0,0,0,0,0
2021-11-18 12:27:10pm: Sensor data :50000,700,650,300,31,120,32,1.7,9,1.9,3,1.1,1.8,170,1.3
2021-11-18 12:27:11pm: Command And Valve Status :2,1,2,1,1,1,1,1,1,1,0,1,0,0,0,0,0,0,0,0,0
2021-11-18 12:27:12pm: Command And Valve Status :2,1,2,1,1,1,1,1,1,1,0,0,0,0,0,0,0,1,0,0,0
2021-11-18 12:27:13pm: Command And Valve Status :2,1,2,1,1,1,1,1,1,1,0,0,0,0,0,0,0,1,0,0,0
2021-11-18 12:27:15pm: Command And Valve Status :2,1,2,1,1,1,1,1,1,1,0,0,1,1,0,0,0,0,0,0,0
2021-11-18 12:27:15pm: Sensor data :32000,900,800,500,38,160,26,1.2,7,1.5,1,0.9,1.6,150,1.1
2021-11-18 12:27:16pm: Command And Valve Status :2,1,2,1,1,1,1,1,1,1,0,0,0,0,0,0,1,0,0,0,0
2021-11-18 12:27:18pm: Command And Valve Status :2,1,2,1,1,1,1,1,1,1,0,0,0,0,0,0,1,0,0,0,0
2021-11-18 12:27:19pm: Command And Valve Status :2,1,2,1,1,1,1,1,1,1,0,0,0,0,0,0,0,0,0,1,1
2021-11-18 12:27:20pm: Command And Valve Status :2,1,2,1,1,1,1,1,1,1,0,0,0,0,0,0,1,0,0,0,0
2021-11-18 12:27:20pm: Sensor data :50000,900,800,500,38,160,26,1.2,7,1.5,1,0.9,1.6,150,1.1
2021-11-18 12:27:22pm: Command And Valve Status :2,1,2,1,1,1,1,1,1,1,0,0,0,0,0,1,0,0,0,0,0
2021-11-18 12:27:23pm: Command And Valve Status :2,1,2,1,1,1,1,1,1,1,0,0,0,0,0,0,0,0,0,0,0
2021-11-18 12:27:25pm: Command And Valve Status :2,1,2,1,1,1,1,1,1,1,0,0,0,0,0,0,0,0,0,0,0
2021-11-18 12:27:26pm: Sensor data :32000,800,700,400,35,140,34,1.2,7,1.5,1,0.9,1.6,150,1.1
2021-11-18 12:27:26pm: Command And Valve Status :2,1,2,1,1,1,1,1,1,1,0,0,0,0,0,1,0,0,0,0,0
2021-11-18 12:27:27pm: Command And Valve Status :2,1,2,1,1,1,1,1,1,1,0,0,0,0,1,0,0,0,0,0,0
2021-11-18 12:27:29pm: Command And Valve Status :2,1,2,1,1,1,1,1,1,1,0,1,0,0,0,0,0,0,0,0,0
2021-11-18 12:27:30pm: Command And Valve Status :2,1,2,1,1,1,1,1,1,1,0,0,0,0,1,0,0,0,0,0,0
2021-11-18 12:27:31pm: Sensor data :32000,700,650,300,31,120,32,1.2,7,1.5,1,0.9,1.6,150,1.1
2021-11-18 12:27:31pm: Command And Valve Status :2,1,2,1,1,1,1,1,1,1,0,0,0,0,1,0,0,0,0,0,0
2021-11-18 12:27:33pm: Command And Valve Status :2,1,2,1,1,1,1,1,1,1,0,0,0,0,0,1,0,0,0,0,0
2021-11-18 12:27:34pm: Command And Valve Status :2,1,2,1,1,1,1,1,1,1,0,0,0,0,1,0,0,0,0,0,0
2021-11-18 12:27:36pm: Command And Valve Status :2,1,2,1,1,1,1,1,1,1,0,0,0,0,1,0,0,0,0,0,0
2021-11-18 12:27:36pm: Sensor data :200000,900,800,500,38,160,26,1.7,9,1.9,3,1.1,1.8,170,1.3
2021-11-18 12:27:37pm: Command And Valve Status :2,1,2,1,1,1,1,1,1,1,0,0,0,0,0,0,0,0,0,0,0
2021-11-18 12:27:38pm: Command And Valve Status :2,1,2,1,1,1,1,1,1,1,0,0,0,0,0,0,0,0,1,0,0
2021-11-18 12:27:40pm: Command And Valve Status :2,1,2,1,1,1,1,1,1,1,0,0,0,0,1,0,0,0,0,0,0
2021-11-18 12:27:41pm: Sensor data :200000,800,700,400,35,140,34,1.7,9,1.9,3,1.1,1.8,170,1.3
2021-11-18 12:27:41pm: Command And Valve Status :2,1,2,1,1,1,1,1,1,1,0,1,1,0,0,0,0,0,0,0,0
2021-11-18 12:27:43pm: Command And Valve Status :2,1,2,1,1,1,1,1,1,1,0,0,0,0,0,0,0,0,0,0,0
2021-11-18 12:27:44pm: Command And Valve Status :2,1,2,1,1,1,1,1,1,1,0,0,0,0,1,0,0,0,0,0,0
2021-11-18 12:27:46pm: Command And Valve Status :2,1,2,1,1,1,1,1,1,1,0,0,0,0,1,0,0,0,0,0,0
2021-11-18 12:27:46pm: Sensor data :50000,800,700,400,35,140,34,1.2,7,1.5,1,0.9,1.6,150,1.1
2021-11-18 12:27:47pm: Command And Valve Status :2,1,2,1,1,1,1,1,1,1,0,0,0,0,0,0,0,1,0,0,0
2021-11-18 12:27:48pm: Command And Valve Status :2,1,2,1,1,1,1,1,1,1,0,0,0,0,1,0,0,0,0,0,0
2021-11-18 12:27:50pm: Command And Valve Status :2,1,2,1,1,1,1,1,1,1,0,0,0,0,1,0,0,0,0,0,0
2021-11-18 12:27:51pm: Command And Valve Status :2,1,2,1,1,1,1,1,1,1,0,0,0,0,0,0,0,0,0,0,0
2021-11-18 12:27:51pm: Sensor data :50000,700,650,300,31,120,32,1.6,8,1.8,2.2,1,1.7,160,1.2
2021-11-18 12:27:53pm: Command And Valve Status :2,1,2,1,1,1,1,1,1,1,0,0,0,0,0,0,0,0,0,0,1
2021-11-18 12:27:54pm: Command And Valve Status :2,1,2,1,1,1,1,1,1,1,0,0,0,1,0,0,0,0,0,0,0
2021-11-18 12:27:55pm: Command And Valve Status :2,1,2,1,1,1,1,1,1,1,0,1,1,0,0,0,0,0,0,0,0
2021-11-18 12:27:56pm: Sensor data :50000,800,700,400,35,140,34,1.7,9,1.9,3,1.1,1.8,170,1.3
2021-11-18 12:27:57pm: Command And Valve Status :2,1,2,1,1,1,1,1,1,1,0,0,0,0,0,0,0,0,0,0,0
2021-11-18 12:27:58pm: Command And Valve Status :2,1,2,1,1,1,1,1,1,1,0,0,0,1,0,0,0,0,0,0,0
2021-11-18 12:28:00pm: Command And Valve Status :2,1,2,1,1,1,1,1,1,1,0,0,1,0,0,0,0,0,0,0,0
2021-11-18 12:28:01pm: Command And Valve Status :2,1,2,1,1,1,1,1,1,1,0,0,0,1,1,0,0,0,0,0,0
2021-11-18 12:28:02pm: Sensor data :32000,800,700,400,35,140,34,1.6,8,1.8,2.2,1,1.7,160,1.2
2021-11-18 12:28:02pm: Command And Valve Status :2,1,2,1,1,1,1,1,1,1,0,0,1,0,0,0,0,0,0,0,0
2021-11-18 12:28:04pm: Command And Valve Status :2,1,2,1,1,1,1,1,1,1,0,0,1,0,0,0,0,0,0,0,0
2021-11-18 12:28:05pm: Command And Valve Status :2,1,2,1,1,1,1,1,1,1,0,0,0,0,0,0,1,0,0,0,0
2021-11-18 12:28:07pm: Command And Valve Status :2,1,2,1,1,1,1,1,1,1,0,0,0,1,0,0,0,0,0,0,0
2021-11-18 12:28:07pm: Sensor data :32000,900,800,500,38,160,26,1.7,9,1.9,3,1.1,1.8,170,1.3
2021-11-18 12:28:08pm: Command And Valve Status :2,1,2,1,1,1,1,1,1,1,0,0,0,0,0,0,0,0,0,0,1
2021-11-18 12:28:09pm: Command And Valve Status :2,1,2,1,1,1,1,1,1,1,0,0,0,0,0,0,0,0,0,1,0
2021-11-18 12:28:11pm: Command And Valve Status :2,1,2,1,1,1,1,1,1,1,0,0,0,0,0,0,0,0,0,1,1
2021-11-18 12:28:12pm: Sensor data :32000,900,800,500,38,160,26,1.2,7,1.5,1,0.9,1.6,150,1.1
2021-11-18 12:28:12pm: Command And Valve Status :2,1,2,1,1,1,1,1,1,1,0,0,0,0,0,0,0,0,0,1,0
2021-11-18 12:28:14pm: Command And Valve Status :2,1,2,1,1,1,1,1,1,1,0,0,0,0,0,0,0,0,1,0,0
2021-11-18 12:28:15pm: Command And Valve Status :2,1,2,1,1,1,1,1,1,1,0,0,0,0,0,0,0,0,0,0,0
2021-11-18 12:28:16pm: Command And Valve Status :2,1,2,1,1,1,1,1,1,1,0,0,0,0,0,0,0,0,0,0,0
2021-11-18 12:28:17pm: Sensor data :50000,800,700,400,35,140,34,1.2,7,1.5,1,0.9,1.6,150,1.1
2021-11-18 12:28:18pm: Command And Valve Status :2,1,2,1,1,1,1,1,1,1,0,0,0,0,0,0,0,1,0,0,0
2021-11-18 12:28:19pm: Command And Valve Status :2,1,2,1,1,1,1,1,1,1,0,0,1,1,0,0,0,0,0,0,0
2021-11-18 12:28:21pm: Command And Valve Status :2,1,2,1,1,1,1,1,1,1,0,0,0,0,0,0,0,0,0,0,0
2021-11-18 12:28:22pm: Command And Valve Status :2,1,2,1,1,1,1,1,1,1,0,0,0,0,0,0,0,1,0,0,0
2021-11-18 12:28:22pm: Sensor data :50000,800,700,400,35,140,34,1.6,8,1.8,2.2,1,1.7,160,1.2
2021-11-18 12:28:23pm: Command And Valve Status :2,1,2,1,1,1,1,1,1,1,0,0,0,0,0,0,0,1,0,0,0
2021-11-18 12:28:25pm: Command And Valve Status :2,1,2,1,1,1,1,1,1,1,0,0,0,0,0,0,1,1,0,0,0
2021-11-18 12:28:26pm: Command And Valve Status :2,1,2,1,1,1,1,1,1,1,0,0,0,0,0,0,0,1,0,0,0
2021-11-18 12:28:27pm: Sensor data :50000,800,700,400,35,140,34,1.2,7,1.5,1,0.9,1.6,150,1.1
2021-11-18 12:28:28pm: Command And Valve Status :2,1,2,1,1,1,1,1,1,1,0,0,0,0,0,0,1,0,0,0,0
2021-11-18 12:28:29pm: Command And Valve Status :2,1,2,1,1,1,1,1,1,1,0,0,0,0,0,0,0,0,0,0,0
2021-11-18 12:28:30pm: Command And Valve Status :2,1,2,1,1,1,1,1,1,1,0,0,0,0,0,0,1,0,0,0,0
2021-11-18 12:28:32pm: Command And Valve Status :2,1,2,1,1,1,1,1,1,1,0,0,0,0,0,1,0,0,0,0,0
2021-11-18 12:28:33pm: Sensor data :32000,800,700,400,35,140,34,1.6,8,1.8,2.2,1,1.7,160,1.2
2021-11-18 12:28:33pm: Command And Valve Status :2,1,2,1,1,1,1,1,1,1,0,0,0,0,0,0,0,0,0,0,0
2021-11-18 12:28:35pm: Command And Valve Status :2,1,2,1,1,1,1,1,1,1,0,0,0,0,0,0,0,0,0,0,0
2021-11-18 12:28:36pm: Command And Valve Status :2,1,2,1,1,1,1,1,1,1,0,0,0,0,1,0,0,0,0,0,0
2021-11-18 12:28:37pm: Command And Valve Status :2,1,2,1,1,1,1,1,1,1,0,0,0,0,1,0,0,0,0,0,0
2021-11-18 12:28:38pm: Sensor data :50000,800,700,400,35,140,34,1.2,7,1.5,1,0.9,1.6,150,1.1
2021-11-18 12:28:39pm: Command And Valve Status :2,1,2,1,1,1,1,1,1,1,0,1,1,0,0,0,0,0,0,0,0
2021-11-18 12:28:40pm: Command And Valve Status :2,1,2,1,1,1,1,1,1,1,0,0,0,0,1,0,0,0,0,0,0
2021-11-18 12:28:42pm: Command And Valve Status :2,1,2,1,1,1,1,1,1,1,0,0,0,0,1,0,0,0,0,0,0
2021-11-18 12:28:43pm: Sensor data :50000,900,800,500,38,160,26,1.7,9,1.9,3,1.1,1.8,170,1.3
2021-11-18 12:28:43pm: Command And Valve Status :2,1,2,1,1,1,1,1,1,1,0,0,0,0,0,1,0,0,0,0,0
2021-11-18 12:28:44pm: Command And Valve Status :2,1,2,1,1,1,1,1,1,1,0,0,0,1,0,0,0,0,0,0,0
2021-11-18 12:28:46pm: Command And Valve Status :2,1,2,1,1,1,1,1,1,1,0,0,1,0,0,0,0,0,0,0,0
2021-11-18 12:28:47pm: Command And Valve Status :2,1,2,1,1,1,1,1,1,1,0,0,0,0,0,0,0,0,1,0,0
2021-11-18 12:28:48pm: Sensor data :50000,900,800,500,38,160,26,1.7,9,1.9,3,1.1,1.8,170,1.3
2021-11-18 12:28:49pm: Command And Valve Status :2,1,2,1,1,1,1,1,1,1,0,0,0,0,0,1,1,0,0,0,0
2021-11-18 12:28:50pm: Command And Valve Status :2,1,2,1,1,1,1,1,1,1,0,1,0,0,0,0,0,0,0,0,0
2021-11-18 12:28:51pm: Command And Valve Status :2,1,2,1,1,1,1,1,1,1,0,0,0,0,0,0,0,0,0,0,0
2021-11-18 12:28:53pm: Command And Valve Status :2,1,2,1,1,1,1,1,1,1,0,0,0,0,0,0,0,0,0,0,0
2021-11-18 12:28:53pm: Sensor data :32000,700,650,300,31,120,32,1.7,9,1.9,3,1.1,1.8,170,1.3
2021-11-18 12:28:54pm: Command And Valve Status :2,1,2,1,1,1,1,1,1,1,0,1,0,0,0,0,0,0,0,0,0
2021-11-18 12:28:56pm: Command And Valve Status :2,1,2,1,1,1,1,1,1,1,0,0,0,0,0,0,0,0,0,0,1
2021-11-18 12:28:57pm: Command And Valve Status :2,1,2,1,1,1,1,1,1,1,0,1,0,0,0,0,0,0,0,0,0
2021-11-18 12:28:58pm: Command And Valve Status :2,1,2,1,1,1,1,1,1,1,0,0,0,0,0,0,0,0,0,0,0
2021-11-18 12:28:59pm: Sensor data :200000,900,800,500,38,160,26,1.7,9,1.9,3,1.1,1.8,170,1.3
2021-11-18 12:29:00pm: Command And Valve Status :2,1,2,1,1,1,1,1,1,1,0,0,0,0,0,0,0,0,0,0,1
2021-11-18 12:29:01pm: Command And Valve Status :2,1,2,1,1,1,1,1,1,1,0,0,0,0,0,0,0,0,1,1,0
2021-11-18 12:29:03pm: Command And Valve Status :2,1,2,1,1,1,1,1,1,1,0,0,0,0,0,1,1,0,0,0,0
2021-11-18 12:29:04pm: Sensor data :32000,700,650,300,31,120,32,1.6,8,1.8,2.2,1,1.7,160,1.2
2021-11-18 12:29:04pm: Command And Valve Status :2,1,2,1,1,1,1,1,1,1,0,0,0,0,0,0,0,0,1,0,0
2021-11-18 12:29:05pm: Command And Valve Status :2,1,2,1,1,1,1,1,1,1,0,0,0,0,0,0,0,1,0,0,0
2021-11-18 12:29:07pm: Command And Valve Status :2,1,2,1,1,1,1,1,1,1,0,0,0,0,0,0,1,0,0,0,0
2021-11-18 12:29:08pm: Command And Valve Status :2,1,2,1,1,1,1,1,1,1,0,0,0,0,0,0,0,1,0,0,0
2021-11-18 12:29:09pm: Sensor data :32000,700,650,300,31,120,32,1.7,9,1.9,3,1.1,1.8,170,1.3
2021-11-18 12:29:10pm: Command And Valve Status :2,1,2,1,1,1,1,1,1,1,0,0,0,0,0,0,0,1,0,0,0
2021-11-18 12:29:11pm: Command And Valve Status :2,1,2,1,1,1,1,1,1,1,0,0,0,0,0,0,0,0,0,0,0
2021-11-18 12:29:12pm: Command And Valve Status :2,1,2,1,1,1,1,1,1,1,0,0,0,0,0,0,0,0,0,1,0
2021-11-18 12:29:14pm: Command And Valve Status :2,1,2,1,1,1,1,1,1,1,0,0,0,0,0,0,1,0,0,0,0
2021-11-18 12:29:14pm: Sensor data :50000,800,700,400,35,140,34,1.6,8,1.8,2.2,1,1.7,160,1.2
2021-11-18 12:29:15pm: Command And Valve Status :2,1,2,1,1,1,1,1,1,1,0,1,0,0,0,0,0,0,0,0,0
2021-11-18 12:29:17pm: Command And Valve Status :2,1,2,1,1,1,1,1,1,1,0,0,0,0,0,0,0,0,0,0,0
2021-11-18 12:29:18pm: Command And Valve Status :2,1,2,1,1,1,1,1,1,1,0,0,0,0,0,0,1,0,0,0,0
2021-11-18 12:29:19pm: Sensor data :50000,700,650,300,31,120,32,1.2,7,1.5,1,0.9,1.6,150,1.1
2021-11-18 12:29:19pm: Command And Valve Status :2,1,2,1,1,1,1,1,1,1,0,0,0,0,0,1,0,0,0,0,0
2021-11-18 12:29:21pm: Command And Valve Status :2,1,2,1,1,1,1,1,1,1,0,0,1,1,0,0,0,0,0,0,0
2021-11-18 12:29:22pm: Command And Valve Status :2,1,2,1,1,1,1,1,1,1,0,0,0,0,0,1,0,0,0,0,0
2021-11-18 12:29:24pm: Command And Valve Status :2,1,2,1,1,1,1,1,1,1,0,0,0,0,0,1,0,0,0,0,0
2021-11-18 12:29:24pm: Sensor data :200000,900,800,500,38,160,26,1.6,8,1.8,2.2,1,1.7,160,1.2
2021-11-18 12:29:25pm: Command And Valve Status :2,1,2,1,1,1,1,1,1,1,0,0,0,0,0,0,0,0,0,0,1
2021-11-18 12:29:26pm: Command And Valve Status :2,1,2,1,1,1,1,1,1,1,0,0,0,0,0,0,1,1,0,0,0
2021-11-18 12:29:28pm: Command And Valve Status :2,1,2,1,1,1,1,1,1,1,0,0,0,0,1,0,0,0,0,0,0
2021-11-18 12:29:29pm: Command And Valve Status :2,1,2,1,1,1,1,1,1,1,0,0,0,0,0,0,0,0,0,0,0
2021-11-18 12:29:30pm: Sensor data :200000,800,700,400,35,140,34,1.6,8,1.8,2.2,1,1.7,160,1.2
2021-11-18 12:29:31pm: Command And Valve Status :2,1,2,1,1,1,1,1,1,1,0,0,0,0,0,0,0,0,0,0,1
2021-11-18 12:29:32pm: Command And Valve Status :2,1,2,1,1,1,1,1,1,1,0,0,0,0,1,0,0,0,0,0,0
2021-11-18 12:29:33pm: Command And Valve Status :2,1,2,1,1,1,1,1,1,1,0,0,0,1,0,0,0,0,0,0,0
2021-11-18 12:29:35pm: Sensor data :32000,700,650,300,31,120,32,1.6,8,1.8,2.2,1,1.7,160,1.2
2021-11-18 12:29:35pm: Command And Valve Status :2,1,2,1,1,1,1,1,1,1,0,0,0,0,0,0,0,0,0,0,0
2021-11-18 12:29:36pm: Command And Valve Status :2,1,2,1,1,1,1,1,1,1,0,0,0,1,0,0,0,0,0,0,0
2021-11-18 12:29:38pm: Command And Valve Status :2,1,2,1,1,1,1,1,1,1,0,0,0,1,0,0,0,0,0,0,0
2021-11-18 12:29:39pm: Command And Valve Status :2,1,2,1,1,1,1,1,1,1,0,0,0,0,0,0,1,1,0,0,0
2021-11-18 12:29:40pm: Sensor data :200000,900,800,500,38,160,26,1.6,8,1.8,2.2,1,1.7,160,1.2
2021-11-18 12:29:40pm: Command And Valve Status :2,1,2,1,1,1,1,1,1,1,0,0,0,0,1,0,0,0,0,0,0
2021-11-18 12:29:42pm: Command And Valve Status :2,1,2,1,1,1,1,1,1,1,0,0,1,0,0,0,0,0,0,0,0
2021-11-18 12:29:43pm: Command And Valve Status :2,1,2,1,1,1,1,1,1,1,0,0,0,0,0,0,0,0,0,0,0
2021-11-18 12:29:45pm: Command And Valve Status :2,1,2,1,1,1,1,1,1,1,0,0,0,0,0,0,0,1,1,1,0
2021-11-18 12:29:45pm: Sensor data :32000,800,700,400,35,140,34,1.7,9,1.9,3,1.1,1.8,170,1.3
2021-11-18 12:29:46pm: Command And Valve Status :2,1,2,1,1,1,1,1,1,1,0,0,1,0,0,0,0,0,0,0,0
2021-11-18 12:29:47pm: Command And Valve Status :2,1,2,1,1,1,1,1,1,1,0,1,1,0,0,0,0,0,0,0,0
2021-11-18 12:29:49pm: Command And Valve Status :2,1,2,1,1,1,1,1,1,1,0,0,0,0,0,0,0,0,0,0,0
2021-11-18 12:29:50pm: Command And Valve Status :2,1,2,1,1,1,1,1,1,1,0,0,1,0,0,0,0,0,0,0,0
2021-11-18 12:29:50pm: Sensor data :200000,700,650,300,31,120,32,1.6,8,1.8,2.2,1,1.7,160,1.2
2021-11-18 12:29:52pm: Command And Valve Status :2,1,2,1,1,1,1,1,1,1,0,1,0,0,0,0,0,0,0,0,0
2021-11-18 12:29:53pm: Command And Valve Status :2,1,2,1,1,1,1,1,1,1,0,0,0,0,1,1,0,0,0,0,0
2021-11-18 12:29:54pm: Command And Valve Status :2,1,2,1,1,1,1,1,1,1,0,1,1,0,0,0,0,0,0,0,0
2021-11-18 12:29:56pm: Sensor data :50000,800,700,400,35,140,34,1.2,7,1.5,1,0.9,1.6,150,1.1
2021-11-18 12:29:56pm: Command And Valve Status :2,1,2,1,1,1,1,1,1,1,0,1,0,0,0,0,0,0,0,0,0
2021-11-18 12:29:57pm: Command And Valve Status :2,1,2,1,1,1,1,1,1,1,0,0,0,0,0,0,0,0,0,0,0
2021-11-18 12:29:59pm: Command And Valve Status :2,1,2,1,1,1,1,1,1,1,0,0,0,0,0,0,0,0,1,0,0
2021-11-18 12:30:00pm: Command And Valve Status :2,1,2,1,1,1,1,1,1,1,0,1,0,0,0,0,0,0,0,0,0
2021-11-18 12:30:01pm: Sensor data :50000,900,800,500,38,160,26,1.2,7,1.5,1,0.9,1.6,150,1.1
2021-11-18 12:30:01pm: Command And Valve Status :2,1,2,1,1,1,1,1,1,1,0,1,0,0,0,0,0,0,0,0,0
2021-11-18 12:30:03pm: Command And Valve Status :2,1,2,1,1,1,1,1,1,1,0,0,0,0,0,0,0,0,0,0,0
2021-11-18 12:30:04pm: Command And Valve Status :2,1,2,1,1,1,1,1,1,1,0,1,0,0,0,0,0,0,0,0,0
2021-11-18 12:30:06pm: Command And Valve Status :2,1,2,1,1,1,1,1,1,1,0,1,0,0,0,0,0,0,0,0,0
2021-11-18 12:30:06pm: Sensor data :32000,700,650,300,31,120,32,1.7,9,1.9,3,1.1,1.8,170,1.3
2021-11-18 12:30:07pm: Command And Valve Status :2,1,2,1,1,1,1,1,1,1,0,0,0,0,1,1,0,0,0,0,0
2021-11-18 12:30:08pm: Command And Valve Status :2,1,2,1,1,1,1,1,1,1,0,0,1,0,0,0,0,0,0,0,0
2021-11-18 12:30:10pm: Command And Valve Status :2,1,2,1,1,1,1,1,1,1,0,1,0,0,0,0,0,0,0,0,0
2021-11-18 12:30:11pm: Sensor data :50000,700,650,300,31,120,32,1.7,9,1.9,3,1.1,1.8,170,1.3
2021-11-18 12:30:11pm: Command And Valve Status :2,1,2,1,1,1,1,1,1,1,0,0,0,0,0,0,0,0,0,0,0
2021-11-18 12:30:13pm: Command And Valve Status :2,1,2,1,1,1,1,1,1,1,0,0,0,0,0,0,0,0,0,1,1
2021-11-18 12:30:14pm: Command And Valve Status :2,1,2,1,1,1,1,1,1,1,0,1,0,0,0,0,0,0,0,0,0
2021-11-18 12:30:16pm: Command And Valve Status :2,1,2,1,1,1,1,1,1,1,0,1,0,0,0,0,0,0,0,0,0
2021-11-18 12:30:16pm: Sensor data :50000,900,800,500,38,160,26,1.7,9,1.9,3,1.1,1.8,170,1.3
2021-11-18 12:30:17pm: Command And Valve Status :2,1,2,1,1,1,1,1,1,1,0,0,0,0,1,0,0,0,0,0,0
2021-11-18 12:30:19pm: Command And Valve Status :2,1,2,1,1,1,1,1,1,1,0,0,0,1,1,0,0,0,0,0,0
2021-11-18 12:30:20pm: Command And Valve Status :2,1,2,1,1,1,1,1,1,1,0,1,0,0,0,0,0,0,0,0,0
2021-11-18 12:30:21pm: Command And Valve Status :2,1,2,1,1,1,1,1,1,1,0,0,0,0,0,0,0,0,0,0,0
2021-11-18 12:30:22pm: Sensor data :200000,800,700,400,35,140,34,1.7,9,1.9,3,1.1,1.8,170,1.3
2021-11-18 12:30:23pm: Command And Valve Status :2,1,2,1,1,1,1,1,1,1,0,0,0,0,0,0,0,0,0,0,1
2021-11-18 12:30:24pm: Command And Valve Status :2,1,2,1,1,1,1,1,1,1,0,1,0,0,0,0,0,0,0,0,0
2021-11-18 12:30:25pm: Command And Valve Status :2,1,2,1,1,1,1,1,1,1,0,1,0,0,0,0,0,0,0,0,0
2021-11-18 12:30:27pm: Command And Valve Status :2,1,2,1,1,1,1,1,1,1,0,0,0,0,0,0,0,0,0,0,0
2021-11-18 12:30:27pm: Sensor data :200000,900,800,500,38,160,26,1.6,8,1.8,2.2,1,1.7,160,1.2
2021-11-18 12:30:28pm: Command And Valve Status :2,1,2,1,1,1,1,1,1,1,0,0,0,0,0,0,0,0,0,0,1
2021-11-18 12:30:30pm: Command And Valve Status :2,1,2,1,1,1,1,1,1,1,0,0,0,0,0,0,0,0,0,1,0
2021-11-18 12:30:31pm: Command And Valve Status :2,1,2,1,1,1,1,1,1,1,0,0,0,1,0,0,0,0,0,0,0
2021-11-18 12:30:32pm: Sensor data :50000,800,700,400,35,140,34,1.2,7,1.5,1,0.9,1.6,150,1.1
2021-11-18 12:30:32pm: Command And Valve Status :2,1,2,1,1,1,1,1,1,1,0,1,0,0,0,0,0,0,0,0,0
2021-11-18 12:30:34pm: Command And Valve Status :2,1,2,1,1,1,1,1,1,1,0,0,0,0,0,0,0,0,1,0,0
2021-11-18 12:30:35pm: Command And Valve Status :2,1,2,1,1,1,1,1,1,1,0,0,0,0,0,0,0,0,1,0,0
2021-11-18 12:30:37pm: Command And Valve Status :2,1,2,1,1,1,1,1,1,1,0,0,0,0,1,1,0,0,0,0,0
2021-11-18 12:30:37pm: Sensor data :200000,800,700,400,35,140,34,1.6,8,1.8,2.2,1,1.7,160,1.2
2021-11-18 12:30:38pm: Command And Valve Status :2,1,2,1,1,1,1,1,1,1,0,0,0,0,0,0,0,0,1,0,0
2021-11-18 12:30:39pm: Command And Valve Status :2,1,2,1,1,1,1,1,1,1,0,0,0,0,0,0,0,0,1,0,0
2021-11-18 12:30:41pm: Command And Valve Status :2,1,2,1,1,1,1,1,1,1,0,0,0,0,0,0,0,0,0,0,1
2021-11-18 12:30:42pm: Command And Valve Status :2,1,2,1,1,1,1,1,1,1,0,0,0,0,0,0,0,0,1,0,0
2021-11-18 12:30:42pm: Sensor data :200000,700,650,300,31,120,32,1.7,9,1.9,3,1.1,1.8,170,1.3
2021-11-18 12:30:44pm: Command And Valve Status :2,1,2,1,1,1,1,1,1,1,0,0,0,0,0,0,0,0,1,0,0
2021-11-18 12:30:45pm: Command And Valve Status :2,1,2,1,1,1,1,1,1,1,0,0,1,0,0,0,0,0,0,0,0
2021-11-18 12:30:47pm: Command And Valve Status :2,1,2,1,1,1,1,1,1,1,0,0,0,0,0,0,0,0,0,0,0
2021-11-18 12:30:48pm: Sensor data :200000,700,650,300,31,120,32,1.6,8,1.8,2.2,1,1.7,160,1.2
2021-11-18 12:30:48pm: Command And Valve Status :2,1,2,1,1,1,1,1,1,1,0,0,0,0,0,0,0,0,1,0,0
2021-11-18 12:30:49pm: Command And Valve Status :2,1,2,1,1,1,1,1,1,1,0,0,0,0,0,0,0,0,1,0,0
2021-11-18 12:30:51pm: Command And Valve Status :2,1,2,1,1,1,1,1,1,1,0,0,0,0,0,0,1,0,0,0,0
2021-11-18 12:30:52pm: Command And Valve Status :2,1,2,1,1,1,1,1,1,1,0,0,0,0,0,0,0,1,0,0,0
2021-11-18 12:30:53pm: Sensor data :32000,900,650,300,31,120,32,1.6,9,1.9,3,1.1,1.8,170,1.3
2021-11-18 12:30:54pm: Command And Valve Status :2,1,2,1,1,1,1,1,1,1,0,0,0,0,0,1,0,0,0,0,0
2021-11-18 12:30:55pm: Command And Valve Status :2,1,2,1,1,1,1,1,1,1,0,0,0,0,0,0,0,1,1,0,0
2021-11-18 12:30:56pm: Command And Valve Status :2,1,2,1,1,1,1,1,1,1,0,0,0,0,1,0,0,0,0,0,0
2021-11-18 12:30:58pm: Command And Valve Status :2,1,2,1,1,1,1,1,1,1,0,0,0,1,0,0,0,0,0,0,0
2021-11-18 12:30:58pm: Sensor data :32000,700,650,300,31,120,32,1.2,7,1.5,1,0.9,1.6,150,1.1
2021-11-18 12:30:59pm: Command And Valve Status :2,1,2,1,1,1,1,1,1,1,0,0,0,0,0,0,0,0,0,1,0
2021-11-18 12:31:01pm: Command And Valve Status :2,1,2,1,1,1,1,1,1,1,0,0,0,0,0,0,1,1,0,0,0
2021-11-18 12:31:02pm: Command And Valve Status :2,1,2,1,1,1,1,1,1,1,0,1,0,0,0,0,0,0,0,0,0
2021-11-18 12:31:03pm: Sensor data :50000,900,800,500,38,160,26,1.7,9,1.9,3,1.1,1.8,170,1.3
2021-11-18 12:31:03pm: Command And Valve Status :2,1,2,1,1,1,1,1,1,1,0,0,0,0,0,0,0,0,0,0,1
2021-11-18 12:31:05pm: Command And Valve Status :2,1,2,1,1,1,1,1,1,1,0,0,0,0,0,0,0,0,0,1,1
2021-11-18 12:31:06pm: Command And Valve Status :2,1,2,1,1,1,1,1,1,1,0,0,0,0,0,0,0,0,0,0,1
2021-11-18 12:31:08pm: Command And Valve Status :2,1,2,1,1,1,1,1,1,1,0,0,0,0,0,0,0,0,0,0,1
2021-11-18 12:31:08pm: Sensor data :50000,700,650,300,31,120,32,1.2,7,1.5,1,0.9,1.6,150,1.1
2021-11-18 12:31:09pm: Command And Valve Status :2,1,2,1,1,1,1,1,1,1,0,0,0,0,0,0,0,0,0,0,0
2021-11-18 12:31:10pm: Command And Valve Status :2,1,2,1,1,1,1,1,1,1,0,0,0,0,0,0,0,0,0,0,0
2021-11-18 12:31:12pm: Command And Valve Status :2,1,2,1,1,1,1,1,1,1,0,0,0,0,0,0,0,0,0,0,1
2021-11-18 12:31:13pm: Command And Valve Status :2,1,2,1,1,1,1,1,1,1,0,0,0,0,0,0,1,1,0,0,0
2021-11-18 12:31:14pm: Sensor data :200000,700,650,300,31,120,32,1.2,7,1.5,1,0.9,1.6,150,1.1
2021-11-18 12:31:15pm: Command And Valve Status :2,1,2,1,1,1,1,1,1,1,0,0,0,1,0,0,0,0,0,0,0
2021-11-18 12:31:16pm: Command And Valve Status :2,1,2,1,1,1,1,1,1,1,0,0,0,0,0,0,0,0,0,1,0
2021-11-18 12:31:17pm: Command And Valve Status :2,1,2,1,1,1,1,1,1,1,0,0,0,0,0,0,0,0,0,1,0
2021-11-18 12:31:19pm: Sensor data :32000,800,700,400,35,140,34,1.7,9,1.9,3,1.1,1.8,170,1.3
2021-11-18 12:31:19pm: Command And Valve Status :2,1,2,1,1,1,1,1,1,1,0,0,0,0,0,0,0,0,1,1,0
2021-11-18 12:31:20pm: Command And Valve Status :2,1,2,1,1,1,1,1,1,1,0,0,0,0,0,0,0,0,0,1,0
2021-11-18 12:31:22pm: Command And Valve Status :2,1,2,1,1,1,1,1,1,1,0,0,0,0,0,0,0,0,1,0,0
2021-11-18 12:31:23pm: Command And Valve Status :2,1,2,1,1,1,1,1,1,1,0,0,0,0,0,0,0,0,0,0,0
2021-11-18 12:31:24pm: Sensor data :50000,700,650,300,31,120,32,1.2,7,1.5,1,0.9,1.6,150,1.1
2021-11-18 12:31:24pm: Command And Valve Status :2,1,2,1,1,1,1,1,1,1,0,0,0,0,0,0,0,0,1,0,0
2021-11-18 12:31:26pm: Command And Valve Status :2,1,2,1,1,1,1,1,1,1,0,0,0,0,0,0,1,0,0,0,0
2021-11-18 12:31:27pm: Command And Valve Status :2,1,2,1,1,1,1,1,1,1,0,0,0,0,0,0,0,0,0,0,0
2021-11-18 12:31:29pm: Command And Valve Status :2,1,2,1,1,1,1,1,1,1,0,0,0,0,0,0,0,0,0,0,0
2021-11-18 12:31:29pm: Sensor data :50000,800,700,400,35,140,34,1.2,7,1.5,1,0.9,1.6,150,1.1
2021-11-18 12:31:30pm: Command And Valve Status :2,1,2,1,1,1,1,1,1,1,0,0,0,0,0,0,1,0,0,0,0
2021-11-18 12:31:31pm: Command And Valve Status :2,1,2,1,1,1,1,1,1,1,0,0,0,0,0,1,0,0,0,0,0
2021-11-18 12:31:33pm: Command And Valve Status :2,1,2,1,1,1,1,1,1,1,0,0,1,1,0,0,0,0,0,0,0
2021-11-18 12:31:34pm: Command And Valve Status :2,1,2,1,1,1,1,1,1,1,0,0,0,0,0,1,0,0,0,0,0
2021-11-18 12:31:34pm: Sensor data :50000,900,800,500,38,160,26,1.6,8,1.8,2.2,1,1.7,160,1.2
2021-11-18 12:31:36pm: Command And Valve Status :2,1,2,1,1,1,1,1,1,1,0,0,0,0,0,1,0,0,0,0,0
2021-11-18 12:31:37pm: Command And Valve Status :2,1,2,1,1,1,1,1,1,1,0,0,0,0,0,0,0,1,1,0,0
2021-11-18 12:31:38pm: Command And Valve Status :2,1,2,1,1,1,1,1,1,1,0,0,0,0,1,0,0,0,0,0,0
2021-11-18 12:31:40pm: Command And Valve Status :2,1,2,1,1,1,1,1,1,1,0,0,0,1,0,0,0,0,0,0,0
2021-11-18 12:31:40pm: Sensor data :50000,800,700,400,35,140,34,1.6,8,1.8,2.2,1,1.7,160,1.2
2021-11-18 12:31:41pm: Command And Valve Status :2,1,2,1,1,1,1,1,1,1,0,0,0,0,0,0,0,0,0,0,1
2021-11-18 12:31:43pm: Command And Valve Status :2,1,2,1,1,1,1,1,1,1,0,0,0,0,0,0,0,0,1,0,0
2021-11-18 12:31:44pm: Command And Valve Status :2,1,2,1,1,1,1,1,1,1,0,1,0,0,0,0,0,0,0,0,0
2021-11-18 12:31:45pm: Sensor data :32000,700,650,300,31,120,32,1.2,7,1.5,1,0.9,1.6,150,1.1
2021-11-18 12:31:45pm: Command And Valve Status :2,1,2,1,1,1,1,1,1,1,0,1,0,0,0,0,0,0,0,0,0
2021-11-18 12:31:47pm: Command And Valve Status :2,1,2,1,1,1,1,1,1,1,0,0,0,0,0,0,0,0,0,0,0
2021-11-18 12:31:48pm: Command And Valve Status :2,1,2,1,1,1,1,1,1,1,0,0,0,0,0,0,0,0,0,0,1
2021-11-18 12:31:50pm: Command And Valve Status :2,1,2,1,1,1,1,1,1,1,0,0,0,0,0,0,0,0,0,0,1
2021-11-18 12:31:50pm: Sensor data :200000,800,700,400,35,140,34,1.6,8,1.8,2.2,1,1.7,160,1.2
2021-11-18 12:31:51pm: Command And Valve Status :2,1,2,1,1,1,1,1,1,1,0,0,1,0,0,0,0,0,0,0,0
2021-11-18 12:31:52pm: Command And Valve Status :2,1,2,1,1,1,1,1,1,1,0,0,0,0,0,0,0,0,0,0,0
2021-11-18 12:31:54pm: Command And Valve Status :2,1,2,1,1,1,1,1,1,1,0,0,0,0,0,0,0,0,0,1,0
2021-11-18 12:31:55pm: Command And Valve Status :2,1,2,1,1,1,1,1,1,1,0,0,0,0,0,0,0,0,0,1,0
2021-11-18 12:31:55pm: Sensor data :32000,900,800,500,38,160,26,1.2,7,1.5,1,0.9,1.6,150,1.1
2021-11-18 12:31:57pm: Command And Valve Status :2,1,2,1,1,1,1,1,1,1,0,0,0,0,0,1,1,1,0,0,0
2021-11-18 12:31:58pm: Command And Valve Status :2,1,2,1,1,1,1,1,1,1,0,0,0,0,0,0,0,0,0,1,0
2021-11-18 12:31:59pm: Command And Valve Status :2,1,2,1,1,1,1,1,1,1,0,0,0,0,0,0,0,0,0,1,0
2021-11-18 12:32:01pm: Sensor data :50000,700,650,300,31,120,32,1.2,7,1.5,1,0.9,1.6,150,1.1
2021-11-18 12:32:01pm: Command And Valve Status :2,1,2,1,1,1,1,1,1,1,0,0,0,0,0,0,0,0,0,0,0
2021-11-18 12:32:02pm: Command And Valve Status :2,1,2,1,1,1,1,1,1,1,0,0,0,0,0,0,0,0,1,0,0
2021-11-18 12:32:04pm: Command And Valve Status :2,1,2,1,1,1,1,1,1,1,0,0,0,0,0,0,0,1,0,0,0
2021-11-18 12:32:05pm: Command And Valve Status :2,1,2,1,1,1,1,1,1,1,0,0,0,0,0,0,0,0,0,0,0
2021-11-18 12:32:06pm: Sensor data :32000,700,650,300,31,120,32,1.2,7,1.5,1,0.9,1.6,150,1.1
2021-11-18 12:32:06pm: Command And Valve Status :2,1,2,1,1,1,1,1,1,1,0,0,0,0,0,0,0,0,0,0,0
2021-11-18 12:32:08pm: Command And Valve Status :2,1,2,1,1,1,1,1,1,1,0,0,0,0,0,0,0,1,0,0,0
2021-11-18 12:32:09pm: Command And Valve Status :2,1,2,1,1,1,1,1,1,1,0,0,0,0,0,1,0,0,0,0,0
2021-11-18 12:32:11pm: Command And Valve Status :2,1,2,1,1,1,1,1,1,1,0,0,1,0,0,0,0,0,0,0,0
2021-11-18 12:32:11pm: Sensor data :200000,700,650,300,31,120,32,1.7,9,1.9,3,1.1,1.8,170,1.3
2021-11-18 12:32:12pm: Command And Valve Status :2,1,2,1,1,1,1,1,1,1,0,0,0,0,0,0,1,0,0,0,0
2021-11-18 12:32:13pm: Command And Valve Status :2,1,2,1,1,1,1,1,1,1,0,0,0,0,0,0,1,0,0,0,0
2021-11-18 12:32:15pm: Command And Valve Status :2,1,2,1,1,1,1,1,1,1,0,0,0,0,0,0,0,1,0,0,0
2021-11-18 12:32:16pm: Sensor data :32000,700,650,300,31,120,32,1.2,7,1.5,1,0.9,1.6,150,1.1
2021-11-18 12:32:16pm: Command And Valve Status :2,1,2,1,1,1,1,1,1,1,0,0,0,0,0,0,1,0,0,0,0
2021-11-18 12:32:18pm: Command And Valve Status :2,1,2,1,1,1,1,1,1,1,0,0,0,0,0,1,0,0,0,0,0
2021-11-18 12:32:19pm: Command And Valve Status :2,1,2,1,1,1,1,1,1,1,0,0,0,0,0,0,0,0,0,0,0
2021-11-18 12:32:20pm: Command And Valve Status :2,1,2,1,1,1,1,1,1,1,0,0,0,0,0,0,0,0,0,1,0
2021-11-18 12:32:21pm: Sensor data :50000,900,800,500,38,160,26,1.6,8,1.8,2.2,1,1.7,160,1.2
2021-11-18 12:32:22pm: Command And Valve Status :2,1,2,1,1,1,1,1,1,1,0,0,0,0,0,1,0,0,0,0,0
2021-11-18 12:32:23pm: Command And Valve Status :2,1,2,1,1,1,1,1,1,1,0,0,0,1,0,0,0,0,0,0,0
2021-11-18 12:32:25pm: Command And Valve Status :2,1,2,1,1,1,1,1,1,1,0,0,0,0,0,0,0,0,0,0,0
2021-11-18 12:32:26pm: Command And Valve Status :2,1,2,1,1,1,1,1,1,1,0,0,0,0,0,1,0,0,0,0,0
2021-11-18 12:32:27pm: Sensor data :200000,800,700,400,35,140,34,1.2,7,1.5,1,0.9,1.6,150,1.1
2021-11-18 12:32:27pm: Command And Valve Status :2,1,2,1,1,1,1,1,1,1,0,0,0,0,1,0,0,0,0,0,0
2021-11-18 12:32:29pm: Command And Valve Status :2,1,2,1,1,1,1,1,1,1,0,0,0,1,1,0,0,0,0,0,0
2021-11-18 12:32:30pm: Command And Valve Status :2,1,2,1,1,1,1,1,1,1,0,0,0,0,1,0,0,0,0,0,0
2021-11-18 12:32:32pm: Command And Valve Status :2,1,2,1,1,1,1,1,1,1,0,0,0,0,1,0,0,0,0,0,0
2021-11-18 12:32:32pm: Sensor data :200000,700,650,300,31,120,32,1.7,9,1.9,3,1.1,1.8,170,1.3
2021-11-18 12:32:33pm: Command And Valve Status :2,1,2,1,1,1,1,1,1,1,0,0,0,0,0,0,0,0,0,0,0
2021-11-18 12:32:35pm: Command And Valve Status :2,1,2,1,1,1,1,1,1,1,0,0,0,0,0,0,0,0,1,1,0
2021-11-18 12:32:36pm: Command And Valve Status :2,1,2,1,1,1,1,1,1,1,0,0,0,0,1,0,0,0,0,0,0
2021-11-18 12:32:37pm: Sensor data :50000,900,800,500,38,160,26,1.2,7,1.5,1,0.9,1.6,150,1.1
2021-11-18 12:32:37pm: Command And Valve Status :2,1,2,1,1,1,1,1,1,1,0,0,1,1,0,0,0,0,0,0,0
2021-11-18 12:32:39pm: Command And Valve Status :2,1,2,1,1,1,1,1,1,1,0,0,0,0,0,0,0,0,0,0,0
2021-11-18 12:32:40pm: Command And Valve Status :2,1,2,1,1,1,1,1,1,1,0,0,0,1,0,0,0,0,0,0,0
2021-11-18 12:32:42pm: Command And Valve Status :2,1,2,1,1,1,1,1,1,1,0,0,0,1,0,0,0,0,0,0,0
2021-11-18 12:32:42pm: Sensor data :50000,900,800,500,38,160,26,1.7,9,1.9,3,1.1,1.8,170,1.3
2021-11-18 12:32:43pm: Command And Valve Status :2,1,2,1,1,1,1,1,1,1,0,0,0,0,1,0,0,0,0,0,0
2021-11-18 12:32:44pm: Command And Valve Status :2,1,2,1,1,1,1,1,1,1,0,0,0,1,0,0,0,0,0,0,0
2021-11-18 12:32:46pm: Command And Valve Status :2,1,2,1,1,1,1,1,1,1,0,0,0,1,0,0,0,0,0,0,0
2021-11-18 12:32:47pm: Command And Valve Status :2,1,2,1,1,1,1,1,1,1,0,0,0,0,0,0,0,0,0,0,1
2021-11-18 12:32:48pm: Sensor data :32000,700,650,300,31,120,32,1.6,8,1.8,2.2,1,1.7,160,1.2
2021-11-18 12:32:49pm: Command And Valve Status :2,1,2,1,1,1,1,1,1,1,0,0,0,0,0,0,0,1,1,0,0
2021-11-18 12:32:50pm: Command And Valve Status :2,1,2,1,1,1,1,1,1,1,0,0,0,1,0,0,0,0,0,0,0
2021-11-18 12:32:51pm: Command And Valve Status :2,1,2,1,1,1,1,1,1,1,0,0,0,0,0,0,0,0,0,0,0
2021-11-18 12:32:53pm: Command And Valve Status :2,1,2,1,1,1,1,1,1,1,0,0,0,0,0,0,0,0,0,0,0
2021-11-18 12:32:53pm: Sensor data :200000,700,650,300,31,120,32,1.2,7,1.5,1,0.9,1.6,150,1.1
2021-11-18 12:32:54pm: Command And Valve Status :2,1,2,1,1,1,1,1,1,1,0,0,1,0,0,0,0,0,0,0,0
2021-11-18 12:32:56pm: Command And Valve Status :2,1,2,1,1,1,1,1,1,1,0,0,1,0,0,0,0,0,0,0,0
2021-11-18 12:32:57pm: Command And Valve Status :2,1,2,1,1,1,1,1,1,1,0,0,0,1,1,0,0,0,0,0,0
2021-11-18 12:32:58pm: Sensor data :200000,900,800,500,38,160,26,1.2,7,1.5,1,0.9,1.6,150,1.1
2021-11-18 12:32:58pm: Command And Valve Status :2,1,2,1,1,1,1,1,1,1,0,0,1,0,0,0,0,0,0,0,0
2021-11-18 12:33:00pm: Command And Valve Status :2,1,2,1,1,1,1,1,1,1,0,0,1,0,0,0,0,0,0,0,0
2021-11-18 12:33:01pm: Command And Valve Status :2,1,2,1,1,1,1,1,1,1,0,0,0,0,0,0,0,0,0,1,1
2021-11-18 12:33:03pm: Command And Valve Status :2,1,2,1,1,1,1,1,1,1,0,0,0,0,0,0,1,0,0,0,0
2021-11-18 12:33:03pm: Sensor data :50000,800,700,400,35,140,34,1.7,9,1.9,3,1.1,1.8,170,1.3
2021-11-18 12:33:04pm: Command And Valve Status :2,1,2,1,1,1,1,1,1,1,0,0,1,0,0,0,0,0,0,0,0
2021-11-18 12:33:05pm: Command And Valve Status :2,1,2,1,1,1,1,1,1,1,0,0,0,0,0,0,0,0,0,0,0
2021-11-18 12:33:07pm: Command And Valve Status :2,1,2,1,1,1,1,1,1,1,0,0,0,0,0,0,0,0,0,0,0
2021-11-18 12:33:08pm: Sensor data :50000,800,700,400,35,140,34,1.6,8,1.8,2.2,1,1.7,160,1.2
2021-11-18 12:33:08pm: Command And Valve Status :2,1,2,1,1,1,1,1,1,1,0,1,0,0,0,0,0,0,0,0,0
2021-11-18 12:33:10pm: Command And Valve Status :2,1,2,1,1,1,1,1,1,1,0,0,0,0,0,0,0,0,0,0,1
2021-11-18 12:33:11pm: Command And Valve Status :2,1,2,1,1,1,1,1,1,1,0,1,0,0,0,0,0,0,0,0,0
2021-11-18 12:33:12pm: Command And Valve Status :2,1,2,1,1,1,1,1,1,1,0,0,0,0,0,0,0,0,0,0,0
2021-11-18 12:33:13pm: Sensor data :50000,900,800,500,38,160,26,1.2,7,1.5,1,0.9,1.6,150,1.1
2021-11-18 12:33:14pm: Command And Valve Status :2,1,2,1,1,1,1,1,1,1,0,0,0,0,0,0,0,0,0,1,0
2021-11-18 12:33:15pm: Command And Valve Status :2,1,2,1,1,1,1,1,1,1,0,0,0,0,0,0,1,1,0,0,0
2021-11-18 12:33:17pm: Command And Valve Status :2,1,2,1,1,1,1,1,1,1,0,0,0,0,1,0,0,0,0,0,0
2021-11-18 12:33:18pm: Command And Valve Status :2,1,2,1,1,1,1,1,1,1,0,0,0,0,0,0,0,0,0,1,0
2021-11-18 12:33:18pm: Sensor data :200000,700,650,300,31,120,32,1.7,9,1.9,3,1.1,1.8,170,1.3
2021-11-18 12:33:19pm: Command And Valve Status :2,1,2,1,1,1,1,1,1,1,0,0,0,0,0,0,0,0,0,1,0
2021-11-18 12:33:21pm: Command And Valve Status :2,1,2,1,1,1,1,1,1,1,0,0,0,0,0,0,0,0,0,0,1
2021-11-18 12:33:22pm: Command And Valve Status :2,1,2,1,1,1,1,1,1,1,0,0,0,0,0,0,0,0,0,1,0
2021-11-18 12:33:24pm: Sensor data :32000,900,800,500,38,160,26,1.6,8,1.8,2.2,1,1.7,160,1.2
2021-11-18 12:33:24pm: Command And Valve Status :2,1,2,1,1,1,1,1,1,1,0,0,0,0,0,0,0,0,1,0,0
2021-11-18 12:33:25pm: Command And Valve Status :2,1,2,1,1,1,1,1,1,1,0,1,0,0,0,0,0,0,0,0,0
2021-11-18 12:33:26pm: Command And Valve Status :2,1,2,1,1,1,1,1,1,1,0,0,0,0,0,0,0,0,0,0,0
2021-11-18 12:33:28pm: Command And Valve Status :2,1,2,1,1,1,1,1,1,1,0,0,0,0,0,0,0,0,1,0,0
2021-11-18 12:33:29pm: Sensor data :200000,900,800,500,38,160,26,1.7,9,1.9,3,1.1,1.8,170,1.3
2021-11-18 12:33:29pm: Command And Valve Status :2,1,2,1,1,1,1,1,1,1,0,0,0,0,0,0,0,1,1,0,0
2021-11-18 12:33:31pm: Command And Valve Status :2,1,2,1,1,1,1,1,1,1,0,0,0,0,0,1,0,0,0,0,0
2021-11-18 12:33:32pm: Command And Valve Status :2,1,2,1,1,1,1,1,1,1,0,0,0,0,0,0,0,0,1,0,0
2021-11-18 12:33:33pm: Command And Valve Status :2,1,2,1,1,1,1,1,1,1,0,0,0,0,0,0,0,0,1,0,0
2021-11-18 12:33:34pm: Sensor data :50000,700,650,300,31,120,32,1.6,8,1.8,2.2,1,1.7,160,1.2
2021-11-18 12:33:35pm: Command And Valve Status :2,1,2,1,1,1,1,1,1,1,0,0,0,0,0,0,0,0,0,0,1
2021-11-18 12:33:36pm: Command And Valve Status :2,1,2,1,1,1,1,1,1,1,0,0,0,0,0,0,0,0,1,0,0
2021-11-18 12:33:38pm: Command And Valve Status :2,1,2,1,1,1,1,1,1,1,0,0,0,0,0,0,0,0,1,0,0
2021-11-18 12:33:39pm: Sensor data :200000,800,700,400,35,140,34,1.7,9,1.9,3,1.1,1.8,170,1.3
2021-11-18 12:33:39pm: Command And Valve Status :2,1,2,1,1,1,1,1,1,1,0,0,1,0,0,0,0,0,0,0,0
2021-11-18 12:33:41pm: Command And Valve Status :2,1,2,1,1,1,1,1,1,1,0,0,0,0,0,0,0,0,0,0,0
2021-11-18 12:33:42pm: Command And Valve Status :2,1,2,1,1,1,1,1,1,1,0,0,0,0,0,0,0,0,1,0,0
2021-11-18 12:33:43pm: Command And Valve Status :2,1,2,1,1,1,1,1,1,1,0,0,0,0,0,0,0,0,1,0,0
2021-11-18 12:33:44pm: Sensor data :50000,900,800,500,38,160,26,1.6,8,1.8,2.2,1,1.7,160,1.2
2021-11-18 12:33:45pm: Command And Valve Status :2,1,2,1,1,1,1,1,1,1,0,0,0,0,0,0,1,0,0,0,0
2021-11-18 12:33:46pm: Command And Valve Status :2,1,2,1,1,1,1,1,1,1,0,0,0,0,0,0,0,0,1,0,0
2021-11-18 12:33:48pm: Command And Valve Status :2,1,2,1,1,1,1,1,1,1,0,0,0,0,0,0,0,1,0,0,0
2021-11-18 12:33:49pm: Command And Valve Status :2,1,2,1,1,1,1,1,1,1,0,0,0,0,0,0,0,0,0,0,0
2021-11-18 12:33:49pm: Sensor data :200000,700,650,300,31,120,32,1.7,9,1.9,3,1.1,1.8,170,1.3
2021-11-18 12:33:50pm: Command And Valve Status :2,1,2,1,1,1,1,1,1,1,0,0,0,0,0,0,0,0,1,1,0
2021-11-18 12:33:52pm: Command And Valve Status :2,1,2,1,1,1,1,1,1,1,0,0,0,0,0,0,1,0,0,0,0
2021-11-18 12:33:53pm: Command And Valve Status :2,1,2,1,1,1,1,1,1,1,0,1,1,0,0,0,0,0,0,0,0
2021-11-18 12:33:55pm: Sensor data :50000,700,650,300,31,120,32,1.6,8,1.8,2.2,1,1.7,160,1.2
2021-11-18 12:33:55pm: Command And Valve Status :2,1,2,1,1,1,1,1,1,1,0,0,0,0,0,0,0,0,0,0,0
2021-11-18 12:33:56pm: Command And Valve Status :2,1,2,1,1,1,1,1,1,1,0,0,0,0,0,0,1,0,0,0,0
2021-11-18 12:33:57pm: Command And Valve Status :2,1,2,1,1,1,1,1,1,1,0,0,0,0,0,1,0,0,0,0,0
2021-11-18 12:33:59pm: Command And Valve Status :2,1,2,1,1,1,1,1,1,1,0,0,0,0,1,1,0,0,0,0,0
2021-11-18 12:34:00pm: Sensor data :200000,900,800,500,38,160,26,1.2,7,1.5,1,0.9,1.6,150,1.1
2021-11-18 12:34:00pm: Command And Valve Status :2,1,2,1,1,1,1,1,1,1,0,0,0,0,0,1,0,0,0,0,0
2021-11-18 12:34:02pm: Command And Valve Status :2,1,2,1,1,1,1,1,1,1,0,0,0,0,0,1,0,0,0,0,0
2021-11-18 12:34:03pm: Command And Valve Status :2,1,2,1,1,1,1,1,1,1,0,0,0,0,0,0,0,0,0,0,0
2021-11-18 12:34:04pm: Command And Valve Status :2,1,2,1,1,1,1,1,1,1,0,0,0,0,0,0,0,1,1,0,0
2021-11-18 12:34:05pm: Sensor data :32000,700,650,300,31,120,32,1.6,8,1.8,2.2,1,1.7,160,1.2
2021-11-18 12:34:06pm: Command And Valve Status :2,1,2,1,1,1,1,1,1,1,0,0,0,0,0,1,0,0,0,0,0
2021-11-18 12:34:07pm: Command And Valve Status :2,1,2,1,1,1,1,1,1,1,0,0,1,0,0,0,0,0,0,0,0
2021-11-18 12:34:09pm: Command And Valve Status :2,1,2,1,1,1,1,1,1,1,0,0,0,0,0,0,0,0,0,0,0
2021-11-18 12:34:10pm: Sensor data :32000,800,700,400,35,140,34,1.6,8,1.8,2.2,1,1.7,160,1.2
2021-11-18 12:34:10pm: Command And Valve Status :2,1,2,1,1,1,1,1,1,1,0,0,0,0,0,1,0,0,0,0,0
2021-11-18 12:34:11pm: Command And Valve Status :2,1,2,1,1,1,1,1,1,1,0,0,0,0,0,1,0,0,0,0,0
2021-11-18 12:34:13pm: Command And Valve Status :2,1,2,1,1,1,1,1,1,1,0,0,0,0,1,1,0,0,0,0,0
2021-11-18 12:34:14pm: Command And Valve Status :2,1,2,1,1,1,1,1,1,1,0,0,0,0,0,1,0,0,0,0,0
2021-11-18 12:34:15pm: Sensor data :50000,700,650,300,31,120,32,1.6,8,1.8,2.2,1,1.7,160,1.2
2021-11-18 12:34:16pm: Command And Valve Status :2,1,2,1,1,1,1,1,1,1,0,0,0,0,0,1,0,0,0,0,0
2021-11-18 12:34:17pm: Command And Valve Status :2,1,2,1,1,1,1,1,1,1,0,0,0,0,0,0,0,0,0,1,1
2021-11-18 12:34:18pm: Command And Valve Status :2,1,2,1,1,1,1,1,1,1,0,0,0,0,0,0,0,1,0,0,0
2021-11-18 12:34:20pm: Command And Valve Status :2,1,2,1,1,1,1,1,1,1,0,0,0,0,1,0,0,0,0,0,0
2021-11-18 12:34:20pm: Sensor data :50000,700,650,300,31,120,32,1.2,7,1.5,1,0.9,1.6,150,1.1
2021-11-18 12:34:21pm: Command And Valve Status :2,1,2,1,1,1,1,1,1,1,0,1,0,0,0,0,0,0,0,0,0
2021-11-18 12:34:23pm: Command And Valve Status :2,1,2,1,1,1,1,1,1,1,0,0,0,0,0,0,0,0,0,0,0
2021-11-18 12:34:24pm: Command And Valve Status :2,1,2,1,1,1,1,1,1,1,0,0,0,0,1,0,0,0,0,0,0
2021-11-18 12:34:25pm: Sensor data :50000,800,700,400,35,140,34,1.6,8,1.8,2.2,1,1.7,160,1.2
2021-11-18 12:34:26pm: Command And Valve Status :2,1,2,1,1,1,1,1,1,1,0,0,0,0,1,0,0,0,0,0,0
2021-11-18 12:34:27pm: Command And Valve Status :2,1,2,1,1,1,1,1,1,1,0,0,0,0,0,1,0,0,0,0,0
2021-11-18 12:34:28pm: Command And Valve Status :2,1,2,1,1,1,1,1,1,1,0,1,1,0,0,0,0,0,0,0,0
2021-11-18 12:34:30pm: Command And Valve Status :2,1,2,1,1,1,1,1,1,1,0,0,0,0,0,0,0,0,0,0,1
2021-11-18 12:34:30pm: Sensor data :32000,900,800,500,38,160,26,1.2,7,1.5,1,0.9,1.6,150,1.1
2021-11-18 12:34:31pm: Command And Valve Status :2,1,2,1,1,1,1,1,1,1,0,0,0,0,0,0,0,0,0,1,1
2021-11-18 12:34:33pm: Command And Valve Status :2,1,2,1,1,1,1,1,1,1,0,0,0,0,0,0,0,1,0,0,0
2021-11-18 12:34:34pm: Command And Valve Status :2,1,2,1,1,1,1,1,1,1,0,0,0,0,0,0,0,0,0,1,0
2021-11-18 12:34:35pm: Command And Valve Status :2,1,2,1,1,1,1,1,1,1,0,0,0,0,0,0,0,0,0,1,0
2021-11-18 12:34:36pm: Sensor data :200000,900,800,500,38,160,26,1.6,8,1.8,2.2,1,1.7,160,1.2
2021-11-18 12:34:37pm: Command And Valve Status :2,1,2,1,1,1,1,1,1,1,0,0,0,0,0,0,0,0,0,0,0
2021-11-18 12:34:38pm: Command And Valve Status :2,1,2,1,1,1,1,1,1,1,0,0,0,0,0,0,0,0,0,1,1
2021-11-18 12:34:40pm: Command And Valve Status :2,1,2,1,1,1,1,1,1,1,0,0,0,0,0,0,0,0,0,1,0
2021-11-18 12:34:41pm: Sensor data :50000,900,800,500,38,160,26,1.7,9,1.9,3,1.1,1.8,170,1.3
2021-11-18 12:34:41pm: Command And Valve Status :2,1,2,1,1,1,1,1,1,1,0,0,1,1,0,0,0,0,0,0,0
2021-11-18 12:34:42pm: Command And Valve Status :2,1,2,1,1,1,1,1,1,1,0,0,0,0,0,0,0,0,0,0,0
2021-11-18 12:34:44pm: Command And Valve Status :2,1,2,1,1,1,1,1,1,1,0,0,0,0,0,0,0,0,0,1,0
2021-11-18 12:34:45pm: Command And Valve Status :2,1,2,1,1,1,1,1,1,1,0,0,0,0,0,0,0,0,0,1,0
2021-11-18 12:34:46pm: Sensor data :50000,800,700,400,35,140,34,1.7,9,1.9,3,1.1,1.8,170,1.3
2021-11-18 12:34:47pm: Command And Valve Status :2,1,2,1,1,1,1,1,1,1,0,0,0,0,0,1,1,0,0,0,0
2021-11-18 12:34:48pm: Command And Valve Status :2,1,2,1,1,1,1,1,1,1,0,0,0,0,0,0,0,0,0,1,0
2021-11-18 12:34:49pm: Command And Valve Status :2,1,2,1,1,1,1,1,1,1,0,0,0,0,0,0,0,0,1,0,0
2021-11-18 12:34:51pm: Command And Valve Status :2,1,2,1,1,1,1,1,1,1,0,0,0,0,0,0,0,0,0,0,1
2021-11-18 12:34:51pm: Sensor data :200000,700,650,300,31,120,32,1.7,9,1.9,3,1.1,1.8,170,1.3
2021-11-18 12:34:52pm: Command And Valve Status :2,1,2,1,1,1,1,1,1,1,0,0,0,0,0,0,0,0,1,0,0
2021-11-18 12:34:54pm: Command And Valve Status :2,1,2,1,1,1,1,1,1,1,0,0,0,0,0,0,0,0,1,0,0
2021-11-18 12:34:55pm: Command And Valve Status :2,1,2,1,1,1,1,1,1,1,0,1,0,0,0,0,0,0,0,0,0
2021-11-18 12:34:56pm: Sensor data :32000,900,800,500,38,160,26,1.7,9,1.9,3,1.1,1.8,170,1.3
2021-11-18 12:34:57pm: Command And Valve Status :2,1,2,1,1,1,1,1,1,1,0,0,0,0,0,0,0,0,0,0,0
2021-11-18 12:34:58pm: Command And Valve Status :2,1,2,1,1,1,1,1,1,1,0,0,0,0,0,0,0,0,1,0,0
2021-11-18 12:34:59pm: Command And Valve Status :2,1,2,1,1,1,1,1,1,1,0,0,0,0,0,1,1,0,0,0,0
2021-11-18 12:35:01pm: Command And Valve Status :2,1,2,1,1,1,1,1,1,1,0,0,1,1,0,0,0,0,0,0,0
2021-11-18 12:35:01pm: Sensor data :32000,700,650,300,31,120,32,1.7,9,1.9,3,1.1,1.8,170,1.3
2021-11-18 12:35:02pm: Command And Valve Status :2,1,2,1,1,1,1,1,1,1,0,0,0,0,0,0,0,1,0,0,0
2021-11-18 12:35:03pm: Command And Valve Status :2,1,2,1,1,1,1,1,1,1,0,0,0,0,0,0,1,0,0,0,0
2021-11-18 12:35:05pm: Command And Valve Status :2,1,2,1,1,1,1,1,1,1,0,0,0,0,0,0,0,1,0,0,0
2021-11-18 12:35:06pm: Command And Valve Status :2,1,2,1,1,1,1,1,1,1,0,0,0,0,0,0,1,0,0,0,0
2021-11-18 12:35:07pm: Sensor data :50000,900,800,500,38,160,26,1.7,9,1.9,3,1.1,1.8,170,1.3
2021-11-18 12:35:08pm: Command And Valve Status :2,1,2,1,1,1,1,1,1,1,0,0,0,0,1,0,0,0,0,0,0
2021-11-18 12:35:09pm: Command And Valve Status :2,1,2,1,1,1,1,1,1,1,0,0,0,0,0,0,1,0,0,0,0
2021-11-18 12:35:10pm: Command And Valve Status :2,1,2,1,1,1,1,1,1,1,0,0,0,1,0,0,0,0,0,0,0
2021-11-18 12:35:12pm: Sensor data :50000,800,700,400,35,140,34,1.6,8,1.8,2.2,1,1.7,160,1.2
2021-11-18 12:35:12pm: Command And Valve Status :2,1,2,1,1,1,1,1,1,1,0,0,1,0,0,0,0,0,0,0,0
2021-11-18 12:35:13pm: Command And Valve Status :2,1,2,1,1,1,1,1,1,1,0,0,0,0,0,0,0,0,0,0,0
2021-11-18 12:35:15pm: Command And Valve Status :2,1,2,1,1,1,1,1,1,1,0,0,0,0,0,0,0,0,0,0,1
2021-11-18 12:35:17pm: Sensor data :200000,800,700,400,35,140,34,1.7,9,1.9,3,1.1,1.8,170,1.3
