2021-08-17 12:09:27pm: Initialize (Code to PLC) : Started
2021-08-17 12:09:27pm: Initialize (PLC to Code) : Started
2021-08-17 12:09:28pm: Command And Valve Status :1,2,2,2,2,2,2,2,2,2,0,2,2,2,2,2,2,2,2,2,2
2021-08-17 12:09:33pm: Command And Valve Status :1,2,2,2,2,2,2,2,2,2,0,2,2,2,2,2,2,2,2,2,2
2021-08-17 12:09:34pm: Start (PLC TO DB) : Started
2021-08-17 12:09:34pm: Sensor data :32000,800,700,400,35,140,34,1.2,7,1.5,1,0.9,1.6,150,1.1
2021-08-17 12:09:39pm: Command And Valve Status :2,1,2,1,2,2,2,2,2,2,0,0,0,0,0,0,0,0,1,0,0
2021-08-17 12:09:39pm: Sensor data :32000,900,800,500,38,160,26,1.2,7,1.5,1,0.9,1.6,150,1.1
2021-08-17 12:09:44pm: Command And Valve Status :2,1,2,1,2,2,2,2,2,2,0,0,0,0,0,0,0,0,1,0,0
2021-08-17 12:09:44pm: Sensor data :50000,700,650,300,31,120,32,1.6,8,1.8,2.2,1,1.7,160,1.2
2021-08-17 12:09:49pm: Sensor data :200000,900,800,500,38,160,26,1.7,9,1.9,3,1.1,1.8,170,1.3
2021-08-17 12:09:49pm: Command And Valve Status :2,1,2,1,1,2,2,2,2,2,0,0,0,0,0,0,0,0,0,0,0
2021-08-17 12:09:54pm: Sensor data :200000,900,800,500,38,160,26,1.7,9,1.9,3,1.1,1.8,170,1.3
2021-08-17 12:09:55pm: Command And Valve Status :2,1,2,1,1,1,2,2,2,2,0,0,0,0,0,0,0,0,0,1,0
2021-08-17 12:10:00pm: Sensor data :200000,700,650,300,31,120,32,1.7,9,1.9,3,1.1,1.8,170,1.3
2021-08-17 12:10:00pm: Command And Valve Status :2,1,2,1,1,1,2,2,2,2,0,0,0,0,0,0,0,0,1,0,0
2021-08-17 12:10:05pm: Sensor data :32000,800,700,400,35,140,34,1.2,7,1.5,1,0.9,1.6,150,1.1
2021-08-17 12:10:05pm: Command And Valve Status :2,1,2,1,1,1,1,2,2,2,0,0,0,0,0,0,0,0,0,0,0
2021-08-17 12:10:10pm: Sensor data :200000,700,650,300,31,120,32,1.7,9,1.9,3,1.1,1.8,170,1.3
2021-08-17 12:10:11pm: Command And Valve Status :2,1,2,1,1,1,1,2,2,2,0,0,0,0,0,0,0,0,0,1,1
2021-08-17 12:10:15pm: Sensor data :32000,700,650,300,31,120,32,1.2,7,1.5,1,0.9,1.6,150,1.1
2021-08-17 12:10:16pm: Command And Valve Status :2,1,2,1,1,1,1,1,2,2,0,0,0,0,0,0,0,1,0,0,0
2021-08-17 12:10:20pm: Sensor data :32000,700,650,300,31,120,32,1.7,9,1.9,3,1.1,1.8,170,1.3
2021-08-17 12:10:21pm: Command And Valve Status :2,1,2,1,1,1,1,1,2,2,0,0,0,0,0,0,0,0,0,0,0
2021-08-17 12:10:25pm: Sensor data :32000,800,700,400,35,140,34,1.7,9,1.9,3,1.1,1.8,170,1.3
2021-08-17 12:10:27pm: Command And Valve Status :2,1,2,1,1,1,1,1,1,2,0,0,0,0,0,0,0,0,1,1,0
2021-08-17 12:10:30pm: Sensor data :50000,900,800,500,38,160,26,1.2,7,1.5,1,0.9,1.6,150,1.1
2021-08-17 12:10:32pm: Command And Valve Status :2,1,2,1,1,1,1,1,1,2,0,0,0,0,0,0,0,1,0,0,0
2021-08-17 12:10:36pm: Sensor data :50000,900,800,500,38,160,26,1.7,9,1.9,3,1.1,1.8,170,1.3
2021-08-17 12:10:38pm: Command And Valve Status :2,1,2,1,1,1,1,1,1,1,0,0,0,0,0,0,0,0,0,0,0
2021-08-17 12:10:41pm: Sensor data :50000,700,650,300,31,120,32,1.2,7,1.5,1,0.9,1.6,150,1.1
2021-08-17 12:10:43pm: Command And Valve Status :2,1,2,1,1,1,1,1,1,1,0,0,0,0,0,0,0,0,0,0,0
2021-08-17 12:10:46pm: Sensor data :200000,800,700,400,35,140,34,1.6,8,1.8,2.2,1,1.7,160,1.2
2021-08-17 12:10:48pm: Command And Valve Status :2,1,2,1,1,1,1,1,1,1,0,0,0,0,0,0,1,0,0,0,0
2021-08-17 12:10:51pm: Sensor data :32000,700,650,300,31,120,32,1.7,9,1.9,3,1.1,1.8,170,1.3
2021-08-17 12:10:54pm: Command And Valve Status :2,1,2,1,1,1,1,1,1,1,0,0,0,1,1,0,0,0,0,0,0
2021-08-17 12:10:56pm: Sensor data :50000,800,700,400,35,140,34,1.2,7,1.5,1,0.9,1.6,150,1.1
2021-08-17 12:10:59pm: Command And Valve Status :2,1,2,1,1,1,1,1,1,1,0,0,0,0,0,0,0,0,0,0,0
2021-08-17 12:11:01pm: Sensor data :50000,900,800,500,38,160,26,1.7,9,1.9,3,1.1,1.8,170,1.3
2021-08-17 12:11:04pm: Command And Valve Status :2,1,2,1,1,1,1,1,1,1,0,0,0,0,0,0,1,0,0,0,0
2021-08-17 12:11:06pm: Sensor data :32000,900,800,500,38,160,26,1.7,9,1.9,3,1.1,1.8,170,1.3
2021-08-17 12:11:09pm: Command And Valve Status :2,1,2,1,1,1,1,1,1,1,0,0,1,0,0,0,0,0,0,0,0
2021-08-17 12:11:12pm: Sensor data :32000,800,700,400,35,140,34,1.7,9,1.9,3,1.1,1.8,170,1.3
2021-08-17 12:11:15pm: Command And Valve Status :2,1,2,1,1,1,1,1,1,1,0,0,0,0,0,0,0,0,0,1,0
2021-08-17 12:11:17pm: Sensor data :32000,700,650,300,31,120,32,1.7,9,1.9,3,1.1,1.8,170,1.3
2021-08-17 12:11:20pm: Command And Valve Status :2,1,2,1,1,1,1,1,1,1,0,0,0,0,0,1,0,0,0,0,0
2021-08-17 12:11:22pm: Sensor data :32000,700,650,300,31,120,32,1.7,9,1.9,3,1.1,1.8,170,1.3
2021-08-17 12:11:25pm: Command And Valve Status :2,1,2,1,1,1,1,1,1,1,0,0,0,0,0,0,0,0,0,0,0
2021-08-17 12:11:27pm: Sensor data :200000,700,650,300,31,120,32,1.6,8,1.8,2.2,1,1.7,160,1.2
2021-08-17 12:11:31pm: Command And Valve Status :2,1,2,1,1,1,1,1,1,1,0,0,0,0,0,0,0,0,0,1,0
2021-08-17 12:11:31pm: Reset : Started
2021-08-17 12:11:32pm: Sensor data :200000,900,800,500,38,160,26,1.6,8,1.8,2.2,1,1.7,160,1.2
2021-08-17 12:11:36pm: Command And Valve Status :2,1,2,1,1,1,1,1,1,1,0,0,0,0,0,1,0,0,0,0,0
2021-08-17 12:11:37pm: Sensor data :32000,700,650,300,31,120,32,1.7,9,1.9,3,1.1,1.8,170,1.3
2021-08-17 12:11:42pm: Sensor data :32000,700,650,300,31,120,32,1.6,8,1.8,2.2,1,1.7,160,1.2
2021-08-17 12:15:08pm: Initialize (Code to PLC) : Started
2021-08-17 12:15:08pm: Initialize (PLC to Code) : Started
2021-08-17 12:15:08pm: Command And Valve Status :1,2,2,2,2,2,2,2,2,2,0,2,2,2,2,2,2,2,2,2,2
2021-08-17 12:15:14pm: Command And Valve Status :1,2,2,2,2,2,2,2,2,2,0,2,2,2,2,2,2,2,2,2,2
2021-08-17 12:15:19pm: Command And Valve Status :1,2,2,2,2,2,2,2,2,2,0,2,2,2,2,2,2,2,2,2,2
2021-08-17 12:15:24pm: Command And Valve Status :1,2,2,2,2,2,2,2,2,2,0,2,2,2,2,2,2,2,2,2,2
2021-08-17 12:15:30pm: Command And Valve Status :1,2,2,2,2,2,2,2,2,2,0,2,2,2,2,2,2,2,2,2,2
2021-08-17 12:15:35pm: Command And Valve Status :1,2,2,2,2,2,2,2,2,2,0,2,2,2,2,2,2,2,2,2,2
2021-08-17 12:15:40pm: Command And Valve Status :1,2,2,2,2,2,2,2,2,2,0,2,2,2,2,2,2,2,2,2,2
2021-08-17 12:15:45pm: Command And Valve Status :1,2,2,2,2,2,2,2,2,2,0,2,2,2,2,2,2,2,2,2,2
2021-08-17 12:15:51pm: Command And Valve Status :1,2,2,2,2,2,2,2,2,2,0,2,2,2,2,2,2,2,2,2,2
2021-08-17 12:15:56pm: Command And Valve Status :1,2,2,2,2,2,2,2,2,2,0,2,2,2,2,2,2,2,2,2,2
2021-08-17 12:16:01pm: Command And Valve Status :1,2,2,2,2,2,2,2,2,2,0,2,2,2,2,2,2,2,2,2,2
2021-08-17 12:16:07pm: Command And Valve Status :1,2,2,2,2,2,2,2,2,2,0,2,2,2,2,2,2,2,2,2,2
2021-08-17 12:16:12pm: Command And Valve Status :1,2,2,2,2,2,2,2,2,2,0,2,2,2,2,2,2,2,2,2,2
2021-08-17 12:16:17pm: Command And Valve Status :1,2,2,2,2,2,2,2,2,2,0,2,2,2,2,2,2,2,2,2,2
2021-08-17 12:16:23pm: Command And Valve Status :1,2,2,2,2,2,2,2,2,2,0,2,2,2,2,2,2,2,2,2,2
2021-08-17 12:16:28pm: Command And Valve Status :1,2,2,2,2,2,2,2,2,2,0,2,2,2,2,2,2,2,2,2,2
2021-08-17 12:16:33pm: Command And Valve Status :1,2,2,2,2,2,2,2,2,2,0,2,2,2,2,2,2,2,2,2,2
2021-08-17 12:16:39pm: Command And Valve Status :1,2,2,2,2,2,2,2,2,2,0,2,2,2,2,2,2,2,2,2,2
2021-08-17 12:16:44pm: Command And Valve Status :1,2,2,2,2,2,2,2,2,2,0,2,2,2,2,2,2,2,2,2,2
2021-08-17 12:16:49pm: Command And Valve Status :1,2,2,2,2,2,2,2,2,2,0,2,2,2,2,2,2,2,2,2,2
2021-08-17 12:16:54pm: Command And Valve Status :1,2,2,2,2,2,2,2,2,2,0,2,2,2,2,2,2,2,2,2,2
2021-08-17 12:17:00pm: Command And Valve Status :1,2,2,2,2,2,2,2,2,2,0,2,2,2,2,2,2,2,2,2,2
2021-08-17 12:17:05pm: Command And Valve Status :1,2,2,2,2,2,2,2,2,2,0,2,2,2,2,2,2,2,2,2,2
2021-08-17 12:17:10pm: Command And Valve Status :1,2,2,2,2,2,2,2,2,2,0,2,2,2,2,2,2,2,2,2,2
2021-08-17 12:17:16pm: Command And Valve Status :1,2,2,2,2,2,2,2,2,2,0,2,2,2,2,2,2,2,2,2,2
2021-08-17 12:17:21pm: Command And Valve Status :1,2,2,2,2,2,2,2,2,2,0,2,2,2,2,2,2,2,2,2,2
2021-08-17 12:17:26pm: Command And Valve Status :1,2,2,2,2,2,2,2,2,2,0,2,2,2,2,2,2,2,2,2,2
2021-08-17 12:17:32pm: Command And Valve Status :1,2,2,2,2,2,2,2,2,2,0,2,2,2,2,2,2,2,2,2,2
2021-08-17 12:17:37pm: Command And Valve Status :1,2,2,2,2,2,2,2,2,2,0,2,2,2,2,2,2,2,2,2,2
2021-08-17 12:17:42pm: Command And Valve Status :1,2,2,2,2,2,2,2,2,2,0,2,2,2,2,2,2,2,2,2,2
2021-08-17 12:17:48pm: Command And Valve Status :1,2,2,2,2,2,2,2,2,2,0,2,2,2,2,2,2,2,2,2,2
2021-08-17 12:17:53pm: Command And Valve Status :1,2,2,2,2,2,2,2,2,2,0,2,2,2,2,2,2,2,2,2,2
2021-08-17 12:17:58pm: Command And Valve Status :1,2,2,2,2,2,2,2,2,2,0,2,2,2,2,2,2,2,2,2,2
2021-08-17 12:18:04pm: Command And Valve Status :1,2,2,2,2,2,2,2,2,2,0,2,2,2,2,2,2,2,2,2,2
2021-08-17 12:18:09pm: Command And Valve Status :1,2,2,2,2,2,2,2,2,2,0,2,2,2,2,2,2,2,2,2,2
2021-08-17 12:18:14pm: Command And Valve Status :1,2,2,2,2,2,2,2,2,2,0,2,2,2,2,2,2,2,2,2,2
2021-08-17 12:18:19pm: Command And Valve Status :1,2,2,2,2,2,2,2,2,2,0,2,2,2,2,2,2,2,2,2,2
2021-08-17 12:18:25pm: Command And Valve Status :1,2,2,2,2,2,2,2,2,2,0,2,2,2,2,2,2,2,2,2,2
2021-08-17 12:18:30pm: Command And Valve Status :1,2,2,2,2,2,2,2,2,2,0,2,2,2,2,2,2,2,2,2,2
2021-08-17 12:18:35pm: Command And Valve Status :1,2,2,2,2,2,2,2,2,2,0,2,2,2,2,2,2,2,2,2,2
2021-08-17 12:18:41pm: Command And Valve Status :1,2,2,2,2,2,2,2,2,2,0,2,2,2,2,2,2,2,2,2,2
2021-08-17 12:18:46pm: Command And Valve Status :1,2,2,2,2,2,2,2,2,2,0,2,2,2,2,2,2,2,2,2,2
2021-08-17 12:18:51pm: Command And Valve Status :1,2,2,2,2,2,2,2,2,2,0,2,2,2,2,2,2,2,2,2,2
2021-08-17 12:18:57pm: Command And Valve Status :1,2,2,2,2,2,2,2,2,2,0,2,2,2,2,2,2,2,2,2,2
2021-08-17 12:19:02pm: Command And Valve Status :1,2,2,2,2,2,2,2,2,2,0,2,2,2,2,2,2,2,2,2,2
2021-08-17 12:19:07pm: Command And Valve Status :1,2,2,2,2,2,2,2,2,2,0,2,2,2,2,2,2,2,2,2,2
2021-08-17 12:19:13pm: Command And Valve Status :1,2,2,2,2,2,2,2,2,2,0,2,2,2,2,2,2,2,2,2,2
2021-08-17 12:19:18pm: Command And Valve Status :1,2,2,2,2,2,2,2,2,2,0,2,2,2,2,2,2,2,2,2,2
2021-08-17 12:19:23pm: Command And Valve Status :1,2,2,2,2,2,2,2,2,2,0,2,2,2,2,2,2,2,2,2,2
2021-08-17 12:19:28pm: Command And Valve Status :1,2,2,2,2,2,2,2,2,2,0,2,2,2,2,2,2,2,2,2,2
2021-08-17 12:19:34pm: Command And Valve Status :1,2,2,2,2,2,2,2,2,2,0,2,2,2,2,2,2,2,2,2,2
2021-08-17 12:19:39pm: Command And Valve Status :1,2,2,2,2,2,2,2,2,2,0,2,2,2,2,2,2,2,2,2,2
2021-08-17 12:19:44pm: Command And Valve Status :1,2,2,2,2,2,2,2,2,2,0,2,2,2,2,2,2,2,2,2,2
2021-08-17 12:19:50pm: Command And Valve Status :1,2,2,2,2,2,2,2,2,2,0,2,2,2,2,2,2,2,2,2,2
2021-08-17 12:19:55pm: Command And Valve Status :1,2,2,2,2,2,2,2,2,2,0,2,2,2,2,2,2,2,2,2,2
2021-08-17 12:20:00pm: Command And Valve Status :1,2,2,2,2,2,2,2,2,2,0,2,2,2,2,2,2,2,2,2,2
2021-08-17 12:20:06pm: Command And Valve Status :1,2,2,2,2,2,2,2,2,2,0,2,2,2,2,2,2,2,2,2,2
2021-08-17 12:20:11pm: Command And Valve Status :1,2,2,2,2,2,2,2,2,2,0,2,2,2,2,2,2,2,2,2,2
2021-08-17 12:20:16pm: Command And Valve Status :1,2,2,2,2,2,2,2,2,2,0,2,2,2,2,2,2,2,2,2,2
2021-08-17 12:20:22pm: Command And Valve Status :1,2,2,2,2,2,2,2,2,2,0,2,2,2,2,2,2,2,2,2,2
2021-08-17 12:20:27pm: Command And Valve Status :1,2,2,2,2,2,2,2,2,2,0,2,2,2,2,2,2,2,2,2,2
2021-08-17 12:20:32pm: Command And Valve Status :1,2,2,2,2,2,2,2,2,2,0,2,2,2,2,2,2,2,2,2,2
2021-08-17 12:20:37pm: Command And Valve Status :1,2,2,2,2,2,2,2,2,2,0,2,2,2,2,2,2,2,2,2,2
2021-08-17 12:20:43pm: Command And Valve Status :1,2,2,2,2,2,2,2,2,2,0,2,2,2,2,2,2,2,2,2,2
2021-08-17 12:20:48pm: Command And Valve Status :1,2,2,2,2,2,2,2,2,2,0,2,2,2,2,2,2,2,2,2,2
2021-08-17 12:20:53pm: Command And Valve Status :1,2,2,2,2,2,2,2,2,2,0,2,2,2,2,2,2,2,2,2,2
2021-08-17 12:20:59pm: Command And Valve Status :1,2,2,2,2,2,2,2,2,2,0,2,2,2,2,2,2,2,2,2,2
2021-08-17 12:21:04pm: Command And Valve Status :1,2,2,2,2,2,2,2,2,2,0,2,2,2,2,2,2,2,2,2,2
2021-08-17 12:21:09pm: Command And Valve Status :1,2,2,2,2,2,2,2,2,2,0,2,2,2,2,2,2,2,2,2,2
2021-08-17 12:21:15pm: Command And Valve Status :1,2,2,2,2,2,2,2,2,2,0,2,2,2,2,2,2,2,2,2,2
2021-08-17 12:21:20pm: Command And Valve Status :1,2,2,2,2,2,2,2,2,2,0,2,2,2,2,2,2,2,2,2,2
2021-08-17 12:21:25pm: Command And Valve Status :1,2,2,2,2,2,2,2,2,2,0,2,2,2,2,2,2,2,2,2,2
2021-08-17 12:21:31pm: Command And Valve Status :1,2,2,2,2,2,2,2,2,2,0,2,2,2,2,2,2,2,2,2,2
2021-08-17 12:21:36pm: Command And Valve Status :1,2,2,2,2,2,2,2,2,2,0,2,2,2,2,2,2,2,2,2,2
2021-08-17 12:21:41pm: Command And Valve Status :1,2,2,2,2,2,2,2,2,2,0,2,2,2,2,2,2,2,2,2,2
2021-08-17 12:21:47pm: Command And Valve Status :1,2,2,2,2,2,2,2,2,2,0,2,2,2,2,2,2,2,2,2,2
2021-08-17 12:21:52pm: Command And Valve Status :1,2,2,2,2,2,2,2,2,2,0,2,2,2,2,2,2,2,2,2,2
2021-08-17 12:21:57pm: Command And Valve Status :1,2,2,2,2,2,2,2,2,2,0,2,2,2,2,2,2,2,2,2,2
2021-08-17 12:22:02pm: Command And Valve Status :1,2,2,2,2,2,2,2,2,2,0,2,2,2,2,2,2,2,2,2,2
2021-08-17 12:22:08pm: Command And Valve Status :1,2,2,2,2,2,2,2,2,2,0,2,2,2,2,2,2,2,2,2,2
2021-08-17 12:22:13pm: Command And Valve Status :1,2,2,2,2,2,2,2,2,2,0,2,2,2,2,2,2,2,2,2,2
2021-08-17 12:22:18pm: Command And Valve Status :1,2,2,2,2,2,2,2,2,2,0,2,2,2,2,2,2,2,2,2,2
2021-08-17 12:22:24pm: Command And Valve Status :1,2,2,2,2,2,2,2,2,2,0,2,2,2,2,2,2,2,2,2,2
2021-08-17 12:22:29pm: Command And Valve Status :1,2,2,2,2,2,2,2,2,2,0,2,2,2,2,2,2,2,2,2,2
2021-08-17 12:22:34pm: Command And Valve Status :1,2,2,2,2,2,2,2,2,2,0,2,2,2,2,2,2,2,2,2,2
2021-08-17 12:22:40pm: Command And Valve Status :1,2,2,2,2,2,2,2,2,2,0,2,2,2,2,2,2,2,2,2,2
2021-08-17 12:22:45pm: Command And Valve Status :1,2,2,2,2,2,2,2,2,2,0,2,2,2,2,2,2,2,2,2,2
2021-08-17 12:22:50pm: Command And Valve Status :1,2,2,2,2,2,2,2,2,2,0,2,2,2,2,2,2,2,2,2,2
2021-08-17 12:22:56pm: Command And Valve Status :1,2,2,2,2,2,2,2,2,2,0,2,2,2,2,2,2,2,2,2,2
2021-08-17 12:23:01pm: Command And Valve Status :1,2,2,2,2,2,2,2,2,2,0,2,2,2,2,2,2,2,2,2,2
2021-08-17 12:23:06pm: Command And Valve Status :1,2,2,2,2,2,2,2,2,2,0,2,2,2,2,2,2,2,2,2,2
2021-08-17 12:23:11pm: Command And Valve Status :1,2,2,2,2,2,2,2,2,2,0,2,2,2,2,2,2,2,2,2,2
2021-08-17 12:23:17pm: Command And Valve Status :1,2,2,2,2,2,2,2,2,2,0,2,2,2,2,2,2,2,2,2,2
2021-08-17 12:23:22pm: Command And Valve Status :1,2,2,2,2,2,2,2,2,2,0,2,2,2,2,2,2,2,2,2,2
2021-08-17 12:23:27pm: Command And Valve Status :1,2,2,2,2,2,2,2,2,2,0,2,2,2,2,2,2,2,2,2,2
2021-08-17 12:23:33pm: Command And Valve Status :1,2,2,2,2,2,2,2,2,2,0,2,2,2,2,2,2,2,2,2,2
2021-08-17 12:23:38pm: Command And Valve Status :1,2,2,2,2,2,2,2,2,2,0,2,2,2,2,2,2,2,2,2,2
2021-08-17 12:23:43pm: Command And Valve Status :1,2,2,2,2,2,2,2,2,2,0,2,2,2,2,2,2,2,2,2,2
2021-08-17 12:23:49pm: Command And Valve Status :1,2,2,2,2,2,2,2,2,2,0,2,2,2,2,2,2,2,2,2,2
2021-08-17 12:23:54pm: Command And Valve Status :1,2,2,2,2,2,2,2,2,2,0,2,2,2,2,2,2,2,2,2,2
2021-08-17 12:23:59pm: Command And Valve Status :1,2,2,2,2,2,2,2,2,2,0,2,2,2,2,2,2,2,2,2,2
2021-08-17 12:24:05pm: Command And Valve Status :1,2,2,2,2,2,2,2,2,2,0,2,2,2,2,2,2,2,2,2,2
2021-08-17 12:24:10pm: Command And Valve Status :1,2,2,2,2,2,2,2,2,2,0,2,2,2,2,2,2,2,2,2,2
2021-08-17 12:24:15pm: Command And Valve Status :1,2,2,2,2,2,2,2,2,2,0,2,2,2,2,2,2,2,2,2,2
2021-08-17 12:24:21pm: Command And Valve Status :1,2,2,2,2,2,2,2,2,2,0,2,2,2,2,2,2,2,2,2,2
2021-08-17 12:24:26pm: Command And Valve Status :1,2,2,2,2,2,2,2,2,2,0,2,2,2,2,2,2,2,2,2,2
2021-08-17 12:24:31pm: Command And Valve Status :1,2,2,2,2,2,2,2,2,2,0,2,2,2,2,2,2,2,2,2,2
2021-08-17 12:24:36pm: Command And Valve Status :1,2,2,2,2,2,2,2,2,2,0,2,2,2,2,2,2,2,2,2,2
2021-08-17 12:24:42pm: Command And Valve Status :1,2,2,2,2,2,2,2,2,2,0,2,2,2,2,2,2,2,2,2,2
2021-08-17 12:24:47pm: Command And Valve Status :1,2,2,2,2,2,2,2,2,2,0,2,2,2,2,2,2,2,2,2,2
2021-08-17 12:24:52pm: Command And Valve Status :1,2,2,2,2,2,2,2,2,2,0,2,2,2,2,2,2,2,2,2,2
2021-08-17 12:24:58pm: Command And Valve Status :1,2,2,2,2,2,2,2,2,2,0,2,2,2,2,2,2,2,2,2,2
2021-08-17 12:25:03pm: Command And Valve Status :1,2,2,2,2,2,2,2,2,2,0,2,2,2,2,2,2,2,2,2,2
2021-08-17 12:25:08pm: Command And Valve Status :1,2,2,2,2,2,2,2,2,2,0,2,2,2,2,2,2,2,2,2,2
2021-08-17 12:25:14pm: Command And Valve Status :1,2,2,2,2,2,2,2,2,2,0,2,2,2,2,2,2,2,2,2,2
2021-08-17 12:25:19pm: Command And Valve Status :1,2,2,2,2,2,2,2,2,2,0,2,2,2,2,2,2,2,2,2,2
2021-08-17 12:25:24pm: Command And Valve Status :1,2,2,2,2,2,2,2,2,2,0,2,2,2,2,2,2,2,2,2,2
2021-08-17 12:25:30pm: Command And Valve Status :1,2,2,2,2,2,2,2,2,2,0,2,2,2,2,2,2,2,2,2,2
2021-08-17 12:25:35pm: Command And Valve Status :1,2,2,2,2,2,2,2,2,2,0,2,2,2,2,2,2,2,2,2,2
2021-08-17 12:25:40pm: Command And Valve Status :1,2,2,2,2,2,2,2,2,2,0,2,2,2,2,2,2,2,2,2,2
2021-08-17 12:25:45pm: Command And Valve Status :1,2,2,2,2,2,2,2,2,2,0,2,2,2,2,2,2,2,2,2,2
2021-08-17 12:25:51pm: Command And Valve Status :1,2,2,2,2,2,2,2,2,2,0,2,2,2,2,2,2,2,2,2,2
2021-08-17 12:25:56pm: Command And Valve Status :1,2,2,2,2,2,2,2,2,2,0,2,2,2,2,2,2,2,2,2,2
2021-08-17 12:26:01pm: Command And Valve Status :1,2,2,2,2,2,2,2,2,2,0,2,2,2,2,2,2,2,2,2,2
2021-08-17 12:26:07pm: Command And Valve Status :1,2,2,2,2,2,2,2,2,2,0,2,2,2,2,2,2,2,2,2,2
2021-08-17 12:26:12pm: Command And Valve Status :1,2,2,2,2,2,2,2,2,2,0,2,2,2,2,2,2,2,2,2,2
2021-08-17 12:26:17pm: Command And Valve Status :1,2,2,2,2,2,2,2,2,2,0,2,2,2,2,2,2,2,2,2,2
2021-08-17 12:26:23pm: Command And Valve Status :1,2,2,2,2,2,2,2,2,2,0,2,2,2,2,2,2,2,2,2,2
2021-08-17 12:26:28pm: Command And Valve Status :1,2,2,2,2,2,2,2,2,2,0,2,2,2,2,2,2,2,2,2,2
2021-08-17 12:26:33pm: Command And Valve Status :1,2,2,2,2,2,2,2,2,2,0,2,2,2,2,2,2,2,2,2,2
2021-08-17 12:26:39pm: Command And Valve Status :1,2,2,2,2,2,2,2,2,2,0,2,2,2,2,2,2,2,2,2,2
2021-08-17 12:26:44pm: Command And Valve Status :1,2,2,2,2,2,2,2,2,2,0,2,2,2,2,2,2,2,2,2,2
2021-08-17 12:26:49pm: Command And Valve Status :1,2,2,2,2,2,2,2,2,2,0,2,2,2,2,2,2,2,2,2,2
2021-08-17 12:26:54pm: Command And Valve Status :1,2,2,2,2,2,2,2,2,2,0,2,2,2,2,2,2,2,2,2,2
2021-08-17 12:27:00pm: Command And Valve Status :1,2,2,2,2,2,2,2,2,2,0,2,2,2,2,2,2,2,2,2,2
2021-08-17 12:27:05pm: Command And Valve Status :1,2,2,2,2,2,2,2,2,2,0,2,2,2,2,2,2,2,2,2,2
2021-08-17 12:27:10pm: Command And Valve Status :1,2,2,2,2,2,2,2,2,2,0,2,2,2,2,2,2,2,2,2,2
2021-08-17 12:27:16pm: Command And Valve Status :1,2,2,2,2,2,2,2,2,2,0,2,2,2,2,2,2,2,2,2,2
2021-08-17 12:27:21pm: Command And Valve Status :1,2,2,2,2,2,2,2,2,2,0,2,2,2,2,2,2,2,2,2,2
2021-08-17 12:27:26pm: Command And Valve Status :1,2,2,2,2,2,2,2,2,2,0,2,2,2,2,2,2,2,2,2,2
2021-08-17 12:27:32pm: Command And Valve Status :1,2,2,2,2,2,2,2,2,2,0,2,2,2,2,2,2,2,2,2,2
2021-08-17 12:27:37pm: Command And Valve Status :1,2,2,2,2,2,2,2,2,2,0,2,2,2,2,2,2,2,2,2,2
2021-08-17 12:27:42pm: Command And Valve Status :1,2,2,2,2,2,2,2,2,2,0,2,2,2,2,2,2,2,2,2,2
2021-08-17 12:27:48pm: Command And Valve Status :1,2,2,2,2,2,2,2,2,2,0,2,2,2,2,2,2,2,2,2,2
2021-08-17 12:27:53pm: Command And Valve Status :1,2,2,2,2,2,2,2,2,2,0,2,2,2,2,2,2,2,2,2,2
2021-08-17 12:27:58pm: Command And Valve Status :1,2,2,2,2,2,2,2,2,2,0,2,2,2,2,2,2,2,2,2,2
2021-08-17 12:28:04pm: Command And Valve Status :1,2,2,2,2,2,2,2,2,2,0,2,2,2,2,2,2,2,2,2,2
2021-08-17 12:28:09pm: Command And Valve Status :1,2,2,2,2,2,2,2,2,2,0,2,2,2,2,2,2,2,2,2,2
2021-08-17 12:28:14pm: Command And Valve Status :1,2,2,2,2,2,2,2,2,2,0,2,2,2,2,2,2,2,2,2,2
2021-08-17 12:28:19pm: Command And Valve Status :1,2,2,2,2,2,2,2,2,2,0,2,2,2,2,2,2,2,2,2,2
2021-08-17 12:28:25pm: Command And Valve Status :1,2,2,2,2,2,2,2,2,2,0,2,2,2,2,2,2,2,2,2,2
2021-08-17 12:28:30pm: Command And Valve Status :1,2,2,2,2,2,2,2,2,2,0,2,2,2,2,2,2,2,2,2,2
2021-08-17 12:28:35pm: Command And Valve Status :1,2,2,2,2,2,2,2,2,2,0,2,2,2,2,2,2,2,2,2,2
2021-08-17 12:28:41pm: Command And Valve Status :1,2,2,2,2,2,2,2,2,2,0,2,2,2,2,2,2,2,2,2,2
2021-08-17 12:28:46pm: Command And Valve Status :1,2,2,2,2,2,2,2,2,2,0,2,2,2,2,2,2,2,2,2,2
2021-08-17 12:28:51pm: Command And Valve Status :1,2,2,2,2,2,2,2,2,2,0,2,2,2,2,2,2,2,2,2,2
2021-08-17 12:28:57pm: Command And Valve Status :1,2,2,2,2,2,2,2,2,2,0,2,2,2,2,2,2,2,2,2,2
2021-08-17 12:29:02pm: Command And Valve Status :1,2,2,2,2,2,2,2,2,2,0,2,2,2,2,2,2,2,2,2,2
2021-08-17 12:29:07pm: Command And Valve Status :1,2,2,2,2,2,2,2,2,2,0,2,2,2,2,2,2,2,2,2,2
2021-08-17 12:29:13pm: Command And Valve Status :1,2,2,2,2,2,2,2,2,2,0,2,2,2,2,2,2,2,2,2,2
2021-08-17 12:29:18pm: Command And Valve Status :1,2,2,2,2,2,2,2,2,2,0,2,2,2,2,2,2,2,2,2,2
2021-08-17 12:29:23pm: Command And Valve Status :1,2,2,2,2,2,2,2,2,2,0,2,2,2,2,2,2,2,2,2,2
2021-08-17 12:29:28pm: Command And Valve Status :1,2,2,2,2,2,2,2,2,2,0,2,2,2,2,2,2,2,2,2,2
2021-08-17 12:29:35pm: Command And Valve Status :1,2,2,2,2,2,2,2,2,2,0,2,2,2,2,2,2,2,2,2,2
2021-08-17 12:29:40pm: Command And Valve Status :1,2,2,2,2,2,2,2,2,2,0,2,2,2,2,2,2,2,2,2,2
2021-08-17 12:29:45pm: Command And Valve Status :1,2,2,2,2,2,2,2,2,2,0,2,2,2,2,2,2,2,2,2,2
2021-08-17 12:29:51pm: Command And Valve Status :1,2,2,2,2,2,2,2,2,2,0,2,2,2,2,2,2,2,2,2,2
2021-08-17 12:29:56pm: Command And Valve Status :1,2,2,2,2,2,2,2,2,2,0,2,2,2,2,2,2,2,2,2,2
2021-08-17 12:30:01pm: Command And Valve Status :1,2,2,2,2,2,2,2,2,2,0,2,2,2,2,2,2,2,2,2,2
2021-08-17 12:30:06pm: Command And Valve Status :1,2,2,2,2,2,2,2,2,2,0,2,2,2,2,2,2,2,2,2,2
2021-08-17 12:30:16pm: Initialize (PLC to Code) : Started
2021-08-17 12:30:21pm: Initialize (PLC to Code) : Started
2021-08-17 12:30:26pm: Initialize (PLC to Code) : Started
2021-08-17 12:30:31pm: Initialize (PLC to Code) : Started
2021-08-17 12:30:36pm: Initialize (PLC to Code) : Started
2021-08-17 12:32:18pm: Initialize (PLC to Code) : Started
2021-08-17 12:34:27pm: Initialize (PLC to Code) : Started
2021-08-17 12:35:13pm: Initialize (PLC to Code) : Started
2021-08-17 12:36:23pm: Initialize (PLC to Code) : Started
2021-08-17 03:56:13pm: Initialize (Code to PLC) : Started
2021-08-17 03:56:13pm: Initialize (PLC to Code) : Started
2021-08-17 03:56:14pm: Command And Valve Status :1,2,2,2,2,2,2,2,2,2,0,2,2,2,2,2,2,2,2,2,2
2021-08-17 03:56:19pm: Command And Valve Status :1,2,2,2,2,2,2,2,2,2,0,2,2,2,2,2,2,2,2,2,2
2021-08-17 03:56:24pm: Start (PLC TO DB) : Started
2021-08-17 03:56:25pm: Sensor data :200000,900,800,500,38,160,26,1.7,9,1.9,3,1.1,1.8,170,1.3
2021-08-17 03:56:25pm: Command And Valve Status :1,2,2,2,2,2,2,2,2,2,0,0,0,0,0,1,0,0,0,0,0
2021-08-17 03:56:30pm: Sensor data :50000,900,800,500,38,160,26,1.6,8,1.8,2.2,1,1.7,160,1.2
2021-08-17 03:56:30pm: Command And Valve Status :2,1,2,1,2,2,2,2,2,2,0,0,0,0,0,1,0,0,0,0,0
2021-08-17 03:56:35pm: Sensor data :50000,700,650,300,31,120,32,1.2,7,1.5,1,0.9,1.6,150,1.1
2021-08-17 03:56:35pm: Command And Valve Status :2,1,2,1,1,2,2,2,2,2,0,0,0,0,0,0,0,0,0,0,0
2021-08-17 03:56:40pm: Sensor data :200000,700,650,300,31,120,32,1.7,9,1.9,3,1.1,1.8,170,1.3
2021-08-17 03:56:41pm: Command And Valve Status :2,1,2,1,1,2,2,2,2,2,0,0,0,0,0,0,0,1,0,0,0
2021-08-17 03:56:45pm: Sensor data :32000,800,700,400,35,140,34,1.7,9,1.9,3,1.1,1.8,170,1.3
2021-08-17 03:56:46pm: Command And Valve Status :2,1,2,1,1,1,2,2,2,2,0,0,0,0,0,1,0,0,0,0,0
2021-08-17 03:56:50pm: Sensor data :200000,800,700,400,35,140,34,1.7,9,1.9,3,1.1,1.8,170,1.3
2021-08-17 03:56:52pm: Command And Valve Status :2,1,2,1,1,1,2,2,2,2,0,0,0,0,0,0,0,0,0,0,0
2021-08-17 03:56:55pm: Sensor data :200000,700,650,300,31,120,32,1.6,8,1.8,2.2,1,1.7,160,1.2
2021-08-17 03:56:57pm: Command And Valve Status :2,1,2,1,1,1,1,2,2,2,0,0,0,0,0,0,0,0,0,1,0
2021-08-17 03:57:01pm: Sensor data :32000,800,700,400,35,140,34,1.2,7,1.5,1,0.9,1.6,150,1.1
2021-08-17 03:57:02pm: Command And Valve Status :2,1,2,1,1,1,1,2,2,2,0,0,0,0,0,1,0,0,0,0,0
2021-08-17 03:57:06pm: Sensor data :32000,900,800,500,38,160,26,1.2,7,1.5,1,0.9,1.6,150,1.1
2021-08-17 03:57:08pm: Command And Valve Status :2,1,2,1,1,1,1,1,2,2,0,0,0,0,0,0,0,0,0,0,0
2021-08-17 03:57:11pm: Sensor data :200000,800,700,400,35,140,34,1.6,8,1.8,2.2,1,1.7,160,1.2
2021-08-17 03:57:13pm: Command And Valve Status :2,1,2,1,1,1,1,1,2,2,0,0,0,0,0,0,0,0,0,1,0
2021-08-17 03:57:16pm: Sensor data :50000,900,800,500,38,160,26,1.6,8,1.8,2.2,1,1.7,160,1.2
2021-08-17 03:57:18pm: Command And Valve Status :2,1,2,1,1,1,1,1,1,2,0,0,0,0,1,0,0,0,0,0,0
2021-08-17 03:57:22pm: Sensor data :50000,800,700,400,35,140,34,1.6,8,1.8,2.2,1,1.7,160,1.2
2021-08-17 03:57:24pm: Command And Valve Status :2,1,2,1,1,1,1,1,1,2,0,0,0,0,0,0,0,0,0,0,0
2021-08-17 03:57:27pm: Sensor data :32000,800,700,400,35,140,34,1.2,7,1.5,1,0.9,1.6,150,1.1
2021-08-17 03:57:29pm: Command And Valve Status :2,1,2,1,1,1,1,1,1,1,0,0,0,0,0,0,0,0,1,0,0
2021-08-17 03:57:32pm: Sensor data :200000,800,700,400,35,140,34,1.7,9,1.9,3,1.1,1.8,170,1.3
2021-08-17 03:57:34pm: Command And Valve Status :2,1,2,1,1,1,1,1,1,1,0,0,0,0,1,0,0,0,0,0,0
2021-08-17 03:57:37pm: Sensor data :50000,700,650,300,31,120,32,1.6,8,1.8,2.2,1,1.7,160,1.2
2021-08-17 03:57:40pm: Command And Valve Status :2,1,2,1,1,1,1,1,1,1,0,0,0,0,0,0,0,0,0,0,0
2021-08-17 03:57:42pm: Sensor data :32000,700,650,300,31,120,32,1.2,7,1.5,1,0.9,1.6,150,1.1
2021-08-17 03:57:45pm: Command And Valve Status :2,1,2,1,1,1,1,1,1,1,0,0,0,0,0,0,0,1,1,0,0
2021-08-17 03:57:47pm: Sensor data :200000,900,800,500,38,160,26,1.7,9,1.9,3,1.1,1.8,170,1.3
2021-08-17 03:57:50pm: Command And Valve Status :2,1,2,1,1,1,1,1,1,1,0,0,0,0,1,0,0,0,0,0,0
2021-08-17 03:57:52pm: Sensor data :50000,900,800,500,38,160,26,1.6,8,1.8,2.2,1,1.7,160,1.2
2021-08-17 03:57:55pm: Command And Valve Status :2,1,2,1,1,1,1,1,1,1,0,0,0,0,0,0,0,0,0,0,0
2021-08-17 03:57:58pm: Sensor data :50000,800,700,400,35,140,34,1.6,8,1.8,2.2,1,1.7,160,1.2
2021-08-17 03:58:01pm: Command And Valve Status :2,1,2,1,1,1,1,1,1,1,0,0,0,0,0,0,1,0,0,0,0
2021-08-17 03:58:03pm: Sensor data :32000,700,650,300,31,120,32,1.2,7,1.5,1,0.9,1.6,150,1.1
2021-08-17 03:58:06pm: Command And Valve Status :2,1,2,1,1,1,1,1,1,1,0,0,0,0,1,0,0,0,0,0,0
2021-08-17 03:58:08pm: Sensor data :32000,900,800,500,38,160,26,1.2,7,1.5,1,0.9,1.6,150,1.1
2021-08-17 03:58:11pm: Command And Valve Status :2,1,2,1,1,1,1,1,1,1,0,0,0,0,0,0,0,0,0,1,1
2021-08-17 03:58:13pm: Sensor data :200000,700,650,300,31,120,32,1.7,9,1.9,3,1.1,1.8,170,1.3
2021-08-17 03:58:17pm: Command And Valve Status :2,1,2,1,1,1,1,1,1,1,0,0,0,0,1,0,0,0,0,0,0
2021-08-17 03:58:18pm: Sensor data :50000,700,650,300,31,120,32,1.2,7,1.5,1,0.9,1.6,150,1.1
2021-08-17 03:58:22pm: Command And Valve Status :2,1,2,1,1,1,1,1,1,1,0,0,0,1,0,0,0,0,0,0,0
2021-08-17 03:58:23pm: Sensor data :32000,800,700,400,35,140,34,1.6,8,1.8,2.2,1,1.7,160,1.2
2021-08-17 03:58:27pm: Command And Valve Status :2,1,2,1,1,1,1,1,1,1,0,0,0,0,0,0,1,1,0,0,0
2021-08-17 03:58:28pm: Sensor data :200000,800,700,400,35,140,34,1.6,8,1.8,2.2,1,1.7,160,1.2
2021-08-17 03:58:33pm: Command And Valve Status :2,1,2,1,1,1,1,1,1,1,0,0,0,1,0,0,0,0,0,0,0
2021-08-17 03:58:33pm: Sensor data :50000,700,650,300,31,120,32,1.6,8,1.8,2.2,1,1.7,160,1.2
2021-08-17 03:58:38pm: Command And Valve Status :2,1,2,1,1,1,1,1,1,1,0,0,0,1,0,0,0,0,0,0,0
2021-08-17 03:58:38pm: Sensor data :200000,800,700,400,35,140,34,1.2,7,1.5,1,0.9,1.6,150,1.1
2021-08-17 03:58:43pm: Command And Valve Status :2,1,2,1,1,1,1,1,1,1,0,0,0,0,1,1,0,0,0,0,0
2021-08-17 03:58:44pm: Sensor data :32000,700,650,300,31,120,32,1.6,8,1.8,2.2,1,1.7,160,1.2
2021-08-17 03:58:49pm: Sensor data :200000,900,800,500,38,160,26,1.2,7,1.5,1,0.9,1.6,150,1.1
2021-08-17 03:58:49pm: Command And Valve Status :2,1,2,1,1,1,1,1,1,1,0,0,0,1,0,0,0,0,0,0,0
2021-08-17 03:58:54pm: Sensor data :32000,900,800,500,38,160,26,1.6,8,1.8,2.2,1,1.7,160,1.2
2021-08-17 03:58:54pm: Command And Valve Status :2,1,2,1,1,1,1,1,1,1,0,0,0,1,0,0,0,0,0,0,0
2021-08-17 03:58:59pm: Sensor data :50000,800,700,400,35,140,34,1.7,9,1.9,3,1.1,1.8,170,1.3
2021-08-17 03:58:59pm: Command And Valve Status :2,1,2,1,1,1,1,1,1,1,0,0,1,1,0,0,0,0,0,0,0
2021-08-17 03:59:04pm: Sensor data :200000,700,650,300,31,120,32,1.2,7,1.5,1,0.9,1.6,150,1.1
2021-08-17 03:59:05pm: Command And Valve Status :2,1,2,1,1,1,1,1,1,1,0,0,1,0,0,0,0,0,0,0,0
2021-08-17 03:59:09pm: Sensor data :200000,800,700,400,35,140,34,1.2,7,1.5,1,0.9,1.6,150,1.1
2021-08-17 03:59:10pm: Command And Valve Status :2,1,2,1,1,1,1,1,1,1,0,0,1,0,0,0,0,0,0,0,0
2021-08-17 03:59:14pm: Sensor data :32000,700,650,300,31,120,32,1.6,8,1.8,2.2,1,1.7,160,1.2
2021-08-17 03:59:15pm: Command And Valve Status :2,1,2,1,1,1,1,1,1,1,0,1,0,0,0,0,0,2,2,2,2
2021-08-17 03:59:19pm: Sensor data :200000,800,700,400,35,140,34,1.7,9,1.9,3,1.1,1.8,170,1.3
2021-08-17 04:03:30pm: Initialize (PLC to Code) : Started
2021-08-17 04:13:06pm: Initialize (PLC to Code) : Started
2021-08-17 04:14:54pm: Initialize (PLC to Code) : Started
2021-08-17 04:17:29pm: Initialize (PLC to Code) : Started
2021-08-17 04:19:12pm: Initialize (PLC to Code) : Started
2021-08-17 04:21:34pm: Initialize (PLC to Code) : Started
2021-08-17 04:28:52pm: Initialize (PLC to Code) : Started
2021-08-17 04:30:02pm: Initialize (PLC to Code) : Started
2021-08-17 04:32:50pm: Initialize (PLC to Code) : Started
2021-08-17 04:34:22pm: Initialize (PLC to Code) : Started
2021-08-17 04:36:25pm: Initialize (PLC to Code) : Started
2021-08-17 04:41:33pm: Initialize (PLC to Code) : Started
2021-08-17 04:43:53pm: Initialize (PLC to Code) : Started
2021-08-17 04:45:36pm: Initialize (PLC to Code) : Started
2021-08-17 04:47:21pm: Initialize (PLC to Code) : Started
2021-08-17 04:50:02pm: Initialize (PLC to Code) : Started
2021-08-17 04:58:04pm: Initialize (PLC to Code) : Started
2021-08-17 04:59:55pm: Initialize (Code to PLC) : Started
2021-08-17 04:59:56pm: Initialize (PLC to Code) : Started
2021-08-17 04:59:56pm: Command And Valve Status :1,2,2,2,2,2,2,2,2,2,0,2,2,2,2,2,2,2,2,2,2
2021-08-17 05:00:01pm: Command And Valve Status :1,2,2,2,2,2,2,2,2,2,0,2,2,2,2,2,2,2,2,2,2
2021-08-17 05:00:07pm: Command And Valve Status :1,2,2,2,2,2,2,2,2,2,0,2,2,2,2,2,2,2,2,2,2
2021-08-17 05:00:12pm: Command And Valve Status :1,2,2,2,2,2,2,2,2,2,0,2,2,2,2,2,2,2,2,2,2
2021-08-17 05:00:17pm: Command And Valve Status :1,2,2,2,2,2,2,2,2,2,0,2,2,2,2,2,2,2,2,2,2
2021-08-17 05:00:23pm: Command And Valve Status :1,2,2,2,2,2,2,2,2,2,0,2,2,2,2,2,2,2,2,2,2
2021-08-17 05:00:28pm: Command And Valve Status :1,2,2,2,2,2,2,2,2,2,0,2,2,2,2,2,2,2,2,2,2
2021-08-17 05:00:33pm: Command And Valve Status :1,2,2,2,2,2,2,2,2,2,0,2,2,2,2,2,2,2,2,2,2
2021-08-17 05:00:39pm: Command And Valve Status :1,2,2,2,2,2,2,2,2,2,0,2,2,2,2,2,2,2,2,2,2
2021-08-17 05:00:44pm: Command And Valve Status :1,2,2,2,2,2,2,2,2,2,0,2,2,2,2,2,2,2,2,2,2
2021-08-17 05:00:49pm: Command And Valve Status :1,2,2,2,2,2,2,2,2,2,0,2,2,2,2,2,2,2,2,2,2
2021-08-17 05:00:54pm: Command And Valve Status :1,2,2,2,2,2,2,2,2,2,0,2,2,2,2,2,2,2,2,2,2
2021-08-17 05:01:00pm: Command And Valve Status :1,2,2,2,2,2,2,2,2,2,0,2,2,2,2,2,2,2,2,2,2
2021-08-17 05:01:05pm: Command And Valve Status :1,2,2,2,2,2,2,2,2,2,0,2,2,2,2,2,2,2,2,2,2
2021-08-17 05:01:10pm: Command And Valve Status :1,2,2,2,2,2,2,2,2,2,0,2,2,2,2,2,2,2,2,2,2
2021-08-17 05:01:16pm: Command And Valve Status :1,2,2,2,2,2,2,2,2,2,0,2,2,2,2,2,2,2,2,2,2
2021-08-17 05:01:21pm: Command And Valve Status :1,2,2,2,2,2,2,2,2,2,0,2,2,2,2,2,2,2,2,2,2
2021-08-17 05:01:26pm: Command And Valve Status :1,2,2,2,2,2,2,2,2,2,0,2,2,2,2,2,2,2,2,2,2
2021-08-17 05:01:32pm: Command And Valve Status :1,2,2,2,2,2,2,2,2,2,0,2,2,2,2,2,2,2,2,2,2
2021-08-17 05:01:37pm: Command And Valve Status :1,2,2,2,2,2,2,2,2,2,0,2,2,2,2,2,2,2,2,2,2
2021-08-17 05:01:42pm: Command And Valve Status :1,2,2,2,2,2,2,2,2,2,0,2,2,2,2,2,2,2,2,2,2
2021-08-17 05:01:48pm: Command And Valve Status :1,2,2,2,2,2,2,2,2,2,0,2,2,2,2,2,2,2,2,2,2
2021-08-17 05:01:53pm: Command And Valve Status :1,2,2,2,2,2,2,2,2,2,0,2,2,2,2,2,2,2,2,2,2
2021-08-17 05:01:58pm: Command And Valve Status :1,2,2,2,2,2,2,2,2,2,0,2,2,2,2,2,2,2,2,2,2
2021-08-17 05:02:04pm: Command And Valve Status :1,2,2,2,2,2,2,2,2,2,0,2,2,2,2,2,2,2,2,2,2
2021-08-17 05:02:09pm: Command And Valve Status :1,2,2,2,2,2,2,2,2,2,0,2,2,2,2,2,2,2,2,2,2
2021-08-17 05:02:14pm: Command And Valve Status :1,2,2,2,2,2,2,2,2,2,0,2,2,2,2,2,2,2,2,2,2
2021-08-17 05:02:19pm: Command And Valve Status :1,2,2,2,2,2,2,2,2,2,0,2,2,2,2,2,2,2,2,2,2
2021-08-17 05:02:25pm: Command And Valve Status :1,2,2,2,2,2,2,2,2,2,0,2,2,2,2,2,2,2,2,2,2
2021-08-17 05:02:30pm: Command And Valve Status :1,2,2,2,2,2,2,2,2,2,0,2,2,2,2,2,2,2,2,2,2
2021-08-17 05:02:35pm: Command And Valve Status :1,2,2,2,2,2,2,2,2,2,0,2,2,2,2,2,2,2,2,2,2
2021-08-17 05:02:41pm: Command And Valve Status :1,2,2,2,2,2,2,2,2,2,0,2,2,2,2,2,2,2,2,2,2
2021-08-17 05:02:46pm: Command And Valve Status :1,2,2,2,2,2,2,2,2,2,0,2,2,2,2,2,2,2,2,2,2
2021-08-17 05:02:51pm: Command And Valve Status :1,2,2,2,2,2,2,2,2,2,0,2,2,2,2,2,2,2,2,2,2
2021-08-17 05:02:57pm: Command And Valve Status :1,2,2,2,2,2,2,2,2,2,0,2,2,2,2,2,2,2,2,2,2
2021-08-17 05:03:02pm: Command And Valve Status :1,2,2,2,2,2,2,2,2,2,0,2,2,2,2,2,2,2,2,2,2
2021-08-17 05:03:07pm: Command And Valve Status :1,2,2,2,2,2,2,2,2,2,0,2,2,2,2,2,2,2,2,2,2
2021-08-17 05:03:13pm: Command And Valve Status :1,2,2,2,2,2,2,2,2,2,0,2,2,2,2,2,2,2,2,2,2
2021-08-17 05:03:18pm: Command And Valve Status :1,2,2,2,2,2,2,2,2,2,0,2,2,2,2,2,2,2,2,2,2
2021-08-17 05:03:23pm: Command And Valve Status :1,2,2,2,2,2,2,2,2,2,0,2,2,2,2,2,2,2,2,2,2
2021-08-17 05:03:25pm: Initialize (Code to PLC) : Started
2021-08-17 05:03:28pm: Command And Valve Status :1,2,2,2,2,2,2,2,2,2,0,2,2,2,2,2,2,2,2,2,2
2021-08-17 05:03:34pm: Command And Valve Status :1,2,2,2,2,2,2,2,2,2,0,2,2,2,2,2,2,2,2,2,2
2021-08-17 05:03:39pm: Command And Valve Status :1,2,2,2,2,2,2,2,2,2,0,2,2,2,2,2,2,2,2,2,2
2021-08-17 05:03:44pm: Command And Valve Status :1,2,2,2,2,2,2,2,2,2,0,2,2,2,2,2,2,2,2,2,2
2021-08-17 05:03:50pm: Command And Valve Status :1,2,2,2,2,2,2,2,2,2,0,2,2,2,2,2,2,2,2,2,2
2021-08-17 05:03:55pm: Command And Valve Status :1,2,2,2,2,2,2,2,2,2,0,2,2,2,2,2,2,2,2,2,2
2021-08-17 05:04:00pm: Command And Valve Status :1,2,2,2,2,2,2,2,2,2,0,2,2,2,2,2,2,2,2,2,2
2021-08-17 05:04:06pm: Command And Valve Status :1,2,2,2,2,2,2,2,2,2,0,2,2,2,2,2,2,2,2,2,2
2021-08-17 05:04:11pm: Command And Valve Status :1,2,2,2,2,2,2,2,2,2,0,2,2,2,2,2,2,2,2,2,2
2021-08-17 05:04:16pm: Command And Valve Status :1,2,2,2,2,2,2,2,2,2,0,2,2,2,2,2,2,2,2,2,2
2021-08-17 05:04:22pm: Command And Valve Status :1,2,2,2,2,2,2,2,2,2,0,2,2,2,2,2,2,2,2,2,2
2021-08-17 05:05:01pm: Initialize (Code to PLC) : Started
2021-08-17 05:05:01pm: Initialize (PLC to Code) : Started
2021-08-17 05:05:02pm: Command And Valve Status :1,2,2,2,2,2,2,2,2,2,0,2,2,2,2,2,2,2,2,2,2
2021-08-17 05:05:07pm: Command And Valve Status :1,2,2,2,2,2,2,2,2,2,0,2,2,2,2,2,2,2,2,2,0
2021-08-17 05:05:07pm: Start (PLC TO DB) : Started
2021-08-17 05:05:07pm: Sensor data :50000,700,650,300,31,120,32,1.2,7,1.5,1,0.9,1.6,150,1.1
2021-08-17 05:05:13pm: Sensor data :200000,800,700,400,35,140,34,1.7,9,1.9,3,1.1,1.8,170,1.3
2021-08-17 05:05:13pm: Command And Valve Status :2,1,2,1,2,2,2,2,2,2,0,0,0,0,1,0,0,0,0,0,0
2021-08-17 05:05:18pm: Sensor data :32000,900,800,500,38,160,26,1.7,9,1.9,3,1.1,1.8,170,1.3
2021-08-17 05:05:18pm: Command And Valve Status :2,1,2,1,1,2,2,2,2,2,0,0,0,0,1,0,0,0,0,0,0
2021-08-17 05:05:23pm: Sensor data :50000,700,650,300,31,120,32,1.2,7,1.5,1,0.9,1.6,150,1.1
2021-08-17 05:05:23pm: Command And Valve Status :2,1,2,1,1,2,2,2,2,2,0,0,1,0,0,0,0,0,0,0,0
2021-08-17 05:05:28pm: Sensor data :50000,800,700,400,35,140,34,1.7,9,1.9,3,1.1,1.8,170,1.3
2021-08-17 05:05:29pm: Command And Valve Status :2,1,2,1,1,1,2,2,2,2,0,0,0,0,1,0,0,0,0,0,0
2021-08-17 05:05:33pm: Sensor data :50000,800,700,400,35,140,34,1.6,8,1.8,2.2,1,1.7,160,1.2
2021-08-17 05:05:34pm: Command And Valve Status :2,1,2,1,1,1,2,2,2,2,0,0,0,0,1,0,0,0,0,0,0
2021-08-17 05:05:38pm: Sensor data :50000,800,700,400,35,140,34,1.7,9,1.9,3,1.1,1.8,170,1.3
2021-08-17 05:05:39pm: Command And Valve Status :2,1,2,1,1,1,1,2,2,2,0,1,0,0,0,0,0,0,0,0,0
2021-08-17 05:05:43pm: Sensor data :50000,800,700,400,35,140,34,1.7,9,1.9,3,1.1,1.8,170,1.3
2021-08-17 05:05:45pm: Command And Valve Status :2,1,2,1,1,1,1,2,2,2,0,0,0,0,1,0,0,0,0,0,0
2021-08-17 05:05:48pm: Sensor data :200000,700,650,300,31,120,32,1.2,7,1.5,1,0.9,1.6,150,1.1
2021-08-17 05:05:50pm: Command And Valve Status :2,1,2,1,1,1,1,1,2,2,0,0,0,0,1,0,0,0,0,0,0
2021-08-17 05:05:53pm: Sensor data :50000,800,700,400,35,140,34,1.7,9,1.9,3,1.1,1.8,170,1.3
2021-08-17 05:05:55pm: Command And Valve Status :2,1,2,1,1,1,1,1,2,2,0,1,0,0,0,0,0,0,0,0,0
2021-08-17 05:05:59pm: Sensor data :50000,700,650,300,31,120,32,1.7,9,1.9,3,1.1,1.8,170,1.3
2021-08-17 05:06:01pm: Command And Valve Status :2,1,2,1,1,1,1,1,1,2,0,0,0,0,1,0,0,0,0,0,0
2021-08-17 05:06:04pm: Sensor data :200000,800,700,400,35,140,34,1.2,7,1.5,1,0.9,1.6,150,1.1
2021-08-17 05:06:06pm: Command And Valve Status :2,1,2,1,1,1,1,1,1,2,0,0,0,0,1,0,0,0,0,0,0
2021-08-17 05:06:09pm: Sensor data :32000,700,650,300,31,120,32,1.6,8,1.8,2.2,1,1.7,160,1.2
2021-08-17 05:06:11pm: Command And Valve Status :2,1,2,1,1,1,1,1,1,1,0,0,0,0,0,0,0,0,0,0,0
2021-08-17 05:06:14pm: Sensor data :50000,700,650,300,31,120,32,1.6,8,1.8,2.2,1,1.7,160,1.2
2021-08-17 05:06:17pm: Command And Valve Status :2,1,2,1,1,1,1,1,1,1,0,0,0,0,1,0,0,0,0,0,0
2021-08-17 05:06:19pm: Sensor data :32000,900,800,500,38,160,26,1.2,7,1.5,1,0.9,1.6,150,1.1
2021-08-17 05:06:20pm: Reset : Started
2021-08-17 05:06:22pm: Command And Valve Status :2,1,2,1,1,1,1,1,1,1,0,0,0,0,1,0,0,0,0,0,0
2021-08-17 05:06:24pm: Sensor data :200000,900,800,500,38,160,26,1.7,9,1.9,3,1.1,1.8,170,1.3
2021-08-17 05:06:27pm: Command And Valve Status :2,1,2,1,1,1,1,1,1,1,0,0,0,0,0,0,0,0,0,0,0
2021-08-17 05:06:29pm: Sensor data :200000,800,700,400,35,140,34,1.6,8,1.8,2.2,1,1.7,160,1.2
2021-08-17 05:06:33pm: Command And Valve Status :2,1,2,1,1,1,1,1,1,1,0,0,0,0,1,0,0,0,0,0,0
2021-08-17 05:06:34pm: Sensor data :200000,700,650,300,31,120,32,1.7,9,1.9,3,1.1,1.8,170,1.3
2021-08-17 05:06:38pm: Command And Valve Status :2,1,2,1,1,1,1,1,1,1,0,0,1,1,0,0,0,0,0,0,0
2021-08-17 05:06:39pm: Sensor data :50000,700,650,300,31,120,32,1.6,8,1.8,2.2,1,1.7,160,1.2
2021-08-17 05:06:43pm: Command And Valve Status :2,1,2,1,1,1,1,1,1,1,0,0,0,0,0,0,0,0,0,0,0
2021-08-17 05:06:45pm: Sensor data :200000,900,800,500,38,160,26,1.6,8,1.8,2.2,1,1.7,160,1.2
2021-08-17 05:06:48pm: Command And Valve Status :2,1,2,1,1,1,1,1,1,1,0,0,0,0,1,0,0,0,0,0,0
2021-08-17 05:06:50pm: Sensor data :32000,900,800,500,38,160,26,1.6,8,1.8,2.2,1,1.7,160,1.2
2021-08-17 05:06:54pm: Command And Valve Status :2,1,2,1,1,1,1,1,1,1,0,1,0,0,0,0,0,0,0,0,0
2021-08-17 05:06:55pm: Sensor data :50000,700,650,300,31,120,32,1.2,7,1.5,1,0.9,1.6,150,1.1
2021-08-17 05:06:59pm: Command And Valve Status :2,1,2,1,1,1,1,1,1,1,0,0,0,0,0,0,0,0,0,1,1
2021-08-17 05:07:00pm: Sensor data :50000,800,700,400,35,140,34,1.2,7,1.5,1,0.9,1.6,150,1.1
2021-08-17 05:07:04pm: Command And Valve Status :2,1,2,1,1,1,1,1,1,1,0,0,0,0,1,0,0,0,0,0,0
2021-08-17 05:07:05pm: Sensor data :50000,700,650,300,31,120,32,1.2,7,1.5,1,0.9,1.6,150,1.1
2021-08-17 05:07:10pm: Sensor data :50000,900,800,500,38,160,26,1.2,7,1.5,1,0.9,1.6,150,1.1
2021-08-17 05:13:20pm: Initialize (Code to PLC) : Started
2021-08-17 05:13:20pm: Initialize (PLC to Code) : Started
2021-08-17 05:13:20pm: Command And Valve Status :1,2,2,2,2,2,2,2,2,2,0,2,2,2,2,2,2,2,2,2,2
2021-08-17 05:13:26pm: Command And Valve Status :1,2,2,2,2,2,2,2,2,2,0,2,2,2,2,2,2,2,2,2,2
2021-08-17 05:13:28pm: Start (PLC TO DB) : Started
2021-08-17 05:13:29pm: Sensor data :50000,800,700,400,35,140,34,1.7,9,1.9,3,1.1,1.8,170,1.3
2021-08-17 05:13:31pm: Command And Valve Status :2,1,2,1,2,2,2,2,2,2,0,0,1,0,0,0,0,0,0,0,0
2021-08-17 05:13:34pm: Sensor data :32000,900,800,500,38,160,26,1.6,8,1.8,2.2,1,1.7,160,1.2
2021-08-17 05:13:39pm: Sensor data :32000,900,800,500,38,160,26,1.6,8,1.8,2.2,1,1.7,160,1.2
2021-08-17 05:15:43pm: Initialize (Code to PLC) : Started
2021-08-17 05:15:43pm: Initialize (PLC to Code) : Started
2021-08-17 05:15:43pm: Command And Valve Status :1,2,2,2,2,2,2,2,2,2,0,2,2,2,2,2,2,2,2,2,2
2021-08-17 05:15:49pm: Command And Valve Status :1,2,2,2,2,2,2,2,2,2,0,2,2,2,2,2,2,2,2,2,2
2021-08-17 05:15:50pm: Start (PLC TO DB) : Started
2021-08-17 05:15:50pm: Sensor data :200000,800,700,400,35,140,34,1.2,7,1.5,1,0.9,1.6,150,1.1
2021-08-17 05:15:54pm: Command And Valve Status :2,1,2,1,2,2,2,2,2,2,0,0,0,0,0,0,0,0,0,1,0
2021-08-17 05:15:55pm: Sensor data :200000,700,650,300,31,120,32,1.2,7,1.5,1,0.9,1.6,150,1.1
2021-08-17 05:16:00pm: Command And Valve Status :2,1,2,1,2,2,2,2,2,2,0,0,0,0,0,0,0,0,0,0,0
2021-08-17 05:16:00pm: Sensor data :50000,800,700,400,35,140,34,1.7,9,1.9,3,1.1,1.8,170,1.3
2021-08-17 05:16:05pm: Command And Valve Status :2,1,2,1,1,2,2,2,2,2,0,0,0,0,0,0,0,0,0,1,0
2021-08-17 05:16:05pm: Sensor data :32000,900,800,500,38,160,26,1.6,8,1.8,2.2,1,1.7,160,1.2
2021-08-17 05:16:10pm: Command And Valve Status :2,1,2,1,1,1,2,2,2,2,0,0,0,0,0,0,0,0,0,1,0
2021-08-17 05:16:11pm: Sensor data :50000,900,800,500,38,160,26,1.7,9,1.9,3,1.1,1.8,170,1.3
2021-08-17 05:16:16pm: Sensor data :200000,700,650,300,31,120,32,1.7,9,1.9,3,1.1,1.8,170,1.3
2021-08-17 05:16:16pm: Command And Valve Status :2,1,2,1,1,1,2,2,2,2,0,0,0,0,0,1,1,0,0,0,0
2021-08-17 05:16:21pm: Sensor data :50000,700,650,300,31,120,32,1.7,9,1.9,3,1.1,1.8,170,1.3
2021-08-17 05:16:21pm: Command And Valve Status :2,1,2,1,1,1,1,2,2,2,0,0,0,0,0,0,0,0,0,0,0
2021-08-17 05:16:26pm: Sensor data :50000,700,650,300,31,120,32,1.7,9,1.9,3,1.1,1.8,170,1.3
2021-08-17 05:16:26pm: Command And Valve Status :2,1,2,1,1,1,1,2,2,2,0,0,0,0,0,0,0,0,1,0,0
2021-08-17 05:16:31pm: Sensor data :50000,800,700,400,35,140,34,1.7,9,1.9,3,1.1,1.8,170,1.3
2021-08-17 05:16:32pm: Command And Valve Status :2,1,2,1,1,1,1,1,2,2,0,0,0,0,1,1,0,0,0,0,0
2021-08-17 05:16:36pm: Sensor data :50000,900,800,500,38,160,26,1.7,9,1.9,3,1.1,1.8,170,1.3
2021-08-17 05:16:37pm: Command And Valve Status :2,1,2,1,1,1,1,1,2,2,0,0,0,0,1,0,0,0,0,0,0
2021-08-17 05:16:41pm: Sensor data :32000,800,700,400,35,140,34,1.6,8,1.8,2.2,1,1.7,160,1.2
2021-08-17 05:16:43pm: Command And Valve Status :2,1,2,1,1,1,1,1,1,2,0,0,0,0,0,0,0,0,1,0,0
2021-08-17 05:16:46pm: Sensor data :32000,800,700,400,35,140,34,1.6,8,1.8,2.2,1,1.7,160,1.2
2021-08-17 05:16:48pm: Command And Valve Status :2,1,2,1,1,1,1,1,1,2,0,0,0,0,0,0,0,0,1,0,0
2021-08-17 05:16:51pm: Sensor data :32000,900,800,500,38,160,26,1.6,8,1.8,2.2,1,1.7,160,1.2
2021-08-17 05:16:53pm: Command And Valve Status :2,1,2,1,1,1,1,1,1,1,0,0,0,0,0,1,1,0,0,0,0
2021-08-17 05:16:57pm: Sensor data :50000,700,650,300,31,120,32,1.6,8,1.8,2.2,1,1.7,160,1.2
2021-08-17 05:16:59pm: Command And Valve Status :2,1,2,1,1,1,1,1,1,1,0,0,0,0,0,0,0,0,1,0,0
2021-08-17 05:17:02pm: Sensor data :200000,900,800,500,38,160,26,1.6,8,1.8,2.2,1,1.7,160,1.2
2021-08-17 05:17:04pm: Command And Valve Status :2,1,2,1,1,1,1,1,1,1,0,0,0,0,0,0,0,0,1,0,0
2021-08-17 05:17:07pm: Sensor data :200000,900,800,500,38,160,26,1.7,9,1.9,3,1.1,1.8,170,1.3
2021-08-17 05:17:09pm: Command And Valve Status :2,1,2,1,1,1,1,1,1,1,0,0,0,0,0,1,1,0,0,0,0
2021-08-17 05:17:12pm: Sensor data :32000,800,700,400,35,140,34,1.2,7,1.5,1,0.9,1.6,150,1.1
2021-08-17 05:17:15pm: Command And Valve Status :2,1,2,1,1,1,1,1,1,1,0,0,0,0,0,0,0,0,1,0,0
2021-08-17 05:17:17pm: Sensor data :32000,800,700,400,35,140,34,1.6,8,1.8,2.2,1,1.7,160,1.2
2021-08-17 05:17:20pm: Command And Valve Status :2,1,2,1,1,1,1,1,1,1,0,0,0,0,0,0,0,0,1,0,0
2021-08-17 05:17:22pm: Sensor data :32000,900,800,500,38,160,26,1.7,9,1.9,3,1.1,1.8,170,1.3
2021-08-17 05:17:25pm: Command And Valve Status :2,1,2,1,1,1,1,1,1,1,0,0,0,1,1,0,0,0,0,0,0
2021-08-17 05:17:27pm: Sensor data :200000,900,800,500,38,160,26,1.6,8,1.8,2.2,1,1.7,160,1.2
2021-08-17 05:17:31pm: Command And Valve Status :2,1,2,1,1,1,1,1,1,1,0,0,0,0,0,0,0,0,1,0,0
2021-08-17 05:17:32pm: Sensor data :200000,800,700,400,35,140,34,1.6,8,1.8,2.2,1,1.7,160,1.2
2021-08-17 05:17:36pm: Command And Valve Status :2,1,2,1,1,1,1,1,1,1,0,0,0,0,0,0,0,1,1,0,0
2021-08-17 05:17:37pm: Sensor data :200000,900,800,500,38,160,26,1.2,7,1.5,1,0.9,1.6,150,1.1
2021-08-17 05:17:41pm: Command And Valve Status :2,1,2,1,1,1,1,1,1,1,0,0,1,0,0,0,0,0,0,0,0
2021-08-17 05:17:43pm: Sensor data :32000,700,650,300,31,120,32,1.6,8,1.8,2.2,1,1.7,160,1.2
2021-08-17 05:17:46pm: Command And Valve Status :2,1,2,1,1,1,1,1,1,1,0,0,0,0,0,0,0,0,1,0,0
2021-08-17 05:17:48pm: Sensor data :32000,700,650,300,31,120,32,1.6,8,1.8,2.2,1,1.7,160,1.2
2021-08-17 05:17:52pm: Command And Valve Status :2,1,2,1,1,1,1,1,1,1,0,0,0,0,0,0,1,0,0,0,0
2021-08-17 05:17:53pm: Sensor data :32000,800,700,400,35,140,34,1.6,8,1.8,2.2,1,1.7,160,1.2
2021-08-17 05:17:57pm: Command And Valve Status :2,1,2,1,1,1,1,1,1,1,0,1,0,0,0,0,0,0,0,0,0
2021-08-17 05:17:58pm: Sensor data :200000,900,800,500,38,160,26,1.7,9,1.9,3,1.1,1.8,170,1.3
2021-08-17 05:18:02pm: Command And Valve Status :2,1,2,1,1,1,1,1,1,1,0,0,0,0,0,0,0,0,1,0,0
2021-08-17 05:18:03pm: Sensor data :200000,800,700,400,35,140,34,1.2,7,1.5,1,0.9,1.6,150,1.1
2021-08-17 05:18:08pm: Command And Valve Status :2,1,2,1,1,1,1,1,1,1,0,0,0,0,1,1,0,0,0,0,0
2021-08-17 05:18:08pm: Sensor data :50000,700,650,300,31,120,32,1.7,9,1.9,3,1.1,1.8,170,1.3
2021-08-17 05:18:13pm: Command And Valve Status :2,1,2,1,1,1,1,1,1,1,0,0,0,0,0,0,0,0,0,0,0
2021-08-17 05:18:13pm: Sensor data :50000,900,800,500,38,160,26,1.6,8,1.8,2.2,1,1.7,160,1.2
2021-08-17 05:18:18pm: Sensor data :32000,900,800,500,38,160,26,1.6,8,1.8,2.2,1,1.7,160,1.2
2021-08-17 05:18:18pm: Command And Valve Status :2,1,2,1,1,1,1,1,1,1,0,0,0,0,0,0,0,1,0,0,0
2021-08-17 05:18:23pm: Sensor data :200000,900,800,500,38,160,26,1.7,9,1.9,3,1.1,1.6,150,1.1
2021-08-17 05:18:24pm: Command And Valve Status :2,1,2,1,1,1,1,1,1,1,0,0,0,1,0,0,0,0,0,0,0
2021-08-17 05:18:29pm: Sensor data :32000,700,650,300,31,120,32,1.6,8,1.8,2.2,1,1.7,160,1.2
2021-08-17 05:18:29pm: Command And Valve Status :2,1,2,1,1,1,1,1,1,1,0,0,0,0,0,0,0,0,0,0,0
2021-08-17 05:18:34pm: Sensor data :200000,900,800,500,38,160,26,1.2,7,1.5,1,0.9,1.6,150,1.1
2021-08-17 05:18:34pm: Command And Valve Status :2,1,2,1,1,1,1,1,1,1,0,0,0,0,0,0,1,0,0,0,0
2021-08-17 05:18:39pm: Sensor data :32000,800,700,400,35,140,34,1.6,8,1.8,2.2,1,1.7,160,1.2
2021-08-17 05:18:40pm: Command And Valve Status :2,1,2,1,1,1,1,1,1,1,0,0,0,0,0,0,0,0,0,0,0
2021-08-17 05:18:44pm: Sensor data :50000,900,800,500,38,160,26,1.7,9,1.9,3,1.1,1.8,170,1.3
2021-08-17 05:18:45pm: Command And Valve Status :2,1,2,1,1,1,1,1,1,1,0,0,0,0,0,0,0,0,1,0,0
2021-08-17 05:18:49pm: Sensor data :200000,700,700,400,35,140,34,1.7,7,1.5,1,0.9,1.6,150,1.1
2021-08-17 05:18:50pm: Command And Valve Status :2,1,2,1,1,1,1,1,1,1,0,0,0,0,0,0,1,0,0,0,0
2021-08-17 05:18:54pm: Sensor data :50000,700,650,300,31,120,32,1.7,9,1.9,3,1.1,1.8,170,1.3
2021-08-17 05:18:56pm: Command And Valve Status :2,1,2,1,1,1,1,1,1,1,0,0,0,0,0,0,0,0,0,0,0
2021-08-17 05:18:59pm: Sensor data :200000,700,650,300,31,120,32,1.2,7,1.5,1,0.9,1.6,150,1.1
2021-08-17 05:25:23pm: Initialize (PLC to Code) : Started
2021-08-17 05:29:21pm: Initialize (PLC to Code) : Started
2021-08-17 05:31:56pm: Initialize (PLC to Code) : Started
2021-08-17 05:36:28pm: Initialize (PLC to Code) : Started
2021-08-17 05:41:39pm: Initialize (PLC to Code) : Started
2021-08-17 05:44:17pm: Initialize (Code to PLC) : Started
2021-08-17 05:44:17pm: Initialize (PLC to Code) : Started
2021-08-17 05:44:18pm: Command And Valve Status :1,2,2,2,2,2,2,2,2,2,0,2,2,2,2,2,2,2,2,2,2
2021-08-17 05:44:23pm: Command And Valve Status :1,2,2,2,2,2,2,2,2,2,0,2,2,2,2,2,2,2,2,2,2
2021-08-17 05:44:28pm: Start (PLC TO DB) : Started
2021-08-17 05:44:28pm: Sensor data :32000,700,650,300,31,120,32,1.6,8,1.8,2.2,1,1.7,160,1.2
2021-08-17 05:44:28pm: Command And Valve Status :2,1,2,1,2,2,2,2,2,2,0,0,1,0,0,0,0,0,0,0,0
2021-08-17 05:44:33pm: Sensor data :50000,900,800,500,38,160,26,1.7,9,1.9,3,1.1,1.8,170,1.3
2021-08-17 05:44:34pm: Command And Valve Status :2,1,2,1,2,2,2,2,2,2,0,0,0,0,0,0,1,1,0,0,0
2021-08-17 05:44:38pm: Sensor data :50000,700,650,300,31,120,32,1.7,9,1.9,3,1.1,1.8,170,1.3
2021-08-17 05:44:39pm: Command And Valve Status :2,1,2,1,1,2,2,2,2,2,0,0,1,0,0,0,0,0,0,0,0
2021-08-17 05:44:43pm: Sensor data :200000,800,700,400,35,140,34,1.7,9,1.9,3,1.1,1.8,170,1.3
2021-08-17 05:44:44pm: Command And Valve Status :2,1,2,1,1,2,2,2,2,2,0,0,1,0,0,0,0,0,0,0,0
2021-08-17 05:44:48pm: Sensor data :200000,700,650,300,31,120,32,1.6,8,1.8,2.2,1,1.7,160,1.2
2021-08-17 05:44:50pm: Command And Valve Status :2,1,2,1,1,1,2,2,2,2,0,0,0,0,0,1,1,0,0,0,0
2021-08-17 05:44:53pm: Sensor data :50000,800,700,400,35,140,34,1.7,9,1.9,3,1.1,1.8,170,1.3
2021-08-17 05:44:55pm: Command And Valve Status :2,1,2,1,1,1,2,2,2,2,0,0,1,0,0,0,0,0,0,0,0
2021-08-17 05:44:59pm: Sensor data :32000,700,650,300,31,120,32,1.6,8,1.8,2.2,1,1.7,160,1.2
2021-08-17 05:45:00pm: Command And Valve Status :2,1,2,1,1,1,1,2,2,2,0,0,1,0,0,0,0,0,0,0,0
2021-08-17 05:45:04pm: Sensor data :32000,900,800,500,38,160,26,1.2,7,1.5,1,0.9,1.6,150,1.1
2021-08-17 05:45:06pm: Command And Valve Status :2,1,2,1,1,1,1,2,2,2,0,0,0,0,0,0,1,0,0,0,0
2021-08-17 05:45:09pm: Sensor data :32000,700,650,300,31,120,32,1.2,7,1.5,1,0.9,1.6,150,1.1
