2021-08-19 11:01:15am: Initialize (PLC to Code) : Started
2021-08-19 11:06:21am: Initialize (Code to PLC) : Started
2021-08-19 11:06:21am: Initialize (PLC to Code) : Started
2021-08-19 11:06:21am: Command And Valve Status :1,2,2,2,2,2,2,2,2,2,0,2,2,2,2,2,2,2,2,2,2
2021-08-19 11:06:27am: Command And Valve Status :1,2,2,2,2,2,2,2,2,2,0,2,2,2,2,2,2,2,2,2,2
2021-08-19 11:06:32am: Command And Valve Status :1,2,2,2,2,2,2,2,2,2,0,2,2,2,2,2,2,2,2,2,2
2021-08-19 11:06:37am: Command And Valve Status :1,2,2,2,2,2,2,2,2,2,0,2,2,2,2,2,2,2,2,2,2
2021-08-19 11:06:43am: Command And Valve Status :1,2,2,2,2,2,2,2,2,2,0,2,2,2,2,2,2,2,2,2,2
2021-08-19 11:06:48am: Command And Valve Status :1,2,2,2,2,2,2,2,2,2,0,2,2,2,2,2,2,2,2,2,2
2021-08-19 11:06:50am: Start (PLC TO DB) : Started
2021-08-19 11:06:50am: Sensor data :50000,700,650,300,31,120,32,1.2,7,1.5,1,0.9,1.6,150,1.1
2021-08-19 11:06:53am: Command And Valve Status :2,1,2,1,2,2,2,2,2,2,0,0,1,0,0,0,0,0,0,0,0
2021-08-19 11:06:55am: Sensor data :32000,800,700,400,35,140,34,1.2,7,1.5,1,0.9,1.6,150,1.1
2021-08-19 11:06:59am: Command And Valve Status :2,1,2,1,2,2,2,2,2,2,0,0,0,0,0,0,0,1,0,0,0
2021-08-19 11:07:00am: Sensor data :50000,900,800,500,38,160,26,1.6,8,1.8,2.2,1,1.7,160,1.2
2021-08-19 11:07:04am: Command And Valve Status :2,1,2,1,1,2,2,2,2,2,0,0,1,0,0,0,0,0,0,0,0
2021-08-19 11:07:05am: Sensor data :200000,900,800,500,38,160,26,1.6,8,1.8,2.2,1,1.7,160,1.2
2021-08-19 11:07:09am: Command And Valve Status :2,1,2,1,1,2,2,2,2,2,0,1,0,0,0,0,0,0,0,0,0
2021-08-19 11:07:10am: Sensor data :200000,800,700,400,35,140,34,1.6,8,1.8,2.2,1,1.7,160,1.2
2021-08-19 11:07:15am: Command And Valve Status :2,1,2,1,1,1,2,2,2,2,0,0,0,0,1,1,0,0,0,0,0
2021-08-19 11:07:16am: Sensor data :32000,900,800,500,38,160,26,1.7,9,1.9,3,1.1,1.8,170,1.3
2021-08-19 11:07:20am: Command And Valve Status :2,1,2,1,1,1,2,2,2,2,0,1,0,0,0,0,0,0,0,0,0
2021-08-19 11:07:21am: Sensor data :50000,700,650,300,31,120,32,1.2,7,1.5,1,0.9,1.6,150,1.1
2021-08-19 11:07:25am: Command And Valve Status :2,1,2,1,1,1,1,2,2,2,0,1,0,0,0,0,0,0,0,0,0
2021-08-19 11:07:26am: Sensor data :32000,700,650,300,31,120,32,1.7,9,1.9,3,1.1,1.8,170,1.3
2021-08-19 11:07:31am: Command And Valve Status :2,1,2,1,1,1,1,1,2,2,0,0,0,0,1,1,0,0,0,0,0
2021-08-19 11:07:31am: Sensor data :50000,900,800,500,38,160,26,1.2,7,1.5,1,0.9,1.6,150,1.1
2021-08-19 11:07:36am: Command And Valve Status :2,1,2,1,1,1,1,1,2,2,0,1,0,0,0,0,0,0,0,0,0
2021-08-19 11:07:36am: Sensor data :50000,800,700,400,35,140,34,1.7,9,1.9,3,1.1,1.8,170,1.3
2021-08-19 11:07:41am: Sensor data :32000,800,700,400,35,140,34,1.7,9,1.9,3,1.1,1.8,170,1.3
2021-08-19 11:07:41am: Command And Valve Status :2,1,2,1,1,1,1,1,1,2,0,0,0,0,0,0,0,0,0,0,1
2021-08-19 11:07:47am: Sensor data :32000,700,650,300,31,120,32,1.7,9,1.9,3,1.1,1.8,170,1.3
2021-08-19 11:07:47am: Command And Valve Status :2,1,2,1,1,1,1,1,1,2,0,0,0,0,0,0,0,0,0,1,0
2021-08-19 11:07:52am: Sensor data :200000,800,700,400,35,140,34,1.6,8,1.8,2.2,1,1.7,160,1.2
2021-08-19 11:07:52am: Command And Valve Status :2,1,2,1,1,1,1,1,1,1,0,0,0,1,1,0,0,0,0,0,0
2021-08-19 11:07:57am: Sensor data :200000,900,800,500,38,160,26,1.2,7,1.5,1,0.9,1.6,150,1.1
2021-08-19 11:07:57am: Command And Valve Status :2,1,2,1,1,1,1,1,1,1,0,0,0,0,0,0,0,0,0,0,1
2021-08-19 11:08:02am: Sensor data :32000,900,800,500,38,160,26,1.2,7,1.5,1,0.9,1.6,150,1.1
2021-08-19 11:08:03am: Command And Valve Status :2,1,2,1,1,1,1,1,1,1,0,0,0,0,0,0,0,0,0,0,1
2021-08-19 11:08:07am: Sensor data :200000,700,650,300,31,120,32,1.7,9,1.9,3,1.1,1.8,170,1.3
2021-08-19 11:08:08am: Command And Valve Status :2,1,2,1,1,1,1,1,1,1,0,0,0,0,0,0,1,0,0,0,0
2021-08-19 11:08:12am: Sensor data :32000,900,800,500,38,160,26,1.6,8,1.8,2.2,1,1.7,160,1.2
2021-08-19 11:10:23am: Initialize (Code to PLC) : Started
2021-08-19 11:10:23am: Initialize (PLC to Code) : Started
2021-08-19 11:10:24am: Command And Valve Status :1,2,2,2,2,2,2,2,2,2,0,2,2,2,2,2,2,2,2,2,2
2021-08-19 11:10:29am: Start (PLC TO DB) : Started
2021-08-19 11:10:29am: Sensor data :200000,800,800,500,38,160,26,1.2,8,1.8,2.2,1,1.7,160,1.2
2021-08-19 11:10:29am: Command And Valve Status :2,1,2,1,2,2,2,2,2,2,0,0,1,0,0,0,0,0,0,0,0
2021-08-19 11:10:34am: Sensor data :200000,800,700,400,35,140,34,1.6,8,1.8,2.2,1,1.7,160,1.2
2021-08-19 11:10:34am: Command And Valve Status :2,1,2,1,2,2,2,2,2,2,0,0,1,1,0,0,0,0,0,0,0
2021-08-19 11:10:39am: Sensor data :200000,800,700,400,35,140,34,1.6,8,1.8,2.2,1,1.7,160,1.2
2021-08-19 11:10:40am: Command And Valve Status :2,1,2,1,1,2,2,2,2,2,0,0,1,0,0,0,0,0,0,0,0
2021-08-19 11:10:44am: Sensor data :32000,900,800,500,38,160,26,1.6,8,1.8,2.2,1,1.7,160,1.2
2021-08-19 11:10:45am: Command And Valve Status :2,1,2,1,1,2,2,2,2,2,0,0,1,0,0,0,0,0,0,0,0
2021-08-19 11:10:49am: Sensor data :32000,700,650,300,31,120,32,1.7,9,1.9,3,1.1,1.8,170,1.3
2021-08-19 11:10:50am: Command And Valve Status :2,1,2,1,1,1,2,2,2,2,0,1,1,0,0,0,0,0,0,0,0
2021-08-19 11:10:55am: Sensor data :200000,700,650,300,31,120,32,1.6,8,1.8,2.2,1,1.7,160,1.2
2021-08-19 11:10:56am: Command And Valve Status :2,1,2,1,1,1,2,2,2,2,0,0,1,0,0,0,0,0,0,0,0
2021-08-19 11:11:00am: Sensor data :200000,900,800,500,38,160,26,1.6,8,1.8,2.2,1,1.7,160,1.2
2021-08-19 11:11:01am: Command And Valve Status :2,1,2,1,1,1,1,2,2,2,0,0,1,0,0,0,0,0,0,0,0
2021-08-19 11:11:05am: Sensor data :200000,700,650,300,31,120,32,1.2,7,1.5,1,0.9,1.6,150,1.1
2021-08-19 11:11:06am: Command And Valve Status :2,1,2,1,1,1,1,2,2,2,0,1,0,0,0,0,0,0,0,0,0
2021-08-19 11:11:10am: Sensor data :200000,800,700,400,35,140,34,1.2,7,1.5,1,0.9,1.6,150,1.1
2021-08-19 11:11:12am: Command And Valve Status :2,1,2,1,1,1,1,1,2,2,0,0,1,0,0,0,0,0,0,0,0
2021-08-19 11:11:15am: Sensor data :32000,700,650,300,31,120,32,1.6,8,1.8,2.2,1,1.7,160,1.2
2021-08-19 11:11:17am: Command And Valve Status :2,1,2,1,1,1,1,1,2,2,0,1,0,0,0,0,0,0,0,0,0
2021-08-19 11:11:20am: Sensor data :200000,700,650,300,31,120,32,1.2,7,1.5,1,0.9,1.6,150,1.1
2021-08-19 11:11:22am: Command And Valve Status :2,1,2,1,1,1,1,1,1,2,0,0,0,0,0,0,0,0,0,0,0
2021-08-19 11:11:25am: Sensor data :200000,700,650,300,31,120,32,1.2,7,1.5,1,0.9,1.6,150,1.1
2021-08-19 11:11:28am: Command And Valve Status :2,1,2,1,1,1,1,1,1,2,0,1,0,0,0,0,0,0,0,0,0
2021-08-19 11:11:30am: Sensor data :32000,800,700,400,35,140,34,1.7,9,1.9,3,1.1,1.8,170,1.3
2021-08-19 11:11:33am: Command And Valve Status :2,1,2,1,1,1,1,1,1,1,0,1,0,0,0,0,0,0,0,0,0
2021-08-19 11:11:36am: Sensor data :32000,800,700,400,35,140,34,1.6,8,1.8,2.2,1,1.7,160,1.2
2021-08-19 11:11:38am: Command And Valve Status :2,1,2,1,1,1,1,1,1,1,0,1,0,0,0,0,0,0,0,0,0
2021-08-19 11:11:41am: Sensor data :200000,700,650,300,31,120,32,1.7,9,1.9,3,1.1,1.8,170,1.3
2021-08-19 11:11:44am: Command And Valve Status :2,1,2,1,1,1,1,1,1,1,0,1,0,0,0,0,0,0,0,0,0
2021-08-19 11:11:46am: Sensor data :50000,700,650,300,31,120,32,1.6,8,1.8,2.2,1,1.7,160,1.2
2021-08-19 11:11:49am: Command And Valve Status :2,1,2,1,1,1,1,1,1,1,0,1,0,0,0,0,0,0,0,0,0
2021-08-19 11:11:51am: Sensor data :50000,900,800,500,38,160,26,1.7,9,1.9,3,1.1,1.8,170,1.3
2021-08-19 11:11:54am: Command And Valve Status :2,1,2,1,1,1,1,1,1,1,0,0,0,0,0,0,0,0,0,0,0
2021-08-19 11:11:56am: Sensor data :32000,700,650,300,31,120,32,1.6,8,1.8,2.2,1,1.7,160,1.2
2021-08-19 11:12:00am: Command And Valve Status :2,1,2,1,1,1,1,1,1,1,0,1,0,0,0,0,0,0,0,0,0
2021-08-19 11:12:01am: Sensor data :200000,800,700,400,35,140,34,1.6,8,1.8,2.2,1,1.7,160,1.2
2021-08-19 11:12:05am: Command And Valve Status :2,1,2,1,1,1,1,1,1,1,0,1,0,0,0,0,0,0,0,0,0
2021-08-19 11:12:06am: Sensor data :50000,800,700,400,35,140,34,1.2,7,1.5,1,0.9,1.6,150,1.1
2021-08-19 11:12:10am: Command And Valve Status :2,1,2,1,1,1,1,1,1,1,0,0,0,0,0,0,0,0,0,0,0
2021-08-19 11:12:11am: Sensor data :32000,800,700,400,35,140,34,1.7,9,1.9,3,1.1,1.8,170,1.3
2021-08-19 11:12:16am: Command And Valve Status :2,1,2,1,1,1,1,1,1,1,0,1,0,0,0,0,0,0,0,0,0
2021-08-19 11:12:16am: Sensor data :50000,900,800,500,38,160,26,1.7,9,1.9,3,1.1,1.8,170,1.3
2021-08-19 11:12:21am: Command And Valve Status :2,1,2,1,1,1,1,1,1,1,0,0,0,0,0,0,0,0,0,0,0
2021-08-19 11:12:22am: Sensor data :32000,800,700,400,35,140,34,1.7,9,1.9,3,1.1,1.8,170,1.3
2021-08-19 11:12:26am: Command And Valve Status :2,1,2,1,1,1,1,1,1,1,0,0,0,0,0,0,0,0,0,1,0
2021-08-19 11:12:27am: Sensor data :32000,800,700,400,35,140,34,1.7,9,1.9,3,1.1,1.8,170,1.3
2021-08-19 11:12:31am: Command And Valve Status :2,1,2,1,1,1,1,1,1,1,0,1,0,0,0,0,0,0,0,0,0
2021-08-19 11:12:32am: Sensor data :32000,800,700,400,35,140,34,1.2,7,1.5,1,0.9,1.6,150,1.1
2021-08-19 11:12:37am: Command And Valve Status :2,1,2,1,1,1,1,1,1,1,0,0,0,0,0,0,0,0,0,0,0
2021-08-19 11:12:37am: Sensor data :50000,900,800,500,38,160,26,1.2,7,1.5,1,0.9,1.6,150,1.1
2021-08-19 11:12:42am: Sensor data :32000,700,650,300,31,120,32,1.7,9,1.9,3,1.1,1.8,170,1.3
2021-08-19 11:12:42am: Command And Valve Status :2,1,2,1,1,1,1,1,1,1,0,0,0,0,0,0,1,0,0,0,0
2021-08-19 11:12:47am: Sensor data :32000,700,650,300,31,120,32,1.6,8,1.8,2.2,1,1.7,160,1.2
2021-08-19 11:12:47am: Command And Valve Status :2,1,2,1,1,1,1,1,1,1,0,0,0,0,0,0,0,0,0,0,1
2021-08-19 11:12:52am: Sensor data :50000,900,800,500,38,160,26,1.6,8,1.8,2.2,1,1.7,160,1.2
2021-08-19 11:12:59am: Initialize (Code to PLC) : Started
2021-08-19 11:12:59am: Initialize (PLC to Code) : Started
2021-08-19 11:13:00am: Command And Valve Status :1,2,2,2,2,2,2,2,2,2,0,2,2,2,2,2,2,2,2,2,2
2021-08-19 11:13:05am: Command And Valve Status :1,2,2,2,2,2,2,2,2,2,0,2,2,2,2,2,2,2,2,2,2
2021-08-19 11:13:10am: Command And Valve Status :1,2,2,2,2,2,2,2,2,2,0,2,2,2,2,2,2,2,2,2,2
2021-08-19 11:13:16am: Command And Valve Status :1,2,2,2,2,2,2,2,2,2,0,2,2,2,2,2,2,2,2,2,2
2021-08-19 11:13:21am: Command And Valve Status :1,2,2,2,2,2,2,2,2,2,0,2,2,2,2,2,2,2,2,2,2
2021-08-19 11:13:26am: Command And Valve Status :1,2,2,2,2,2,2,2,2,2,0,2,2,2,2,2,2,2,2,2,2
2021-08-19 11:13:31am: Command And Valve Status :1,2,2,2,2,2,2,2,2,2,0,2,2,2,2,2,2,2,2,2,2
2021-08-19 11:13:37am: Command And Valve Status :1,2,2,2,2,2,2,2,2,2,0,2,2,2,2,2,2,2,2,2,2
2021-08-19 11:13:42am: Command And Valve Status :1,2,2,2,2,2,2,2,2,2,0,2,2,2,2,2,2,2,2,2,2
2021-08-19 11:13:47am: Command And Valve Status :1,2,2,2,2,2,2,2,2,2,0,2,2,2,2,2,2,2,2,2,2
2021-08-19 11:13:53am: Command And Valve Status :1,2,2,2,2,2,2,2,2,2,0,2,2,2,2,2,2,2,2,2,2
2021-08-19 11:13:58am: Command And Valve Status :1,2,2,2,2,2,2,2,2,2,0,2,2,2,2,2,2,2,2,2,2
2021-08-19 11:14:03am: Command And Valve Status :1,2,2,2,2,2,2,2,2,2,0,2,2,2,2,2,2,2,2,2,2
2021-08-19 11:14:09am: Command And Valve Status :1,2,2,2,2,2,2,2,2,2,0,2,2,2,2,2,2,2,2,2,2
2021-08-19 11:14:14am: Command And Valve Status :1,2,2,2,2,2,2,2,2,2,0,2,2,2,2,2,2,2,2,2,2
2021-08-19 11:14:19am: Command And Valve Status :1,2,2,2,2,2,2,2,2,2,0,2,2,2,2,2,2,2,2,2,2
2021-08-19 11:14:25am: Command And Valve Status :1,2,2,2,2,2,2,2,2,2,0,2,2,2,2,2,2,2,2,2,2
2021-08-19 11:14:30am: Command And Valve Status :1,2,2,2,2,2,2,2,2,2,0,2,2,2,2,2,2,2,2,2,2
2021-08-19 11:14:35am: Command And Valve Status :1,2,2,2,2,2,2,2,2,2,0,2,2,2,2,2,2,2,2,2,2
2021-08-19 11:14:40am: Command And Valve Status :1,2,2,2,2,2,2,2,2,2,0,2,2,2,2,2,2,2,2,2,2
2021-08-19 11:14:46am: Command And Valve Status :1,2,2,2,2,2,2,2,2,2,0,2,2,2,2,2,2,2,2,2,2
2021-08-19 11:14:47am: Initialize (Code to PLC) : Started
2021-08-19 11:14:51am: Command And Valve Status :1,2,2,2,2,2,2,2,2,2,0,2,2,2,2,2,2,2,2,2,2
2021-08-19 11:14:56am: Command And Valve Status :1,2,2,2,2,2,2,2,2,2,0,2,2,2,2,2,2,2,2,2,2
2021-08-19 11:15:02am: Command And Valve Status :1,2,2,2,2,2,2,2,2,2,0,2,2,2,2,2,2,2,2,2,2
2021-08-19 11:15:07am: Command And Valve Status :1,2,2,2,2,2,2,2,2,2,0,2,2,2,2,2,2,2,2,2,2
2021-08-19 11:15:35am: Initialize (Code to PLC) : Started
2021-08-19 11:15:36am: Initialize (PLC to Code) : Started
2021-08-19 11:15:36am: Command And Valve Status :1,2,2,2,2,2,2,2,2,2,0,2,2,2,2,2,2,2,2,2,2
2021-08-19 11:15:40am: Start (PLC TO DB) : Started
2021-08-19 11:15:40am: Sensor data :32000,800,700,400,35,140,34,1.6,8,1.8,2.2,1,1.7,160,1.2
2021-08-19 11:15:41am: Command And Valve Status :2,1,2,1,2,2,2,2,2,2,0,1,0,0,0,0,0,0,0,0,0
2021-08-19 11:15:45am: Sensor data :50000,800,700,400,35,140,34,1.7,9,1.9,3,1.1,1.8,170,1.3
2021-08-19 11:15:47am: Command And Valve Status :2,1,2,1,2,2,2,2,2,2,0,0,0,0,0,0,0,1,0,0,0
2021-08-19 11:15:50am: Sensor data :50000,900,650,300,31,120,32,1.6,9,1.9,3,1.1,1.8,170,1.3
2021-08-19 11:15:52am: Command And Valve Status :2,1,2,1,1,2,2,2,2,2,0,1,1,0,0,0,0,0,0,0,0
2021-08-19 11:15:56am: Sensor data :50000,800,700,400,35,140,34,1.7,9,1.9,3,1.1,1.8,170,1.3
2021-08-19 11:15:57am: Command And Valve Status :2,1,2,1,1,2,2,2,2,2,0,1,0,0,0,0,0,0,0,0,0
2021-08-19 11:16:01am: Sensor data :32000,800,800,500,38,160,26,1.2,8,1.8,2.2,1,1.7,160,1.2
2021-08-19 11:16:03am: Command And Valve Status :2,1,2,1,1,1,2,2,2,2,0,0,0,0,0,1,1,0,0,0,0
2021-08-19 11:16:06am: Sensor data :200000,800,700,400,35,140,34,1.2,7,1.5,1,0.9,1.6,150,1.1
2021-08-19 11:16:08am: Command And Valve Status :2,1,2,1,1,1,2,2,2,2,0,1,0,0,0,0,0,0,0,0,0
2021-08-19 11:16:11am: Sensor data :200000,700,650,300,31,120,32,1.7,9,1.9,3,1.1,1.8,170,1.3
2021-08-19 11:16:13am: Command And Valve Status :2,1,2,1,1,1,1,2,2,2,0,1,0,0,0,0,0,0,0,0,0
2021-08-19 11:16:16am: Sensor data :50000,900,800,500,38,160,26,1.6,8,1.8,2.2,1,1.7,160,1.2
2021-08-19 11:16:19am: Command And Valve Status :2,1,2,1,1,1,1,2,2,2,0,0,0,0,0,1,1,0,0,0,0
2021-08-19 11:16:21am: Sensor data :200000,800,700,400,35,140,34,1.6,8,1.8,2.2,1,1.7,160,1.2
2021-08-19 11:16:24am: Command And Valve Status :2,1,2,1,1,1,1,1,2,2,0,1,0,0,0,0,0,0,0,0,0
2021-08-19 11:16:26am: Sensor data :200000,700,650,300,31,120,32,1.6,8,1.8,2.2,1,1.7,160,1.2
2021-08-19 11:16:29am: Command And Valve Status :2,1,2,1,1,1,1,1,2,2,0,1,0,0,0,0,0,0,0,0,0
2021-08-19 11:16:31am: Sensor data :50000,700,650,300,31,120,32,1.2,7,1.5,1,0.9,1.6,150,1.1
2021-08-19 11:16:35am: Command And Valve Status :2,1,2,1,1,1,1,1,1,2,0,0,0,0,1,1,0,0,0,0,0
2021-08-19 11:16:36am: Sensor data :50000,700,650,300,31,120,32,1.2,7,1.5,1,0.9,1.6,150,1.1
2021-08-19 11:16:40am: Command And Valve Status :2,1,2,1,1,1,1,1,1,2,0,1,0,0,0,0,0,0,0,0,0
2021-08-19 11:16:42am: Sensor data :32000,800,700,400,35,140,34,1.7,9,1.9,3,1.1,1.8,170,1.3
2021-08-19 11:16:45am: Command And Valve Status :2,1,2,1,1,1,1,1,1,1,0,1,0,0,0,0,0,0,0,0,0
2021-08-19 11:16:47am: Sensor data :50000,900,800,500,38,160,26,1.2,7,1.5,1,0.9,1.6,150,1.1
2021-08-19 11:16:52am: Sensor data :50000,900,800,500,38,160,26,1.7,9,1.9,3,1.1,1.8,170,1.3
2021-08-19 11:16:58am: Initialize (Code to PLC) : Started
2021-08-19 11:16:58am: Initialize (PLC to Code) : Started
2021-08-19 11:16:59am: Command And Valve Status :1,2,2,2,2,2,2,2,2,2,0,2,2,2,2,2,2,2,2,2,2
2021-08-19 11:17:04am: Command And Valve Status :1,2,2,2,2,2,2,2,2,2,0,2,2,2,2,2,2,2,2,2,2
2021-08-19 11:17:09am: Command And Valve Status :1,2,2,2,2,2,2,2,2,2,0,2,2,2,2,2,2,2,2,2,2
2021-08-19 11:17:13am: Start (PLC TO DB) : Started
2021-08-19 11:17:13am: Sensor data :50000,800,700,400,35,140,34,1.7,9,1.9,3,1.1,1.8,170,1.3
2021-08-19 11:17:15am: Command And Valve Status :2,1,2,1,2,2,2,2,2,2,0,0,0,0,0,0,1,0,0,0,0
2021-08-19 11:17:19am: Sensor data :200000,900,800,500,38,160,26,1.2,7,1.5,1,0.9,1.6,150,1.1
2021-08-19 11:17:20am: Command And Valve Status :2,1,2,1,2,2,2,2,2,2,0,0,0,0,1,0,0,0,0,0,0
2021-08-19 11:17:24am: Sensor data :32000,900,800,500,38,160,26,1.6,8,1.8,2.2,1,1.7,160,1.2
2021-08-19 11:17:25am: Command And Valve Status :2,1,2,1,1,2,2,2,2,2,0,0,0,0,0,0,0,0,1,0,0
2021-08-19 11:17:29am: Sensor data :32000,700,650,300,31,120,32,1.2,7,1.5,1,0.9,1.6,150,1.1
2021-08-19 11:17:31am: Command And Valve Status :2,1,2,1,1,2,2,2,2,2,0,0,0,0,0,0,1,0,0,0,0
2021-08-19 11:17:34am: Sensor data :200000,700,650,300,31,120,32,1.7,9,1.9,3,1.1,1.8,170,1.3
2021-08-19 11:17:36am: Command And Valve Status :2,1,2,1,1,1,2,2,2,2,0,0,0,0,0,0,0,0,0,0,0
2021-08-19 11:17:39am: Sensor data :200000,700,650,300,31,120,32,1.7,9,1.9,3,1.1,1.8,170,1.3
2021-08-19 11:17:41am: Command And Valve Status :2,1,2,1,1,1,2,2,2,2,0,0,0,0,0,0,0,1,0,0,0
2021-08-19 11:17:44am: Sensor data :50000,900,800,500,38,160,26,1.6,8,1.8,2.2,1,1.7,160,1.2
2021-08-19 11:17:47am: Command And Valve Status :2,1,2,1,1,1,1,2,2,2,0,0,0,1,1,0,0,0,0,0,0
2021-08-19 11:17:49am: Sensor data :32000,700,650,300,31,120,32,1.2,7,1.5,1,0.9,1.6,150,1.1
2021-08-19 11:17:52am: Command And Valve Status :2,1,2,1,1,1,1,2,2,2,0,0,0,0,0,0,0,0,0,0,0
2021-08-19 11:17:54am: Sensor data :200000,900,800,500,38,160,26,1.7,9,1.9,3,1.1,1.8,170,1.3
2021-08-19 11:17:57am: Command And Valve Status :2,1,2,1,1,1,1,1,2,2,0,0,0,0,0,0,0,1,0,0,0
2021-08-19 11:17:59am: Sensor data :200000,900,800,500,38,160,26,1.7,9,1.9,3,1.1,1.8,170,1.3
2021-08-19 11:18:03am: Command And Valve Status :2,1,2,1,1,1,1,1,2,2,0,0,0,1,0,0,0,0,0,0,0
2021-08-19 11:18:04am: Sensor data :32000,700,650,300,31,120,32,1.2,7,1.5,1,0.9,1.6,150,1.1
2021-08-19 11:18:08am: Command And Valve Status :2,1,2,1,1,1,1,1,1,2,0,0,0,0,0,0,0,0,0,0,0
2021-08-19 11:18:10am: Sensor data :200000,900,800,500,38,160,26,1.7,9,1.9,3,1.1,1.8,170,1.3
2021-08-19 11:18:13am: Command And Valve Status :2,1,2,1,1,1,1,1,1,2,0,0,0,0,0,0,0,1,0,0,0
2021-08-19 11:18:15am: Sensor data :32000,900,800,500,38,160,26,1.2,7,1.5,1,0.9,1.6,150,1.1
2021-08-19 11:18:19am: Command And Valve Status :2,1,2,1,1,1,1,1,1,1,0,1,1,0,0,0,0,0,0,0,0
2021-08-19 11:18:20am: Sensor data :200000,900,800,500,38,160,26,1.7,9,1.9,3,1.1,1.8,170,1.3
2021-08-19 11:18:25am: Sensor data :200000,800,700,400,35,140,34,1.7,9,1.9,3,1.1,1.8,170,1.3
2021-08-19 11:18:31am: Initialize (Code to PLC) : Started
2021-08-19 11:18:31am: Initialize (PLC to Code) : Started
2021-08-19 11:18:31am: Command And Valve Status :1,2,2,2,2,2,2,2,2,2,0,2,2,2,2,2,2,2,2,2,2
2021-08-19 11:18:37am: Command And Valve Status :1,2,2,2,2,2,2,2,2,2,0,2,2,2,2,2,2,2,2,2,2
2021-08-19 11:18:42am: Command And Valve Status :1,2,2,2,2,2,2,2,2,2,0,2,2,2,2,2,2,2,2,2,2
2021-08-19 11:18:47am: Command And Valve Status :1,2,2,2,2,2,2,2,2,2,0,2,2,2,2,2,2,2,2,2,2
2021-08-19 11:18:53am: Command And Valve Status :1,2,2,2,2,2,2,2,2,2,0,2,2,2,2,2,2,2,2,2,2
2021-08-19 11:18:58am: Command And Valve Status :1,2,2,2,2,2,2,2,2,2,0,2,2,2,2,2,2,2,2,2,2
2021-08-19 11:19:03am: Command And Valve Status :1,2,2,2,2,2,2,2,2,2,0,2,2,2,2,2,2,2,2,2,2
2021-08-19 11:19:09am: Command And Valve Status :1,2,2,2,2,2,2,2,2,2,0,2,2,2,2,2,2,2,2,2,2
2021-08-19 11:19:14am: Command And Valve Status :1,2,2,2,2,2,2,2,2,2,0,2,2,2,2,2,2,2,2,2,2
2021-08-19 11:19:19am: Command And Valve Status :1,2,2,2,2,2,2,2,2,2,0,2,2,2,2,2,2,2,2,2,2
2021-08-19 11:19:25am: Command And Valve Status :1,2,2,2,2,2,2,2,2,2,0,2,2,2,2,2,2,2,2,2,2
2021-08-19 11:19:30am: Command And Valve Status :1,2,2,2,2,2,2,2,2,2,0,2,2,2,2,2,2,2,2,2,2
2021-08-19 11:19:35am: Command And Valve Status :1,2,2,2,2,2,2,2,2,2,0,2,2,2,2,2,2,2,2,2,2
2021-08-19 11:19:41am: Command And Valve Status :1,2,2,2,2,2,2,2,2,2,0,2,2,2,2,2,2,2,2,2,2
2021-08-19 11:19:46am: Command And Valve Status :1,2,2,2,2,2,2,2,2,2,0,2,2,2,2,2,2,2,2,2,2
2021-08-19 11:19:51am: Command And Valve Status :1,2,2,2,2,2,2,2,2,2,0,2,2,2,2,2,2,2,2,2,2
2021-08-19 11:19:56am: Command And Valve Status :1,2,2,2,2,2,2,2,2,2,0,2,2,2,2,2,2,2,2,2,2
2021-08-19 11:20:02am: Command And Valve Status :1,2,2,2,2,2,2,2,2,2,0,2,2,2,2,2,2,2,2,2,2
2021-08-19 11:20:07am: Command And Valve Status :1,2,2,2,2,2,2,2,2,2,0,2,2,2,2,2,2,2,2,2,2
2021-08-19 11:20:12am: Command And Valve Status :1,2,2,2,2,2,2,2,2,2,0,2,2,2,2,2,2,2,2,2,2
2021-08-19 11:20:18am: Command And Valve Status :1,2,2,2,2,2,2,2,2,2,0,2,2,2,2,2,2,2,2,2,2
2021-08-19 11:20:23am: Command And Valve Status :1,2,2,2,2,2,2,2,2,2,0,2,2,2,2,2,2,2,2,2,2
2021-08-19 11:20:28am: Command And Valve Status :1,2,2,2,2,2,2,2,2,2,0,2,2,2,2,2,2,2,2,2,2
2021-08-19 11:20:34am: Command And Valve Status :1,2,2,2,2,2,2,2,2,2,0,2,2,2,2,2,2,2,2,2,2
2021-08-19 11:20:39am: Command And Valve Status :1,2,2,2,2,2,2,2,2,2,0,2,2,2,2,2,2,2,2,2,2
2021-08-19 11:20:44am: Command And Valve Status :1,2,2,2,2,2,2,2,2,2,0,2,2,2,2,2,2,2,2,2,2
2021-08-19 11:20:49am: Command And Valve Status :1,2,2,2,2,2,2,2,2,2,0,2,2,2,2,2,2,2,2,2,2
2021-08-19 11:20:55am: Command And Valve Status :1,2,2,2,2,2,2,2,2,2,0,2,2,2,2,2,2,2,2,2,2
2021-08-19 11:21:00am: Command And Valve Status :1,2,2,2,2,2,2,2,2,2,0,2,2,2,2,2,2,2,2,2,2
2021-08-19 11:21:05am: Initialize (Code to PLC) : Started
2021-08-19 11:21:05am: Command And Valve Status :1,2,2,2,2,2,2,2,2,2,0,2,2,2,2,2,2,2,2,2,2
2021-08-19 11:21:11am: Command And Valve Status :1,2,2,2,2,2,2,2,2,2,0,2,2,2,2,2,2,2,2,2,2
2021-08-19 11:21:36am: Initialize (Code to PLC) : Started
2021-08-19 11:21:37am: Initialize (PLC to Code) : Started
2021-08-19 11:21:37am: Command And Valve Status :1,2,2,2,2,2,2,2,2,2,0,2,2,2,2,2,2,2,2,2,2
2021-08-19 11:21:40am: Start (PLC TO DB) : Started
2021-08-19 11:21:40am: Sensor data :200000,700,650,300,31,120,32,1.2,7,1.5,1,0.9,1.6,150,1.1
2021-08-19 11:21:42am: Command And Valve Status :2,1,2,1,2,2,2,2,2,2,0,0,0,0,0,0,0,0,0,0,1
2021-08-19 11:21:45am: Sensor data :200000,900,800,500,38,160,26,1.6,8,1.8,2.2,1,1.7,160,1.2
2021-08-19 11:21:48am: Command And Valve Status :2,1,2,1,2,2,2,2,2,2,0,0,0,0,0,0,0,0,0,0,1
2021-08-19 11:21:51am: Sensor data :50000,900,800,500,38,160,26,1.2,7,1.5,1,0.9,1.6,150,1.1
2021-08-19 11:21:53am: Command And Valve Status :2,1,2,1,1,2,2,2,2,2,0,0,0,0,0,0,0,0,1,0,0
2021-08-19 11:21:56am: Sensor data :32000,700,650,300,31,120,32,1.7,9,1.9,3,1.1,1.8,170,1.3
2021-08-19 11:21:58am: Command And Valve Status :2,1,2,1,1,2,2,2,2,2,0,0,0,0,0,0,0,0,1,1,0
2021-08-19 11:22:01am: Sensor data :50000,800,700,400,35,140,34,1.2,7,1.5,1,0.9,1.6,150,1.1
2021-08-19 11:22:04am: Command And Valve Status :2,1,2,1,1,1,2,2,2,2,0,0,0,0,0,0,0,0,1,0,0
2021-08-19 11:22:06am: Sensor data :200000,800,700,400,35,140,34,1.6,8,1.8,2.2,1,1.7,160,1.2
2021-08-19 11:22:09am: Command And Valve Status :2,1,2,1,1,1,2,2,2,2,0,0,0,0,0,0,0,0,1,0,0
2021-08-19 11:22:11am: Sensor data :200000,700,650,300,31,120,32,1.6,8,1.8,2.2,1,1.7,160,1.2
2021-08-19 11:22:14am: Command And Valve Status :2,1,2,1,1,1,1,2,2,2,0,0,0,0,0,0,0,1,1,0,0
2021-08-19 11:22:16am: Sensor data :50000,800,700,400,35,140,34,1.2,7,1.5,1,0.9,1.6,150,1.1
2021-08-19 11:22:20am: Command And Valve Status :2,1,2,1,1,1,1,2,2,2,0,0,0,0,0,0,0,0,1,0,0
2021-08-19 11:22:21am: Sensor data :50000,800,700,400,35,140,34,1.2,7,1.5,1,0.9,1.6,150,1.1
2021-08-19 11:22:25am: Command And Valve Status :2,1,2,1,1,1,1,1,2,2,0,0,0,0,0,0,0,0,1,0,0
2021-08-19 11:22:26am: Sensor data :50000,700,650,300,31,120,32,1.2,7,1.5,1,0.9,1.6,150,1.1
2021-08-19 11:22:30am: Command And Valve Status :2,1,2,1,1,1,1,1,1,2,0,0,0,0,0,0,0,1,1,0,0
2021-08-19 11:22:32am: Sensor data :50000,800,700,400,35,140,34,1.7,9,1.9,3,1.1,1.8,170,1.3
2021-08-19 11:22:36am: Command And Valve Status :2,1,2,1,1,1,1,1,1,2,0,0,0,0,0,0,0,0,1,0,0
2021-08-19 11:22:37am: Sensor data :32000,700,650,300,31,120,32,1.6,8,1.8,2.2,1,1.7,160,1.2
2021-08-19 11:22:41am: Command And Valve Status :2,1,2,1,1,1,1,1,1,1,0,0,0,0,0,0,0,0,1,0,0
2021-08-19 11:22:42am: Sensor data :200000,700,650,300,31,120,32,1.2,7,1.5,1,0.9,1.6,150,1.1
2021-08-19 11:22:46am: Command And Valve Status :2,1,2,1,1,1,1,1,1,1,0,0,0,0,0,0,0,1,1,0,0
2021-08-19 11:22:47am: Sensor data :32000,900,800,500,38,160,26,1.6,8,1.8,2.2,1,1.7,160,1.2
2021-08-19 11:22:52am: Sensor data :50000,800,700,400,35,140,34,1.7,9,1.9,3,1.1,1.8,170,1.3
2021-08-19 11:23:05am: Initialize (Code to PLC) : Started
2021-08-19 11:23:06am: Initialize (PLC to Code) : Started
2021-08-19 11:23:06am: Command And Valve Status :1,2,2,2,2,2,2,2,2,2,0,2,2,2,2,2,2,2,2,2,2
2021-08-19 11:23:11am: Start (PLC TO DB) : Started
2021-08-19 11:23:11am: Sensor data :200000,800,700,400,35,140,34,1.2,7,1.5,1,0.9,1.6,150,1.1
2021-08-19 11:23:11am: Command And Valve Status :2,1,2,1,2,2,2,2,2,2,0,0,0,0,0,0,0,0,0,0,1
2021-08-19 11:23:16am: Sensor data :32000,700,650,300,31,120,32,1.6,8,1.8,2.2,1,1.7,160,1.2
2021-08-19 11:23:17am: Command And Valve Status :2,1,2,1,2,2,2,2,2,2,0,0,0,1,0,0,0,0,0,0,0
2021-08-19 11:23:21am: Sensor data :200000,700,650,300,31,120,32,1.2,7,1.5,1,0.9,1.6,150,1.1
2021-08-19 11:23:22am: Command And Valve Status :2,1,2,1,1,2,2,2,2,2,0,0,0,0,0,0,0,0,0,0,0
2021-08-19 11:23:26am: Sensor data :50000,900,800,500,38,160,26,1.7,9,1.9,3,1.1,1.8,170,1.3
2021-08-19 11:23:27am: Command And Valve Status :2,1,2,1,1,2,2,2,2,2,0,0,0,0,0,0,0,0,0,1,0
2021-08-19 11:23:31am: Sensor data :200000,700,650,300,31,120,32,1.2,7,1.5,1,0.9,1.6,150,1.1
2021-08-19 11:23:33am: Command And Valve Status :2,1,2,1,1,1,2,2,2,2,0,1,0,0,0,0,0,0,0,0,0
2021-08-19 11:23:36am: Sensor data :50000,800,700,400,35,140,34,1.7,9,1.9,3,1.1,1.8,170,1.3
2021-08-19 11:23:38am: Command And Valve Status :2,1,2,1,1,1,2,2,2,2,0,0,0,0,0,0,0,0,0,0,0
2021-08-19 11:23:41am: Sensor data :200000,800,700,400,35,140,34,1.2,7,1.5,1,0.9,1.6,150,1.1
2021-08-19 11:23:43am: Command And Valve Status :2,1,2,1,1,1,1,2,2,2,0,0,0,0,0,0,0,0,0,1,0
2021-08-19 11:23:46am: Sensor data :32000,700,650,300,31,120,32,1.6,8,1.8,2.2,1,1.7,160,1.2
2021-08-19 11:23:49am: Command And Valve Status :2,1,2,1,1,1,1,2,2,2,0,0,1,0,0,0,0,0,0,0,0
2021-08-19 11:23:51am: Sensor data :200000,700,650,300,31,120,32,1.2,7,1.5,1,0.9,1.6,150,1.1
2021-08-19 11:23:54am: Command And Valve Status :2,1,2,1,1,1,1,1,2,2,0,0,0,0,0,0,0,0,0,0,1
2021-08-19 11:23:57am: Sensor data :200000,700,650,300,31,120,32,1.7,9,1.9,3,1.1,1.8,170,1.3
2021-08-19 11:23:59am: Command And Valve Status :2,1,2,1,1,1,1,1,2,2,0,0,0,0,0,0,0,0,1,0,0
2021-08-19 11:24:02am: Sensor data :32000,700,650,300,31,120,32,1.2,7,1.5,1,0.9,1.6,150,1.1
2021-08-19 11:24:05am: Command And Valve Status :2,1,2,1,1,1,1,1,1,2,0,0,0,0,0,0,0,0,0,0,0
2021-08-19 11:24:07am: Sensor data :50000,700,650,300,31,120,32,1.2,7,1.5,1,0.9,1.6,150,1.1
2021-08-19 11:24:10am: Command And Valve Status :2,1,2,1,1,1,1,1,1,2,0,0,0,0,0,0,0,0,0,1,0
2021-08-19 11:24:12am: Sensor data :32000,700,650,300,31,120,32,1.2,7,1.5,1,0.9,1.6,150,1.1
2021-08-19 11:24:15am: Command And Valve Status :2,1,2,1,1,1,1,1,1,1,0,0,0,0,0,0,0,0,1,0,0
2021-08-19 11:24:17am: Sensor data :50000,900,800,500,38,160,26,1.2,7,1.5,1,0.9,1.6,150,1.1
2021-08-19 11:24:21am: Command And Valve Status :2,1,2,1,1,1,1,1,1,1,0,0,0,0,0,0,0,0,0,0,0
2021-08-19 11:24:22am: Sensor data :32000,800,700,400,35,140,34,1.7,9,1.9,3,1.1,1.8,170,1.3
2021-08-19 11:24:27am: Sensor data :200000,900,800,500,38,160,26,1.6,8,1.8,2.2,1,1.7,160,1.2
2021-08-19 11:24:34am: Initialize (Code to PLC) : Started
2021-08-19 11:24:35am: Initialize (PLC to Code) : Started
2021-08-19 11:24:35am: Command And Valve Status :1,2,2,2,2,2,2,2,2,2,0,2,2,2,2,2,2,2,2,2,2
2021-08-19 11:24:40am: Command And Valve Status :1,2,2,2,2,2,2,2,2,2,0,2,2,2,2,2,2,2,2,2,2
2021-08-19 11:24:42am: Start (PLC TO DB) : Started
2021-08-19 11:24:42am: Sensor data :32000,800,700,400,35,140,34,1.7,9,1.9,3,1.1,1.8,170,1.3
2021-08-19 11:24:46am: Command And Valve Status :2,1,2,1,2,2,2,2,2,2,0,0,0,0,0,0,0,0,0,0,1
2021-08-19 11:24:47am: Sensor data :200000,900,800,500,38,160,26,1.7,9,1.9,3,1.1,1.8,170,1.3
2021-08-19 11:24:51am: Command And Valve Status :2,1,2,1,2,2,2,2,2,2,0,0,0,0,0,0,0,0,0,0,1
2021-08-19 11:24:53am: Sensor data :32000,700,650,300,31,120,32,1.2,7,1.5,1,0.9,1.6,150,1.1
2021-08-19 11:24:56am: Command And Valve Status :2,1,2,1,1,2,2,2,2,2,0,0,0,0,0,0,1,0,0,0,0
2021-08-19 11:24:58am: Sensor data :200000,900,800,500,38,160,26,1.7,9,1.9,3,1.1,1.8,170,1.3
2021-08-19 11:25:02am: Command And Valve Status :2,1,2,1,1,2,2,2,2,2,0,0,0,0,0,0,0,0,0,0,1
2021-08-19 11:25:03am: Sensor data :50000,900,800,500,38,160,26,1.6,8,1.8,2.2,1,1.7,160,1.2
2021-08-19 11:25:07am: Command And Valve Status :2,1,2,1,1,1,2,2,2,2,0,0,0,0,0,0,0,0,0,0,1
2021-08-19 11:25:08am: Sensor data :200000,800,700,400,35,140,34,1.7,9,1.9,3,1.1,1.8,170,1.3
2021-08-19 11:25:12am: Command And Valve Status :2,1,2,1,1,1,1,2,2,2,0,0,0,0,0,0,0,1,1,0,0
2021-08-19 11:25:13am: Sensor data :50000,700,650,300,31,120,32,1.6,8,1.8,2.2,1,1.7,160,1.2
2021-08-19 11:25:18am: Command And Valve Status :2,1,2,1,1,1,1,2,2,2,0,0,0,0,0,0,0,0,0,0,1
2021-08-19 11:25:19am: Sensor data :200000,900,800,500,38,160,26,1.7,9,1.9,3,1.1,1.8,170,1.3
2021-08-19 11:25:23am: Command And Valve Status :2,1,2,1,1,1,1,1,2,2,0,0,0,0,0,0,0,0,0,0,1
2021-08-19 11:25:24am: Sensor data :50000,700,650,300,31,120,32,1.2,7,1.5,1,0.9,1.6,150,1.1
2021-08-19 11:25:29am: Command And Valve Status :2,1,2,1,1,1,1,1,2,2,0,1,0,0,0,0,0,0,0,0,0
2021-08-19 11:25:29am: Sensor data :50000,700,650,300,31,120,32,1.2,7,1.5,1,0.9,1.6,150,1.1
2021-08-19 11:25:34am: Sensor data :50000,900,800,500,38,160,26,1.2,7,1.5,1,0.9,1.6,150,1.1
2021-08-19 11:25:34am: Command And Valve Status :2,1,2,1,1,1,1,1,1,2,0,0,0,0,0,0,0,0,0,0,0
2021-08-19 11:25:39am: Sensor data :50000,800,700,400,35,140,34,1.2,7,1.5,1,0.9,1.6,150,1.1
2021-08-19 11:25:39am: Command And Valve Status :2,1,2,1,1,1,1,1,1,2,0,0,0,0,0,0,0,0,0,0,1
2021-08-19 11:25:44am: Sensor data :32000,900,800,500,38,160,26,1.7,9,1.9,3,1.1,1.8,170,1.3
2021-08-19 11:25:45am: Command And Valve Status :2,1,2,1,1,1,1,1,1,1,0,0,1,1,0,0,0,0,0,0,0
2021-08-19 11:25:49am: Sensor data :32000,700,650,300,31,120,32,1.6,8,1.8,2.2,1,1.7,160,1.2
2021-08-19 11:25:50am: Command And Valve Status :2,1,2,1,1,1,1,1,1,1,0,0,0,0,0,0,0,0,0,0,0
2021-08-19 11:25:54am: Sensor data :50000,800,700,400,35,140,34,1.7,9,1.9,3,1.1,1.8,170,1.3
2021-08-19 11:25:55am: Command And Valve Status :2,1,2,1,1,1,1,1,1,1,0,0,0,0,0,0,0,0,0,0,1
2021-08-19 11:25:59am: Sensor data :32000,800,700,400,35,140,34,1.6,8,1.8,2.2,1,1.7,160,1.2
2021-08-19 11:26:01am: Command And Valve Status :2,1,2,1,1,1,1,1,1,1,0,1,1,0,0,0,0,0,0,0,0
2021-08-19 11:26:05am: Sensor data :50000,900,800,500,38,160,26,1.7,9,1.9,3,1.1,1.8,170,1.3
2021-08-19 11:26:06am: Command And Valve Status :2,1,2,1,1,1,1,1,1,1,0,0,0,0,0,0,0,0,0,0,1
2021-08-19 11:26:10am: Sensor data :200000,700,650,300,31,120,32,1.2,7,1.5,1,0.9,1.6,150,1.1
2021-08-19 11:26:11am: Command And Valve Status :2,1,2,1,1,1,1,1,1,1,0,0,0,0,0,0,0,0,0,0,1
2021-08-19 11:26:15am: Sensor data :200000,900,800,500,38,160,26,1.2,7,1.5,1,0.9,1.6,150,1.1
2021-08-19 11:26:16am: Command And Valve Status :2,1,2,1,1,1,1,1,1,1,0,0,0,0,0,0,0,0,0,0,0
2021-08-19 11:26:20am: Sensor data :32000,800,700,400,35,140,34,1.6,8,1.8,2.2,1,1.7,160,1.2
2021-08-19 11:26:22am: Command And Valve Status :2,1,2,1,1,1,1,1,1,1,0,0,0,0,0,0,0,0,0,0,1
2021-08-19 11:26:25am: Sensor data :32000,900,800,500,38,160,26,1.6,8,1.8,2.2,1,1.7,160,1.2
2021-08-19 11:26:27am: Command And Valve Status :2,1,2,1,1,1,1,1,1,1,0,0,0,0,0,0,0,0,0,0,1
2021-08-19 11:26:30am: Sensor data :32000,700,650,300,31,120,32,1.6,8,1.8,2.2,1,1.7,160,1.2
2021-08-19 11:26:32am: Command And Valve Status :2,1,2,1,1,1,1,1,1,1,0,0,0,0,0,0,0,0,0,0,0
2021-08-19 11:26:35am: Sensor data :200000,900,800,500,38,160,26,1.2,7,1.5,1,0.9,1.6,150,1.1
2021-08-19 11:26:38am: Command And Valve Status :2,1,2,1,1,1,1,1,1,1,0,0,0,0,0,0,0,0,0,0,1
2021-08-19 11:26:40am: Sensor data :50000,800,700,400,35,140,34,1.7,9,1.9,3,1.1,1.8,170,1.3
2021-08-19 11:26:43am: Command And Valve Status :2,1,2,1,1,1,1,1,1,1,0,0,0,0,0,0,0,0,0,0,1
2021-08-19 11:26:45am: Sensor data :200000,900,800,500,38,160,26,1.2,7,1.5,1,0.9,1.6,150,1.1
2021-08-19 11:26:48am: Command And Valve Status :2,1,2,1,1,1,1,1,1,1,0,0,0,0,0,0,0,0,0,0,1
2021-08-19 11:26:50am: Sensor data :32000,700,650,300,31,120,32,1.6,8,1.8,2.2,1,1.7,160,1.2
2021-08-19 11:26:54am: Command And Valve Status :2,1,2,1,1,1,1,1,1,1,0,0,0,0,0,0,0,0,0,1,0
2021-08-19 11:26:56am: Sensor data :50000,800,700,400,35,140,34,1.7,9,1.9,3,1.1,1.8,170,1.3
2021-08-19 11:26:59am: Command And Valve Status :2,1,2,1,1,1,1,1,1,1,0,0,0,0,0,0,0,0,0,1,0
2021-08-19 11:27:01am: Sensor data :32000,800,700,400,35,140,34,1.6,8,1.8,2.2,1,1.7,160,1.2
2021-08-19 11:27:04am: Command And Valve Status :2,1,2,1,1,1,1,1,1,1,0,0,0,0,0,1,1,0,0,0,0
2021-08-19 11:27:06am: Sensor data :200000,800,700,400,35,140,34,1.2,7,1.5,1,0.9,1.6,150,1.1
2021-08-19 11:27:10am: Command And Valve Status :2,1,2,1,1,1,1,1,1,1,0,0,0,0,0,0,0,0,1,0,0
2021-08-19 11:27:11am: Sensor data :200000,800,700,400,35,140,34,1.2,7,1.5,1,0.9,1.6,150,1.1
2021-08-19 11:27:15am: Command And Valve Status :2,1,2,1,1,1,1,1,1,1,0,0,0,0,0,0,0,0,1,0,0
2021-08-19 11:27:16am: Sensor data :200000,900,800,500,38,160,26,1.2,7,1.5,1,0.9,1.6,150,1.1
2021-08-19 11:27:20am: Command And Valve Status :2,1,2,1,1,1,1,1,1,1,0,0,0,0,1,0,0,0,0,0,0
2021-08-19 11:27:21am: Sensor data :200000,700,650,300,31,120,32,1.7,9,1.9,3,1.1,1.8,170,1.3
2021-08-19 11:27:26am: Command And Valve Status :2,1,2,1,1,1,1,1,1,1,0,0,0,0,0,0,0,0,1,0,0
2021-08-19 11:27:26am: Sensor data :200000,700,650,300,31,120,32,1.6,8,1.8,2.2,1,1.7,160,1.2
2021-08-19 11:27:31am: Command And Valve Status :2,1,2,1,1,1,1,1,1,1,0,0,0,0,0,0,0,1,0,0,0
2021-08-19 11:27:31am: Sensor data :32000,700,650,300,31,120,32,1.2,7,1.5,1,0.9,1.6,150,1.1
2021-08-19 11:27:36am: Command And Valve Status :2,1,2,1,1,1,1,1,1,1,0,1,0,0,0,0,0,0,0,0,0
2021-08-19 11:27:36am: Sensor data :50000,700,650,300,31,120,32,1.2,7,1.5,1,0.9,1.6,150,1.1
2021-08-19 11:27:41am: Command And Valve Status :2,1,2,1,1,1,1,1,1,1,0,0,0,0,0,0,1,0,0,0,0
2021-08-19 11:27:42am: Sensor data :50000,900,800,500,38,160,26,1.6,8,1.8,2.2,1,1.7,160,1.2
2021-08-19 11:27:47am: Sensor data :32000,900,800,500,38,160,26,1.7,9,1.9,3,1.1,1.8,170,1.3
2021-08-19 11:27:47am: Command And Valve Status :2,1,2,1,1,1,1,1,1,1,0,0,0,1,0,0,0,0,0,0,0
2021-08-19 11:27:52am: Sensor data :50000,900,800,500,38,160,26,1.6,8,1.8,2.2,1,1.7,160,1.2
2021-08-19 11:27:52am: Command And Valve Status :2,1,2,1,1,1,1,1,1,1,0,0,0,0,0,0,0,0,0,0,0
2021-08-19 11:27:57am: Sensor data :32000,700,650,300,31,120,32,1.2,7,1.5,1,0.9,1.6,150,1.1
2021-08-19 11:27:57am: Command And Valve Status :2,1,2,1,1,1,1,1,1,1,0,0,0,0,0,0,1,0,0,0,0
2021-08-19 11:28:02am: Sensor data :200000,700,700,400,35,140,34,1.6,9,1.9,3,1.1,1.8,170,1.3
2021-08-19 11:28:03am: Command And Valve Status :2,1,2,1,1,1,1,1,1,1,0,1,1,0,0,0,0,0,0,0,0
2021-08-19 11:28:07am: Sensor data :32000,700,650,300,31,120,32,1.7,9,1.9,3,1.1,1.8,170,1.3
2021-08-19 11:28:08am: Command And Valve Status :2,1,2,1,1,1,1,1,1,1,0,0,0,0,0,0,0,0,0,0,1
2021-08-19 11:28:12am: Sensor data :200000,700,650,300,31,120,32,1.7,9,1.9,3,1.1,1.8,170,1.3
2021-08-19 11:28:13am: Command And Valve Status :2,1,2,1,1,1,1,1,1,1,0,0,0,0,0,0,1,0,0,0,0
2021-08-19 11:28:17am: Sensor data :50000,800,700,400,35,140,34,1.7,9,1.9,3,1.1,1.8,170,1.3
2021-08-19 11:28:19am: Command And Valve Status :2,1,2,1,1,1,1,1,1,1,0,0,0,0,0,0,0,0,0,0,0
2021-08-19 11:28:23am: Sensor data :200000,800,700,400,35,140,34,1.2,7,1.5,1,0.9,1.6,150,1.1
2021-08-19 11:28:24am: Command And Valve Status :2,1,2,1,1,1,1,1,1,1,0,0,0,0,0,0,0,0,1,1,0
2021-08-19 11:28:28am: Sensor data :50000,900,800,500,38,160,26,1.7,9,1.9,3,1.1,1.8,170,1.3
2021-08-19 11:28:29am: Command And Valve Status :2,1,2,1,1,1,1,1,1,1,0,0,0,0,0,0,1,0,0,0,0
2021-08-19 11:28:33am: Sensor data :32000,700,650,300,31,120,32,1.2,7,1.5,1,0.9,1.6,150,1.1
2021-08-19 11:28:35am: Command And Valve Status :2,1,2,1,1,1,1,1,1,1,0,0,0,0,0,0,0,0,0,0,0
2021-08-19 11:28:38am: Sensor data :200000,800,700,400,35,140,34,1.7,9,1.9,3,1.1,1.8,170,1.3
2021-08-19 11:28:40am: Command And Valve Status :2,1,2,1,1,1,1,1,1,1,0,0,0,0,0,0,1,1,0,0,0
2021-08-19 11:28:43am: Sensor data :32000,700,650,300,31,120,32,1.2,7,1.5,1,0.9,1.6,150,1.1
2021-08-19 11:28:45am: Command And Valve Status :2,1,2,1,1,1,1,1,1,1,0,0,0,0,0,1,0,0,0,0,0
2021-08-19 11:28:48am: Sensor data :32000,700,650,300,31,120,32,1.7,9,1.9,3,1.1,1.8,170,1.3
2021-08-19 11:28:51am: Command And Valve Status :2,1,2,1,1,1,1,1,1,1,0,0,0,0,0,0,0,0,1,1,0
2021-08-19 11:28:53am: Sensor data :32000,700,650,300,31,120,32,1.7,9,1.9,3,1.1,1.8,170,1.3
2021-08-19 11:28:56am: Command And Valve Status :2,1,2,1,1,1,1,1,1,1,0,0,0,0,0,1,0,0,0,0,0
2021-08-19 11:28:58am: Sensor data :32000,900,800,500,38,160,26,1.6,8,1.8,2.2,1,1.7,160,1.3
2021-08-19 11:29:01am: Command And Valve Status :2,1,2,1,1,1,1,1,1,1,0,0,0,0,0,1,0,0,0,0,0
2021-08-19 11:29:03am: Sensor data :50000,700,650,300,31,120,32,1.2,7,1.5,1,0.9,1.6,150,1.1
2021-08-19 11:29:06am: Command And Valve Status :2,1,2,1,1,1,1,1,1,1,0,0,0,0,0,1,1,0,0,0,0
2021-08-19 11:29:08am: Sensor data :50000,800,700,400,35,140,34,1.6,8,1.8,2.2,1,1.7,160,1.2
2021-08-19 11:29:12am: Command And Valve Status :2,1,2,1,1,1,1,1,1,1,0,0,0,0,1,0,0,0,0,0,0
2021-08-19 11:29:14am: Sensor data :50000,700,650,300,31,120,32,1.6,8,1.8,2.2,1,1.7,160,1.2
2021-08-19 11:29:17am: Command And Valve Status :2,1,2,1,1,1,1,1,1,1,0,0,0,0,1,0,0,0,0,0,0
2021-08-19 11:29:19am: Sensor data :50000,800,700,400,35,140,34,1.2,7,1.5,1,0.9,1.6,150,1.1
2021-08-19 11:29:22am: Command And Valve Status :2,1,2,1,1,1,1,1,1,1,0,0,0,1,1,0,0,0,0,0,0
2021-08-19 11:29:24am: Sensor data :50000,700,650,300,31,120,32,1.6,8,1.8,2.2,1,1.7,160,1.2
2021-08-19 11:29:28am: Command And Valve Status :2,1,2,1,1,1,1,1,1,1,0,0,0,0,1,0,0,0,0,0,0
2021-08-19 11:29:29am: Sensor data :200000,700,650,300,31,120,32,1.6,8,1.8,2.2,1,1.7,160,1.2
2021-08-19 11:29:33am: Command And Valve Status :2,1,2,1,1,1,1,1,1,1,0,0,0,0,1,0,0,0,0,0,0
2021-08-19 11:29:34am: Sensor data :200000,800,700,400,35,140,34,1.7,9,1.9,3,1.1,1.8,170,1.3
2021-08-19 11:29:38am: Command And Valve Status :2,1,2,1,1,1,1,1,1,1,0,0,1,0,0,0,0,0,0,0,0
2021-08-19 11:29:39am: Sensor data :32000,700,650,300,31,120,32,1.2,7,1.5,1,0.9,1.6,150,1.1
2021-08-19 11:29:44am: Command And Valve Status :2,1,2,1,1,1,1,1,1,1,0,0,0,0,1,0,0,0,0,0,0
2021-08-19 11:29:44am: Sensor data :50000,700,650,300,31,120,32,1.6,8,1.8,2.2,1,1.7,160,1.2
2021-08-19 11:29:49am: Command And Valve Status :2,1,2,1,1,1,1,1,1,1,0,0,0,0,1,0,0,0,0,0,0
2021-08-19 11:29:49am: Sensor data :200000,700,650,300,31,120,32,1.7,9,1.9,3,1.1,1.8,170,1.3
2021-08-19 11:29:54am: Command And Valve Status :2,1,2,1,1,1,1,1,1,1,0,0,0,0,0,0,0,0,0,0,0
2021-08-19 11:29:55am: Sensor data :32000,700,650,300,31,120,32,1.2,7,1.5,1,0.9,1.6,150,1.1
2021-08-19 11:30:00am: Command And Valve Status :2,1,2,1,1,1,1,1,1,1,0,0,0,1,0,0,0,0,0,0,0
2021-08-19 11:30:00am: Sensor data :200000,900,800,500,38,160,26,1.7,9,1.9,3,1.1,1.8,170,1.3
2021-08-19 11:30:05am: Sensor data :50000,900,800,500,38,160,26,1.2,7,1.5,1,0.9,1.6,150,1.1
2021-08-19 11:30:05am: Command And Valve Status :2,1,2,1,1,1,1,1,1,1,0,0,0,1,0,0,0,0,0,0,0
2021-08-19 11:30:10am: Sensor data :50000,900,800,500,38,160,26,1.2,7,1.5,1,0.9,1.6,150,1.1
2021-08-19 11:30:10am: Command And Valve Status :2,1,2,1,1,1,1,1,1,1,0,0,0,0,0,0,0,0,0,0,0
2021-08-19 11:30:15am: Sensor data :50000,900,800,500,38,160,26,1.2,7,1.5,1,0.9,1.6,150,1.1
2021-08-19 11:30:16am: Command And Valve Status :2,1,2,1,1,1,1,1,1,1,0,0,0,1,0,0,0,0,0,0,0
2021-08-19 11:30:20am: Sensor data :200000,800,700,400,35,140,34,1.2,7,1.5,1,0.9,1.6,150,1.1
2021-08-19 11:30:21am: Command And Valve Status :2,1,2,1,1,1,1,1,1,1,0,1,0,0,0,0,0,0,0,0,0
2021-08-19 11:30:25am: Sensor data :32000,700,650,300,31,120,32,1.7,9,1.9,3,1.1,1.8,170,1.3
2021-08-19 11:30:26am: Command And Valve Status :2,1,2,1,1,1,1,1,1,1,0,0,0,0,0,0,0,0,0,0,1
2021-08-19 11:30:30am: Sensor data :32000,800,700,400,35,140,34,1.6,8,1.8,2.2,1,1.7,160,1.2
2021-08-19 11:30:31am: Command And Valve Status :2,1,2,1,1,1,1,1,1,1,0,0,0,1,0,0,0,0,0,0,0
2021-08-19 11:30:35am: Sensor data :50000,700,650,300,31,120,32,1.2,7,1.5,1,0.9,1.6,150,1.1
2021-08-19 11:30:37am: Command And Valve Status :2,1,2,1,1,1,1,1,1,1,0,0,0,0,0,0,0,0,0,0,0
2021-08-19 04:38:52pm: Initialize (Code to PLC) : Started
2021-08-19 04:38:52pm: Initialize (PLC to Code) : Started
2021-08-19 04:38:53pm: Command And Valve Status :1,2,2,2,2,2,2,2,2,2,0,2,2,2,2,2,2,2,2,2,2
2021-08-19 04:38:58pm: Command And Valve Status :1,2,2,2,2,2,2,2,2,2,0,2,2,2,2,2,2,2,2,2,2
2021-08-19 04:39:03pm: Start (PLC TO DB) : Started
2021-08-19 04:39:03pm: Sensor data :200000,700,650,300,31,120,32,1.7,9,1.9,3,1.1,1.8,170,1.3
2021-08-19 04:39:03pm: Command And Valve Status :2,1,2,1,2,2,2,2,2,2,0,0,0,0,0,0,0,0,0,0,0
2021-08-19 04:39:08pm: Sensor data :32000,800,700,400,35,140,34,1.2,7,1.5,1,0.9,1.6,150,1.1
2021-08-19 04:39:09pm: Command And Valve Status :2,1,2,1,2,2,2,2,2,2,0,1,0,0,0,0,0,0,0,0,0
2021-08-19 04:39:13pm: Sensor data :200000,700,650,300,31,120,32,1.7,9,1.9,3,1.1,1.8,170,1.3
2021-08-19 04:39:14pm: Command And Valve Status :2,1,2,1,1,2,2,2,2,2,0,1,0,0,0,0,0,0,0,0,0
2021-08-19 04:39:18pm: Sensor data :50000,700,650,300,31,120,32,1.6,8,1.8,2.2,1,1.7,160,1.2
2021-08-19 04:39:19pm: Command And Valve Status :2,1,2,1,1,2,2,2,2,2,0,0,1,0,0,0,0,0,0,0,0
2021-08-19 04:39:24pm: Sensor data :50000,800,700,400,35,140,34,1.2,7,1.5,1,0.9,1.6,150,1.1
2021-08-19 04:39:25pm: Command And Valve Status :2,1,2,1,1,1,2,2,2,2,0,0,0,0,0,0,0,0,0,0,1
2021-08-19 04:39:29pm: Sensor data :200000,700,650,300,31,120,32,1.6,8,1.8,2.2,1,1.7,160,1.2
2021-08-19 04:39:30pm: Command And Valve Status :2,1,2,1,1,1,2,2,2,2,0,0,0,0,0,0,0,0,0,0,1
2021-08-19 04:39:34pm: Sensor data :32000,800,700,400,35,140,34,1.7,9,1.9,3,1.1,1.8,170,1.3
2021-08-19 04:39:35pm: Command And Valve Status :2,1,2,1,1,1,1,2,2,2,0,0,0,0,0,0,0,0,0,0,0
2021-08-19 04:39:39pm: Sensor data :50000,700,650,300,31,120,32,1.2,7,1.5,1,0.9,1.6,150,1.1
2021-08-19 04:39:41pm: Command And Valve Status :2,1,2,1,1,1,1,2,2,2,0,0,0,0,0,0,0,0,0,0,0
2021-08-19 04:39:44pm: Sensor data :200000,700,650,300,31,120,32,1.6,8,1.8,2.2,1,1.7,160,1.2
2021-08-19 04:39:46pm: Command And Valve Status :2,1,2,1,1,1,1,1,2,2,0,0,0,0,0,0,0,0,0,0,1
2021-08-19 04:39:49pm: Sensor data :50000,900,800,500,38,160,26,1.2,7,1.5,1,0.9,1.6,150,1.1
2021-08-19 04:39:51pm: Command And Valve Status :2,1,2,1,1,1,1,1,2,2,0,0,0,1,0,0,0,0,0,0,0
2021-08-19 04:39:55pm: Sensor data :50000,900,800,500,38,160,26,1.2,7,1.5,1,0.9,1.6,150,1.1
2021-08-19 04:39:57pm: Command And Valve Status :2,1,2,1,1,1,1,1,1,2,0,0,0,0,0,0,0,0,0,0,0
2021-08-19 04:40:00pm: Sensor data :32000,900,650,300,31,120,32,1.6,9,1.9,3,1.1,1.8,170,1.3
2021-08-19 04:40:02pm: Command And Valve Status :2,1,2,1,1,1,1,1,1,2,0,0,0,0,0,0,0,0,0,0,1
2021-08-19 04:40:05pm: Sensor data :200000,700,650,300,31,120,32,1.6,8,1.8,2.2,1,1.7,160,1.2
2021-08-19 04:40:07pm: Command And Valve Status :2,1,2,1,1,1,1,1,1,1,0,0,1,0,0,0,0,0,0,0,0
2021-08-19 04:40:10pm: Sensor data :50000,700,650,300,31,120,32,1.2,7,1.5,1,0.9,1.6,150,1.1
2021-08-19 04:40:13pm: Command And Valve Status :2,1,2,1,1,1,1,1,1,1,0,0,0,0,0,0,0,0,0,0,0
2021-08-19 04:40:15pm: Sensor data :200000,800,700,400,35,140,34,1.2,7,1.5,1,0.9,1.6,150,1.1
2021-08-19 04:40:18pm: Command And Valve Status :2,1,2,1,1,1,1,1,1,1,0,0,0,0,0,0,0,0,0,0,1
2021-08-19 04:40:20pm: Sensor data :200000,900,800,500,38,160,26,1.2,7,1.5,1,0.9,1.6,150,1.1
2021-08-19 04:40:23pm: Command And Valve Status :2,1,2,1,1,1,1,1,1,1,0,1,0,0,0,0,0,0,0,0,0
2021-08-19 04:40:25pm: Sensor data :200000,800,700,400,35,140,34,1.2,7,1.5,1,0.9,1.6,150,1.1
2021-08-19 04:40:29pm: Command And Valve Status :2,1,2,1,1,1,1,1,1,1,0,0,0,0,0,0,0,0,0,0,1
2021-08-19 04:40:30pm: Sensor data :32000,700,650,300,31,120,32,1.6,8,1.8,2.2,1,1.7,160,1.2
2021-08-19 04:40:34pm: Command And Valve Status :2,1,2,1,1,1,1,1,1,1,0,0,0,0,0,0,0,0,0,0,1
2021-08-19 04:40:36pm: Sensor data :32000,700,650,300,31,120,32,1.6,8,1.8,2.2,1,1.7,160,1.2
2021-08-19 04:40:39pm: Command And Valve Status :2,1,2,1,1,1,1,1,1,1,0,0,0,0,0,0,0,0,0,0,0
2021-08-19 04:40:41pm: Sensor data :200000,700,650,300,31,120,32,1.2,7,1.5,1,0.9,1.6,150,1.1
2021-08-19 04:40:45pm: Command And Valve Status :2,1,2,1,1,1,1,1,1,1,0,0,0,0,0,0,0,0,0,0,1
2021-08-19 04:40:46pm: Sensor data :200000,700,650,300,31,120,32,1.2,7,1.5,1,0.9,1.6,150,1.1
2021-08-19 04:40:50pm: Command And Valve Status :2,1,2,1,1,1,1,1,1,1,0,0,0,0,0,0,0,0,0,0,1
2021-08-19 04:40:51pm: Sensor data :32000,700,650,300,31,120,32,1.6,8,1.8,2.2,1,1.7,160,1.2
2021-08-19 04:40:55pm: Command And Valve Status :2,1,2,1,1,1,1,1,1,1,0,0,0,0,0,0,0,0,0,0,1
2021-08-19 04:40:56pm: Sensor data :200000,800,700,400,35,140,34,1.2,7,1.5,1,0.9,1.6,150,1.1
2021-08-19 04:41:00pm: Command And Valve Status :2,1,2,1,1,1,1,1,1,1,0,0,0,0,0,0,0,0,0,0,1
2021-08-19 04:41:01pm: Sensor data :50000,700,650,300,31,120,32,1.7,9,1.9,3,1.1,1.8,170,1.3
2021-08-19 04:41:06pm: Command And Valve Status :2,1,2,1,1,1,1,1,1,1,0,0,0,0,0,0,0,0,0,0,1
2021-08-19 04:41:06pm: Sensor data :32000,700,650,300,31,120,32,1.6,8,1.8,2.2,1,1.7,160,1.2
2021-08-19 04:41:11pm: Command And Valve Status :2,1,2,1,1,1,1,1,1,1,0,0,0,0,0,0,1,1,0,0,0
2021-08-19 04:41:11pm: Sensor data :200000,800,700,400,35,140,34,1.2,7,1.5,1,0.9,1.6,150,1.1
2021-08-19 04:41:16pm: Command And Valve Status :2,1,2,1,1,1,1,1,1,1,0,0,0,0,0,0,0,0,0,1,0
2021-08-19 04:41:17pm: Sensor data :200000,800,700,400,35,140,34,1.2,7,1.5,1,0.9,1.6,150,1.1
2021-08-19 04:41:22pm: Sensor data :200000,800,700,400,35,140,34,1.2,7,1.5,1,0.9,1.6,150,1.1
2021-08-19 04:41:22pm: Command And Valve Status :2,1,2,1,1,1,1,1,1,1,0,0,0,0,0,0,0,0,1,0,0
2021-08-19 04:41:27pm: Sensor data :32000,700,650,300,31,120,32,1.7,9,1.9,3,1.1,1.8,170,1.3
2021-08-19 04:41:27pm: Command And Valve Status :2,1,2,1,1,1,1,1,1,1,0,0,0,0,1,0,0,0,0,0,0
2021-08-19 04:41:32pm: Sensor data :32000,800,700,400,35,140,34,1.2,7,1.5,1,0.9,1.6,150,1.1
2021-08-19 04:41:32pm: Command And Valve Status :2,1,2,1,1,1,1,1,1,1,0,0,0,0,0,0,0,0,1,0,0
2021-08-19 04:41:37pm: Sensor data :32000,700,650,300,31,120,32,1.7,9,1.9,3,1.1,1.8,170,1.3
2021-08-19 04:41:38pm: Command And Valve Status :2,1,2,1,1,1,1,1,1,1,0,0,0,0,0,0,0,1,0,0,0
2021-08-19 04:41:42pm: Sensor data :32000,700,650,300,31,120,32,1.2,7,1.5,1,0.9,1.6,150,1.1
2021-08-19 04:41:43pm: Command And Valve Status :2,1,2,1,1,1,1,1,1,1,0,1,1,0,0,0,0,0,0,0,0
2021-08-19 04:41:47pm: Sensor data :50000,900,800,500,38,160,26,1.6,8,1.8,2.2,1,1.7,160,1.2
2021-08-19 04:41:48pm: Command And Valve Status :2,1,2,1,1,1,1,1,1,1,0,0,0,0,0,0,0,0,1,0,0
2021-08-19 04:41:52pm: Sensor data :200000,800,700,400,35,140,34,1.6,8,1.8,2.2,1,1.7,160,1.2
2021-08-19 04:41:54pm: Command And Valve Status :2,1,2,1,1,1,1,1,1,1,0,0,0,0,0,1,0,0,0,0,0
2021-08-19 04:41:57pm: Sensor data :32000,900,800,500,38,160,26,1.6,8,1.8,2.2,1,1.7,160,1.2
2021-08-19 04:41:59pm: Command And Valve Status :2,1,2,1,1,1,1,1,1,1,0,0,0,0,0,0,0,0,0,0,0
2021-08-19 04:42:03pm: Sensor data :200000,800,700,400,35,140,34,1.2,7,1.5,1,0.9,1.6,150,1.1
2021-08-19 04:42:04pm: Command And Valve Status :2,1,2,1,1,1,1,1,1,1,0,0,0,0,0,0,0,0,1,0,0
2021-08-19 04:42:08pm: Sensor data :32000,900,800,500,38,160,26,1.2,7,1.5,1,0.9,1.6,150,1.1
2021-08-19 04:42:09pm: Command And Valve Status :2,1,2,1,1,1,1,1,1,1,0,0,1,1,0,0,0,0,0,0,0
2021-08-19 04:42:13pm: Sensor data :200000,900,800,500,38,160,26,1.6,8,1.8,2.2,1,1.7,160,1.2
2021-08-19 04:42:15pm: Command And Valve Status :2,1,2,1,1,1,1,1,1,1,0,0,0,0,0,0,0,0,0,0,0
2021-08-19 04:42:18pm: Sensor data :200000,800,700,400,35,140,34,1.2,7,1.5,1,0.9,1.6,150,1.1
2021-08-19 04:42:20pm: Command And Valve Status :2,1,2,1,1,1,1,1,1,1,0,0,0,0,0,0,0,0,1,0,0
2021-08-19 04:42:23pm: Sensor data :50000,900,800,500,38,160,26,1.2,7,1.5,1,0.9,1.6,150,1.1
2021-08-19 04:42:25pm: Command And Valve Status :2,1,2,1,1,1,1,1,1,1,0,1,0,0,0,0,0,0,0,0,0
2021-08-19 04:42:28pm: Sensor data :32000,900,800,500,38,160,26,1.6,8,1.8,2.2,1,1.7,160,1.2
2021-08-19 04:42:31pm: Command And Valve Status :2,1,2,1,1,1,1,1,1,1,0,0,0,0,0,0,0,0,0,1,0
2021-08-19 04:42:33pm: Sensor data :32000,700,650,300,31,120,32,1.6,8,1.8,2.2,1,1.7,160,1.2
2021-08-19 04:42:36pm: Command And Valve Status :2,1,2,1,1,1,1,1,1,1,0,0,0,0,0,0,0,0,1,0,0
2021-08-19 04:42:38pm: Sensor data :32000,900,800,500,38,160,26,1.2,7,1.5,1,0.9,1.6,150,1.1
2021-08-19 04:42:41pm: Command And Valve Status :2,1,2,1,1,1,1,1,1,1,0,0,0,0,0,0,0,0,0,0,0
2021-08-19 04:42:44pm: Sensor data :200000,800,700,400,35,140,34,1.7,9,1.9,3,1.1,1.8,170,1.3
2021-08-19 04:42:47pm: Command And Valve Status :2,1,2,1,1,1,1,1,1,1,0,0,0,0,0,0,0,1,0,0,0
2021-08-19 04:42:49pm: Sensor data :200000,800,700,400,35,140,34,1.7,9,1.9,3,1.1,1.8,170,1.3
2021-08-19 04:42:52pm: Command And Valve Status :2,1,2,1,1,1,1,1,1,1,0,0,0,0,0,0,0,1,0,0,0
2021-08-19 04:42:54pm: Sensor data :32000,900,800,500,38,160,26,1.2,7,1.5,1,0.9,1.6,150,1.1
2021-08-19 04:42:57pm: Command And Valve Status :2,1,2,1,1,1,1,1,1,1,0,0,0,0,0,0,0,0,0,1,0
2021-08-19 04:42:59pm: Sensor data :32000,700,650,300,31,120,32,1.2,7,1.5,1,0.9,1.6,150,1.1
2021-08-19 04:43:03pm: Command And Valve Status :2,1,2,1,1,1,1,1,1,1,0,0,0,0,0,0,0,1,0,0,0
2021-08-19 04:43:04pm: Sensor data :32000,700,650,300,31,120,32,1.6,8,1.8,2.2,1,1.7,160,1.2
2021-08-19 04:43:08pm: Command And Valve Status :2,1,2,1,1,1,1,1,1,1,0,0,0,0,0,0,0,1,0,0,0
2021-08-19 04:43:09pm: Sensor data :200000,900,800,500,38,160,26,1.2,7,1.5,1,0.9,1.6,150,1.1
2021-08-19 04:49:54pm: Initialize (Code to PLC) : Started
2021-08-19 04:49:56pm: Initialize (PLC to Code) : Started
2021-08-19 04:50:01pm: Initialize (PLC to Code) : Started
2021-08-19 04:50:01pm: Command And Valve Status :1,2,2,2,2,2,2,2,2,2,0,2,2,2,2,2,2,2,2,2,2
2021-08-19 04:50:06pm: Start (PLC TO DB) : Started
2021-08-19 04:50:06pm: Sensor data :50000,700,650,300,31,120,32,1.7,9,1.9,3,1.1,1.8,170,1.3
2021-08-19 04:50:07pm: Command And Valve Status :1,1,2,1,2,2,2,2,2,2,0,0,0,0,0,0,0,0,0,0,1
2021-08-19 04:50:12pm: Sensor data :50000,900,800,500,38,160,26,1.7,9,1.9,3,1.1,1.8,170,1.3
2021-08-19 04:50:12pm: Command And Valve Status :2,1,2,1,2,2,2,2,2,2,0,0,0,0,0,0,0,0,0,1,0
2021-08-19 04:50:17pm: Sensor data :50000,700,650,300,31,120,32,1.7,9,1.9,3,1.1,1.8,170,1.3
2021-08-19 04:50:17pm: Command And Valve Status :2,1,2,1,1,2,2,2,2,2,0,0,0,0,0,0,0,0,0,0,1
2021-08-19 04:50:22pm: Sensor data :200000,900,800,500,38,160,26,1.7,9,1.9,3,1.1,1.8,170,1.3
2021-08-19 04:50:23pm: Command And Valve Status :2,1,2,1,1,2,2,2,2,2,0,0,0,0,0,0,0,0,0,1,0
2021-08-19 04:50:27pm: Sensor data :32000,700,650,300,31,120,32,1.2,7,1.5,1,0.9,1.6,150,1.1
2021-08-19 04:50:28pm: Command And Valve Status :2,1,2,1,1,1,2,2,2,2,0,0,0,0,0,0,0,0,0,1,0
2021-08-19 04:50:32pm: Sensor data :200000,800,700,400,35,140,34,1.6,8,1.8,2.2,1,1.7,160,1.2
2021-08-19 04:50:33pm: Command And Valve Status :2,1,2,1,1,1,2,2,2,2,0,0,0,0,0,0,0,0,0,0,0
2021-08-19 04:50:37pm: Sensor data :32000,800,700,400,35,140,34,1.7,9,1.9,3,1.1,1.8,170,1.3
2021-08-19 04:50:39pm: Command And Valve Status :2,1,2,1,1,1,1,2,2,2,0,0,0,0,0,0,0,0,0,1,0
2021-08-19 04:50:42pm: Sensor data :200000,900,800,500,38,160,26,1.6,8,1.8,2.2,1,1.7,160,1.2
2021-08-19 04:50:44pm: Command And Valve Status :2,1,2,1,1,1,1,2,2,2,0,0,0,0,0,0,0,0,0,1,0
2021-08-19 04:50:47pm: Sensor data :50000,700,650,300,31,120,32,1.2,7,1.5,1,0.9,1.6,150,1.1
2021-08-19 04:50:49pm: Command And Valve Status :2,1,2,1,1,1,1,1,2,2,0,0,0,0,0,0,0,0,0,0,0
2021-08-19 04:50:52pm: Sensor data :50000,800,700,400,35,140,34,1.2,7,1.5,1,0.9,1.6,150,1.1
2021-08-19 04:50:55pm: Command And Valve Status :2,1,2,1,1,1,1,1,2,2,0,0,0,0,0,0,0,0,0,0,1
2021-08-19 04:50:58pm: Sensor data :200000,900,800,500,38,160,26,1.2,7,1.5,1,0.9,1.6,150,1.1
2021-08-19 04:51:00pm: Command And Valve Status :2,1,2,1,1,1,1,1,1,2,0,0,0,0,0,0,0,0,0,1,0
2021-08-19 04:51:03pm: Sensor data :200000,900,800,500,38,160,26,1.6,8,1.8,2.2,1,1.7,160,1.2
2021-08-19 04:51:05pm: Command And Valve Status :2,1,2,1,1,1,1,1,1,2,0,1,0,0,0,0,0,0,0,0,0
2021-08-19 04:51:08pm: Sensor data :50000,900,800,500,38,160,26,1.2,7,1.5,1,0.9,1.6,150,1.1
2021-08-19 04:51:11pm: Command And Valve Status :2,1,2,1,1,1,1,1,1,1,0,0,0,0,0,0,0,0,0,1,1
2021-08-19 04:51:13pm: Sensor data :50000,900,800,500,38,160,26,1.2,7,1.5,1,0.9,1.6,150,1.1
2021-08-19 04:51:16pm: Command And Valve Status :2,1,2,1,1,1,1,1,1,1,0,0,0,0,0,0,0,0,0,1,0
2021-08-19 04:51:18pm: Sensor data :50000,700,650,300,31,120,32,1.2,7,1.5,1,0.9,1.6,150,1.1
2021-08-19 04:51:22pm: Command And Valve Status :2,1,2,1,1,1,1,1,1,1,0,0,0,0,1,0,0,0,0,0,0
2021-08-19 04:51:23pm: Sensor data :50000,800,700,400,35,140,34,1.7,9,1.9,3,1.1,1.8,170,1.3
2021-08-19 04:51:27pm: Command And Valve Status :2,1,2,1,1,1,1,1,1,1,0,0,0,0,0,0,0,0,0,0,0
2021-08-19 04:51:28pm: Sensor data :200000,900,800,500,38,160,26,1.7,9,1.9,3,1.1,1.8,170,1.3
2021-08-19 04:51:32pm: Command And Valve Status :2,1,2,1,1,1,1,1,1,1,0,0,0,0,0,0,0,0,0,1,0
2021-08-19 04:51:33pm: Sensor data :50000,800,700,400,35,140,34,1.6,8,1.8,2.2,1,1.7,160,1.2
2021-08-19 04:51:38pm: Sensor data :50000,900,800,500,38,160,26,1.6,8,1.8,2.2,1,1.7,160,1.2
2021-08-19 04:52:40pm: Initialize (PLC to Code) : Started
2021-08-19 04:53:59pm: Initialize (Code to PLC) : Started
2021-08-19 04:54:00pm: Initialize (PLC to Code) : Started
2021-08-19 04:54:00pm: Command And Valve Status :1,2,2,2,2,2,2,2,2,2,0,2,2,2,2,2,2,2,2,2,2
2021-08-19 04:54:04pm: Start (PLC TO DB) : Started
2021-08-19 04:54:04pm: Sensor data :200000,800,700,400,35,140,34,1.2,7,1.5,1,0.9,1.6,150,1.1
2021-08-19 04:54:05pm: Command And Valve Status :2,1,2,1,2,2,2,2,2,2,0,0,0,0,0,0,0,0,0,0,0
2021-08-19 04:54:09pm: Sensor data :32000,900,800,500,38,160,26,1.6,8,1.8,2.2,1,1.7,160,1.2
2021-08-19 04:54:11pm: Command And Valve Status :2,1,2,1,2,2,2,2,2,2,0,0,0,0,0,0,0,0,0,1,0
2021-08-19 04:54:14pm: Sensor data :32000,800,700,400,35,140,34,1.6,8,1.8,2.2,1,1.7,160,1.2
2021-08-19 04:54:16pm: Command And Valve Status :2,1,2,1,1,2,2,2,2,2,0,0,0,0,0,0,0,0,0,1,0
2021-08-19 04:54:19pm: Sensor data :32000,800,700,400,35,140,34,1.6,8,1.8,2.2,1,1.7,160,1.2
2021-08-19 04:54:21pm: Command And Valve Status :2,1,2,1,1,2,2,2,2,2,0,0,0,0,0,0,0,0,0,0,0
2021-08-19 04:54:25pm: Sensor data :200000,900,800,500,38,160,26,1.2,7,1.5,1,0.9,1.6,150,1.1
2021-08-19 04:54:27pm: Command And Valve Status :2,1,2,1,1,1,2,2,2,2,0,0,0,0,0,0,0,0,1,0,0
2021-08-19 04:54:30pm: Sensor data :200000,700,650,300,31,120,32,1.2,7,1.5,1,0.9,1.6,150,1.1
2021-08-19 04:54:32pm: Command And Valve Status :2,1,2,1,1,1,2,2,2,2,0,0,0,0,0,0,0,0,1,0,0
2021-08-19 04:54:35pm: Sensor data :200000,800,700,400,35,140,34,1.2,7,1.5,1,0.9,1.6,150,1.1
2021-08-19 04:54:37pm: Command And Valve Status :2,1,2,1,1,1,1,2,2,2,0,0,0,0,0,0,0,0,0,0,1
2021-08-19 04:54:40pm: Sensor data :50000,900,800,500,38,160,26,1.7,9,1.9,3,1.1,1.8,170,1.3
2021-08-19 04:54:43pm: Command And Valve Status :2,1,2,1,1,1,1,2,2,2,0,0,0,0,0,0,0,0,1,0,0
2021-08-19 04:54:45pm: Sensor data :50000,700,650,300,31,120,32,1.6,8,1.8,2.2,1,1.7,160,1.2
2021-08-19 04:54:48pm: Command And Valve Status :2,1,2,1,1,1,1,1,2,2,0,0,0,0,0,0,0,0,1,0,0
2021-08-19 04:54:50pm: Sensor data :50000,900,800,500,38,160,26,1.6,8,1.8,2.2,1,1.7,160,1.2
2021-08-19 04:54:53pm: Command And Valve Status :2,1,2,1,1,1,1,1,2,2,0,0,0,0,0,0,0,0,0,0,1
2021-08-19 04:54:55pm: Sensor data :32000,700,650,300,31,120,32,1.6,8,1.8,2.2,1,1.7,160,1.2
2021-08-19 04:54:59pm: Command And Valve Status :2,1,2,1,1,1,1,1,1,2,0,0,0,0,0,0,0,0,1,0,0
2021-08-19 04:55:00pm: Sensor data :50000,800,700,400,35,140,34,1.7,9,1.9,3,1.1,1.8,170,1.3
2021-08-19 04:55:04pm: Command And Valve Status :2,1,2,1,1,1,1,1,1,2,0,0,0,0,0,0,0,0,1,0,0
2021-08-19 04:55:06pm: Sensor data :50000,900,800,500,38,160,26,1.6,8,1.8,2.2,1,1.7,160,1.2
2021-08-19 04:55:09pm: Command And Valve Status :2,1,2,1,1,1,1,1,1,1,0,0,0,0,0,0,0,0,0,0,0
2021-08-19 04:55:11pm: Sensor data :50000,700,650,300,31,120,32,1.6,8,1.8,2.2,1,1.7,160,1.2
2021-08-19 04:55:16pm: Sensor data :50000,900,800,500,38,160,26,1.7,9,1.9,3,1.1,1.8,170,1.3
2021-08-19 04:56:31pm: Initialize (PLC to Code) : Started
2021-08-19 04:57:22pm: Initialize (Code to PLC) : Started
2021-08-19 04:57:23pm: Initialize (PLC to Code) : Started
2021-08-19 04:57:23pm: Command And Valve Status :1,2,2,2,2,2,2,2,2,2,0,2,2,2,2,2,2,2,2,2,2
2021-08-19 04:57:28pm: Command And Valve Status :1,2,2,2,2,2,2,2,2,2,0,2,2,2,2,2,2,2,2,2,2
2021-08-19 04:57:34pm: Command And Valve Status :1,2,2,2,2,2,2,2,2,2,0,2,2,2,2,2,2,2,2,2,2
2021-08-19 04:57:39pm: Command And Valve Status :1,2,2,2,2,2,2,2,2,2,0,2,2,2,2,2,2,2,2,2,2
2021-08-19 04:57:44pm: Command And Valve Status :1,2,2,2,2,2,2,2,2,2,0,2,2,2,2,2,2,2,2,2,2
2021-08-19 04:57:49pm: Command And Valve Status :1,2,2,2,2,2,2,2,2,2,0,2,2,2,2,2,2,2,2,2,2
2021-08-19 04:57:55pm: Command And Valve Status :1,2,2,2,2,2,2,2,2,2,0,2,2,2,2,2,2,2,2,2,2
2021-08-19 04:58:00pm: Command And Valve Status :1,2,2,2,2,2,2,2,2,2,0,2,2,2,2,2,2,2,2,2,2
2021-08-19 04:58:05pm: Command And Valve Status :1,2,2,2,2,2,2,2,2,2,0,2,2,2,2,2,2,2,2,2,2
2021-08-19 04:58:11pm: Command And Valve Status :1,2,2,2,2,2,2,2,2,2,0,2,2,2,2,2,2,2,2,2,2
2021-08-19 04:58:16pm: Command And Valve Status :1,2,2,2,2,2,2,2,2,2,0,2,2,2,2,2,2,2,2,2,2
2021-08-19 04:58:21pm: Command And Valve Status :1,2,2,2,2,2,2,2,2,2,0,2,2,2,2,2,2,2,2,2,2
2021-08-19 04:58:27pm: Command And Valve Status :1,2,2,2,2,2,2,2,2,2,0,2,2,2,2,2,2,2,2,2,2
2021-08-19 04:58:32pm: Command And Valve Status :1,2,2,2,2,2,2,2,2,2,0,2,2,2,2,2,2,2,2,2,2
2021-08-19 04:58:37pm: Command And Valve Status :1,2,2,2,2,2,2,2,2,2,0,2,2,2,2,2,2,2,2,2,2
2021-08-19 04:58:43pm: Command And Valve Status :1,2,2,2,2,2,2,2,2,2,0,2,2,2,2,2,2,2,2,2,2
2021-08-19 04:58:48pm: Command And Valve Status :1,2,2,2,2,2,2,2,2,2,0,2,2,2,2,2,2,2,2,2,2
2021-08-19 04:58:53pm: Command And Valve Status :1,2,2,2,2,2,2,2,2,2,0,2,2,2,2,2,2,2,2,2,2
2021-08-19 04:58:58pm: Command And Valve Status :1,2,2,2,2,2,2,2,2,2,0,2,2,2,2,2,2,2,2,2,2
2021-08-19 04:59:04pm: Command And Valve Status :1,2,2,2,2,2,2,2,2,2,0,2,2,2,2,2,2,2,2,2,2
2021-08-19 04:59:09pm: Initialize (Code to PLC) : Started
2021-08-19 04:59:09pm: Command And Valve Status :1,2,2,2,2,2,2,2,2,2,0,2,2,2,2,2,2,2,2,2,2
2021-08-19 04:59:14pm: Command And Valve Status :1,2,2,2,2,2,2,2,2,2,0,2,2,2,2,2,2,2,2,2,2
2021-08-19 04:59:20pm: Command And Valve Status :1,2,2,2,2,2,2,2,2,2,0,2,2,2,2,2,2,2,2,2,2
2021-08-19 04:59:25pm: Command And Valve Status :1,2,2,2,2,2,2,2,2,2,0,2,2,2,2,2,2,2,2,2,2
2021-08-19 05:00:07pm: Initialize (Code to PLC) : Started
2021-08-19 05:00:07pm: Initialize (PLC to Code) : Started
2021-08-19 05:00:07pm: Command And Valve Status :1,2,2,2,2,2,2,2,2,2,0,2,2,2,2,2,2,2,2,2,2
2021-08-19 05:00:13pm: Start (PLC TO DB) : Started
2021-08-19 05:00:13pm: Sensor data :50000,800,700,400,35,140,34,1.2,7,1.5,1,0.9,1.6,150,1.1
2021-08-19 05:00:13pm: Command And Valve Status :1,2,2,2,2,2,2,2,2,2,0,0,0,0,0,0,0,0,0,0,0
2021-08-19 05:00:18pm: Sensor data :200000,700,650,300,31,120,32,1.7,9,1.9,3,1.1,1.8,170,1.3
2021-08-19 05:00:18pm: Command And Valve Status :2,1,2,1,2,2,2,2,2,2,0,0,0,0,0,0,0,1,0,0,0
2021-08-19 05:00:23pm: Sensor data :32000,800,700,400,35,140,34,1.2,7,1.5,1,0.9,1.6,150,1.1
2021-08-19 05:00:24pm: Command And Valve Status :2,1,2,1,1,2,2,2,2,2,0,0,1,0,0,0,0,0,0,0,0
2021-08-19 05:00:28pm: Sensor data :32000,700,650,300,31,120,32,1.2,7,1.5,1,0.9,1.6,150,1.1
2021-08-19 05:00:29pm: Command And Valve Status :2,1,2,1,1,2,2,2,2,2,0,0,0,0,0,0,0,0,0,0,0
2021-08-19 05:00:33pm: Sensor data :32000,700,650,300,31,120,32,1.2,7,1.5,1,0.9,1.6,150,1.1
2021-08-19 05:00:34pm: Command And Valve Status :2,1,2,1,1,1,2,2,2,2,0,0,0,0,0,0,0,1,0,0,0
2021-08-19 05:00:38pm: Sensor data :200000,900,800,500,38,160,26,1.7,9,1.9,3,1.1,1.8,170,1.3
2021-08-19 05:00:40pm: Command And Valve Status :2,1,2,1,1,1,2,2,2,2,0,0,0,0,1,1,0,0,0,0,0
2021-08-19 05:00:43pm: Sensor data :50000,900,800,500,38,160,26,1.6,8,1.8,2.2,1,1.7,160,1.2
2021-08-19 05:00:45pm: Command And Valve Status :2,1,2,1,1,1,1,2,2,2,0,0,0,0,0,0,0,0,0,0,0
2021-08-19 05:00:49pm: Sensor data :50000,900,800,500,38,160,26,1.2,7,1.5,1,0.9,1.6,150,1.1
2021-08-19 05:00:50pm: Command And Valve Status :2,1,2,1,1,1,1,2,2,2,0,0,0,0,0,0,0,1,0,0,0
2021-08-19 05:00:54pm: Sensor data :50000,900,800,500,38,160,26,1.2,7,1.5,1,0.9,1.6,150,1.1
2021-08-19 05:00:56pm: Command And Valve Status :2,1,2,1,1,1,1,1,2,2,0,0,0,0,1,0,0,0,0,0,0
2021-08-19 05:00:59pm: Sensor data :32000,900,800,500,38,160,26,1.7,9,1.9,3,1.1,1.8,170,1.3
2021-08-19 05:01:01pm: Command And Valve Status :2,1,2,1,1,1,1,1,2,2,0,0,0,0,0,0,0,0,0,0,0
2021-08-19 05:01:04pm: Sensor data :32000,700,650,300,31,120,32,1.7,9,1.9,3,1.1,1.8,170,1.3
2021-08-19 05:01:06pm: Command And Valve Status :2,1,2,1,1,1,1,1,1,2,0,0,0,0,0,0,0,1,0,0,0
2021-08-19 05:01:09pm: Sensor data :200000,900,800,500,38,160,26,1.2,7,1.5,1,0.9,1.6,150,1.1
2021-08-19 05:01:12pm: Command And Valve Status :2,1,2,1,1,1,1,1,1,2,0,0,0,0,1,0,0,0,0,0,0
2021-08-19 05:01:14pm: Sensor data :200000,900,800,500,38,160,26,1.6,8,1.8,2.2,1,1.7,160,1.2
2021-08-19 05:01:17pm: Command And Valve Status :2,1,2,1,1,1,1,1,1,1,0,0,0,0,0,0,0,0,0,0,0
2021-08-19 05:01:19pm: Sensor data :32000,800,800,500,38,160,26,1.6,9,1.9,3,1.1,1.8,170,1.3
2021-08-19 05:01:22pm: Command And Valve Status :2,1,2,1,1,1,1,1,1,1,0,0,0,0,0,1,0,0,0,0,0
2021-08-19 05:01:25pm: Sensor data :200000,800,700,400,35,140,34,1.2,7,1.5,1,0.9,1.6,150,1.1
2021-08-19 05:01:34pm: Initialize (Code to PLC) : Started
2021-08-19 05:01:34pm: Initialize (PLC to Code) : Started
2021-08-19 05:01:34pm: Command And Valve Status :1,2,2,2,2,2,2,2,2,2,0,2,2,2,2,2,2,2,2,2,2
2021-08-19 05:01:39pm: Command And Valve Status :1,2,2,2,2,2,2,2,2,2,0,2,2,2,2,2,2,2,2,2,2
2021-08-19 05:01:45pm: Command And Valve Status :1,2,2,2,2,2,2,2,2,2,0,2,2,2,2,2,2,2,2,2,2
2021-08-19 05:01:50pm: Command And Valve Status :1,2,2,2,2,2,2,2,2,2,0,2,2,2,2,2,2,2,2,2,2
2021-08-19 05:01:55pm: Command And Valve Status :1,2,2,2,2,2,2,2,2,2,0,2,2,2,2,2,2,2,2,2,2
2021-08-19 05:02:01pm: Command And Valve Status :1,2,2,2,2,2,2,2,2,2,0,2,2,2,2,2,2,2,2,2,2
2021-08-19 05:02:06pm: Command And Valve Status :1,2,2,2,2,2,2,2,2,2,0,2,2,2,2,2,2,2,2,2,2
2021-08-19 05:02:11pm: Command And Valve Status :1,2,2,2,2,2,2,2,2,2,0,2,2,2,2,2,2,2,2,2,2
2021-08-19 05:02:16pm: Initialize (Code to PLC) : Started
2021-08-19 05:02:17pm: Command And Valve Status :1,2,2,2,2,2,2,2,2,2,0,2,2,2,2,2,2,2,2,2,2
2021-08-19 05:02:22pm: Command And Valve Status :1,2,2,2,2,2,2,2,2,2,0,2,2,2,2,2,2,2,2,2,2
2021-08-19 05:02:27pm: Command And Valve Status :1,2,2,2,2,2,2,2,2,2,0,2,2,2,2,2,2,2,2,2,2
2021-08-19 05:02:33pm: Command And Valve Status :1,2,2,2,2,2,2,2,2,2,0,2,2,2,2,2,2,2,2,2,2
2021-08-19 05:02:57pm: Initialize (Code to PLC) : Started
2021-08-19 05:02:57pm: Initialize (PLC to Code) : Started
2021-08-19 05:02:58pm: Command And Valve Status :1,2,2,2,2,2,2,2,2,2,0,2,2,2,2,2,2,2,2,2,2
2021-08-19 05:03:03pm: Start (PLC TO DB) : Started
2021-08-19 05:03:03pm: Sensor data :50000,800,700,400,35,140,34,1.6,8,1.8,2.2,1,1.7,160,1.2
2021-08-19 05:03:03pm: Command And Valve Status :2,1,2,1,2,2,2,2,2,2,0,0,0,0,0,0,0,0,1,0,0
2021-08-19 05:03:08pm: Sensor data :50000,900,800,500,38,160,26,1.6,8,1.8,2.2,1,1.7,160,1.2
2021-08-19 05:03:46pm: Initialize (Code to PLC) : Started
2021-08-19 05:03:46pm: Initialize (PLC to Code) : Started
2021-08-19 05:03:47pm: Command And Valve Status :1,2,2,2,2,2,2,2,2,2,0,2,2,2,2,2,2,2,2,2,2
2021-08-19 05:03:52pm: Command And Valve Status :1,2,2,2,2,2,2,2,2,2,0,2,2,2,2,2,2,2,2,2,2
2021-08-19 05:03:53pm: Start (PLC TO DB) : Started
2021-08-19 05:03:53pm: Sensor data :32000,700,650,300,31,120,32,1.2,7,1.5,1,0.9,1.6,150,1.1
2021-08-19 05:03:57pm: Command And Valve Status :2,1,2,1,2,2,2,2,2,2,0,0,0,0,0,0,0,0,0,0,1
2021-08-19 05:03:58pm: Sensor data :200000,800,700,400,35,140,34,1.7,9,1.9,3,1.1,1.8,170,1.3
2021-08-19 05:04:03pm: Command And Valve Status :2,1,2,1,2,2,2,2,2,2,0,1,0,0,0,0,0,0,0,0,0
2021-08-19 05:04:03pm: Sensor data :200000,900,800,500,38,160,26,1.7,9,1.9,3,1.1,1.8,170,1.3
2021-08-19 05:04:08pm: Sensor data :32000,800,700,400,35,140,34,1.2,7,1.5,1,0.9,1.6,150,1.1
2021-08-19 05:04:22pm: Initialize (Code to PLC) : Started
2021-08-19 05:04:22pm: Initialize (PLC to Code) : Started
2021-08-19 05:04:23pm: Command And Valve Status :1,2,2,2,2,2,2,2,2,2,0,2,2,2,2,2,2,2,2,2,2
2021-08-19 05:04:28pm: Command And Valve Status :1,2,2,2,2,2,2,2,2,2,0,2,2,2,2,2,2,2,2,2,2
2021-08-19 05:05:44pm: Initialize (Code to PLC) : Started
2021-08-19 05:05:44pm: Initialize (PLC to Code) : Started
2021-08-19 05:05:45pm: Command And Valve Status :1,2,2,2,2,2,2,2,2,2,0,2,2,2,2,2,2,2,2,2,2
2021-08-19 05:05:50pm: Start (PLC TO DB) : Started
2021-08-19 05:05:50pm: Sensor data :200000,900,800,500,38,160,26,1.6,8,1.8,2.2,1,1.7,160,1.2
2021-08-19 05:05:50pm: Command And Valve Status :2,1,2,1,2,2,2,2,2,2,0,0,0,0,0,0,1,0,0,0,0
2021-08-19 05:05:55pm: Sensor data :32000,800,700,400,35,140,34,1.6,8,1.8,2.2,1,1.7,160,1.2
2021-08-19 05:06:00pm: Initialize (Code to PLC) : Started
2021-08-19 05:06:00pm: Initialize (PLC to Code) : Started
2021-08-19 05:06:01pm: Command And Valve Status :1,2,2,2,2,2,2,2,2,2,0,2,2,2,2,2,2,2,2,2,2
2021-08-19 05:06:06pm: Start (PLC TO DB) : Started
2021-08-19 05:06:06pm: Command And Valve Status :1,2,2,2,2,2,2,2,2,2,0,2,2,2,2,0,1,0,0,0,0
2021-08-19 05:06:06pm: Sensor data :200000,800,700,400,35,140,34,1.2,7,1.5,1,0.9,1.6,150,1.1
2021-08-19 05:06:11pm: Sensor data :50000,900,800,500,38,160,26,1.7,9,1.9,3,1.1,1.8,170,1.3
2021-08-19 05:06:12pm: Command And Valve Status :2,1,2,1,2,2,2,2,2,2,0,0,0,0,0,0,0,0,0,0,0
2021-08-19 05:06:16pm: Sensor data :200000,800,700,400,35,140,34,1.2,7,1.5,1,0.9,1.6,150,1.1
2021-08-19 05:06:17pm: Command And Valve Status :2,1,2,1,1,2,2,2,2,2,0,0,0,0,0,0,0,0,1,0,0
2021-08-19 05:06:22pm: Sensor data :32000,800,700,400,35,140,34,1.6,8,1.8,2.2,1,1.7,160,1.2
2021-08-19 05:06:22pm: Command And Valve Status :2,1,2,1,1,2,2,2,2,2,0,0,0,0,0,0,1,0,0,0,0
2021-08-19 05:06:27pm: Sensor data :50000,900,800,500,38,160,26,1.6,8,1.8,2.2,1,1.7,160,1.2
2021-08-19 05:06:28pm: Command And Valve Status :2,1,2,1,1,1,2,2,2,2,0,0,0,0,0,0,0,0,0,0,0
2021-08-19 05:06:32pm: Sensor data :32000,900,800,500,38,160,26,1.2,7,1.5,1,0.9,1.6,150,1.1
2021-08-19 05:06:33pm: Command And Valve Status :2,1,2,1,1,1,2,2,2,2,0,0,0,0,0,0,0,0,0,1,0
2021-08-19 05:06:37pm: Sensor data :32000,800,700,400,35,140,34,1.2,7,1.5,1,0.9,1.6,150,1.1
2021-08-19 05:06:38pm: Command And Valve Status :2,1,2,1,1,1,1,2,2,2,0,0,0,0,0,0,1,0,0,0,0
2021-08-19 05:06:42pm: Sensor data :50000,900,800,500,38,160,26,1.6,8,1.8,2.2,1,1.7,160,1.2
2021-08-19 05:06:44pm: Command And Valve Status :2,1,2,1,1,1,1,2,2,2,0,0,0,0,0,0,0,0,0,0,0
2021-08-19 05:06:47pm: Sensor data :200000,700,650,300,31,120,32,1.7,9,1.9,3,1.1,1.8,170,1.3
2021-08-19 05:06:49pm: Command And Valve Status :2,1,2,1,1,1,1,1,2,2,0,0,0,0,0,0,0,0,1,1,0
2021-08-19 05:06:52pm: Sensor data :32000,900,800,500,38,160,26,1.2,7,1.5,1,0.9,1.6,150,1.1
2021-08-19 05:06:54pm: Command And Valve Status :2,1,2,1,1,1,1,1,2,2,0,0,0,0,0,0,1,0,0,0,0
2021-08-19 05:06:57pm: Sensor data :200000,900,800,500,38,160,26,1.7,9,1.9,3,1.1,1.8,170,1.3
2021-08-19 05:07:00pm: Command And Valve Status :2,1,2,1,1,1,1,1,1,2,0,0,0,0,0,0,0,0,0,0,0
2021-08-19 05:07:03pm: Sensor data :32000,900,800,500,38,160,26,1.2,7,1.5,1,0.9,1.6,150,1.1
2021-08-19 05:07:05pm: Command And Valve Status :2,1,2,1,1,1,1,1,1,2,0,0,0,0,0,0,0,1,0,0,0
2021-08-19 05:07:08pm: Sensor data :200000,700,650,300,31,120,32,1.7,9,1.9,3,1.1,1.8,170,1.3
2021-08-19 05:07:10pm: Command And Valve Status :2,1,2,1,1,1,1,1,1,1,0,0,0,0,0,1,0,0,0,0,0
2021-08-19 05:07:13pm: Sensor data :32000,800,700,400,35,140,34,1.2,7,1.5,1,0.9,1.6,150,1.1
2021-08-19 05:07:24pm: Initialize (Code to PLC) : Started
2021-08-19 05:07:24pm: Initialize (PLC to Code) : Started
2021-08-19 05:07:25pm: Command And Valve Status :1,2,2,2,2,2,2,2,2,2,0,2,2,2,2,2,2,2,2,2,2
2021-08-19 05:07:29pm: Start (PLC TO DB) : Started
2021-08-19 05:07:29pm: Sensor data :32000,900,800,500,38,160,26,1.6,8,1.8,2.2,1,1.7,160,1.2
2021-08-19 05:07:30pm: Command And Valve Status :2,1,2,1,2,2,2,2,2,2,0,0,0,1,0,0,0,0,0,0,0
2021-08-19 05:07:34pm: Sensor data :200000,900,800,500,38,160,26,1.2,7,1.5,1,0.9,1.6,150,1.1
2021-08-19 05:07:35pm: Command And Valve Status :2,1,2,1,2,2,2,2,2,2,0,0,0,0,1,0,0,0,0,0,0
2021-08-19 05:07:39pm: Sensor data :200000,900,800,500,38,160,26,1.2,7,1.5,1,0.9,1.6,150,1.1
2021-08-19 05:08:46pm: Initialize (PLC to Code) : Started
2021-08-19 05:10:32pm: Initialize (PLC to Code) : Started
2021-08-19 05:13:37pm: Initialize (PLC to Code) : Started
2021-08-19 05:15:58pm: Initialize (Code to PLC) : Started
2021-08-19 05:16:02pm: Initialize (PLC to Code) : Started
2021-08-19 05:16:07pm: Initialize (PLC to Code) : Started
2021-08-19 05:16:07pm: Command And Valve Status :1,2,2,2,2,2,2,2,2,2,0,2,2,2,2,2,2,2,2,2,2
2021-08-19 05:16:12pm: Command And Valve Status :1,2,2,2,2,2,2,2,2,2,0,2,2,2,2,2,2,2,2,2,2
2021-08-19 05:16:18pm: Command And Valve Status :1,2,2,2,2,2,2,2,2,2,0,2,2,2,2,2,2,2,2,2,2
2021-08-19 05:16:23pm: Command And Valve Status :1,2,2,2,2,2,2,2,2,2,0,2,2,2,2,2,2,2,2,2,2
2021-08-19 05:16:28pm: Command And Valve Status :1,2,2,2,2,2,2,2,2,2,0,2,2,2,2,2,2,2,2,2,2
2021-08-19 05:16:33pm: Command And Valve Status :1,2,2,2,2,2,2,2,2,2,0,2,2,2,2,2,2,2,2,2,2
2021-08-19 05:16:39pm: Command And Valve Status :1,2,2,2,2,2,2,2,2,2,0,2,2,2,2,2,2,2,2,2,2
2021-08-19 05:17:27pm: Initialize (Code to PLC) : Started
2021-08-19 05:17:28pm: Initialize (PLC to Code) : Started
2021-08-19 05:17:28pm: Command And Valve Status :1,2,2,2,2,2,2,2,2,2,0,2,2,2,2,2,2,2,2,2,2
2021-08-19 05:17:32pm: Start (PLC TO DB) : Started
2021-08-19 05:17:32pm: Sensor data :200000,900,800,500,38,160,26,1.2,7,1.5,1,0.9,1.6,150,1.1
2021-08-19 05:17:33pm: Command And Valve Status :2,1,2,1,2,2,2,2,2,2,0,0,0,0,0,0,0,0,0,0,1
2021-08-19 05:17:37pm: Sensor data :200000,700,650,300,31,120,32,1.2,7,1.5,1,0.9,1.6,150,1.1
2021-08-19 05:17:39pm: Command And Valve Status :2,1,2,1,2,2,2,2,2,2,0,0,1,0,0,0,0,0,0,0,0
2021-08-19 05:17:42pm: Sensor data :32000,900,800,500,38,160,26,1.6,8,1.8,2.2,1,1.7,160,1.2
2021-08-19 05:17:44pm: Command And Valve Status :2,1,2,1,1,2,2,2,2,2,0,1,0,0,0,0,0,0,0,0,0
2021-08-19 05:17:47pm: Sensor data :200000,700,650,300,31,120,32,1.6,8,1.8,2.2,1,1.7,160,1.2
2021-08-19 05:17:49pm: Command And Valve Status :2,1,2,1,1,2,2,2,2,2,0,0,0,0,0,0,0,0,0,1,1
2021-08-19 05:17:52pm: Sensor data :32000,800,700,400,35,140,34,1.2,7,1.5,1,0.9,1.6,150,1.1
2021-08-19 05:17:55pm: Command And Valve Status :2,1,2,1,1,1,2,2,2,2,0,0,0,0,0,0,0,0,0,0,1
2021-08-19 05:17:58pm: Sensor data :200000,900,800,500,38,160,26,1.6,8,1.8,2.2,1,1.7,160,1.2
2021-08-19 05:18:00pm: Command And Valve Status :2,1,2,1,1,1,2,2,2,2,0,0,0,0,0,0,0,0,0,0,1
2021-08-19 05:18:03pm: Sensor data :200000,700,650,300,31,120,32,1.6,8,1.8,2.2,1,1.7,160,1.2
2021-08-19 05:18:05pm: Command And Valve Status :2,1,2,1,1,1,1,2,2,2,0,0,0,0,0,0,0,1,0,0,0
2021-08-19 05:18:08pm: Sensor data :32000,700,650,300,31,120,32,1.6,8,1.8,2.2,1,1.7,160,1.2
2021-08-19 05:18:10pm: Command And Valve Status :2,1,2,1,1,1,1,2,2,2,0,0,0,0,0,0,0,0,0,0,1
2021-08-19 05:18:13pm: Sensor data :32000,800,700,400,35,140,34,1.6,8,1.8,2.2,1,1.7,160,1.2
2021-08-19 05:18:16pm: Command And Valve Status :2,1,2,1,1,1,1,1,2,2,0,0,0,0,0,0,0,0,0,1,0
2021-08-19 05:18:18pm: Sensor data :50000,700,650,300,31,120,32,1.6,8,1.8,2.2,1,1.7,160,1.2
2021-08-19 05:18:21pm: Command And Valve Status :2,1,2,1,1,1,1,1,2,2,0,0,0,0,1,0,0,0,0,0,0
2021-08-19 05:18:23pm: Sensor data :50000,800,700,400,35,140,34,1.2,7,1.5,1,0.9,1.6,150,1.1
2021-08-19 05:18:26pm: Command And Valve Status :2,1,2,1,1,1,1,1,1,2,0,0,0,0,0,0,1,0,0,0,0
2021-08-19 05:18:28pm: Sensor data :200000,700,650,300,31,120,32,1.6,8,1.8,2.2,1,1.7,160,1.2
2021-08-19 05:18:32pm: Command And Valve Status :2,1,2,1,1,1,1,1,1,2,0,0,0,0,0,1,1,0,0,0,0
2021-08-19 05:18:33pm: Sensor data :200000,700,650,300,31,120,32,1.2,7,1.5,1,0.9,1.6,150,1.1
2021-08-19 05:18:37pm: Command And Valve Status :2,1,2,1,1,1,1,1,1,1,0,0,0,0,0,0,0,0,0,0,0
2021-08-19 05:18:38pm: Sensor data :50000,700,650,300,31,120,32,1.7,9,1.9,3,1.1,1.8,170,1.3
2021-08-19 05:18:42pm: Command And Valve Status :2,1,2,1,1,1,1,1,1,1,0,0,0,0,0,1,0,0,0,0,0
2021-08-19 05:18:43pm: Sensor data :50000,700,650,300,31,120,32,1.7,9,1.9,3,1.1,1.8,170,1.3
2021-08-19 05:18:48pm: Command And Valve Status :2,1,2,1,1,1,1,1,1,1,0,0,1,0,0,0,0,0,0,0,0
2021-08-19 05:18:49pm: Sensor data :50000,800,700,400,35,140,34,1.7,9,1.9,3,1.1,1.8,170,1.3
2021-08-19 05:18:53pm: Command And Valve Status :2,1,2,1,1,1,1,1,1,1,0,0,0,0,0,0,0,0,1,0,0
2021-08-19 05:18:54pm: Sensor data :200000,900,800,500,38,160,26,1.6,8,1.8,2.2,1,1.7,160,1.2
2021-08-19 05:18:58pm: Command And Valve Status :2,1,2,1,1,1,1,1,1,1,0,0,1,0,0,0,0,0,2,2,2
2021-08-19 05:18:59pm: Sensor data :200000,700,650,300,31,120,32,1.7,9,1.9,3,1.1,1.8,170,1.3
